<?xml version="1.0" encoding="UTF-8"?>
<testsuite xmlns:xsi="http://www.w3.org/2001/XMLSchema-instance" xsi:noNamespaceSchemaLocation="https://maven.apache.org/surefire/maven-surefire-plugin/xsd/surefire-test-report-3.0.xsd" version="3.0" name="TestSuite" time="79.223" tests="5" errors="0" skipped="0" failures="2">
  <properties>
    <property name="sun.desktop" value="windows"/>
    <property name="awt.toolkit" value="sun.awt.windows.WToolkit"/>
    <property name="file.encoding.pkg" value="sun.io"/>
    <property name="java.specification.version" value="1.8"/>
    <property name="sun.cpu.isalist" value="amd64"/>
    <property name="sun.jnu.encoding" value="Cp1252"/>
    <property name="java.class.path" value="D:\IntellijProjects\AppiumTestNG\target\test-classes;D:\IntellijProjects\AppiumTestNG\target\classes;C:\Users\Admin\.m2\repository\io\cucumber\cucumber-java\5.6.0\cucumber-java-5.6.0.jar;C:\Users\Admin\.m2\repository\io\cucumber\cucumber-core\5.6.0\cucumber-core-5.6.0.jar;C:\Users\Admin\.m2\repository\io\cucumber\cucumber-gherkin\5.6.0\cucumber-gherkin-5.6.0.jar;C:\Users\Admin\.m2\repository\io\cucumber\cucumber-gherkin-vintage\5.6.0\cucumber-gherkin-vintage-5.6.0.jar;C:\Users\Admin\.m2\repository\io\cucumber\tag-expressions\2.0.4\tag-expressions-2.0.4.jar;C:\Users\Admin\.m2\repository\io\cucumber\cucumber-expressions\8.3.1\cucumber-expressions-8.3.1.jar;C:\Users\Admin\.m2\repository\io\cucumber\datatable\3.3.1\datatable-3.3.1.jar;C:\Users\Admin\.m2\repository\io\cucumber\cucumber-plugin\5.6.0\cucumber-plugin-5.6.0.jar;C:\Users\Admin\.m2\repository\io\cucumber\docstring\5.6.0\docstring-5.6.0.jar;C:\Users\Admin\.m2\repository\org\apiguardian\apiguardian-api\1.1.0\apiguardian-api-1.1.0.jar;C:\Users\Admin\.m2\repository\io\cucumber\cucumber-junit\5.6.0\cucumber-junit-5.6.0.jar;C:\Users\Admin\.m2\repository\junit\junit\4.13\junit-4.13.jar;C:\Users\Admin\.m2\repository\org\hamcrest\hamcrest-core\1.3\hamcrest-core-1.3.jar;C:\Users\Admin\.m2\repository\io\appium\java-client\7.5.1\java-client-7.5.1.jar;C:\Users\Admin\.m2\repository\org\seleniumhq\selenium\selenium-java\3.141.59\selenium-java-3.141.59.jar;C:\Users\Admin\.m2\repository\org\seleniumhq\selenium\selenium-chrome-driver\3.141.59\selenium-chrome-driver-3.141.59.jar;C:\Users\Admin\.m2\repository\org\seleniumhq\selenium\selenium-edge-driver\3.141.59\selenium-edge-driver-3.141.59.jar;C:\Users\Admin\.m2\repository\org\seleniumhq\selenium\selenium-firefox-driver\3.141.59\selenium-firefox-driver-3.141.59.jar;C:\Users\Admin\.m2\repository\org\seleniumhq\selenium\selenium-ie-driver\3.141.59\selenium-ie-driver-3.141.59.jar;C:\Users\Admin\.m2\repository\org\seleniumhq\selenium\selenium-opera-driver\3.141.59\selenium-opera-driver-3.141.59.jar;C:\Users\Admin\.m2\repository\org\seleniumhq\selenium\selenium-remote-driver\3.141.59\selenium-remote-driver-3.141.59.jar;C:\Users\Admin\.m2\repository\org\seleniumhq\selenium\selenium-safari-driver\3.141.59\selenium-safari-driver-3.141.59.jar;C:\Users\Admin\.m2\repository\net\bytebuddy\byte-buddy\1.8.15\byte-buddy-1.8.15.jar;C:\Users\Admin\.m2\repository\org\apache\commons\commons-exec\1.3\commons-exec-1.3.jar;C:\Users\Admin\.m2\repository\com\google\guava\guava\25.0-jre\guava-25.0-jre.jar;C:\Users\Admin\.m2\repository\com\google\code\findbugs\jsr305\1.3.9\jsr305-1.3.9.jar;C:\Users\Admin\.m2\repository\org\checkerframework\checker-compat-qual\2.0.0\checker-compat-qual-2.0.0.jar;C:\Users\Admin\.m2\repository\com\google\errorprone\error_prone_annotations\2.1.3\error_prone_annotations-2.1.3.jar;C:\Users\Admin\.m2\repository\com\google\j2objc\j2objc-annotations\1.1\j2objc-annotations-1.1.jar;C:\Users\Admin\.m2\repository\org\codehaus\mojo\animal-sniffer-annotations\1.14\animal-sniffer-annotations-1.14.jar;C:\Users\Admin\.m2\repository\com\squareup\okhttp3\okhttp\3.11.0\okhttp-3.11.0.jar;C:\Users\Admin\.m2\repository\com\squareup\okio\okio\1.14.0\okio-1.14.0.jar;C:\Users\Admin\.m2\repository\org\seleniumhq\selenium\selenium-support\3.141.59\selenium-support-3.141.59.jar;C:\Users\Admin\.m2\repository\org\seleniumhq\selenium\selenium-api\3.141.59\selenium-api-3.141.59.jar;C:\Users\Admin\.m2\repository\com\google\code\gson\gson\2.8.6\gson-2.8.6.jar;C:\Users\Admin\.m2\repository\org\apache\httpcomponents\httpclient\4.5.13\httpclient-4.5.13.jar;C:\Users\Admin\.m2\repository\org\apache\httpcomponents\httpcore\4.4.13\httpcore-4.4.13.jar;C:\Users\Admin\.m2\repository\commons-logging\commons-logging\1.2\commons-logging-1.2.jar;C:\Users\Admin\.m2\repository\cglib\cglib\3.3.0\cglib-3.3.0.jar;C:\Users\Admin\.m2\repository\org\ow2\asm\asm\7.1\asm-7.1.jar;C:\Users\Admin\.m2\repository\commons-validator\commons-validator\1.7\commons-validator-1.7.jar;C:\Users\Admin\.m2\repository\commons-beanutils\commons-beanutils\1.9.4\commons-beanutils-1.9.4.jar;C:\Users\Admin\.m2\repository\commons-digester\commons-digester\2.1\commons-digester-2.1.jar;C:\Users\Admin\.m2\repository\commons-collections\commons-collections\3.2.2\commons-collections-3.2.2.jar;C:\Users\Admin\.m2\repository\org\apache\commons\commons-lang3\3.12.0\commons-lang3-3.12.0.jar;C:\Users\Admin\.m2\repository\commons-io\commons-io\2.8.0\commons-io-2.8.0.jar;C:\Users\Admin\.m2\repository\org\springframework\spring-context\5.3.4\spring-context-5.3.4.jar;C:\Users\Admin\.m2\repository\org\springframework\spring-aop\5.3.4\spring-aop-5.3.4.jar;C:\Users\Admin\.m2\repository\org\springframework\spring-beans\5.3.4\spring-beans-5.3.4.jar;C:\Users\Admin\.m2\repository\org\springframework\spring-core\5.3.4\spring-core-5.3.4.jar;C:\Users\Admin\.m2\repository\org\springframework\spring-jcl\5.3.4\spring-jcl-5.3.4.jar;C:\Users\Admin\.m2\repository\org\springframework\spring-expression\5.3.4\spring-expression-5.3.4.jar;C:\Users\Admin\.m2\repository\org\aspectj\aspectjweaver\1.9.6\aspectjweaver-1.9.6.jar;C:\Users\Admin\.m2\repository\org\json\json\20210307\json-20210307.jar;C:\Users\Admin\.m2\repository\org\apache\logging\log4j\log4j-core\2.14.1\log4j-core-2.14.1.jar;C:\Users\Admin\.m2\repository\org\apache\logging\log4j\log4j-api\2.14.1\log4j-api-2.14.1.jar;C:\Users\Admin\.m2\repository\io\cucumber\cucumber-testng\5.6.0\cucumber-testng-5.6.0.jar;C:\Users\Admin\.m2\repository\org\testng\testng\7.1.0\testng-7.1.0.jar;C:\Users\Admin\.m2\repository\com\beust\jcommander\1.72\jcommander-1.72.jar;C:\Users\Admin\.m2\repository\com\google\inject\guice\4.1.0\guice-4.1.0-no_aop.jar;C:\Users\Admin\.m2\repository\javax\inject\javax.inject\1\javax.inject-1.jar;C:\Users\Admin\.m2\repository\aopalliance\aopalliance\1.0\aopalliance-1.0.jar;C:\Users\Admin\.m2\repository\org\yaml\snakeyaml\1.21\snakeyaml-1.21.jar;C:\Users\Admin\.m2\repository\commons-codec\commons-codec\1.11\commons-codec-1.11.jar;C:\Users\Admin\.m2\repository\org\slf4j\slf4j-api\1.7.5\slf4j-api-1.7.5.jar;C:\Users\Admin\.m2\repository\org\slf4j\slf4j-log4j12\1.7.5\slf4j-log4j12-1.7.5.jar;C:\Users\Admin\.m2\repository\log4j\log4j\1.2.17\log4j-1.2.17.jar;"/>
    <property name="java.vm.vendor" value="Oracle Corporation"/>
    <property name="sun.arch.data.model" value="64"/>
    <property name="user.variant" value=""/>
    <property name="java.vendor.url" value="http://java.oracle.com/"/>
    <property name="user.timezone" value="Asia/Calcutta"/>
    <property name="suiteXmlFile" value="src/test/resources/testng.xml"/>
    <property name="java.vm.specification.version" value="1.8"/>
    <property name="os.name" value="Windows 10"/>
    <property name="user.country" value="IN"/>
    <property name="sun.java.launcher" value="SUN_STANDARD"/>
    <property name="sun.boot.library.path" value="C:\Program Files\Java\jdk1.8.0_291\jre\bin"/>
    <property name="sun.java.command" value="C:\Users\Admin\AppData\Local\Temp\surefire2923228445147419981\surefirebooter4612472235015001730.jar C:\Users\Admin\AppData\Local\Temp\surefire2923228445147419981 2021-08-02T23-35-09_922-jvmRun1 surefire4461838181428324242tmp surefire_07194036680946079997tmp"/>
    <property name="surefire.test.class.path" value="D:\IntellijProjects\AppiumTestNG\target\test-classes;D:\IntellijProjects\AppiumTestNG\target\classes;C:\Users\Admin\.m2\repository\io\cucumber\cucumber-java\5.6.0\cucumber-java-5.6.0.jar;C:\Users\Admin\.m2\repository\io\cucumber\cucumber-core\5.6.0\cucumber-core-5.6.0.jar;C:\Users\Admin\.m2\repository\io\cucumber\cucumber-gherkin\5.6.0\cucumber-gherkin-5.6.0.jar;C:\Users\Admin\.m2\repository\io\cucumber\cucumber-gherkin-vintage\5.6.0\cucumber-gherkin-vintage-5.6.0.jar;C:\Users\Admin\.m2\repository\io\cucumber\tag-expressions\2.0.4\tag-expressions-2.0.4.jar;C:\Users\Admin\.m2\repository\io\cucumber\cucumber-expressions\8.3.1\cucumber-expressions-8.3.1.jar;C:\Users\Admin\.m2\repository\io\cucumber\datatable\3.3.1\datatable-3.3.1.jar;C:\Users\Admin\.m2\repository\io\cucumber\cucumber-plugin\5.6.0\cucumber-plugin-5.6.0.jar;C:\Users\Admin\.m2\repository\io\cucumber\docstring\5.6.0\docstring-5.6.0.jar;C:\Users\Admin\.m2\repository\org\apiguardian\apiguardian-api\1.1.0\apiguardian-api-1.1.0.jar;C:\Users\Admin\.m2\repository\io\cucumber\cucumber-junit\5.6.0\cucumber-junit-5.6.0.jar;C:\Users\Admin\.m2\repository\junit\junit\4.13\junit-4.13.jar;C:\Users\Admin\.m2\repository\org\hamcrest\hamcrest-core\1.3\hamcrest-core-1.3.jar;C:\Users\Admin\.m2\repository\io\appium\java-client\7.5.1\java-client-7.5.1.jar;C:\Users\Admin\.m2\repository\org\seleniumhq\selenium\selenium-java\3.141.59\selenium-java-3.141.59.jar;C:\Users\Admin\.m2\repository\org\seleniumhq\selenium\selenium-chrome-driver\3.141.59\selenium-chrome-driver-3.141.59.jar;C:\Users\Admin\.m2\repository\org\seleniumhq\selenium\selenium-edge-driver\3.141.59\selenium-edge-driver-3.141.59.jar;C:\Users\Admin\.m2\repository\org\seleniumhq\selenium\selenium-firefox-driver\3.141.59\selenium-firefox-driver-3.141.59.jar;C:\Users\Admin\.m2\repository\org\seleniumhq\selenium\selenium-ie-driver\3.141.59\selenium-ie-driver-3.141.59.jar;C:\Users\Admin\.m2\repository\org\seleniumhq\selenium\selenium-opera-driver\3.141.59\selenium-opera-driver-3.141.59.jar;C:\Users\Admin\.m2\repository\org\seleniumhq\selenium\selenium-remote-driver\3.141.59\selenium-remote-driver-3.141.59.jar;C:\Users\Admin\.m2\repository\org\seleniumhq\selenium\selenium-safari-driver\3.141.59\selenium-safari-driver-3.141.59.jar;C:\Users\Admin\.m2\repository\net\bytebuddy\byte-buddy\1.8.15\byte-buddy-1.8.15.jar;C:\Users\Admin\.m2\repository\org\apache\commons\commons-exec\1.3\commons-exec-1.3.jar;C:\Users\Admin\.m2\repository\com\google\guava\guava\25.0-jre\guava-25.0-jre.jar;C:\Users\Admin\.m2\repository\com\google\code\findbugs\jsr305\1.3.9\jsr305-1.3.9.jar;C:\Users\Admin\.m2\repository\org\checkerframework\checker-compat-qual\2.0.0\checker-compat-qual-2.0.0.jar;C:\Users\Admin\.m2\repository\com\google\errorprone\error_prone_annotations\2.1.3\error_prone_annotations-2.1.3.jar;C:\Users\Admin\.m2\repository\com\google\j2objc\j2objc-annotations\1.1\j2objc-annotations-1.1.jar;C:\Users\Admin\.m2\repository\org\codehaus\mojo\animal-sniffer-annotations\1.14\animal-sniffer-annotations-1.14.jar;C:\Users\Admin\.m2\repository\com\squareup\okhttp3\okhttp\3.11.0\okhttp-3.11.0.jar;C:\Users\Admin\.m2\repository\com\squareup\okio\okio\1.14.0\okio-1.14.0.jar;C:\Users\Admin\.m2\repository\org\seleniumhq\selenium\selenium-support\3.141.59\selenium-support-3.141.59.jar;C:\Users\Admin\.m2\repository\org\seleniumhq\selenium\selenium-api\3.141.59\selenium-api-3.141.59.jar;C:\Users\Admin\.m2\repository\com\google\code\gson\gson\2.8.6\gson-2.8.6.jar;C:\Users\Admin\.m2\repository\org\apache\httpcomponents\httpclient\4.5.13\httpclient-4.5.13.jar;C:\Users\Admin\.m2\repository\org\apache\httpcomponents\httpcore\4.4.13\httpcore-4.4.13.jar;C:\Users\Admin\.m2\repository\commons-logging\commons-logging\1.2\commons-logging-1.2.jar;C:\Users\Admin\.m2\repository\cglib\cglib\3.3.0\cglib-3.3.0.jar;C:\Users\Admin\.m2\repository\org\ow2\asm\asm\7.1\asm-7.1.jar;C:\Users\Admin\.m2\repository\commons-validator\commons-validator\1.7\commons-validator-1.7.jar;C:\Users\Admin\.m2\repository\commons-beanutils\commons-beanutils\1.9.4\commons-beanutils-1.9.4.jar;C:\Users\Admin\.m2\repository\commons-digester\commons-digester\2.1\commons-digester-2.1.jar;C:\Users\Admin\.m2\repository\commons-collections\commons-collections\3.2.2\commons-collections-3.2.2.jar;C:\Users\Admin\.m2\repository\org\apache\commons\commons-lang3\3.12.0\commons-lang3-3.12.0.jar;C:\Users\Admin\.m2\repository\commons-io\commons-io\2.8.0\commons-io-2.8.0.jar;C:\Users\Admin\.m2\repository\org\springframework\spring-context\5.3.4\spring-context-5.3.4.jar;C:\Users\Admin\.m2\repository\org\springframework\spring-aop\5.3.4\spring-aop-5.3.4.jar;C:\Users\Admin\.m2\repository\org\springframework\spring-beans\5.3.4\spring-beans-5.3.4.jar;C:\Users\Admin\.m2\repository\org\springframework\spring-core\5.3.4\spring-core-5.3.4.jar;C:\Users\Admin\.m2\repository\org\springframework\spring-jcl\5.3.4\spring-jcl-5.3.4.jar;C:\Users\Admin\.m2\repository\org\springframework\spring-expression\5.3.4\spring-expression-5.3.4.jar;C:\Users\Admin\.m2\repository\org\aspectj\aspectjweaver\1.9.6\aspectjweaver-1.9.6.jar;C:\Users\Admin\.m2\repository\org\json\json\20210307\json-20210307.jar;C:\Users\Admin\.m2\repository\org\apache\logging\log4j\log4j-core\2.14.1\log4j-core-2.14.1.jar;C:\Users\Admin\.m2\repository\org\apache\logging\log4j\log4j-api\2.14.1\log4j-api-2.14.1.jar;C:\Users\Admin\.m2\repository\io\cucumber\cucumber-testng\5.6.0\cucumber-testng-5.6.0.jar;C:\Users\Admin\.m2\repository\org\testng\testng\7.1.0\testng-7.1.0.jar;C:\Users\Admin\.m2\repository\com\beust\jcommander\1.72\jcommander-1.72.jar;C:\Users\Admin\.m2\repository\com\google\inject\guice\4.1.0\guice-4.1.0-no_aop.jar;C:\Users\Admin\.m2\repository\javax\inject\javax.inject\1\javax.inject-1.jar;C:\Users\Admin\.m2\repository\aopalliance\aopalliance\1.0\aopalliance-1.0.jar;C:\Users\Admin\.m2\repository\org\yaml\snakeyaml\1.21\snakeyaml-1.21.jar;C:\Users\Admin\.m2\repository\commons-codec\commons-codec\1.11\commons-codec-1.11.jar;C:\Users\Admin\.m2\repository\org\slf4j\slf4j-api\1.7.5\slf4j-api-1.7.5.jar;C:\Users\Admin\.m2\repository\org\slf4j\slf4j-log4j12\1.7.5\slf4j-log4j12-1.7.5.jar;C:\Users\Admin\.m2\repository\log4j\log4j\1.2.17\log4j-1.2.17.jar;"/>
    <property name="sun.cpu.endian" value="little"/>
    <property name="user.home" value="C:\Users\Admin"/>
    <property name="user.language" value="en"/>
    <property name="java.specification.vendor" value="Oracle Corporation"/>
    <property name="java.home" value="C:\Program Files\Java\jdk1.8.0_291\jre"/>
    <property name="basedir" value="D:\IntellijProjects\AppiumTestNG"/>
    <property name="file.separator" value="\"/>
    <property name="line.separator" value="&#10;"/>
    <property name="java.vm.specification.vendor" value="Oracle Corporation"/>
    <property name="java.specification.name" value="Java Platform API Specification"/>
    <property name="java.awt.graphicsenv" value="sun.awt.Win32GraphicsEnvironment"/>
    <property name="surefire.real.class.path" value="C:\Users\Admin\AppData\Local\Temp\surefire2923228445147419981\surefirebooter4612472235015001730.jar"/>
    <property name="sun.boot.class.path" value="C:\Program Files\Java\jdk1.8.0_291\jre\lib\resources.jar;C:\Program Files\Java\jdk1.8.0_291\jre\lib\rt.jar;C:\Program Files\Java\jdk1.8.0_291\jre\lib\sunrsasign.jar;C:\Program Files\Java\jdk1.8.0_291\jre\lib\jsse.jar;C:\Program Files\Java\jdk1.8.0_291\jre\lib\jce.jar;C:\Program Files\Java\jdk1.8.0_291\jre\lib\charsets.jar;C:\Program Files\Java\jdk1.8.0_291\jre\lib\jfr.jar;C:\Program Files\Java\jdk1.8.0_291\jre\classes"/>
    <property name="user.script" value=""/>
    <property name="sun.management.compiler" value="HotSpot 64-Bit Tiered Compilers"/>
    <property name="java.runtime.version" value="1.8.0_291-b10"/>
    <property name="user.name" value="Admin"/>
    <property name="path.separator" value=";"/>
    <property name="os.version" value="10.0"/>
    <property name="java.endorsed.dirs" value="C:\Program Files\Java\jdk1.8.0_291\jre\lib\endorsed"/>
    <property name="java.runtime.name" value="Java(TM) SE Runtime Environment"/>
    <property name="file.encoding" value="Cp1252"/>
    <property name="java.vm.name" value="Java HotSpot(TM) 64-Bit Server VM"/>
    <property name="localRepository" value="C:\Users\Admin\.m2\repository"/>
    <property name="java.vendor.url.bug" value="http://bugreport.sun.com/bugreport/"/>
    <property name="java.io.tmpdir" value="C:\Users\Admin\AppData\Local\Temp\"/>
    <property name="java.version" value="1.8.0_291"/>
    <property name="user.dir" value="D:\IntellijProjects\AppiumTestNG"/>
    <property name="os.arch" value="amd64"/>
    <property name="java.vm.specification.name" value="Java Virtual Machine Specification"/>
    <property name="java.awt.printerjob" value="sun.awt.windows.WPrinterJob"/>
    <property name="sun.os.patch.level" value=""/>
    <property name="java.library.path" value="C:\Program Files\Java\jdk1.8.0_291\jre\bin;C:\Windows\Sun\Java\bin;C:\Windows\system32;C:\Windows;C:\Program Files (x86)\Common Files\Oracle\Java\javapath;C:\Python39\Scripts\;C:\Python39\;C:\Windows\system32;C:\Windows;C:\Windows\System32\Wbem;C:\Windows\System32\WindowsPowerShell\v1.0\;C:\Windows\System32\OpenSSH\;C:\ProgramData\chocolatey\bin;C:\Program Files (x86)\Brackets\command;C:\Program Files\nodejs\;C:\Users\Admin\AppData\Local\Android\Sdk\platform-tools;C:\Users\Admin\AppData\Local\Android\Sdk\tools;C:\Program Files\Java\jdk1.8.0_291\bin;C:\Program Files\Java\jdk1.8.0_291\lib;C:\Program Files\Java\jdk1.8.0_291;D:\VideoTutorials\APPIUM\apache-maven-3.8.1-bin\apache-maven-3.8.1\bin;C:\Program Files\Microsoft VS Code\bin;C:\Users\Admin\AppData\Local\Android\Sdk\tools\bin;C:\Program Files\Git\cmd;C:\Program Files\Git\git-cmd.exe;C:\Users\Admin\Documents\flutter_windows_v0.11.9-beta\flutter\bin;D:\maven\bin;C:\Users\Admin\AppData\Local\Microsoft\WindowsApps;C:\Users\Admin\AppData\Local\atom\bin;C:\Users\Admin\AppData\Roaming\npm;C:\Program Files\JetBrains\WebStorm 2021.1.1\bin;;C:\Users\Admin\AppData\Local\GitHubDesktop\bin;C:\Program Files\JetBrains\IntelliJ IDEA Community Edition 2021.1.2\bin;;."/>
    <property name="java.vm.info" value="mixed mode"/>
    <property name="java.vendor" value="Oracle Corporation"/>
    <property name="java.vm.version" value="25.291-b10"/>
    <property name="java.ext.dirs" value="C:\Program Files\Java\jdk1.8.0_291\jre\lib\ext;C:\Windows\Sun\Java\lib\ext"/>
    <property name="sun.io.unicode.encoding" value="UnicodeLittle"/>
    <property name="java.class.version" value="52.0"/>
  </properties>
  <testcase name="scenario[&quot;Login with invalid user name&quot;, &quot;Login scenarios&quot;](1)" classname="com.qa.runners.MyTestNGRunnerTest" time="9.337">
    <system-out><![CDATA[[INFO ] 2021-08-02 23:35:12.854 ServerManager:20 - Starting Appium Server
&amp#27;[35m[Appium]&amp#27;[39m Welcome to Appium v1.21.0
&amp#27;[35m[Appium]&amp#27;[39m Non-default server args:
&amp#27;[35m[Appium]&amp#27;[39m   port: 1206
&amp#27;[35m[Appium]&amp#27;[39m   sessionOverride: true
&amp#27;[35m[Appium]&amp#27;[39m   logFile: D:\IntellijProjects\AppiumTestNG\Android_pixel_4a_API_30\Server.Log
&amp#27;[35m[Appium]&amp#27;[39m Appium REST http interface listener started on 0.0.0.0:1206
&amp#27;[35m[HTTP]&amp#27;[39m &amp#27;[37m-->&amp#27;[39m &amp#27;[37mGET&amp#27;[39m &amp#27;[37m/wd/hub/status&amp#27;[39m
&amp#27;[35m[HTTP]&amp#27;[39m &amp#27;[90m{}&amp#27;[39m
[debug] &amp#27;[35m[GENERIC]&amp#27;[39m Calling AppiumDriver.getStatus() with args: []
[debug] &amp#27;[35m[GENERIC]&amp#27;[39m Responding to client with driver.getStatus() result: {"build":{"version":"1.21.0"}}
&amp#27;[35m[HTTP]&amp#27;[39m &amp#27;[37m<-- GET /wd/hub/status &amp#27;[39m&amp#27;[32m200&amp#27;[39m &amp#27;[90m14 ms - 68&amp#27;[39m
&amp#27;[35m[HTTP]&amp#27;[39m &amp#27;[90m&amp#27;[39m
&amp#27;[35m[HTTP]&amp#27;[39m &amp#27;[37m-->&amp#27;[39m &amp#27;[37mGET&amp#27;[39m &amp#27;[37m/wd/hub/status&amp#27;[39m
&amp#27;[35m[HTTP]&amp#27;[39m &amp#27;[90m{}&amp#27;[39m
[debug] &amp#27;[35m[GENERIC]&amp#27;[39m Calling AppiumDriver.getStatus() with args: []
[debug] &amp#27;[35m[GENERIC]&amp#27;[39m Responding to client with driver.getStatus() result: {"build":{"version":"1.21.0"}}
&amp#27;[35m[HTTP]&amp#27;[39m &amp#27;[37m<-- GET /wd/hub/status &amp#27;[39m&amp#27;[32m200&amp#27;[39m &amp#27;[90m5 ms - 68&amp#27;[39m
&amp#27;[35m[HTTP]&amp#27;[39m &amp#27;[90m&amp#27;[39m
[INFO ] 2021-08-02 23:35:16.768 ServerManager:28 - Appium Server Started
[INFO ] 2021-08-02 23:35:16.848 DriverManager:24 - Initializing Appium Driver
[INFO ] 2021-08-02 23:35:16.902 PropertyManager:19 - loading config properties
[INFO ] 2021-08-02 23:35:16.905 CapabilitiesManager:18 - getting capabilities
[INFO ] 2021-08-02 23:35:16.909 CapabilitiesManager:36 - appUrl isD:\IntellijProjects\AppiumTestNG\src\test\resources\apps\Sauce.apk
[debug] &amp#27;[35m[HTTP]&amp#27;[39m Request idempotency key: 4442dc89-73af-4e41-8850-746e698dc639
&amp#27;[35m[HTTP]&amp#27;[39m &amp#27;[37m-->&amp#27;[39m &amp#27;[37mPOST&amp#27;[39m &amp#27;[37m/wd/hub/session&amp#27;[39m
&amp#27;[35m[HTTP]&amp#27;[39m &amp#27;[90m{"desiredCapabilities":{"app":"D:\\IntellijProjects\\AppiumTestNG\\src\\test\\resources\\apps\\Sauce.apk","appActivity":"com.swaglabsmobileapp.SplashActivity","appPackage":"com.swaglabsmobileapp","automationName":"Appium","chromeDriverPort":"11000","platformName":"Android","udid":"emulator-5554","deviceName":"Android","systemPort":"10000"},"capabilities":{"firstMatch":[{"appium:app":"D:\\IntellijProjects\\AppiumTestNG\\src\\test\\resources\\apps\\Sauce.apk","appium:appActivity":"com.swaglabsmobileapp.SplashActivity","appium:appPackage":"com.swaglabsmobileapp","appium:automationName":"Appium","chromeDriverPort":"11000","appium:deviceName":"Android","platformName":"android","appium:systemPort":"10000","appium:udid":"emulator-5554"}]}}&amp#27;[39m
[debug] &amp#27;[35m[W3C]&amp#27;[39m Calling AppiumDriver.createSession() with args: [{"app":"D:\\IntellijProjects\\AppiumTestNG\\src\\test\\resources\\apps\\Sauce.apk","appActivity":"com.swaglabsmobileapp.SplashActivity","appPackage":"com.swaglabsmobileapp","automationName":"Appium","chromeDriverPort":"11000","platformName":"Android","udid":"emulator-5554","deviceName":"Android","systemPort":"10000"},null,{"firstMatch":[{"appium:app":"D:\\IntellijProjects\\AppiumTestNG\\src\\test\\resources\\apps\\Sauce.apk","appium:appActivity":"com.swaglabsmobileapp.SplashActivity","appium:appPackage":"com.swaglabsmobileapp","appium:automationName":"Appium","chromeDriverPort":"11000","appium:deviceName":"Android","platformName":"android","appium:systemPort":"10000","appium:udid":"emulator-5554"}]}]
[debug] &amp#27;[35m[BaseDriver]&amp#27;[39m Event 'newSessionRequested' logged at 1627927518133 (23:35:18 GMT+0530 (India Standard Time))
&amp#27;[35m[BaseDriver]&amp#27;[39m The following capabilities are not standard capabilities and should have an extension prefix:
&amp#27;[35m[BaseDriver]&amp#27;[39m   chromeDriverPort
&amp#27;[35m[Appium]&amp#27;[39m 
&amp#27;[35m[Appium]&amp#27;[39m ======================================================================
&amp#27;[35m[Appium]&amp#27;[39m   DEPRECATION WARNING:
&amp#27;[35m[Appium]&amp#27;[39m 
&amp#27;[35m[Appium]&amp#27;[39m   The 'automationName' capability was not provided in the desired 
&amp#27;[35m[Appium]&amp#27;[39m   capabilities for this Android session
&amp#27;[35m[Appium]&amp#27;[39m 
&amp#27;[35m[Appium]&amp#27;[39m   Setting 'automationName=UiAutomator2' by default and using the 
&amp#27;[35m[Appium]&amp#27;[39m   UiAutomator2 Driver
&amp#27;[35m[Appium]&amp#27;[39m 
&amp#27;[35m[Appium]&amp#27;[39m   The next major version of Appium (2.x) will **require** the 
&amp#27;[35m[Appium]&amp#27;[39m   'automationName' capability to be set for all sessions on all 
&amp#27;[35m[Appium]&amp#27;[39m   platforms
&amp#27;[35m[Appium]&amp#27;[39m 
&amp#27;[35m[Appium]&amp#27;[39m   In previous versions (Appium <= 1.13.x), the default was 
&amp#27;[35m[Appium]&amp#27;[39m   'automationName=UiAutomator1'
&amp#27;[35m[Appium]&amp#27;[39m 
&amp#27;[35m[Appium]&amp#27;[39m   If you wish to use that automation instead of UiAutomator2, please 
&amp#27;[35m[Appium]&amp#27;[39m   add 'automationName=UiAutomator1' to your desired capabilities
&amp#27;[35m[Appium]&amp#27;[39m 
&amp#27;[35m[Appium]&amp#27;[39m   For more information about drivers, please visit 
&amp#27;[35m[Appium]&amp#27;[39m   http://appium.io/docs/en/about-appium/intro/ and explore the 
&amp#27;[35m[Appium]&amp#27;[39m   'Drivers' menu
&amp#27;[35m[Appium]&amp#27;[39m 
&amp#27;[35m[Appium]&amp#27;[39m ======================================================================
&amp#27;[35m[Appium]&amp#27;[39m 
&amp#27;[35m[Appium]&amp#27;[39m Appium v1.21.0 creating new AndroidUiautomator2Driver (v1.65.0) session
[debug] &amp#27;[35m[Appium]&amp#27;[39m There are no active sessions for cleanup
[debug] &amp#27;[35m[BaseDriver]&amp#27;[39m W3C capabilities and MJSONWP desired capabilities were provided
[debug] &amp#27;[35m[BaseDriver]&amp#27;[39m Creating session with W3C capabilities: {
[debug] &amp#27;[35m[BaseDriver]&amp#27;[39m   "alwaysMatch": {
[debug] &amp#27;[35m[BaseDriver]&amp#27;[39m     "appium:chromeDriverPort": "11000",
[debug] &amp#27;[35m[BaseDriver]&amp#27;[39m     "platformName": "android",
[debug] &amp#27;[35m[BaseDriver]&amp#27;[39m     "appium:app": "D:\\IntellijProjects\\AppiumTestNG\\src\\test\\resources\\apps\\Sauce.apk",
[debug] &amp#27;[35m[BaseDriver]&amp#27;[39m     "appium:appActivity": "com.swaglabsmobileapp.SplashActivity",
[debug] &amp#27;[35m[BaseDriver]&amp#27;[39m     "appium:appPackage": "com.swaglabsmobileapp",
[debug] &amp#27;[35m[BaseDriver]&amp#27;[39m     "appium:automationName": "Appium",
[debug] &amp#27;[35m[BaseDriver]&amp#27;[39m     "appium:deviceName": "Android",
[debug] &amp#27;[35m[BaseDriver]&amp#27;[39m     "appium:systemPort": "10000",
[debug] &amp#27;[35m[BaseDriver]&amp#27;[39m     "appium:udid": "emulator-5554"
[debug] &amp#27;[35m[BaseDriver]&amp#27;[39m   },
[debug] &amp#27;[35m[BaseDriver]&amp#27;[39m   "firstMatch": [
[debug] &amp#27;[35m[BaseDriver]&amp#27;[39m     {}
[debug] &amp#27;[35m[BaseDriver]&amp#27;[39m   ]
[debug] &amp#27;[35m[BaseDriver]&amp#27;[39m }
&amp#27;[35m[BaseDriver]&amp#27;[39m Number capability passed in as string. Functionality may be compromised.
&amp#27;[35m[BaseDriver]&amp#27;[39m Number capability passed in as string. Functionality may be compromised.
&amp#27;[35m[BaseDriver]&amp#27;[39m Capability 'systemPort' changed from string ('10000') to integer (10000). This may cause unexpected behavior
&amp#27;[35m[BaseDriver]&amp#27;[39m Capability 'chromeDriverPort' changed from string ('11000') to integer (11000). This may cause unexpected behavior
&amp#27;[35m[BaseDriver]&amp#27;[39m Session created with session id: 3e31c346-da08-4d99-a528-afea8ff633f9
&amp#27;[35m[BaseDriver]&amp#27;[39m Using local app 'D:\IntellijProjects\AppiumTestNG\src\test\resources\apps\Sauce.apk'
[debug] &amp#27;[35m[UiAutomator2]&amp#27;[39m Checking whether app is actually present
&amp#27;[35m[ADB]&amp#27;[39m Found 2 'build-tools' folders under 'C:\Users\Admin\AppData\Local\Android\Sdk' (newest first):
&amp#27;[35m[ADB]&amp#27;[39m     C:/Users/Admin/AppData/Local/Android/Sdk/build-tools/31.0.0-rc5
&amp#27;[35m[ADB]&amp#27;[39m     C:/Users/Admin/AppData/Local/Android/Sdk/build-tools/30.0.3
&amp#27;[35m[ADB]&amp#27;[39m Using 'adb.exe' from 'C:\Users\Admin\AppData\Local\Android\Sdk\platform-tools\adb.exe'
[debug] &amp#27;[35m[ADB]&amp#27;[39m Running 'C:\Users\Admin\AppData\Local\Android\Sdk\platform-tools\adb.exe -P 5037 start-server'
&amp#27;[35m[AndroidDriver]&amp#27;[39m Retrieving device list
[debug] &amp#27;[35m[ADB]&amp#27;[39m Trying to find a connected android device
[debug] &amp#27;[35m[ADB]&amp#27;[39m Getting connected devices
[debug] &amp#27;[35m[ADB]&amp#27;[39m Connected devices: [{"udid":"emulator-5554","state":"device"}]
&amp#27;[35m[AndroidDriver]&amp#27;[39m Using device: emulator-5554
&amp#27;[35m[ADB]&amp#27;[39m Using 'adb.exe' from 'C:\Users\Admin\AppData\Local\Android\Sdk\platform-tools\adb.exe'
[debug] &amp#27;[35m[ADB]&amp#27;[39m Running 'C:\Users\Admin\AppData\Local\Android\Sdk\platform-tools\adb.exe -P 5037 start-server'
[debug] &amp#27;[35m[ADB]&amp#27;[39m Setting device id to emulator-5554
[debug] &amp#27;[35m[ADB]&amp#27;[39m Running 'C:\Users\Admin\AppData\Local\Android\Sdk\platform-tools\adb.exe -P 5037 -s emulator-5554 shell getprop ro.build.version.sdk'
[debug] &amp#27;[35m[ADB]&amp#27;[39m Current device property 'ro.build.version.sdk': 30
&amp#27;[35m[ADB]&amp#27;[39m Getting device platform version
[debug] &amp#27;[35m[ADB]&amp#27;[39m Running 'C:\Users\Admin\AppData\Local\Android\Sdk\platform-tools\adb.exe -P 5037 -s emulator-5554 shell getprop ro.build.version.release'
[debug] &amp#27;[35m[ADB]&amp#27;[39m Current device property 'ro.build.version.release': 11
[debug] &amp#27;[35m[ADB]&amp#27;[39m Device API level: 30
&amp#27;[35m[UiAutomator2]&amp#27;[39m Relaxing hidden api policy
[debug] &amp#27;[35m[ADB]&amp#27;[39m Running 'C:\Users\Admin\AppData\Local\Android\Sdk\platform-tools\adb.exe -P 5037 -s emulator-5554 shell 'settings put global hidden_api_policy_pre_p_apps 1;settings put global hidden_api_policy_p_apps 1;settings put global hidden_api_policy 1''
[debug] &amp#27;[35m[ADB]&amp#27;[39m Running 'C:\Users\Admin\AppData\Local\Android\Sdk\platform-tools\adb.exe -P 5037 -s emulator-5554 wait-for-device'
[debug] &amp#27;[35m[ADB]&amp#27;[39m Running 'C:\Users\Admin\AppData\Local\Android\Sdk\platform-tools\adb.exe -P 5037 -s emulator-5554 shell echo ping'
[debug] &amp#27;[35m[AndroidDriver]&amp#27;[39m Pushing settings apk to device...
[debug] &amp#27;[35m[ADB]&amp#27;[39m Getting install status for io.appium.settings
[debug] &amp#27;[35m[ADB]&amp#27;[39m Running 'C:\Users\Admin\AppData\Local\Android\Sdk\platform-tools\adb.exe -P 5037 -s emulator-5554 shell dumpsys package io.appium.settings'
[debug] &amp#27;[35m[ADB]&amp#27;[39m 'io.appium.settings' is installed
[debug] &amp#27;[35m[ADB]&amp#27;[39m Getting package info for 'io.appium.settings'
[debug] &amp#27;[35m[ADB]&amp#27;[39m Running 'C:\Users\Admin\AppData\Local\Android\Sdk\platform-tools\adb.exe -P 5037 -s emulator-5554 shell dumpsys package io.appium.settings'
[debug] &amp#27;[35m[ADB]&amp#27;[39m The version name of the installed 'io.appium.settings' is greater or equal to the application version name ('3.3.0' >= '3.3.0')
[debug] &amp#27;[35m[ADB]&amp#27;[39m There is no need to install/upgrade 'C:\Users\Admin\AppData\Roaming\npm\node_modules\appium\node_modules\io.appium.settings\apks\settings_apk-debug.apk'
[debug] &amp#27;[35m[ADB]&amp#27;[39m Getting IDs of all 'io.appium.settings' processes
[debug] &amp#27;[35m[ADB]&amp#27;[39m Running 'C:\Users\Admin\AppData\Local\Android\Sdk\platform-tools\adb.exe -P 5037 -s emulator-5554 shell 'pgrep --help; echo $?''
[debug] &amp#27;[35m[ADB]&amp#27;[39m Running 'C:\Users\Admin\AppData\Local\Android\Sdk\platform-tools\adb.exe -P 5037 -s emulator-5554 shell pgrep -f \(\[\[:blank:\]\]\|\^\)io\.appium\.settings\(\[\[:blank:\]\]\|\$\)'
[debug] &amp#27;[35m[AndroidDriver]&amp#27;[39m io.appium.settings is already running. There is no need to reset its permissions.
[debug] &amp#27;[35m[Logcat]&amp#27;[39m Starting logs capture with command: C:\\Users\\Admin\\AppData\\Local\\Android\\Sdk\\platform-tools\\adb.exe -P 5037 -s emulator-5554 logcat -v threadtime
[debug] &amp#27;[35m[UiAutomator2]&amp#27;[39m Forwarding UiAutomator2 Server port 6790 to local port 10000
[debug] &amp#27;[35m[ADB]&amp#27;[39m Forwarding system: 10000 to device: 6790
[debug] &amp#27;[35m[ADB]&amp#27;[39m Running 'C:\Users\Admin\AppData\Local\Android\Sdk\platform-tools\adb.exe -P 5037 -s emulator-5554 forward tcp:10000 tcp:6790'
[debug] &amp#27;[35m[ADB]&amp#27;[39m Getting install status for io.appium.uiautomator2.server
[debug] &amp#27;[35m[ADB]&amp#27;[39m Running 'C:\Users\Admin\AppData\Local\Android\Sdk\platform-tools\adb.exe -P 5037 -s emulator-5554 shell dumpsys package io.appium.uiautomator2.server'
[debug] &amp#27;[35m[ADB]&amp#27;[39m 'io.appium.uiautomator2.server' is installed
[debug] &amp#27;[35m[ADB]&amp#27;[39m Getting package info for 'io.appium.uiautomator2.server'
[debug] &amp#27;[35m[ADB]&amp#27;[39m Running 'C:\Users\Admin\AppData\Local\Android\Sdk\platform-tools\adb.exe -P 5037 -s emulator-5554 shell dumpsys package io.appium.uiautomator2.server'
[debug] &amp#27;[35m[ADB]&amp#27;[39m The version name of the installed 'io.appium.uiautomator2.server' is greater or equal to the application version name ('4.21.1' >= '4.21.1')
[debug] &amp#27;[35m[UiAutomator2]&amp#27;[39m io.appium.uiautomator2.server installation state: sameVersionInstalled
[debug] &amp#27;[35m[ADB]&amp#27;[39m Checking app cert for C:\Users\Admin\AppData\Roaming\npm\node_modules\appium\node_modules\appium-uiautomator2-server\apks\appium-uiautomator2-server-v4.21.1.apk
&amp#27;[35m[ADB]&amp#27;[39m Using 'apksigner.jar' from 'C:\Users\Admin\AppData\Local\Android\Sdk\build-tools\31.0.0-rc5\lib\apksigner.jar'
[debug] &amp#27;[35m[ADB]&amp#27;[39m Starting apksigner: 'C:\\Program Files\\Java\\jdk1.8.0_291\\bin\\java.exe' -Xmx1024M -Xss1m -jar C:\\Users\\Admin\\AppData\\Local\\Android\\Sdk\\build-tools\\31.0.0-rc5\\lib\\apksigner.jar verify --print-certs C:\\Users\\Admin\\AppData\\Roaming\\npm\\node_modules\\appium\\node_modules\\appium-uiautomator2-server\\apks\\appium-uiautomator2-server-v4.21.1.apk
[debug] &amp#27;[35m[ADB]&amp#27;[39m apksigner stdout: Signer #1 certificate DN: EMAILADDRESS=android@android.com, CN=Android, OU=Android, O=Android, L=Mountain View, ST=California, C=US
[debug] &amp#27;[35m[ADB]&amp#27;[39m Signer #1 certificate SHA-256 digest: a40da80a59d170caa950cf15c18c454d47a39b26989d8b640ecd745ba71bf5dc
[debug] &amp#27;[35m[ADB]&amp#27;[39m Signer #1 certificate SHA-1 digest: 61ed377e85d386a8dfee6b864bd85b0bfaa5af81
[debug] &amp#27;[35m[ADB]&amp#27;[39m Signer #1 certificate MD5 digest: e89b158e4bcf988ebd09eb83f5378e87
[debug] &amp#27;[35m[ADB]&amp#27;[39m 
[debug] &amp#27;[35m[ADB]&amp#27;[39m sha256 hash did match for 'appium-uiautomator2-server-v4.21.1.apk'
&amp#27;[35m[ADB]&amp#27;[39m 'C:\Users\Admin\AppData\Roaming\npm\node_modules\appium\node_modules\appium-uiautomator2-server\apks\appium-uiautomator2-server-v4.21.1.apk' is signed with the default certificate
[debug] &amp#27;[35m[ADB]&amp#27;[39m Getting install status for io.appium.uiautomator2.server.test
[debug] &amp#27;[35m[ADB]&amp#27;[39m Running 'C:\Users\Admin\AppData\Local\Android\Sdk\platform-tools\adb.exe -P 5037 -s emulator-5554 shell dumpsys package io.appium.uiautomator2.server.test'
[debug] &amp#27;[35m[ADB]&amp#27;[39m 'io.appium.uiautomator2.server.test' is installed
[debug] &amp#27;[35m[ADB]&amp#27;[39m Checking app cert for C:\Users\Admin\AppData\Roaming\npm\node_modules\appium\node_modules\appium-uiautomator2-server\apks\appium-uiautomator2-server-debug-androidTest.apk
[debug] &amp#27;[35m[ADB]&amp#27;[39m Starting apksigner: 'C:\\Program Files\\Java\\jdk1.8.0_291\\bin\\java.exe' -Xmx1024M -Xss1m -jar C:\\Users\\Admin\\AppData\\Local\\Android\\Sdk\\build-tools\\31.0.0-rc5\\lib\\apksigner.jar verify --print-certs C:\\Users\\Admin\\AppData\\Roaming\\npm\\node_modules\\appium\\node_modules\\appium-uiautomator2-server\\apks\\appium-uiautomator2-server-debug-androidTest.apk
[debug] &amp#27;[35m[ADB]&amp#27;[39m apksigner stdout: Signer #1 certificate DN: EMAILADDRESS=android@android.com, CN=Android, OU=Android, O=Android, L=Mountain View, ST=California, C=US
[debug] &amp#27;[35m[ADB]&amp#27;[39m Signer #1 certificate SHA-256 digest: a40da80a59d170caa950cf15c18c454d47a39b26989d8b640ecd745ba71bf5dc
[debug] &amp#27;[35m[ADB]&amp#27;[39m Signer #1 certificate SHA-1 digest: 61ed377e85d386a8dfee6b864bd85b0bfaa5af81
[debug] &amp#27;[35m[ADB]&amp#27;[39m Signer #1 certificate MD5 digest: e89b158e4bcf988ebd09eb83f5378e87
[debug] &amp#27;[35m[ADB]&amp#27;[39m 
[debug] &amp#27;[35m[ADB]&amp#27;[39m sha256 hash did match for 'appium-uiautomator2-server-debug-androidTest.apk'
&amp#27;[35m[ADB]&amp#27;[39m 'C:\Users\Admin\AppData\Roaming\npm\node_modules\appium\node_modules\appium-uiautomator2-server\apks\appium-uiautomator2-server-debug-androidTest.apk' is signed with the default certificate
&amp#27;[35m[UiAutomator2]&amp#27;[39m Server packages are not going to be (re)installed
[debug] &amp#27;[35m[UiAutomator2]&amp#27;[39m Waiting up to 30000ms for services to be available
[debug] &amp#27;[35m[ADB]&amp#27;[39m Running 'C:\Users\Admin\AppData\Local\Android\Sdk\platform-tools\adb.exe -P 5037 -s emulator-5554 shell pm list instrumentation'
[debug] &amp#27;[35m[UiAutomator2]&amp#27;[39m Instrumentation target 'io.appium.uiautomator2.server.test/androidx.test.runner.AndroidJUnitRunner' is available
&amp#27;[35m[ADB]&amp#27;[39m Adding packages ["io.appium.settings","io.appium.uiautomator2.server","io.appium.uiautomator2.server.test"] to Doze whitelist
[debug] &amp#27;[35m[ADB]&amp#27;[39m Got the following command chunks to execute: [["dumpsys","deviceidle","whitelist","+io.appium.settings",";","dumpsys","deviceidle","whitelist","+io.appium.uiautomator2.server",";","dumpsys","deviceidle","whitelist","+io.appium.uiautomator2.server.test",";"]]
[debug] &amp#27;[35m[ADB]&amp#27;[39m Running 'C:\Users\Admin\AppData\Local\Android\Sdk\platform-tools\adb.exe -P 5037 -s emulator-5554 shell dumpsys deviceidle whitelist +io.appium.settings ; dumpsys deviceidle whitelist +io.appium.uiautomator2.server ; dumpsys deviceidle whitelist +io.appium.uiautomator2.server.test ;'
[debug] &amp#27;[35m[ADB]&amp#27;[39m Checking app cert for D:\IntellijProjects\AppiumTestNG\src\test\resources\apps\Sauce.apk
[debug] &amp#27;[35m[ADB]&amp#27;[39m Starting apksigner: 'C:\\Program Files\\Java\\jdk1.8.0_291\\bin\\java.exe' -Xmx1024M -Xss1m -jar C:\\Users\\Admin\\AppData\\Local\\Android\\Sdk\\build-tools\\31.0.0-rc5\\lib\\apksigner.jar verify --print-certs D:\\IntellijProjects\\AppiumTestNG\\src\\test\\resources\\apps\\Sauce.apk
[debug] &amp#27;[35m[ADB]&amp#27;[39m apksigner stdout: Signer #1 certificate DN: CN=wswebcreation, OU=sample-app, O=Sauce Labs, L=San Francisco, ST=California, C=CA
[debug] &amp#27;[35m[ADB]&amp#27;[39m Signer #1 certificate SHA-256 digest: 24fd76156cde9748f50e68dbdafde6498ec4beaa41316438d06ffdde41ce7a3d
[debug] &amp#27;[35m[ADB]&amp#27;[39m Signer #1 certificate SHA-1 digest: 2a1a91b5b813edbd94986bffb8398349b9b504e0
[debug] &amp#27;[35m[ADB]&amp#27;[39m Signer #1 certificate MD5 digest: ac89c8eda61ba1f13ee22bae56d13abc
[debug] &amp#27;[35m[ADB]&amp#27;[39m 
&amp#27;[35m[ADB]&amp#27;[39m 'D:\IntellijProjects\AppiumTestNG\src\test\resources\apps\Sauce.apk' is signed with a non-default certificate
[debug] &amp#27;[35m[ADB]&amp#27;[39m Getting install status for com.swaglabsmobileapp
[debug] &amp#27;[35m[ADB]&amp#27;[39m Running 'C:\Users\Admin\AppData\Local\Android\Sdk\platform-tools\adb.exe -P 5037 -s emulator-5554 shell dumpsys package com.swaglabsmobileapp'
[debug] &amp#27;[35m[ADB]&amp#27;[39m 'com.swaglabsmobileapp' is installed
[debug] &amp#27;[35m[ADB]&amp#27;[39m Getting package info for 'com.swaglabsmobileapp'
[debug] &amp#27;[35m[ADB]&amp#27;[39m Running 'C:\Users\Admin\AppData\Local\Android\Sdk\platform-tools\adb.exe -P 5037 -s emulator-5554 shell dumpsys package com.swaglabsmobileapp'
[debug] &amp#27;[35m[ADB]&amp#27;[39m The version name of the installed 'com.swaglabsmobileapp' is greater or equal to the application version name ('2.7.1' >= '2.7.1')
[debug] &amp#27;[35m[ADB]&amp#27;[39m There is no need to install/upgrade 'D:\IntellijProjects\AppiumTestNG\src\test\resources\apps\Sauce.apk'
&amp#27;[35m[AndroidDriver]&amp#27;[39m Performing fast reset on 'com.swaglabsmobileapp'
[debug] &amp#27;[35m[ADB]&amp#27;[39m Getting install status for com.swaglabsmobileapp
[debug] &amp#27;[35m[ADB]&amp#27;[39m Running 'C:\Users\Admin\AppData\Local\Android\Sdk\platform-tools\adb.exe -P 5037 -s emulator-5554 shell dumpsys package com.swaglabsmobileapp'
[debug] &amp#27;[35m[ADB]&amp#27;[39m 'com.swaglabsmobileapp' is installed
[debug] &amp#27;[35m[ADB]&amp#27;[39m Running 'C:\Users\Admin\AppData\Local\Android\Sdk\platform-tools\adb.exe -P 5037 -s emulator-5554 shell am force-stop com.swaglabsmobileapp'
[debug] &amp#27;[35m[ADB]&amp#27;[39m Running 'C:\Users\Admin\AppData\Local\Android\Sdk\platform-tools\adb.exe -P 5037 -s emulator-5554 shell pm clear com.swaglabsmobileapp'
[debug] &amp#27;[35m[AndroidDriver]&amp#27;[39m Performed fast reset on the installed 'com.swaglabsmobileapp' application (stop and clear)
[debug] &amp#27;[35m[UiAutomator2]&amp#27;[39m Performing shallow cleanup of automation leftovers
[debug] &amp#27;[35m[UiAutomator2]&amp#27;[39m No obsolete sessions have been detected (socket hang up)
[debug] &amp#27;[35m[ADB]&amp#27;[39m Running 'C:\Users\Admin\AppData\Local\Android\Sdk\platform-tools\adb.exe -P 5037 -s emulator-5554 shell am force-stop io.appium.uiautomator2.server.test'
&amp#27;[35m[UiAutomator2]&amp#27;[39m Starting UIAutomator2 server 4.21.1
&amp#27;[35m[UiAutomator2]&amp#27;[39m Using UIAutomator2 server from 'C:\Users\Admin\AppData\Roaming\npm\node_modules\appium\node_modules\appium-uiautomator2-server\apks\appium-uiautomator2-server-v4.21.1.apk' and test from 'C:\Users\Admin\AppData\Roaming\npm\node_modules\appium\node_modules\appium-uiautomator2-server\apks\appium-uiautomator2-server-debug-androidTest.apk'
&amp#27;[35m[UiAutomator2]&amp#27;[39m Waiting up to 30000ms for UiAutomator2 to be online...
[debug] &amp#27;[35m[ADB]&amp#27;[39m Creating ADB subprocess with args: ["-P",5037,"-s","emulator-5554","shell","am","instrument","-w","-e","disableAnalytics",true,"io.appium.uiautomator2.server.test/androidx.test.runner.AndroidJUnitRunner"]
[debug] &amp#27;[35m[WD Proxy]&amp#27;[39m Matched '/status' to command name 'getStatus'
[debug] &amp#27;[35m[WD Proxy]&amp#27;[39m Proxying [GET /status] to [GET http://127.0.0.1:10000/wd/hub/status] with no body
&amp#27;[35m[WD Proxy]&amp#27;[39m socket hang up
[debug] &amp#27;[35m[WD Proxy]&amp#27;[39m Matched '/status' to command name 'getStatus'
[debug] &amp#27;[35m[WD Proxy]&amp#27;[39m Proxying [GET /status] to [GET http://127.0.0.1:10000/wd/hub/status] with no body
&amp#27;[35m[WD Proxy]&amp#27;[39m socket hang up
[debug] &amp#27;[35m[Instrumentation]&amp#27;[39m io.appium.uiautomator2.server.test.AppiumUiAutomator2Server:
[debug] &amp#27;[35m[WD Proxy]&amp#27;[39m Matched '/status' to command name 'getStatus'
[debug] &amp#27;[35m[WD Proxy]&amp#27;[39m Proxying [GET /status] to [GET http://127.0.0.1:10000/wd/hub/status] with no body
&amp#27;[35m[WD Proxy]&amp#27;[39m socket hang up
[debug] &amp#27;[35m[WD Proxy]&amp#27;[39m Matched '/status' to command name 'getStatus'
[debug] &amp#27;[35m[WD Proxy]&amp#27;[39m Proxying [GET /status] to [GET http://127.0.0.1:10000/wd/hub/status] with no body
[debug] &amp#27;[35m[WD Proxy]&amp#27;[39m Got response with status 200: {"sessionId":"None","value":{"message":"UiAutomator2 Server is ready to accept commands","ready":true}}
[debug] &amp#27;[35m[UiAutomator2]&amp#27;[39m The initialization of the instrumentation process took 3269ms
[debug] &amp#27;[35m[WD Proxy]&amp#27;[39m Matched '/session' to command name 'createSession'
[debug] &amp#27;[35m[WD Proxy]&amp#27;[39m Proxying [POST /session] to [POST http://127.0.0.1:10000/wd/hub/session] with body: {"capabilities":{"firstMatch":[{"platform":"LINUX","webStorageEnabled":false,"takesScreenshot":true,"javascriptEnabled":true,"databaseEnabled":false,"networkConnectionEnabled":true,"locationContextEnabled":false,"warnings":{},"desired":{"platformName":"android","chromeDriverPort":11000,"app":"D:\\IntellijProjects\\AppiumTestNG\\src\\test\\resources\\apps\\Sauce.apk","appActivity":"com.swaglabsmobileapp.SplashActivity","appPackage":"com.swaglabsmobileapp","automationName":"Appium","deviceName":"Android","systemPort":10000,"udid":"emulator-5554"},"platformName":"android","chromeDriverPort":11000,"app":"D:\\IntellijProjects\\AppiumTestNG\\src\\test\\resources\\apps\\Sauce.apk","appActivity":"com.swaglabsmobileapp.SplashActivity","appPackage":"com.swaglabsmobileapp","automationName":"Appium","deviceName":"emulator-5554","systemPort":10000,"udid":"emulator-5554","deviceUDID":"emulator-5554"}],"alwaysMatch":{}}}
[debug] &amp#27;[35m[WD Proxy]&amp#27;[39m Got response with status 200: {"sessionId":"4d27662a-40ad-44a7-ae29-6f7bd3c4184c","value":{"capabilities":{"firstMatch":[{"platform":"LINUX","webStorageEnabled":false,"takesScreenshot":true,"javascriptEnabled":true,"databaseEnabled":false,"networkConnectionEnabled":true,"locationContextEnabled":false,"warnings":{},"desired":{"platformName":"android","chromeDriverPort":11000,"app":"D:\\IntellijProjects\\AppiumTestNG\\src\\test\\resources\\apps\\Sauce.apk","appActivity":"com.swaglabsmobileapp.SplashActivity","appPackage":"com.swaglabsmobileapp","automationName":"Appium","deviceName":"Android","systemPort":10000,"udid":"emulator-5554"},"platformName":"android","chromeDriverPort":11000,"app":"D:\\IntellijProjects\\AppiumTestNG\\src\\test\\resources\\apps\\Sauce.apk","appActivity":"com.swaglabsmobileapp.SplashActivity","appPackage":"com.swaglabsmobileapp","automationName":"Appium","deviceName":"emulator-5554","systemPort":10000,"udid":"emulator-5554","deviceUDID":"emulator-5554"}],"alwaysMatch":{}},"sessionId":"4d27662a-40ad-44a7-ae29-6f7bd...
&amp#27;[35m[WD Proxy]&amp#27;[39m Determined the downstream protocol as 'W3C'
[debug] &amp#27;[35m[WD Proxy]&amp#27;[39m Proxying [GET /appium/device/info] to [GET http://127.0.0.1:10000/wd/hub/session/4d27662a-40ad-44a7-ae29-6f7bd3c4184c/appium/device/info] with no body
[debug] &amp#27;[35m[WD Proxy]&amp#27;[39m Got response with status 200: {"sessionId":"4d27662a-40ad-44a7-ae29-6f7bd3c4184c","value":{"androidId":"3fe48c0723751535","apiVersion":"30","bluetooth":{"state":"ON"},"brand":"google","carrierName":"Android","displayDensity":440,"locale":"en_US","manufacturer":"Google","model":"sdk_gphone_x86_arm","networks":[{"capabilities":{"SSID":null,"linkDownBandwidthKbps":30000,"linkUpstreamBandwidthKbps":15000,"networkCapabilities":"NET_CAPABILITY_MMS,NET_CAPABILITY_SUPL,NET_CAPABILITY_DUN,NET_CAPABILITY_FOTA,NET_CAPABILITY_IMS,NET_CAPABILITY_CBS,NET_CAPABILITY_INTERNET,NET_CAPABILITY_NOT_RESTRICTED,NET_CAPABILITY_TRUSTED,NET_CAPABILITY_NOT_VPN,NET_CAPABILITY_VALIDATED,NET_CAPABILITY_NOT_ROAMING,NET_CAPABILITY_FOREGROUND,NET_CAPABILITY_NOT_CONGESTED,NET_CAPABILITY_NOT_SUSPENDED","signalStrength":-2147483648,"transportTypes":"TRANSPORT_CELLULAR"},"detailedState":"CONNECTED","extraInfo":"epc.tmobile.com","isAvailable":true,"isConnected":true,"isFailover":false,"isRoaming":false,"state":"CONNECTED","subtype":13,"subtypeName":"LTE","type":0,"typeNam...
[debug] &amp#27;[35m[ADB]&amp#27;[39m Running 'C:\Users\Admin\AppData\Local\Android\Sdk\platform-tools\adb.exe -P 5037 -s emulator-5554 shell dumpsys window'
&amp#27;[35m[AndroidDriver]&amp#27;[39m Screen already unlocked, doing nothing
&amp#27;[35m[UiAutomator2]&amp#27;[39m Starting 'com.swaglabsmobileapp/com.swaglabsmobileapp.SplashActivity and waiting for 'com.swaglabsmobileapp/com.swaglabsmobileapp.SplashActivity'
[debug] &amp#27;[35m[ADB]&amp#27;[39m Running 'C:\Users\Admin\AppData\Local\Android\Sdk\platform-tools\adb.exe -P 5037 -s emulator-5554 shell am start -W -n com.swaglabsmobileapp/com.swaglabsmobileapp.SplashActivity -S -a android.intent.action.MAIN -c android.intent.category.LAUNCHER -f 0x10200000'
[debug] &amp#27;[35m[WD Proxy]&amp#27;[39m Proxying [GET /appium/device/pixel_ratio] to [GET http://127.0.0.1:10000/wd/hub/session/4d27662a-40ad-44a7-ae29-6f7bd3c4184c/appium/device/pixel_ratio] with no body
[debug] &amp#27;[35m[WD Proxy]&amp#27;[39m Got response with status 200: {"sessionId":"4d27662a-40ad-44a7-ae29-6f7bd3c4184c","value":2.75}
[debug] &amp#27;[35m[WD Proxy]&amp#27;[39m Matched '/appium/device/system_bars' to command name 'getSystemBars'
[debug] &amp#27;[35m[WD Proxy]&amp#27;[39m Proxying [GET /appium/device/system_bars] to [GET http://127.0.0.1:10000/wd/hub/session/4d27662a-40ad-44a7-ae29-6f7bd3c4184c/appium/device/system_bars] with no body
[debug] &amp#27;[35m[WD Proxy]&amp#27;[39m Got response with status 200: {"sessionId":"4d27662a-40ad-44a7-ae29-6f7bd3c4184c","value":{"statusBar":136}}
[debug] &amp#27;[35m[WD Proxy]&amp#27;[39m Matched '/window/current/size' to command name 'getWindowSize'
[debug] &amp#27;[35m[WD Proxy]&amp#27;[39m Proxying [GET /window/current/size] to [GET http://127.0.0.1:10000/wd/hub/session/4d27662a-40ad-44a7-ae29-6f7bd3c4184c/window/current/size] with no body
[debug] &amp#27;[35m[WD Proxy]&amp#27;[39m Got response with status 200: {"sessionId":"4d27662a-40ad-44a7-ae29-6f7bd3c4184c","value":{"height":2072,"width":1080}}
&amp#27;[35m[Appium]&amp#27;[39m New AndroidUiautomator2Driver session created successfully, session 3e31c346-da08-4d99-a528-afea8ff633f9 added to master session list
[debug] &amp#27;[35m[BaseDriver]&amp#27;[39m Event 'newSessionStarted' logged at 1627927533244 (23:35:33 GMT+0530 (India Standard Time))
[debug] &amp#27;[35m[W3C (3e31c346)]&amp#27;[39m Cached the protocol value 'W3C' for the new session 3e31c346-da08-4d99-a528-afea8ff633f9
[debug] &amp#27;[35m[W3C (3e31c346)]&amp#27;[39m Responding to client with driver.createSession() result: {"capabilities":{"platform":"LINUX","webStorageEnabled":false,"takesScreenshot":true,"javascriptEnabled":true,"databaseEnabled":false,"networkConnectionEnabled":true,"locationContextEnabled":false,"warnings":{},"desired":{"platformName":"android","chromeDriverPort":11000,"app":"D:\\IntellijProjects\\AppiumTestNG\\src\\test\\resources\\apps\\Sauce.apk","appActivity":"com.swaglabsmobileapp.SplashActivity","appPackage":"com.swaglabsmobileapp","automationName":"Appium","deviceName":"Android","systemPort":10000,"udid":"emulator-5554"},"platformName":"android","chromeDriverPort":11000,"app":"D:\\IntellijProjects\\AppiumTestNG\\src\\test\\resources\\apps\\Sauce.apk","appActivity":"com.swaglabsmobileapp.SplashActivity","appPackage":"com.swaglabsmobileapp","automationName":"Appium","deviceName":"emulator-5554","systemPort":10000,"udid":"emulator-5554","deviceUDID":"emulator-5554","deviceApiLevel":30,"platformVersion":"11","deviceScreenSize":"1080x2340","deviceScreenDensity":440,"deviceModel":"sdk_gphone_x86_arm","d...
&amp#27;[35m[HTTP]&amp#27;[39m &amp#27;[37m<-- POST /wd/hub/session &amp#27;[39m&amp#27;[32m200&amp#27;[39m &amp#27;[90m15118 ms - 1212&amp#27;[39m
&amp#27;[35m[HTTP]&amp#27;[39m &amp#27;[90m&amp#27;[39m
[INFO ] 2021-08-02 23:35:33.391 DriverManager:29 - Driver is initialized

@test
Scenario Outline: Login with invalid user name                                                        # src/test/resources/Login.feature:11
&amp#27;[35m[HTTP]&amp#27;[39m &amp#27;[37m-->&amp#27;[39m &amp#27;[37mPOST&amp#27;[39m &amp#27;[37m/wd/hub/session/3e31c346-da08-4d99-a528-afea8ff633f9/appium/start_recording_screen&amp#27;[39m
&amp#27;[35m[HTTP]&amp#27;[39m &amp#27;[90m{}&amp#27;[39m
[debug] &amp#27;[35m[W3C (3e31c346)]&amp#27;[39m Calling AppiumDriver.startRecordingScreen() with args: [null,"3e31c346-da08-4d99-a528-afea8ff633f9"]
[debug] &amp#27;[35m[ADB]&amp#27;[39m Getting IDs of all 'screenrecord' processes
[debug] &amp#27;[35m[ADB]&amp#27;[39m Running 'C:\Users\Admin\AppData\Local\Android\Sdk\platform-tools\adb.exe -P 5037 -s emulator-5554 shell pgrep -f \(\[\[:blank:\]\]\|\^\)screenrecord\(\[\[:blank:\]\]\|\$\)'
&amp#27;[35m[AndroidDriver]&amp#27;[39m Screen recording has not been previously started by Appium. There is nothing to stop
[debug] &amp#27;[35m[ADB]&amp#27;[39m Getting IDs of all 'screenrecord' processes
[debug] &amp#27;[35m[ADB]&amp#27;[39m Running 'C:\Users\Admin\AppData\Local\Android\Sdk\platform-tools\adb.exe -P 5037 -s emulator-5554 shell pgrep -f \(\[\[:blank:\]\]\|\^\)screenrecord\(\[\[:blank:\]\]\|\$\)'
[debug] &amp#27;[35m[ADB]&amp#27;[39m Building screenrecord process with the command line: adb -P 5037 -s emulator-5554 shell screenrecord --time-limit 180 /sdcard/74a471d9.mp4
[debug] &amp#27;[35m[ADB]&amp#27;[39m Running 'C:\Users\Admin\AppData\Local\Android\Sdk\platform-tools\adb.exe -P 5037 -s emulator-5554 shell "[ -e '/sdcard/74a471d9.mp4' ] && echo __PASS__"'
[debug] &amp#27;[35m[ADB]&amp#27;[39m Running 'C:\Users\Admin\AppData\Local\Android\Sdk\platform-tools\adb.exe -P 5037 -s emulator-5554 shell "[ -e '/sdcard/74a471d9.mp4' ] && echo __PASS__"'
[debug] &amp#27;[35m[W3C (3e31c346)]&amp#27;[39m Responding to client with driver.startRecordingScreen() result: ""
&amp#27;[35m[HTTP]&amp#27;[39m &amp#27;[37m<-- POST /wd/hub/session/3e31c346-da08-4d99-a528-afea8ff633f9/appium/start_recording_screen &amp#27;[39m&amp#27;[32m200&amp#27;[39m &amp#27;[90m1065 ms - 12&amp#27;[39m
&amp#27;[35m[HTTP]&amp#27;[39m &amp#27;[90m&amp#27;[39m
&amp#27;[35m[HTTP]&amp#27;[39m &amp#27;[37m-->&amp#27;[39m &amp#27;[37mGET&amp#27;[39m &amp#27;[37m/wd/hub/session/3e31c346-da08-4d99-a528-afea8ff633f9/context&amp#27;[39m
&amp#27;[35m[HTTP]&amp#27;[39m &amp#27;[90m{}&amp#27;[39m
[debug] &amp#27;[35m[W3C (3e31c346)]&amp#27;[39m Calling AppiumDriver.getCurrentContext() with args: ["3e31c346-da08-4d99-a528-afea8ff633f9"]
[debug] &amp#27;[35m[W3C (3e31c346)]&amp#27;[39m Responding to client with driver.getCurrentContext() result: "NATIVE_APP"
&amp#27;[35m[HTTP]&amp#27;[39m &amp#27;[37m<-- GET /wd/hub/session/3e31c346-da08-4d99-a528-afea8ff633f9/context &amp#27;[39m&amp#27;[32m200&amp#27;[39m &amp#27;[90m13 ms - 22&amp#27;[39m
&amp#27;[35m[HTTP]&amp#27;[39m &amp#27;[90m&amp#27;[39m
&amp#27;[35m[HTTP]&amp#27;[39m &amp#27;[37m-->&amp#27;[39m &amp#27;[37mPOST&amp#27;[39m &amp#27;[37m/wd/hub/session/3e31c346-da08-4d99-a528-afea8ff633f9/element&amp#27;[39m
&amp#27;[35m[HTTP]&amp#27;[39m &amp#27;[90m{"using":"accessibility id","value":"test-Username"}&amp#27;[39m
[debug] &amp#27;[35m[W3C (3e31c346)]&amp#27;[39m Calling AppiumDriver.findElement() with args: ["accessibility id","test-Username","3e31c346-da08-4d99-a528-afea8ff633f9"]
[debug] &amp#27;[35m[BaseDriver]&amp#27;[39m Valid locator strategies for this request: xpath, id, class name, accessibility id, css selector, -android uiautomator
[debug] &amp#27;[35m[BaseDriver]&amp#27;[39m Waiting up to 0 ms for condition
[debug] &amp#27;[35m[WD Proxy]&amp#27;[39m Matched '/element' to command name 'findElement'
[debug] &amp#27;[35m[WD Proxy]&amp#27;[39m Proxying [POST /element] to [POST http://127.0.0.1:10000/wd/hub/session/4d27662a-40ad-44a7-ae29-6f7bd3c4184c/element] with body: {"strategy":"accessibility id","selector":"test-Username","context":"","multiple":false}
[debug] &amp#27;[35m[WD Proxy]&amp#27;[39m Got response with status 200: {"sessionId":"4d27662a-40ad-44a7-ae29-6f7bd3c4184c","value":{"ELEMENT":"a61da934-4af1-473e-ba17-5091f2b1b245","element-6066-11e4-a52e-4f735466cecf":"a61da934-4af1-473e-ba17-5091f2b1b245"}}
[debug] &amp#27;[35m[W3C (3e31c346)]&amp#27;[39m Responding to client with driver.findElement() result: {"element-6066-11e4-a52e-4f735466cecf":"a61da934-4af1-473e-ba17-5091f2b1b245","ELEMENT":"a61da934-4af1-473e-ba17-5091f2b1b245"}
&amp#27;[35m[HTTP]&amp#27;[39m &amp#27;[37m<-- POST /wd/hub/session/3e31c346-da08-4d99-a528-afea8ff633f9/element &amp#27;[39m&amp#27;[32m200&amp#27;[39m &amp#27;[90m916 ms - 137&amp#27;[39m
&amp#27;[35m[HTTP]&amp#27;[39m &amp#27;[90m&amp#27;[39m
&amp#27;[35m[HTTP]&amp#27;[39m &amp#27;[37m-->&amp#27;[39m &amp#27;[37mGET&amp#27;[39m &amp#27;[37m/wd/hub/session/3e31c346-da08-4d99-a528-afea8ff633f9/element/a61da934-4af1-473e-ba17-5091f2b1b245/displayed&amp#27;[39m
&amp#27;[35m[HTTP]&amp#27;[39m &amp#27;[90m{}&amp#27;[39m
[debug] &amp#27;[35m[W3C (3e31c346)]&amp#27;[39m Calling AppiumDriver.elementDisplayed() with args: ["a61da934-4af1-473e-ba17-5091f2b1b245","3e31c346-da08-4d99-a528-afea8ff633f9"]
[debug] &amp#27;[35m[WD Proxy]&amp#27;[39m Matched '/element/a61da934-4af1-473e-ba17-5091f2b1b245/attribute/displayed' to command name 'getAttribute'
[debug] &amp#27;[35m[WD Proxy]&amp#27;[39m Proxying [GET /element/a61da934-4af1-473e-ba17-5091f2b1b245/attribute/displayed] to [GET http://127.0.0.1:10000/wd/hub/session/4d27662a-40ad-44a7-ae29-6f7bd3c4184c/element/a61da934-4af1-473e-ba17-5091f2b1b245/attribute/displayed] with no body
[debug] &amp#27;[35m[WD Proxy]&amp#27;[39m Got response with status 200: {"sessionId":"4d27662a-40ad-44a7-ae29-6f7bd3c4184c","value":"true"}
[debug] &amp#27;[35m[W3C (3e31c346)]&amp#27;[39m Responding to client with driver.elementDisplayed() result: true
&amp#27;[35m[HTTP]&amp#27;[39m &amp#27;[37m<-- GET /wd/hub/session/3e31c346-da08-4d99-a528-afea8ff633f9/element/a61da934-4af1-473e-ba17-5091f2b1b245/displayed &amp#27;[39m&amp#27;[32m200&amp#27;[39m &amp#27;[90m43 ms - 14&amp#27;[39m
&amp#27;[35m[HTTP]&amp#27;[39m &amp#27;[90m&amp#27;[39m
&amp#27;[35m[HTTP]&amp#27;[39m &amp#27;[37m-->&amp#27;[39m &amp#27;[37mGET&amp#27;[39m &amp#27;[37m/wd/hub/session/3e31c346-da08-4d99-a528-afea8ff633f9/context&amp#27;[39m
&amp#27;[35m[HTTP]&amp#27;[39m &amp#27;[90m{}&amp#27;[39m
[debug] &amp#27;[35m[W3C (3e31c346)]&amp#27;[39m Calling AppiumDriver.getCurrentContext() with args: ["3e31c346-da08-4d99-a528-afea8ff633f9"]
[debug] &amp#27;[35m[W3C (3e31c346)]&amp#27;[39m Responding to client with driver.getCurrentContext() result: "NATIVE_APP"
&amp#27;[35m[HTTP]&amp#27;[39m &amp#27;[37m<-- GET /wd/hub/session/3e31c346-da08-4d99-a528-afea8ff633f9/context &amp#27;[39m&amp#27;[32m200&amp#27;[39m &amp#27;[90m3 ms - 22&amp#27;[39m
&amp#27;[35m[HTTP]&amp#27;[39m &amp#27;[90m&amp#27;[39m
&amp#27;[35m[HTTP]&amp#27;[39m &amp#27;[37m-->&amp#27;[39m &amp#27;[37mPOST&amp#27;[39m &amp#27;[37m/wd/hub/session/3e31c346-da08-4d99-a528-afea8ff633f9/element&amp#27;[39m
&amp#27;[35m[HTTP]&amp#27;[39m &amp#27;[90m{"using":"accessibility id","value":"test-Username"}&amp#27;[39m
[debug] &amp#27;[35m[W3C (3e31c346)]&amp#27;[39m Calling AppiumDriver.findElement() with args: ["accessibility id","test-Username","3e31c346-da08-4d99-a528-afea8ff633f9"]
[debug] &amp#27;[35m[BaseDriver]&amp#27;[39m Valid locator strategies for this request: xpath, id, class name, accessibility id, css selector, -android uiautomator
[debug] &amp#27;[35m[BaseDriver]&amp#27;[39m Waiting up to 0 ms for condition
[debug] &amp#27;[35m[WD Proxy]&amp#27;[39m Matched '/element' to command name 'findElement'
[debug] &amp#27;[35m[WD Proxy]&amp#27;[39m Proxying [POST /element] to [POST http://127.0.0.1:10000/wd/hub/session/4d27662a-40ad-44a7-ae29-6f7bd3c4184c/element] with body: {"strategy":"accessibility id","selector":"test-Username","context":"","multiple":false}
[debug] &amp#27;[35m[WD Proxy]&amp#27;[39m Got response with status 200: {"sessionId":"4d27662a-40ad-44a7-ae29-6f7bd3c4184c","value":{"ELEMENT":"f528bf07-10e3-4119-91e5-ce12732f70ef","element-6066-11e4-a52e-4f735466cecf":"f528bf07-10e3-4119-91e5-ce12732f70ef"}}
[debug] &amp#27;[35m[W3C (3e31c346)]&amp#27;[39m Responding to client with driver.findElement() result: {"element-6066-11e4-a52e-4f735466cecf":"f528bf07-10e3-4119-91e5-ce12732f70ef","ELEMENT":"f528bf07-10e3-4119-91e5-ce12732f70ef"}
&amp#27;[35m[HTTP]&amp#27;[39m &amp#27;[37m<-- POST /wd/hub/session/3e31c346-da08-4d99-a528-afea8ff633f9/element &amp#27;[39m&amp#27;[32m200&amp#27;[39m &amp#27;[90m91 ms - 137&amp#27;[39m
&amp#27;[35m[HTTP]&amp#27;[39m &amp#27;[90m&amp#27;[39m
&amp#27;[35m[HTTP]&amp#27;[39m &amp#27;[37m-->&amp#27;[39m &amp#27;[37mPOST&amp#27;[39m &amp#27;[37m/wd/hub/session/3e31c346-da08-4d99-a528-afea8ff633f9/element/f528bf07-10e3-4119-91e5-ce12732f70ef/clear&amp#27;[39m
&amp#27;[35m[HTTP]&amp#27;[39m &amp#27;[90m{"id":"f528bf07-10e3-4119-91e5-ce12732f70ef"}&amp#27;[39m
[debug] &amp#27;[35m[W3C (3e31c346)]&amp#27;[39m Calling AppiumDriver.clear() with args: ["f528bf07-10e3-4119-91e5-ce12732f70ef","3e31c346-da08-4d99-a528-afea8ff633f9"]
[debug] &amp#27;[35m[WD Proxy]&amp#27;[39m Matched '/element/f528bf07-10e3-4119-91e5-ce12732f70ef/clear' to command name 'clear'
[debug] &amp#27;[35m[WD Proxy]&amp#27;[39m Proxying [POST /element/f528bf07-10e3-4119-91e5-ce12732f70ef/clear] to [POST http://127.0.0.1:10000/wd/hub/session/4d27662a-40ad-44a7-ae29-6f7bd3c4184c/element/f528bf07-10e3-4119-91e5-ce12732f70ef/clear] with body: {"elementId":"f528bf07-10e3-4119-91e5-ce12732f70ef"}
[debug] &amp#27;[35m[WD Proxy]&amp#27;[39m Got response with status 200: {"sessionId":"4d27662a-40ad-44a7-ae29-6f7bd3c4184c","value":null}
[debug] &amp#27;[35m[W3C (3e31c346)]&amp#27;[39m Responding to client with driver.clear() result: null
&amp#27;[35m[HTTP]&amp#27;[39m &amp#27;[37m<-- POST /wd/hub/session/3e31c346-da08-4d99-a528-afea8ff633f9/element/f528bf07-10e3-4119-91e5-ce12732f70ef/clear &amp#27;[39m&amp#27;[32m200&amp#27;[39m &amp#27;[90m39 ms - 14&amp#27;[39m
&amp#27;[35m[HTTP]&amp#27;[39m &amp#27;[90m&amp#27;[39m
&amp#27;[35m[HTTP]&amp#27;[39m &amp#27;[37m-->&amp#27;[39m &amp#27;[37mGET&amp#27;[39m &amp#27;[37m/wd/hub/session/3e31c346-da08-4d99-a528-afea8ff633f9/context&amp#27;[39m
&amp#27;[35m[HTTP]&amp#27;[39m &amp#27;[90m{}&amp#27;[39m
[debug] &amp#27;[35m[W3C (3e31c346)]&amp#27;[39m Calling AppiumDriver.getCurrentContext() with args: ["3e31c346-da08-4d99-a528-afea8ff633f9"]
[debug] &amp#27;[35m[W3C (3e31c346)]&amp#27;[39m Responding to client with driver.getCurrentContext() result: "NATIVE_APP"
&amp#27;[35m[HTTP]&amp#27;[39m &amp#27;[37m<-- GET /wd/hub/session/3e31c346-da08-4d99-a528-afea8ff633f9/context &amp#27;[39m&amp#27;[32m200&amp#27;[39m &amp#27;[90m3 ms - 22&amp#27;[39m
&amp#27;[35m[HTTP]&amp#27;[39m &amp#27;[90m&amp#27;[39m
&amp#27;[35m[HTTP]&amp#27;[39m &amp#27;[37m-->&amp#27;[39m &amp#27;[37mPOST&amp#27;[39m &amp#27;[37m/wd/hub/session/3e31c346-da08-4d99-a528-afea8ff633f9/element&amp#27;[39m
&amp#27;[35m[HTTP]&amp#27;[39m &amp#27;[90m{"using":"accessibility id","value":"test-Username"}&amp#27;[39m
[debug] &amp#27;[35m[W3C (3e31c346)]&amp#27;[39m Calling AppiumDriver.findElement() with args: ["accessibility id","test-Username","3e31c346-da08-4d99-a528-afea8ff633f9"]
[debug] &amp#27;[35m[BaseDriver]&amp#27;[39m Valid locator strategies for this request: xpath, id, class name, accessibility id, css selector, -android uiautomator
[debug] &amp#27;[35m[BaseDriver]&amp#27;[39m Waiting up to 0 ms for condition
[debug] &amp#27;[35m[WD Proxy]&amp#27;[39m Matched '/element' to command name 'findElement'
[debug] &amp#27;[35m[WD Proxy]&amp#27;[39m Proxying [POST /element] to [POST http://127.0.0.1:10000/wd/hub/session/4d27662a-40ad-44a7-ae29-6f7bd3c4184c/element] with body: {"strategy":"accessibility id","selector":"test-Username","context":"","multiple":false}
[debug] &amp#27;[35m[WD Proxy]&amp#27;[39m Got response with status 200: {"sessionId":"4d27662a-40ad-44a7-ae29-6f7bd3c4184c","value":{"ELEMENT":"9e89be11-8cce-48ab-afff-15ebde2fb9d8","element-6066-11e4-a52e-4f735466cecf":"9e89be11-8cce-48ab-afff-15ebde2fb9d8"}}
[debug] &amp#27;[35m[W3C (3e31c346)]&amp#27;[39m Responding to client with driver.findElement() result: {"element-6066-11e4-a52e-4f735466cecf":"9e89be11-8cce-48ab-afff-15ebde2fb9d8","ELEMENT":"9e89be11-8cce-48ab-afff-15ebde2fb9d8"}
&amp#27;[35m[HTTP]&amp#27;[39m &amp#27;[37m<-- POST /wd/hub/session/3e31c346-da08-4d99-a528-afea8ff633f9/element &amp#27;[39m&amp#27;[32m200&amp#27;[39m &amp#27;[90m696 ms - 137&amp#27;[39m
&amp#27;[35m[HTTP]&amp#27;[39m &amp#27;[90m&amp#27;[39m
&amp#27;[35m[HTTP]&amp#27;[39m &amp#27;[37m-->&amp#27;[39m &amp#27;[37mGET&amp#27;[39m &amp#27;[37m/wd/hub/session/3e31c346-da08-4d99-a528-afea8ff633f9/element/9e89be11-8cce-48ab-afff-15ebde2fb9d8/displayed&amp#27;[39m
&amp#27;[35m[HTTP]&amp#27;[39m &amp#27;[90m{}&amp#27;[39m
[debug] &amp#27;[35m[W3C (3e31c346)]&amp#27;[39m Calling AppiumDriver.elementDisplayed() with args: ["9e89be11-8cce-48ab-afff-15ebde2fb9d8","3e31c346-da08-4d99-a528-afea8ff633f9"]
[debug] &amp#27;[35m[WD Proxy]&amp#27;[39m Matched '/element/9e89be11-8cce-48ab-afff-15ebde2fb9d8/attribute/displayed' to command name 'getAttribute'
[debug] &amp#27;[35m[WD Proxy]&amp#27;[39m Proxying [GET /element/9e89be11-8cce-48ab-afff-15ebde2fb9d8/attribute/displayed] to [GET http://127.0.0.1:10000/wd/hub/session/4d27662a-40ad-44a7-ae29-6f7bd3c4184c/element/9e89be11-8cce-48ab-afff-15ebde2fb9d8/attribute/displayed] with no body
[debug] &amp#27;[35m[WD Proxy]&amp#27;[39m Got response with status 200: {"sessionId":"4d27662a-40ad-44a7-ae29-6f7bd3c4184c","value":"true"}
[debug] &amp#27;[35m[W3C (3e31c346)]&amp#27;[39m Responding to client with driver.elementDisplayed() result: true
&amp#27;[35m[HTTP]&amp#27;[39m &amp#27;[37m<-- GET /wd/hub/session/3e31c346-da08-4d99-a528-afea8ff633f9/element/9e89be11-8cce-48ab-afff-15ebde2fb9d8/displayed &amp#27;[39m&amp#27;[32m200&amp#27;[39m &amp#27;[90m27 ms - 14&amp#27;[39m
&amp#27;[35m[HTTP]&amp#27;[39m &amp#27;[90m&amp#27;[39m
[INFO ] 2021-08-02 23:35:37.886 BasePage:71 - login with invalidUsername
&amp#27;[35m[HTTP]&amp#27;[39m &amp#27;[37m-->&amp#27;[39m &amp#27;[37mGET&amp#27;[39m &amp#27;[37m/wd/hub/session/3e31c346-da08-4d99-a528-afea8ff633f9/context&amp#27;[39m
&amp#27;[35m[HTTP]&amp#27;[39m &amp#27;[90m{}&amp#27;[39m
[debug] &amp#27;[35m[W3C (3e31c346)]&amp#27;[39m Calling AppiumDriver.getCurrentContext() with args: ["3e31c346-da08-4d99-a528-afea8ff633f9"]
[debug] &amp#27;[35m[W3C (3e31c346)]&amp#27;[39m Responding to client with driver.getCurrentContext() result: "NATIVE_APP"
&amp#27;[35m[HTTP]&amp#27;[39m &amp#27;[37m<-- GET /wd/hub/session/3e31c346-da08-4d99-a528-afea8ff633f9/context &amp#27;[39m&amp#27;[32m200&amp#27;[39m &amp#27;[90m3 ms - 22&amp#27;[39m
&amp#27;[35m[HTTP]&amp#27;[39m &amp#27;[90m&amp#27;[39m
&amp#27;[35m[HTTP]&amp#27;[39m &amp#27;[37m-->&amp#27;[39m &amp#27;[37mPOST&amp#27;[39m &amp#27;[37m/wd/hub/session/3e31c346-da08-4d99-a528-afea8ff633f9/element&amp#27;[39m
&amp#27;[35m[HTTP]&amp#27;[39m &amp#27;[90m{"using":"accessibility id","value":"test-Username"}&amp#27;[39m
[debug] &amp#27;[35m[W3C (3e31c346)]&amp#27;[39m Calling AppiumDriver.findElement() with args: ["accessibility id","test-Username","3e31c346-da08-4d99-a528-afea8ff633f9"]
[debug] &amp#27;[35m[BaseDriver]&amp#27;[39m Valid locator strategies for this request: xpath, id, class name, accessibility id, css selector, -android uiautomator
[debug] &amp#27;[35m[BaseDriver]&amp#27;[39m Waiting up to 0 ms for condition
[debug] &amp#27;[35m[WD Proxy]&amp#27;[39m Matched '/element' to command name 'findElement'
[debug] &amp#27;[35m[WD Proxy]&amp#27;[39m Proxying [POST /element] to [POST http://127.0.0.1:10000/wd/hub/session/4d27662a-40ad-44a7-ae29-6f7bd3c4184c/element] with body: {"strategy":"accessibility id","selector":"test-Username","context":"","multiple":false}
[debug] &amp#27;[35m[WD Proxy]&amp#27;[39m Got response with status 200: {"sessionId":"4d27662a-40ad-44a7-ae29-6f7bd3c4184c","value":{"ELEMENT":"6e576ddd-ad35-4289-aad7-dbced72ecfe0","element-6066-11e4-a52e-4f735466cecf":"6e576ddd-ad35-4289-aad7-dbced72ecfe0"}}
[debug] &amp#27;[35m[W3C (3e31c346)]&amp#27;[39m Responding to client with driver.findElement() result: {"element-6066-11e4-a52e-4f735466cecf":"6e576ddd-ad35-4289-aad7-dbced72ecfe0","ELEMENT":"6e576ddd-ad35-4289-aad7-dbced72ecfe0"}
&amp#27;[35m[HTTP]&amp#27;[39m &amp#27;[37m<-- POST /wd/hub/session/3e31c346-da08-4d99-a528-afea8ff633f9/element &amp#27;[39m&amp#27;[32m200&amp#27;[39m &amp#27;[90m64 ms - 137&amp#27;[39m
&amp#27;[35m[HTTP]&amp#27;[39m &amp#27;[90m&amp#27;[39m
&amp#27;[35m[HTTP]&amp#27;[39m &amp#27;[37m-->&amp#27;[39m &amp#27;[37mPOST&amp#27;[39m &amp#27;[37m/wd/hub/session/3e31c346-da08-4d99-a528-afea8ff633f9/element/6e576ddd-ad35-4289-aad7-dbced72ecfe0/value&amp#27;[39m
&amp#27;[35m[HTTP]&amp#27;[39m &amp#27;[90m{"id":"6e576ddd-ad35-4289-aad7-dbced72ecfe0","text":"invalidUsername","value":["i","n","v","a","l","i","d","U","s","e","r","n","a","m","e"]}&amp#27;[39m
[debug] &amp#27;[35m[W3C (3e31c346)]&amp#27;[39m Calling AppiumDriver.setValue() with args: [["i","n","v","a","l","i","d","U","s","e","r","n","a","m","e"],"6e576ddd-ad35-4289-aad7-dbced72ecfe0","3e31c346-da08-4d99-a528-afea8ff633f9"]
[debug] &amp#27;[35m[WD Proxy]&amp#27;[39m Matched '/element/6e576ddd-ad35-4289-aad7-dbced72ecfe0/value' to command name 'setValue'
[debug] &amp#27;[35m[Protocol Converter]&amp#27;[39m Added 'value' property ["i","n","v","a","l","i","d","U","s","e","r","n","a","m","e"] to 'setValue' request body
[debug] &amp#27;[35m[WD Proxy]&amp#27;[39m Proxying [POST /element/6e576ddd-ad35-4289-aad7-dbced72ecfe0/value] to [POST http://127.0.0.1:10000/wd/hub/session/4d27662a-40ad-44a7-ae29-6f7bd3c4184c/element/6e576ddd-ad35-4289-aad7-dbced72ecfe0/value] with body: {"elementId":"6e576ddd-ad35-4289-aad7-dbced72ecfe0","text":"invalidUsername","replace":false,"value":["i","n","v","a","l","i","d","U","s","e","r","n","a","m","e"]}
[debug] &amp#27;[35m[WD Proxy]&amp#27;[39m Got response with status 200: {"sessionId":"4d27662a-40ad-44a7-ae29-6f7bd3c4184c","value":null}
[debug] &amp#27;[35m[W3C (3e31c346)]&amp#27;[39m Responding to client with driver.setValue() result: null
&amp#27;[35m[HTTP]&amp#27;[39m &amp#27;[37m<-- POST /wd/hub/session/3e31c346-da08-4d99-a528-afea8ff633f9/element/6e576ddd-ad35-4289-aad7-dbced72ecfe0/value &amp#27;[39m&amp#27;[32m200&amp#27;[39m &amp#27;[90m162 ms - 14&amp#27;[39m
&amp#27;[35m[HTTP]&amp#27;[39m &amp#27;[90m&amp#27;[39m
  When I enter username as "invalidUsername"                                                          # com.qa.stepdef.LoginStepDef.iEnterUsernameAs(java.lang.String)
&amp#27;[35m[HTTP]&amp#27;[39m &amp#27;[37m-->&amp#27;[39m &amp#27;[37mGET&amp#27;[39m &amp#27;[37m/wd/hub/session/3e31c346-da08-4d99-a528-afea8ff633f9/context&amp#27;[39m
&amp#27;[35m[HTTP]&amp#27;[39m &amp#27;[90m{}&amp#27;[39m
[debug] &amp#27;[35m[W3C (3e31c346)]&amp#27;[39m Calling AppiumDriver.getCurrentContext() with args: ["3e31c346-da08-4d99-a528-afea8ff633f9"]
[debug] &amp#27;[35m[W3C (3e31c346)]&amp#27;[39m Responding to client with driver.getCurrentContext() result: "NATIVE_APP"
&amp#27;[35m[HTTP]&amp#27;[39m &amp#27;[37m<-- GET /wd/hub/session/3e31c346-da08-4d99-a528-afea8ff633f9/context &amp#27;[39m&amp#27;[32m200&amp#27;[39m &amp#27;[90m3 ms - 22&amp#27;[39m
&amp#27;[35m[HTTP]&amp#27;[39m &amp#27;[90m&amp#27;[39m
&amp#27;[35m[HTTP]&amp#27;[39m &amp#27;[37m-->&amp#27;[39m &amp#27;[37mPOST&amp#27;[39m &amp#27;[37m/wd/hub/session/3e31c346-da08-4d99-a528-afea8ff633f9/element&amp#27;[39m
&amp#27;[35m[HTTP]&amp#27;[39m &amp#27;[90m{"using":"accessibility id","value":"test-Password"}&amp#27;[39m
[debug] &amp#27;[35m[W3C (3e31c346)]&amp#27;[39m Calling AppiumDriver.findElement() with args: ["accessibility id","test-Password","3e31c346-da08-4d99-a528-afea8ff633f9"]
[debug] &amp#27;[35m[BaseDriver]&amp#27;[39m Valid locator strategies for this request: xpath, id, class name, accessibility id, css selector, -android uiautomator
[debug] &amp#27;[35m[BaseDriver]&amp#27;[39m Waiting up to 0 ms for condition
[debug] &amp#27;[35m[WD Proxy]&amp#27;[39m Matched '/element' to command name 'findElement'
[debug] &amp#27;[35m[WD Proxy]&amp#27;[39m Proxying [POST /element] to [POST http://127.0.0.1:10000/wd/hub/session/4d27662a-40ad-44a7-ae29-6f7bd3c4184c/element] with body: {"strategy":"accessibility id","selector":"test-Password","context":"","multiple":false}
[debug] &amp#27;[35m[WD Proxy]&amp#27;[39m Got response with status 200: {"sessionId":"4d27662a-40ad-44a7-ae29-6f7bd3c4184c","value":{"ELEMENT":"5bde8cfb-97a3-48a4-b844-2e7837cb6f12","element-6066-11e4-a52e-4f735466cecf":"5bde8cfb-97a3-48a4-b844-2e7837cb6f12"}}
[debug] &amp#27;[35m[W3C (3e31c346)]&amp#27;[39m Responding to client with driver.findElement() result: {"element-6066-11e4-a52e-4f735466cecf":"5bde8cfb-97a3-48a4-b844-2e7837cb6f12","ELEMENT":"5bde8cfb-97a3-48a4-b844-2e7837cb6f12"}
&amp#27;[35m[HTTP]&amp#27;[39m &amp#27;[37m<-- POST /wd/hub/session/3e31c346-da08-4d99-a528-afea8ff633f9/element &amp#27;[39m&amp#27;[32m200&amp#27;[39m &amp#27;[90m468 ms - 137&amp#27;[39m
&amp#27;[35m[HTTP]&amp#27;[39m &amp#27;[90m&amp#27;[39m
&amp#27;[35m[HTTP]&amp#27;[39m &amp#27;[37m-->&amp#27;[39m &amp#27;[37mGET&amp#27;[39m &amp#27;[37m/wd/hub/session/3e31c346-da08-4d99-a528-afea8ff633f9/element/5bde8cfb-97a3-48a4-b844-2e7837cb6f12/displayed&amp#27;[39m
&amp#27;[35m[HTTP]&amp#27;[39m &amp#27;[90m{}&amp#27;[39m
[debug] &amp#27;[35m[W3C (3e31c346)]&amp#27;[39m Calling AppiumDriver.elementDisplayed() with args: ["5bde8cfb-97a3-48a4-b844-2e7837cb6f12","3e31c346-da08-4d99-a528-afea8ff633f9"]
[debug] &amp#27;[35m[WD Proxy]&amp#27;[39m Matched '/element/5bde8cfb-97a3-48a4-b844-2e7837cb6f12/attribute/displayed' to command name 'getAttribute'
[debug] &amp#27;[35m[WD Proxy]&amp#27;[39m Proxying [GET /element/5bde8cfb-97a3-48a4-b844-2e7837cb6f12/attribute/displayed] to [GET http://127.0.0.1:10000/wd/hub/session/4d27662a-40ad-44a7-ae29-6f7bd3c4184c/element/5bde8cfb-97a3-48a4-b844-2e7837cb6f12/attribute/displayed] with no body
[debug] &amp#27;[35m[WD Proxy]&amp#27;[39m Got response with status 200: {"sessionId":"4d27662a-40ad-44a7-ae29-6f7bd3c4184c","value":"true"}
[debug] &amp#27;[35m[W3C (3e31c346)]&amp#27;[39m Responding to client with driver.elementDisplayed() result: true
&amp#27;[35m[HTTP]&amp#27;[39m &amp#27;[37m<-- GET /wd/hub/session/3e31c346-da08-4d99-a528-afea8ff633f9/element/5bde8cfb-97a3-48a4-b844-2e7837cb6f12/displayed &amp#27;[39m&amp#27;[32m200&amp#27;[39m &amp#27;[90m29 ms - 14&amp#27;[39m
&amp#27;[35m[HTTP]&amp#27;[39m &amp#27;[90m&amp#27;[39m
&amp#27;[35m[HTTP]&amp#27;[39m &amp#27;[37m-->&amp#27;[39m &amp#27;[37mGET&amp#27;[39m &amp#27;[37m/wd/hub/session/3e31c346-da08-4d99-a528-afea8ff633f9/context&amp#27;[39m
&amp#27;[35m[HTTP]&amp#27;[39m &amp#27;[90m{}&amp#27;[39m
[debug] &amp#27;[35m[W3C (3e31c346)]&amp#27;[39m Calling AppiumDriver.getCurrentContext() with args: ["3e31c346-da08-4d99-a528-afea8ff633f9"]
[debug] &amp#27;[35m[W3C (3e31c346)]&amp#27;[39m Responding to client with driver.getCurrentContext() result: "NATIVE_APP"
&amp#27;[35m[HTTP]&amp#27;[39m &amp#27;[37m<-- GET /wd/hub/session/3e31c346-da08-4d99-a528-afea8ff633f9/context &amp#27;[39m&amp#27;[32m200&amp#27;[39m &amp#27;[90m2 ms - 22&amp#27;[39m
&amp#27;[35m[HTTP]&amp#27;[39m &amp#27;[90m&amp#27;[39m
&amp#27;[35m[HTTP]&amp#27;[39m &amp#27;[37m-->&amp#27;[39m &amp#27;[37mPOST&amp#27;[39m &amp#27;[37m/wd/hub/session/3e31c346-da08-4d99-a528-afea8ff633f9/element&amp#27;[39m
&amp#27;[35m[HTTP]&amp#27;[39m &amp#27;[90m{"using":"accessibility id","value":"test-Password"}&amp#27;[39m
[debug] &amp#27;[35m[W3C (3e31c346)]&amp#27;[39m Calling AppiumDriver.findElement() with args: ["accessibility id","test-Password","3e31c346-da08-4d99-a528-afea8ff633f9"]
[debug] &amp#27;[35m[BaseDriver]&amp#27;[39m Valid locator strategies for this request: xpath, id, class name, accessibility id, css selector, -android uiautomator
[debug] &amp#27;[35m[BaseDriver]&amp#27;[39m Waiting up to 0 ms for condition
[debug] &amp#27;[35m[WD Proxy]&amp#27;[39m Matched '/element' to command name 'findElement'
[debug] &amp#27;[35m[WD Proxy]&amp#27;[39m Proxying [POST /element] to [POST http://127.0.0.1:10000/wd/hub/session/4d27662a-40ad-44a7-ae29-6f7bd3c4184c/element] with body: {"strategy":"accessibility id","selector":"test-Password","context":"","multiple":false}
[debug] &amp#27;[35m[WD Proxy]&amp#27;[39m Got response with status 200: {"sessionId":"4d27662a-40ad-44a7-ae29-6f7bd3c4184c","value":{"ELEMENT":"558d0bc0-95e9-487c-9772-d270767b7c78","element-6066-11e4-a52e-4f735466cecf":"558d0bc0-95e9-487c-9772-d270767b7c78"}}
[debug] &amp#27;[35m[W3C (3e31c346)]&amp#27;[39m Responding to client with driver.findElement() result: {"element-6066-11e4-a52e-4f735466cecf":"558d0bc0-95e9-487c-9772-d270767b7c78","ELEMENT":"558d0bc0-95e9-487c-9772-d270767b7c78"}
&amp#27;[35m[HTTP]&amp#27;[39m &amp#27;[37m<-- POST /wd/hub/session/3e31c346-da08-4d99-a528-afea8ff633f9/element &amp#27;[39m&amp#27;[32m200&amp#27;[39m &amp#27;[90m117 ms - 137&amp#27;[39m
&amp#27;[35m[HTTP]&amp#27;[39m &amp#27;[90m&amp#27;[39m
&amp#27;[35m[HTTP]&amp#27;[39m &amp#27;[37m-->&amp#27;[39m &amp#27;[37mPOST&amp#27;[39m &amp#27;[37m/wd/hub/session/3e31c346-da08-4d99-a528-afea8ff633f9/element/558d0bc0-95e9-487c-9772-d270767b7c78/clear&amp#27;[39m
&amp#27;[35m[HTTP]&amp#27;[39m &amp#27;[90m{"id":"558d0bc0-95e9-487c-9772-d270767b7c78"}&amp#27;[39m
[debug] &amp#27;[35m[W3C (3e31c346)]&amp#27;[39m Calling AppiumDriver.clear() with args: ["558d0bc0-95e9-487c-9772-d270767b7c78","3e31c346-da08-4d99-a528-afea8ff633f9"]
[debug] &amp#27;[35m[WD Proxy]&amp#27;[39m Matched '/element/558d0bc0-95e9-487c-9772-d270767b7c78/clear' to command name 'clear'
[debug] &amp#27;[35m[WD Proxy]&amp#27;[39m Proxying [POST /element/558d0bc0-95e9-487c-9772-d270767b7c78/clear] to [POST http://127.0.0.1:10000/wd/hub/session/4d27662a-40ad-44a7-ae29-6f7bd3c4184c/element/558d0bc0-95e9-487c-9772-d270767b7c78/clear] with body: {"elementId":"558d0bc0-95e9-487c-9772-d270767b7c78"}
[debug] &amp#27;[35m[WD Proxy]&amp#27;[39m Got response with status 200: {"sessionId":"4d27662a-40ad-44a7-ae29-6f7bd3c4184c","value":null}
[debug] &amp#27;[35m[W3C (3e31c346)]&amp#27;[39m Responding to client with driver.clear() result: null
&amp#27;[35m[HTTP]&amp#27;[39m &amp#27;[37m<-- POST /wd/hub/session/3e31c346-da08-4d99-a528-afea8ff633f9/element/558d0bc0-95e9-487c-9772-d270767b7c78/clear &amp#27;[39m&amp#27;[32m200&amp#27;[39m &amp#27;[90m51 ms - 14&amp#27;[39m
&amp#27;[35m[HTTP]&amp#27;[39m &amp#27;[90m&amp#27;[39m
&amp#27;[35m[HTTP]&amp#27;[39m &amp#27;[37m-->&amp#27;[39m &amp#27;[37mGET&amp#27;[39m &amp#27;[37m/wd/hub/session/3e31c346-da08-4d99-a528-afea8ff633f9/context&amp#27;[39m
&amp#27;[35m[HTTP]&amp#27;[39m &amp#27;[90m{}&amp#27;[39m
[debug] &amp#27;[35m[W3C (3e31c346)]&amp#27;[39m Calling AppiumDriver.getCurrentContext() with args: ["3e31c346-da08-4d99-a528-afea8ff633f9"]
[debug] &amp#27;[35m[W3C (3e31c346)]&amp#27;[39m Responding to client with driver.getCurrentContext() result: "NATIVE_APP"
&amp#27;[35m[HTTP]&amp#27;[39m &amp#27;[37m<-- GET /wd/hub/session/3e31c346-da08-4d99-a528-afea8ff633f9/context &amp#27;[39m&amp#27;[32m200&amp#27;[39m &amp#27;[90m3 ms - 22&amp#27;[39m
&amp#27;[35m[HTTP]&amp#27;[39m &amp#27;[90m&amp#27;[39m
&amp#27;[35m[HTTP]&amp#27;[39m &amp#27;[37m-->&amp#27;[39m &amp#27;[37mPOST&amp#27;[39m &amp#27;[37m/wd/hub/session/3e31c346-da08-4d99-a528-afea8ff633f9/element&amp#27;[39m
&amp#27;[35m[HTTP]&amp#27;[39m &amp#27;[90m{"using":"accessibility id","value":"test-Password"}&amp#27;[39m
[debug] &amp#27;[35m[W3C (3e31c346)]&amp#27;[39m Calling AppiumDriver.findElement() with args: ["accessibility id","test-Password","3e31c346-da08-4d99-a528-afea8ff633f9"]
[debug] &amp#27;[35m[BaseDriver]&amp#27;[39m Valid locator strategies for this request: xpath, id, class name, accessibility id, css selector, -android uiautomator
[debug] &amp#27;[35m[BaseDriver]&amp#27;[39m Waiting up to 0 ms for condition
[debug] &amp#27;[35m[WD Proxy]&amp#27;[39m Matched '/element' to command name 'findElement'
[debug] &amp#27;[35m[WD Proxy]&amp#27;[39m Proxying [POST /element] to [POST http://127.0.0.1:10000/wd/hub/session/4d27662a-40ad-44a7-ae29-6f7bd3c4184c/element] with body: {"strategy":"accessibility id","selector":"test-Password","context":"","multiple":false}
[debug] &amp#27;[35m[WD Proxy]&amp#27;[39m Got response with status 200: {"sessionId":"4d27662a-40ad-44a7-ae29-6f7bd3c4184c","value":{"ELEMENT":"c0952f66-024d-40a5-97ce-150a173c28d3","element-6066-11e4-a52e-4f735466cecf":"c0952f66-024d-40a5-97ce-150a173c28d3"}}
[debug] &amp#27;[35m[W3C (3e31c346)]&amp#27;[39m Responding to client with driver.findElement() result: {"element-6066-11e4-a52e-4f735466cecf":"c0952f66-024d-40a5-97ce-150a173c28d3","ELEMENT":"c0952f66-024d-40a5-97ce-150a173c28d3"}
&amp#27;[35m[HTTP]&amp#27;[39m &amp#27;[37m<-- POST /wd/hub/session/3e31c346-da08-4d99-a528-afea8ff633f9/element &amp#27;[39m&amp#27;[32m200&amp#27;[39m &amp#27;[90m481 ms - 137&amp#27;[39m
&amp#27;[35m[HTTP]&amp#27;[39m &amp#27;[90m&amp#27;[39m
&amp#27;[35m[HTTP]&amp#27;[39m &amp#27;[37m-->&amp#27;[39m &amp#27;[37mGET&amp#27;[39m &amp#27;[37m/wd/hub/session/3e31c346-da08-4d99-a528-afea8ff633f9/element/c0952f66-024d-40a5-97ce-150a173c28d3/displayed&amp#27;[39m
&amp#27;[35m[HTTP]&amp#27;[39m &amp#27;[90m{}&amp#27;[39m
[debug] &amp#27;[35m[W3C (3e31c346)]&amp#27;[39m Calling AppiumDriver.elementDisplayed() with args: ["c0952f66-024d-40a5-97ce-150a173c28d3","3e31c346-da08-4d99-a528-afea8ff633f9"]
[debug] &amp#27;[35m[WD Proxy]&amp#27;[39m Matched '/element/c0952f66-024d-40a5-97ce-150a173c28d3/attribute/displayed' to command name 'getAttribute'
[debug] &amp#27;[35m[WD Proxy]&amp#27;[39m Proxying [GET /element/c0952f66-024d-40a5-97ce-150a173c28d3/attribute/displayed] to [GET http://127.0.0.1:10000/wd/hub/session/4d27662a-40ad-44a7-ae29-6f7bd3c4184c/element/c0952f66-024d-40a5-97ce-150a173c28d3/attribute/displayed] with no body
[debug] &amp#27;[35m[WD Proxy]&amp#27;[39m Got response with status 200: {"sessionId":"4d27662a-40ad-44a7-ae29-6f7bd3c4184c","value":"true"}
[debug] &amp#27;[35m[W3C (3e31c346)]&amp#27;[39m Responding to client with driver.elementDisplayed() result: true
[INFO ] 2021-08-02 23:35:39.494 BasePage:71 - password is secret_sauce
&amp#27;[35m[HTTP]&amp#27;[39m &amp#27;[37m<-- GET /wd/hub/session/3e31c346-da08-4d99-a528-afea8ff633f9/element/c0952f66-024d-40a5-97ce-150a173c28d3/displayed &amp#27;[39m&amp#27;[32m200&amp#27;[39m &amp#27;[90m31 ms - 14&amp#27;[39m
&amp#27;[35m[HTTP]&amp#27;[39m &amp#27;[90m&amp#27;[39m
&amp#27;[35m[HTTP]&amp#27;[39m &amp#27;[37m-->&amp#27;[39m &amp#27;[37mGET&amp#27;[39m &amp#27;[37m/wd/hub/session/3e31c346-da08-4d99-a528-afea8ff633f9/context&amp#27;[39m
&amp#27;[35m[HTTP]&amp#27;[39m &amp#27;[90m{}&amp#27;[39m
[debug] &amp#27;[35m[W3C (3e31c346)]&amp#27;[39m Calling AppiumDriver.getCurrentContext() with args: ["3e31c346-da08-4d99-a528-afea8ff633f9"]
[debug] &amp#27;[35m[W3C (3e31c346)]&amp#27;[39m Responding to client with driver.getCurrentContext() result: "NATIVE_APP"
&amp#27;[35m[HTTP]&amp#27;[39m &amp#27;[37m<-- GET /wd/hub/session/3e31c346-da08-4d99-a528-afea8ff633f9/context &amp#27;[39m&amp#27;[32m200&amp#27;[39m &amp#27;[90m2 ms - 22&amp#27;[39m
&amp#27;[35m[HTTP]&amp#27;[39m &amp#27;[90m&amp#27;[39m
&amp#27;[35m[HTTP]&amp#27;[39m &amp#27;[37m-->&amp#27;[39m &amp#27;[37mPOST&amp#27;[39m &amp#27;[37m/wd/hub/session/3e31c346-da08-4d99-a528-afea8ff633f9/element&amp#27;[39m
&amp#27;[35m[HTTP]&amp#27;[39m &amp#27;[90m{"using":"accessibility id","value":"test-Password"}&amp#27;[39m
[debug] &amp#27;[35m[W3C (3e31c346)]&amp#27;[39m Calling AppiumDriver.findElement() with args: ["accessibility id","test-Password","3e31c346-da08-4d99-a528-afea8ff633f9"]
[debug] &amp#27;[35m[BaseDriver]&amp#27;[39m Valid locator strategies for this request: xpath, id, class name, accessibility id, css selector, -android uiautomator
[debug] &amp#27;[35m[BaseDriver]&amp#27;[39m Waiting up to 0 ms for condition
[debug] &amp#27;[35m[WD Proxy]&amp#27;[39m Matched '/element' to command name 'findElement'
[debug] &amp#27;[35m[WD Proxy]&amp#27;[39m Proxying [POST /element] to [POST http://127.0.0.1:10000/wd/hub/session/4d27662a-40ad-44a7-ae29-6f7bd3c4184c/element] with body: {"strategy":"accessibility id","selector":"test-Password","context":"","multiple":false}
[debug] &amp#27;[35m[WD Proxy]&amp#27;[39m Got response with status 200: {"sessionId":"4d27662a-40ad-44a7-ae29-6f7bd3c4184c","value":{"ELEMENT":"93578a3b-799b-4aa3-88b0-7f6167ef498f","element-6066-11e4-a52e-4f735466cecf":"93578a3b-799b-4aa3-88b0-7f6167ef498f"}}
[debug] &amp#27;[35m[W3C (3e31c346)]&amp#27;[39m Responding to client with driver.findElement() result: {"element-6066-11e4-a52e-4f735466cecf":"93578a3b-799b-4aa3-88b0-7f6167ef498f","ELEMENT":"93578a3b-799b-4aa3-88b0-7f6167ef498f"}
&amp#27;[35m[HTTP]&amp#27;[39m &amp#27;[37m<-- POST /wd/hub/session/3e31c346-da08-4d99-a528-afea8ff633f9/element &amp#27;[39m&amp#27;[32m200&amp#27;[39m &amp#27;[90m62 ms - 137&amp#27;[39m
&amp#27;[35m[HTTP]&amp#27;[39m &amp#27;[90m&amp#27;[39m
&amp#27;[35m[HTTP]&amp#27;[39m &amp#27;[37m-->&amp#27;[39m &amp#27;[37mPOST&amp#27;[39m &amp#27;[37m/wd/hub/session/3e31c346-da08-4d99-a528-afea8ff633f9/element/93578a3b-799b-4aa3-88b0-7f6167ef498f/value&amp#27;[39m
&amp#27;[35m[HTTP]&amp#27;[39m &amp#27;[90m{"id":"93578a3b-799b-4aa3-88b0-7f6167ef498f","text":"secret_sauce","value":["s","e","c","r","e","t","_","s","a","u","c","e"]}&amp#27;[39m
[debug] &amp#27;[35m[W3C (3e31c346)]&amp#27;[39m Calling AppiumDriver.setValue() with args: [["s","e","c","r","e","t","_","s","a","u","c","e"],"93578a3b-799b-4aa3-88b0-7f6167ef498f","3e31c346-da08-4d99-a528-afea8ff633f9"]
[debug] &amp#27;[35m[WD Proxy]&amp#27;[39m Matched '/element/93578a3b-799b-4aa3-88b0-7f6167ef498f/value' to command name 'setValue'
[debug] &amp#27;[35m[Protocol Converter]&amp#27;[39m Added 'value' property ["s","e","c","r","e","t","_","s","a","u","c","e"] to 'setValue' request body
[debug] &amp#27;[35m[WD Proxy]&amp#27;[39m Proxying [POST /element/93578a3b-799b-4aa3-88b0-7f6167ef498f/value] to [POST http://127.0.0.1:10000/wd/hub/session/4d27662a-40ad-44a7-ae29-6f7bd3c4184c/element/93578a3b-799b-4aa3-88b0-7f6167ef498f/value] with body: {"elementId":"93578a3b-799b-4aa3-88b0-7f6167ef498f","text":"secret_sauce","replace":false,"value":["s","e","c","r","e","t","_","s","a","u","c","e"]}
[debug] &amp#27;[35m[WD Proxy]&amp#27;[39m Got response with status 200: {"sessionId":"4d27662a-40ad-44a7-ae29-6f7bd3c4184c","value":null}
[debug] &amp#27;[35m[W3C (3e31c346)]&amp#27;[39m Responding to client with driver.setValue() result: null
&amp#27;[35m[HTTP]&amp#27;[39m &amp#27;[37m<-- POST /wd/hub/session/3e31c346-da08-4d99-a528-afea8ff633f9/element/93578a3b-799b-4aa3-88b0-7f6167ef498f/value &amp#27;[39m&amp#27;[32m200&amp#27;[39m &amp#27;[90m559 ms - 14&amp#27;[39m
&amp#27;[35m[HTTP]&amp#27;[39m &amp#27;[90m&amp#27;[39m
  And I enter password as "secret_sauce"                                                              # com.qa.stepdef.LoginStepDef.iEnterPasswordAs(java.lang.String)
&amp#27;[35m[HTTP]&amp#27;[39m &amp#27;[37m-->&amp#27;[39m &amp#27;[37mGET&amp#27;[39m &amp#27;[37m/wd/hub/session/3e31c346-da08-4d99-a528-afea8ff633f9/context&amp#27;[39m
&amp#27;[35m[HTTP]&amp#27;[39m &amp#27;[90m{}&amp#27;[39m
[debug] &amp#27;[35m[W3C (3e31c346)]&amp#27;[39m Calling AppiumDriver.getCurrentContext() with args: ["3e31c346-da08-4d99-a528-afea8ff633f9"]
[debug] &amp#27;[35m[W3C (3e31c346)]&amp#27;[39m Responding to client with driver.getCurrentContext() result: "NATIVE_APP"
&amp#27;[35m[HTTP]&amp#27;[39m &amp#27;[37m<-- GET /wd/hub/session/3e31c346-da08-4d99-a528-afea8ff633f9/context &amp#27;[39m&amp#27;[32m200&amp#27;[39m &amp#27;[90m3 ms - 22&amp#27;[39m
&amp#27;[35m[HTTP]&amp#27;[39m &amp#27;[90m&amp#27;[39m
&amp#27;[35m[HTTP]&amp#27;[39m &amp#27;[37m-->&amp#27;[39m &amp#27;[37mPOST&amp#27;[39m &amp#27;[37m/wd/hub/session/3e31c346-da08-4d99-a528-afea8ff633f9/element&amp#27;[39m
&amp#27;[35m[HTTP]&amp#27;[39m &amp#27;[90m{"using":"accessibility id","value":"test-LOGIN"}&amp#27;[39m
[debug] &amp#27;[35m[W3C (3e31c346)]&amp#27;[39m Calling AppiumDriver.findElement() with args: ["accessibility id","test-LOGIN","3e31c346-da08-4d99-a528-afea8ff633f9"]
[debug] &amp#27;[35m[BaseDriver]&amp#27;[39m Valid locator strategies for this request: xpath, id, class name, accessibility id, css selector, -android uiautomator
[debug] &amp#27;[35m[BaseDriver]&amp#27;[39m Waiting up to 0 ms for condition
[debug] &amp#27;[35m[WD Proxy]&amp#27;[39m Matched '/element' to command name 'findElement'
[debug] &amp#27;[35m[WD Proxy]&amp#27;[39m Proxying [POST /element] to [POST http://127.0.0.1:10000/wd/hub/session/4d27662a-40ad-44a7-ae29-6f7bd3c4184c/element] with body: {"strategy":"accessibility id","selector":"test-LOGIN","context":"","multiple":false}
[debug] &amp#27;[35m[WD Proxy]&amp#27;[39m Got response with status 200: {"sessionId":"4d27662a-40ad-44a7-ae29-6f7bd3c4184c","value":{"ELEMENT":"9d22246d-5fe1-41db-8fff-8415a54419ce","element-6066-11e4-a52e-4f735466cecf":"9d22246d-5fe1-41db-8fff-8415a54419ce"}}
[debug] &amp#27;[35m[W3C (3e31c346)]&amp#27;[39m Responding to client with driver.findElement() result: {"element-6066-11e4-a52e-4f735466cecf":"9d22246d-5fe1-41db-8fff-8415a54419ce","ELEMENT":"9d22246d-5fe1-41db-8fff-8415a54419ce"}
&amp#27;[35m[HTTP]&amp#27;[39m &amp#27;[37m<-- POST /wd/hub/session/3e31c346-da08-4d99-a528-afea8ff633f9/element &amp#27;[39m&amp#27;[32m200&amp#27;[39m &amp#27;[90m475 ms - 137&amp#27;[39m
&amp#27;[35m[HTTP]&amp#27;[39m &amp#27;[90m&amp#27;[39m
&amp#27;[35m[HTTP]&amp#27;[39m &amp#27;[37m-->&amp#27;[39m &amp#27;[37mGET&amp#27;[39m &amp#27;[37m/wd/hub/session/3e31c346-da08-4d99-a528-afea8ff633f9/element/9d22246d-5fe1-41db-8fff-8415a54419ce/displayed&amp#27;[39m
&amp#27;[35m[HTTP]&amp#27;[39m &amp#27;[90m{}&amp#27;[39m
[debug] &amp#27;[35m[W3C (3e31c346)]&amp#27;[39m Calling AppiumDriver.elementDisplayed() with args: ["9d22246d-5fe1-41db-8fff-8415a54419ce","3e31c346-da08-4d99-a528-afea8ff633f9"]
[debug] &amp#27;[35m[WD Proxy]&amp#27;[39m Matched '/element/9d22246d-5fe1-41db-8fff-8415a54419ce/attribute/displayed' to command name 'getAttribute'
[debug] &amp#27;[35m[WD Proxy]&amp#27;[39m Proxying [GET /element/9d22246d-5fe1-41db-8fff-8415a54419ce/attribute/displayed] to [GET http://127.0.0.1:10000/wd/hub/session/4d27662a-40ad-44a7-ae29-6f7bd3c4184c/element/9d22246d-5fe1-41db-8fff-8415a54419ce/attribute/displayed] with no body
[debug] &amp#27;[35m[WD Proxy]&amp#27;[39m Got response with status 200: {"sessionId":"4d27662a-40ad-44a7-ae29-6f7bd3c4184c","value":"true"}
[debug] &amp#27;[35m[W3C (3e31c346)]&amp#27;[39m Responding to client with driver.elementDisplayed() result: true
&amp#27;[35m[HTTP]&amp#27;[39m &amp#27;[37m<-- GET /wd/hub/session/3e31c346-da08-4d99-a528-afea8ff633f9/element/9d22246d-5fe1-41db-8fff-8415a54419ce/displayed &amp#27;[39m&amp#27;[32m200&amp#27;[39m &amp#27;[90m28 ms - 14&amp#27;[39m
&amp#27;[35m[HTTP]&amp#27;[39m &amp#27;[90m&amp#27;[39m
[INFO ] 2021-08-02 23:35:40.696 BasePage:54 - press login button
&amp#27;[35m[HTTP]&amp#27;[39m &amp#27;[37m-->&amp#27;[39m &amp#27;[37mGET&amp#27;[39m &amp#27;[37m/wd/hub/session/3e31c346-da08-4d99-a528-afea8ff633f9/context&amp#27;[39m
&amp#27;[35m[HTTP]&amp#27;[39m &amp#27;[90m{}&amp#27;[39m
[debug] &amp#27;[35m[W3C (3e31c346)]&amp#27;[39m Calling AppiumDriver.getCurrentContext() with args: ["3e31c346-da08-4d99-a528-afea8ff633f9"]
[debug] &amp#27;[35m[W3C (3e31c346)]&amp#27;[39m Responding to client with driver.getCurrentContext() result: "NATIVE_APP"
&amp#27;[35m[HTTP]&amp#27;[39m &amp#27;[37m<-- GET /wd/hub/session/3e31c346-da08-4d99-a528-afea8ff633f9/context &amp#27;[39m&amp#27;[32m200&amp#27;[39m &amp#27;[90m3 ms - 22&amp#27;[39m
&amp#27;[35m[HTTP]&amp#27;[39m &amp#27;[90m&amp#27;[39m
&amp#27;[35m[HTTP]&amp#27;[39m &amp#27;[37m-->&amp#27;[39m &amp#27;[37mPOST&amp#27;[39m &amp#27;[37m/wd/hub/session/3e31c346-da08-4d99-a528-afea8ff633f9/element&amp#27;[39m
&amp#27;[35m[HTTP]&amp#27;[39m &amp#27;[90m{"using":"accessibility id","value":"test-LOGIN"}&amp#27;[39m
[debug] &amp#27;[35m[W3C (3e31c346)]&amp#27;[39m Calling AppiumDriver.findElement() with args: ["accessibility id","test-LOGIN","3e31c346-da08-4d99-a528-afea8ff633f9"]
[debug] &amp#27;[35m[BaseDriver]&amp#27;[39m Valid locator strategies for this request: xpath, id, class name, accessibility id, css selector, -android uiautomator
[debug] &amp#27;[35m[BaseDriver]&amp#27;[39m Waiting up to 0 ms for condition
[debug] &amp#27;[35m[WD Proxy]&amp#27;[39m Matched '/element' to command name 'findElement'
[debug] &amp#27;[35m[WD Proxy]&amp#27;[39m Proxying [POST /element] to [POST http://127.0.0.1:10000/wd/hub/session/4d27662a-40ad-44a7-ae29-6f7bd3c4184c/element] with body: {"strategy":"accessibility id","selector":"test-LOGIN","context":"","multiple":false}
[debug] &amp#27;[35m[WD Proxy]&amp#27;[39m Got response with status 200: {"sessionId":"4d27662a-40ad-44a7-ae29-6f7bd3c4184c","value":{"ELEMENT":"544bfeba-6964-4aaa-be34-81ff85f736f3","element-6066-11e4-a52e-4f735466cecf":"544bfeba-6964-4aaa-be34-81ff85f736f3"}}
[debug] &amp#27;[35m[W3C (3e31c346)]&amp#27;[39m Responding to client with driver.findElement() result: {"element-6066-11e4-a52e-4f735466cecf":"544bfeba-6964-4aaa-be34-81ff85f736f3","ELEMENT":"544bfeba-6964-4aaa-be34-81ff85f736f3"}
&amp#27;[35m[HTTP]&amp#27;[39m &amp#27;[37m<-- POST /wd/hub/session/3e31c346-da08-4d99-a528-afea8ff633f9/element &amp#27;[39m&amp#27;[32m200&amp#27;[39m &amp#27;[90m56 ms - 137&amp#27;[39m
&amp#27;[35m[HTTP]&amp#27;[39m &amp#27;[90m&amp#27;[39m
&amp#27;[35m[HTTP]&amp#27;[39m &amp#27;[37m-->&amp#27;[39m &amp#27;[37mPOST&amp#27;[39m &amp#27;[37m/wd/hub/session/3e31c346-da08-4d99-a528-afea8ff633f9/element/544bfeba-6964-4aaa-be34-81ff85f736f3/click&amp#27;[39m
&amp#27;[35m[HTTP]&amp#27;[39m &amp#27;[90m{"id":"544bfeba-6964-4aaa-be34-81ff85f736f3"}&amp#27;[39m
[debug] &amp#27;[35m[W3C (3e31c346)]&amp#27;[39m Calling AppiumDriver.click() with args: ["544bfeba-6964-4aaa-be34-81ff85f736f3","3e31c346-da08-4d99-a528-afea8ff633f9"]
[debug] &amp#27;[35m[WD Proxy]&amp#27;[39m Matched '/element/544bfeba-6964-4aaa-be34-81ff85f736f3/click' to command name 'click'
[debug] &amp#27;[35m[WD Proxy]&amp#27;[39m Proxying [POST /element/544bfeba-6964-4aaa-be34-81ff85f736f3/click] to [POST http://127.0.0.1:10000/wd/hub/session/4d27662a-40ad-44a7-ae29-6f7bd3c4184c/element/544bfeba-6964-4aaa-be34-81ff85f736f3/click] with body: {"element":"544bfeba-6964-4aaa-be34-81ff85f736f3"}
[debug] &amp#27;[35m[WD Proxy]&amp#27;[39m Got response with status 200: {"sessionId":"4d27662a-40ad-44a7-ae29-6f7bd3c4184c","value":null}
[debug] &amp#27;[35m[W3C (3e31c346)]&amp#27;[39m Responding to client with driver.click() result: null
&amp#27;[35m[HTTP]&amp#27;[39m &amp#27;[37m<-- POST /wd/hub/session/3e31c346-da08-4d99-a528-afea8ff633f9/element/544bfeba-6964-4aaa-be34-81ff85f736f3/click &amp#27;[39m&amp#27;[32m200&amp#27;[39m &amp#27;[90m107 ms - 14&amp#27;[39m
&amp#27;[35m[HTTP]&amp#27;[39m &amp#27;[90m&amp#27;[39m
  And I login                                                                                         # com.qa.stepdef.LoginStepDef.iLogin()
&amp#27;[35m[HTTP]&amp#27;[39m &amp#27;[37m-->&amp#27;[39m &amp#27;[37mGET&amp#27;[39m &amp#27;[37m/wd/hub/session/3e31c346-da08-4d99-a528-afea8ff633f9/context&amp#27;[39m
&amp#27;[35m[HTTP]&amp#27;[39m &amp#27;[90m{}&amp#27;[39m
[debug] &amp#27;[35m[W3C (3e31c346)]&amp#27;[39m Calling AppiumDriver.getCurrentContext() with args: ["3e31c346-da08-4d99-a528-afea8ff633f9"]
[debug] &amp#27;[35m[W3C (3e31c346)]&amp#27;[39m Responding to client with driver.getCurrentContext() result: "NATIVE_APP"
&amp#27;[35m[HTTP]&amp#27;[39m &amp#27;[37m<-- GET /wd/hub/session/3e31c346-da08-4d99-a528-afea8ff633f9/context &amp#27;[39m&amp#27;[32m200&amp#27;[39m &amp#27;[90m3 ms - 22&amp#27;[39m
&amp#27;[35m[HTTP]&amp#27;[39m &amp#27;[90m&amp#27;[39m
&amp#27;[35m[HTTP]&amp#27;[39m &amp#27;[37m-->&amp#27;[39m &amp#27;[37mPOST&amp#27;[39m &amp#27;[37m/wd/hub/session/3e31c346-da08-4d99-a528-afea8ff633f9/element&amp#27;[39m
&amp#27;[35m[HTTP]&amp#27;[39m &amp#27;[90m{"using":"xpath","value":"//android.view.ViewGroup[@content-desc=\"test-Error message\"]/android.widget.TextView"}&amp#27;[39m
[debug] &amp#27;[35m[W3C (3e31c346)]&amp#27;[39m Calling AppiumDriver.findElement() with args: ["xpath","//android.view.ViewGroup[@content-desc=\"test-Error message\"]/android.widget.TextView","3e31c346-da08-4d99-a528-afea8ff633f9"]
[debug] &amp#27;[35m[BaseDriver]&amp#27;[39m Valid locator strategies for this request: xpath, id, class name, accessibility id, css selector, -android uiautomator
[debug] &amp#27;[35m[BaseDriver]&amp#27;[39m Waiting up to 0 ms for condition
[debug] &amp#27;[35m[WD Proxy]&amp#27;[39m Matched '/element' to command name 'findElement'
[debug] &amp#27;[35m[WD Proxy]&amp#27;[39m Proxying [POST /element] to [POST http://127.0.0.1:10000/wd/hub/session/4d27662a-40ad-44a7-ae29-6f7bd3c4184c/element] with body: {"strategy":"xpath","selector":"//android.view.ViewGroup[@content-desc=\"test-Error message\"]/android.widget.TextView","context":"","multiple":false}
[debug] &amp#27;[35m[WD Proxy]&amp#27;[39m Got response with status 200: {"sessionId":"4d27662a-40ad-44a7-ae29-6f7bd3c4184c","value":{"ELEMENT":"74618bd4-a8cb-4733-8093-8a9dd310401c","element-6066-11e4-a52e-4f735466cecf":"74618bd4-a8cb-4733-8093-8a9dd310401c"}}
[debug] &amp#27;[35m[W3C (3e31c346)]&amp#27;[39m Responding to client with driver.findElement() result: {"element-6066-11e4-a52e-4f735466cecf":"74618bd4-a8cb-4733-8093-8a9dd310401c","ELEMENT":"74618bd4-a8cb-4733-8093-8a9dd310401c"}
&amp#27;[35m[HTTP]&amp#27;[39m &amp#27;[37m<-- POST /wd/hub/session/3e31c346-da08-4d99-a528-afea8ff633f9/element &amp#27;[39m&amp#27;[32m200&amp#27;[39m &amp#27;[90m904 ms - 137&amp#27;[39m
&amp#27;[35m[HTTP]&amp#27;[39m &amp#27;[90m&amp#27;[39m
&amp#27;[35m[HTTP]&amp#27;[39m &amp#27;[37m-->&amp#27;[39m &amp#27;[37mGET&amp#27;[39m &amp#27;[37m/wd/hub/session/3e31c346-da08-4d99-a528-afea8ff633f9/element/74618bd4-a8cb-4733-8093-8a9dd310401c/displayed&amp#27;[39m
&amp#27;[35m[HTTP]&amp#27;[39m &amp#27;[90m{}&amp#27;[39m
[debug] &amp#27;[35m[W3C (3e31c346)]&amp#27;[39m Calling AppiumDriver.elementDisplayed() with args: ["74618bd4-a8cb-4733-8093-8a9dd310401c","3e31c346-da08-4d99-a528-afea8ff633f9"]
[debug] &amp#27;[35m[WD Proxy]&amp#27;[39m Matched '/element/74618bd4-a8cb-4733-8093-8a9dd310401c/attribute/displayed' to command name 'getAttribute'
[debug] &amp#27;[35m[WD Proxy]&amp#27;[39m Proxying [GET /element/74618bd4-a8cb-4733-8093-8a9dd310401c/attribute/displayed] to [GET http://127.0.0.1:10000/wd/hub/session/4d27662a-40ad-44a7-ae29-6f7bd3c4184c/element/74618bd4-a8cb-4733-8093-8a9dd310401c/attribute/displayed] with no body
[debug] &amp#27;[35m[WD Proxy]&amp#27;[39m Got response with status 200: {"sessionId":"4d27662a-40ad-44a7-ae29-6f7bd3c4184c","value":"true"}
[debug] &amp#27;[35m[W3C (3e31c346)]&amp#27;[39m Responding to client with driver.elementDisplayed() result: true
&amp#27;[35m[HTTP]&amp#27;[39m &amp#27;[37m<-- GET /wd/hub/session/3e31c346-da08-4d99-a528-afea8ff633f9/element/74618bd4-a8cb-4733-8093-8a9dd310401c/displayed &amp#27;[39m&amp#27;[32m200&amp#27;[39m &amp#27;[90m46 ms - 14&amp#27;[39m
&amp#27;[35m[HTTP]&amp#27;[39m &amp#27;[90m&amp#27;[39m
&amp#27;[35m[HTTP]&amp#27;[39m &amp#27;[37m-->&amp#27;[39m &amp#27;[37mGET&amp#27;[39m &amp#27;[37m/wd/hub/session/3e31c346-da08-4d99-a528-afea8ff633f9/context&amp#27;[39m
&amp#27;[35m[HTTP]&amp#27;[39m &amp#27;[90m{}&amp#27;[39m
[debug] &amp#27;[35m[W3C (3e31c346)]&amp#27;[39m Calling AppiumDriver.getCurrentContext() with args: ["3e31c346-da08-4d99-a528-afea8ff633f9"]
[debug] &amp#27;[35m[W3C (3e31c346)]&amp#27;[39m Responding to client with driver.getCurrentContext() result: "NATIVE_APP"
&amp#27;[35m[HTTP]&amp#27;[39m &amp#27;[37m<-- GET /wd/hub/session/3e31c346-da08-4d99-a528-afea8ff633f9/context &amp#27;[39m&amp#27;[32m200&amp#27;[39m &amp#27;[90m4 ms - 22&amp#27;[39m
&amp#27;[35m[HTTP]&amp#27;[39m &amp#27;[90m&amp#27;[39m
&amp#27;[35m[HTTP]&amp#27;[39m &amp#27;[37m-->&amp#27;[39m &amp#27;[37mPOST&amp#27;[39m &amp#27;[37m/wd/hub/session/3e31c346-da08-4d99-a528-afea8ff633f9/element&amp#27;[39m
&amp#27;[35m[HTTP]&amp#27;[39m &amp#27;[90m{"using":"xpath","value":"//android.view.ViewGroup[@content-desc=\"test-Error message\"]/android.widget.TextView"}&amp#27;[39m
[debug] &amp#27;[35m[W3C (3e31c346)]&amp#27;[39m Calling AppiumDriver.findElement() with args: ["xpath","//android.view.ViewGroup[@content-desc=\"test-Error message\"]/android.widget.TextView","3e31c346-da08-4d99-a528-afea8ff633f9"]
[debug] &amp#27;[35m[BaseDriver]&amp#27;[39m Valid locator strategies for this request: xpath, id, class name, accessibility id, css selector, -android uiautomator
[debug] &amp#27;[35m[BaseDriver]&amp#27;[39m Waiting up to 0 ms for condition
[debug] &amp#27;[35m[WD Proxy]&amp#27;[39m Matched '/element' to command name 'findElement'
[debug] &amp#27;[35m[WD Proxy]&amp#27;[39m Proxying [POST /element] to [POST http://127.0.0.1:10000/wd/hub/session/4d27662a-40ad-44a7-ae29-6f7bd3c4184c/element] with body: {"strategy":"xpath","selector":"//android.view.ViewGroup[@content-desc=\"test-Error message\"]/android.widget.TextView","context":"","multiple":false}
[debug] &amp#27;[35m[WD Proxy]&amp#27;[39m Got response with status 200: {"sessionId":"4d27662a-40ad-44a7-ae29-6f7bd3c4184c","value":{"ELEMENT":"366c0f59-cf35-425b-96d0-a998172b9f1a","element-6066-11e4-a52e-4f735466cecf":"366c0f59-cf35-425b-96d0-a998172b9f1a"}}
[debug] &amp#27;[35m[W3C (3e31c346)]&amp#27;[39m Responding to client with driver.findElement() result: {"element-6066-11e4-a52e-4f735466cecf":"366c0f59-cf35-425b-96d0-a998172b9f1a","ELEMENT":"366c0f59-cf35-425b-96d0-a998172b9f1a"}
&amp#27;[35m[HTTP]&amp#27;[39m &amp#27;[37m<-- POST /wd/hub/session/3e31c346-da08-4d99-a528-afea8ff633f9/element &amp#27;[39m&amp#27;[32m200&amp#27;[39m &amp#27;[90m130 ms - 137&amp#27;[39m
&amp#27;[35m[HTTP]&amp#27;[39m &amp#27;[90m&amp#27;[39m
&amp#27;[35m[HTTP]&amp#27;[39m &amp#27;[37m-->&amp#27;[39m &amp#27;[37mGET&amp#27;[39m &amp#27;[37m/wd/hub/session/3e31c346-da08-4d99-a528-afea8ff633f9/element/366c0f59-cf35-425b-96d0-a998172b9f1a/attribute/text&amp#27;[39m
&amp#27;[35m[HTTP]&amp#27;[39m &amp#27;[90m{}&amp#27;[39m
[debug] &amp#27;[35m[W3C (3e31c346)]&amp#27;[39m Calling AppiumDriver.getAttribute() with args: ["text","366c0f59-cf35-425b-96d0-a998172b9f1a","3e31c346-da08-4d99-a528-afea8ff633f9"]
[debug] &amp#27;[35m[WD Proxy]&amp#27;[39m Matched '/element/366c0f59-cf35-425b-96d0-a998172b9f1a/attribute/text' to command name 'getAttribute'
[debug] &amp#27;[35m[WD Proxy]&amp#27;[39m Proxying [GET /element/366c0f59-cf35-425b-96d0-a998172b9f1a/attribute/text] to [GET http://127.0.0.1:10000/wd/hub/session/4d27662a-40ad-44a7-ae29-6f7bd3c4184c/element/366c0f59-cf35-425b-96d0-a998172b9f1a/attribute/text] with no body
[debug] &amp#27;[35m[WD Proxy]&amp#27;[39m Got response with status 200: {"sessionId":"4d27662a-40ad-44a7-ae29-6f7bd3c4184c","value":"Username and password do not match any user in this service."}
[debug] &amp#27;[35m[W3C (3e31c346)]&amp#27;[39m Responding to client with driver.getAttribute() result: "Username and password do not match any user in this service."
&amp#27;[35m[HTTP]&amp#27;[39m &amp#27;[37m<-- GET /wd/hub/session/3e31c346-da08-4d99-a528-afea8ff633f9/element/366c0f59-cf35-425b-96d0-a998172b9f1a/attribute/text &amp#27;[39m&amp#27;[32m200&amp#27;[39m &amp#27;[90m30 ms - 72&amp#27;[39m
&amp#27;[35m[HTTP]&amp#27;[39m &amp#27;[90m&amp#27;[39m
[INFO ] 2021-08-02 23:35:42.153 BasePage:94 - error text is - Username and password do not match any user in this service.
  Then login should fail with an error "Username and password do not match any user in this service." # com.qa.stepdef.LoginStepDef.loginShouldFailWithAnError(java.lang.String)
&amp#27;[35m[HTTP]&amp#27;[39m &amp#27;[37m-->&amp#27;[39m &amp#27;[37mPOST&amp#27;[39m &amp#27;[37m/wd/hub/session/3e31c346-da08-4d99-a528-afea8ff633f9/appium/stop_recording_screen&amp#27;[39m
&amp#27;[35m[HTTP]&amp#27;[39m &amp#27;[90m{}&amp#27;[39m
[debug] &amp#27;[35m[W3C (3e31c346)]&amp#27;[39m Calling AppiumDriver.stopRecordingScreen() with args: [null,"3e31c346-da08-4d99-a528-afea8ff633f9"]
[debug] &amp#27;[35m[ADB]&amp#27;[39m Getting IDs of all 'screenrecord' processes
[debug] &amp#27;[35m[ADB]&amp#27;[39m Running 'C:\Users\Admin\AppData\Local\Android\Sdk\platform-tools\adb.exe -P 5037 -s emulator-5554 shell pgrep -f \(\[\[:blank:\]\]\|\^\)screenrecord\(\[\[:blank:\]\]\|\$\)'
[debug] &amp#27;[35m[ADB]&amp#27;[39m Running 'C:\Users\Admin\AppData\Local\Android\Sdk\platform-tools\adb.exe -P 5037 -s emulator-5554 shell kill -2 23648'
[debug] &amp#27;[35m[ADB]&amp#27;[39m Getting IDs of all 'screenrecord' processes
[debug] &amp#27;[35m[ADB]&amp#27;[39m Running 'C:\Users\Admin\AppData\Local\Android\Sdk\platform-tools\adb.exe -P 5037 -s emulator-5554 shell pgrep -f \(\[\[:blank:\]\]\|\^\)screenrecord\(\[\[:blank:\]\]\|\$\)'
[debug] &amp#27;[35m[ADB]&amp#27;[39m Getting IDs of all 'screenrecord' processes
[debug] &amp#27;[35m[ADB]&amp#27;[39m Running 'C:\Users\Admin\AppData\Local\Android\Sdk\platform-tools\adb.exe -P 5037 -s emulator-5554 shell pgrep -f \(\[\[:blank:\]\]\|\^\)screenrecord\(\[\[:blank:\]\]\|\$\)'
[debug] &amp#27;[35m[ADB]&amp#27;[39m Running 'C:\Users\Admin\AppData\Local\Android\Sdk\platform-tools\adb.exe -P 5037 -s emulator-5554 pull /sdcard/74a471d9.mp4 C:\Users\Admin\AppData\Local\Temp\202172-13204-tbc17r.3x3q9\74a471d9.mp4'
[debug] &amp#27;[35m[ADB]&amp#27;[39m Running 'C:\Users\Admin\AppData\Local\Android\Sdk\platform-tools\adb.exe -P 5037 -s emulator-5554 shell rm -rf /sdcard/74a471d9.mp4'
[debug] &amp#27;[35m[AndroidDriver]&amp#27;[39m The size of the resulting screen recording is 304.70 KB
[debug] &amp#27;[35m[W3C (3e31c346)]&amp#27;[39m Responding to client with driver.stopRecordingScreen() result: "AAAAGGZ0eXBtcDQyAAAAAGlzb21tcDQyAAAF321vb3YAAABsbXZoZAAAAADdLeR23S3kdgAAJxAAAOiDAAEAAAEAAAAAAAAAAAAAAAABAAAAAAAAAAAAAAAAAAAAAQAAAAAAAAAAAAAAAAAAQAAAAAAAAAAAAAAAAAAAAAAAAAAAAAAAAAAAAAAAAAMAAAB2bWV0YQAAACFoZGxyAAAAAAAAAABtZHRhAAAAAAAAAAAAAAAAAAAAACtrZXlzAAAAAAAAAAEAAAAbbWR0YWNvbS5hbmRyb2lkLnZlcnNpb24AAAAiaWxzdAAAABoAAAABAAAAEmRhdGEAAAABAAAAADExAAADT3RyYWsAAABcdGtoZAAAAAfdLeR23S3kdgAAAAEAAAAAAADogwAAAAAAAAAAAAAAAAAAAAAAAQAAAAAAAAAAAAAAAAAAAAEAAAAAAAAAAAAAAAAAAEAAAAAEOAAACSQAAAAAAuttZGlhAAAAIG1kaGQAAAAA3S3kdt0t5HYAAV+QAAgsnwAAAAAAAAAsaGRscgAAAAAAAAAAdmlkZQAAAAAAAAAAAAAAAFZpZGVvSGFuZGxlAAAAApdtaW5mAAAAFHZtaGQAAAABAAAAAAAAAAAAAAAkZGluZgAAABxkcmVmAAAAAAAAAAEAAAAMdXJsIAAAAAEAAAJXc3RibAAAALdzdHNkAAAAAAAAAAEAAACnYXZjMQAAAAAAAAABAAAAAAAAAAAAAAAAAAAAAAQ4CSQASAAAAEgAAAAAAAAAAQAgICAgICAgICAgICAgICAgICAgICAgICAgICAgICAgABj//wAAAC5hdmNDAULAMv/hABVnQsAyjWgEQBJ+WeQgAAADAPCIRqABAAZozgGoNcgAAAAQcGFzcAABAAAAAQAAAAAAE2NvbHJuY2x4AAEAAQABAAAAAKhzdHRzAAAAAAAAABMAAAABAAD3UwAAAAEAABNcAAAAAQAANcAAAAABAAAnlAAAAAEAAO4PAAAAAQAAd3wAAAAB...
&amp#27;[35m[HTTP]&amp#27;[39m &amp#27;[37m<-- POST /wd/hub/session/3e31c346-da08-4d99-a528-afea8ff633f9/appium/stop_recording_screen &amp#27;[39m&amp#27;[32m200&amp#27;[39m &amp#27;[90m1139 ms - 416036&amp#27;[39m
&amp#27;[35m[HTTP]&amp#27;[39m &amp#27;[90m&amp#27;[39m
[INFO ] 2021-08-02 23:35:43.469 VideoManager:35 - video path: Android_pixel_4a_API_30\Videos\Login with invalid user name.mp4
]]></system-out>
    <system-err><![CDATA[Aug 02, 2021 11:35:33 PM io.appium.java_client.remote.AppiumCommandExecutor$1 lambda$0
INFO: Detected dialect: W3C
]]></system-err>
  </testcase>
  <testcase name="scenario[&quot;Login with invalid password&quot;, &quot;Login scenarios&quot;](2)" classname="com.qa.runners.MyTestNGRunnerTest" time="6.08">
    <system-out><![CDATA[
@test
Scenario Outline: Login with invalid password                                                         # src/test/resources/Login.feature:20
&amp#27;[35m[HTTP]&amp#27;[39m &amp#27;[37m-->&amp#27;[39m &amp#27;[37mPOST&amp#27;[39m &amp#27;[37m/wd/hub/session/3e31c346-da08-4d99-a528-afea8ff633f9/appium/start_recording_screen&amp#27;[39m
&amp#27;[35m[HTTP]&amp#27;[39m &amp#27;[90m{}&amp#27;[39m
[debug] &amp#27;[35m[W3C (3e31c346)]&amp#27;[39m Calling AppiumDriver.startRecordingScreen() with args: [null,"3e31c346-da08-4d99-a528-afea8ff633f9"]
[debug] &amp#27;[35m[ADB]&amp#27;[39m Getting IDs of all 'screenrecord' processes
[debug] &amp#27;[35m[ADB]&amp#27;[39m Running 'C:\Users\Admin\AppData\Local\Android\Sdk\platform-tools\adb.exe -P 5037 -s emulator-5554 shell pgrep -f \(\[\[:blank:\]\]\|\^\)screenrecord\(\[\[:blank:\]\]\|\$\)'
&amp#27;[35m[AndroidDriver]&amp#27;[39m Screen recording has not been previously started by Appium. There is nothing to stop
[debug] &amp#27;[35m[ADB]&amp#27;[39m Getting IDs of all 'screenrecord' processes
[debug] &amp#27;[35m[ADB]&amp#27;[39m Running 'C:\Users\Admin\AppData\Local\Android\Sdk\platform-tools\adb.exe -P 5037 -s emulator-5554 shell pgrep -f \(\[\[:blank:\]\]\|\^\)screenrecord\(\[\[:blank:\]\]\|\$\)'
[debug] &amp#27;[35m[ADB]&amp#27;[39m Building screenrecord process with the command line: adb -P 5037 -s emulator-5554 shell screenrecord --time-limit 180 /sdcard/c19b4124.mp4
[debug] &amp#27;[35m[ADB]&amp#27;[39m Running 'C:\Users\Admin\AppData\Local\Android\Sdk\platform-tools\adb.exe -P 5037 -s emulator-5554 shell "[ -e '/sdcard/c19b4124.mp4' ] && echo __PASS__"'
[debug] &amp#27;[35m[ADB]&amp#27;[39m Running 'C:\Users\Admin\AppData\Local\Android\Sdk\platform-tools\adb.exe -P 5037 -s emulator-5554 shell "[ -e '/sdcard/c19b4124.mp4' ] && echo __PASS__"'
[debug] &amp#27;[35m[W3C (3e31c346)]&amp#27;[39m Responding to client with driver.startRecordingScreen() result: ""
&amp#27;[35m[HTTP]&amp#27;[39m &amp#27;[37m<-- POST /wd/hub/session/3e31c346-da08-4d99-a528-afea8ff633f9/appium/start_recording_screen &amp#27;[39m&amp#27;[32m200&amp#27;[39m &amp#27;[90m697 ms - 12&amp#27;[39m
&amp#27;[35m[HTTP]&amp#27;[39m &amp#27;[90m&amp#27;[39m
&amp#27;[35m[HTTP]&amp#27;[39m &amp#27;[37m-->&amp#27;[39m &amp#27;[37mGET&amp#27;[39m &amp#27;[37m/wd/hub/session/3e31c346-da08-4d99-a528-afea8ff633f9/context&amp#27;[39m
&amp#27;[35m[HTTP]&amp#27;[39m &amp#27;[90m{}&amp#27;[39m
[debug] &amp#27;[35m[W3C (3e31c346)]&amp#27;[39m Calling AppiumDriver.getCurrentContext() with args: ["3e31c346-da08-4d99-a528-afea8ff633f9"]
[debug] &amp#27;[35m[W3C (3e31c346)]&amp#27;[39m Responding to client with driver.getCurrentContext() result: "NATIVE_APP"
&amp#27;[35m[HTTP]&amp#27;[39m &amp#27;[37m<-- GET /wd/hub/session/3e31c346-da08-4d99-a528-afea8ff633f9/context &amp#27;[39m&amp#27;[32m200&amp#27;[39m &amp#27;[90m2 ms - 22&amp#27;[39m
&amp#27;[35m[HTTP]&amp#27;[39m &amp#27;[90m&amp#27;[39m
&amp#27;[35m[HTTP]&amp#27;[39m &amp#27;[37m-->&amp#27;[39m &amp#27;[37mPOST&amp#27;[39m &amp#27;[37m/wd/hub/session/3e31c346-da08-4d99-a528-afea8ff633f9/element&amp#27;[39m
&amp#27;[35m[HTTP]&amp#27;[39m &amp#27;[90m{"using":"accessibility id","value":"test-Username"}&amp#27;[39m
[debug] &amp#27;[35m[W3C (3e31c346)]&amp#27;[39m Calling AppiumDriver.findElement() with args: ["accessibility id","test-Username","3e31c346-da08-4d99-a528-afea8ff633f9"]
[debug] &amp#27;[35m[BaseDriver]&amp#27;[39m Valid locator strategies for this request: xpath, id, class name, accessibility id, css selector, -android uiautomator
[debug] &amp#27;[35m[BaseDriver]&amp#27;[39m Waiting up to 0 ms for condition
[debug] &amp#27;[35m[WD Proxy]&amp#27;[39m Matched '/element' to command name 'findElement'
[debug] &amp#27;[35m[WD Proxy]&amp#27;[39m Proxying [POST /element] to [POST http://127.0.0.1:10000/wd/hub/session/4d27662a-40ad-44a7-ae29-6f7bd3c4184c/element] with body: {"strategy":"accessibility id","selector":"test-Username","context":"","multiple":false}
[debug] &amp#27;[35m[WD Proxy]&amp#27;[39m Got response with status 200: {"sessionId":"4d27662a-40ad-44a7-ae29-6f7bd3c4184c","value":{"ELEMENT":"056787ed-1372-4d82-b2db-358cd1b54930","element-6066-11e4-a52e-4f735466cecf":"056787ed-1372-4d82-b2db-358cd1b54930"}}
[debug] &amp#27;[35m[W3C (3e31c346)]&amp#27;[39m Responding to client with driver.findElement() result: {"element-6066-11e4-a52e-4f735466cecf":"056787ed-1372-4d82-b2db-358cd1b54930","ELEMENT":"056787ed-1372-4d82-b2db-358cd1b54930"}
&amp#27;[35m[HTTP]&amp#27;[39m &amp#27;[37m<-- POST /wd/hub/session/3e31c346-da08-4d99-a528-afea8ff633f9/element &amp#27;[39m&amp#27;[32m200&amp#27;[39m &amp#27;[90m47 ms - 137&amp#27;[39m
&amp#27;[35m[HTTP]&amp#27;[39m &amp#27;[90m&amp#27;[39m
&amp#27;[35m[HTTP]&amp#27;[39m &amp#27;[37m-->&amp#27;[39m &amp#27;[37mGET&amp#27;[39m &amp#27;[37m/wd/hub/session/3e31c346-da08-4d99-a528-afea8ff633f9/element/056787ed-1372-4d82-b2db-358cd1b54930/displayed&amp#27;[39m
&amp#27;[35m[HTTP]&amp#27;[39m &amp#27;[90m{}&amp#27;[39m
[debug] &amp#27;[35m[W3C (3e31c346)]&amp#27;[39m Calling AppiumDriver.elementDisplayed() with args: ["056787ed-1372-4d82-b2db-358cd1b54930","3e31c346-da08-4d99-a528-afea8ff633f9"]
[debug] &amp#27;[35m[WD Proxy]&amp#27;[39m Matched '/element/056787ed-1372-4d82-b2db-358cd1b54930/attribute/displayed' to command name 'getAttribute'
[debug] &amp#27;[35m[WD Proxy]&amp#27;[39m Proxying [GET /element/056787ed-1372-4d82-b2db-358cd1b54930/attribute/displayed] to [GET http://127.0.0.1:10000/wd/hub/session/4d27662a-40ad-44a7-ae29-6f7bd3c4184c/element/056787ed-1372-4d82-b2db-358cd1b54930/attribute/displayed] with no body
[debug] &amp#27;[35m[WD Proxy]&amp#27;[39m Got response with status 200: {"sessionId":"4d27662a-40ad-44a7-ae29-6f7bd3c4184c","value":"true"}
[debug] &amp#27;[35m[W3C (3e31c346)]&amp#27;[39m Responding to client with driver.elementDisplayed() result: true
&amp#27;[35m[HTTP]&amp#27;[39m &amp#27;[37m<-- GET /wd/hub/session/3e31c346-da08-4d99-a528-afea8ff633f9/element/056787ed-1372-4d82-b2db-358cd1b54930/displayed &amp#27;[39m&amp#27;[32m200&amp#27;[39m &amp#27;[90m30 ms - 14&amp#27;[39m
&amp#27;[35m[HTTP]&amp#27;[39m &amp#27;[90m&amp#27;[39m
&amp#27;[35m[HTTP]&amp#27;[39m &amp#27;[37m-->&amp#27;[39m &amp#27;[37mGET&amp#27;[39m &amp#27;[37m/wd/hub/session/3e31c346-da08-4d99-a528-afea8ff633f9/context&amp#27;[39m
&amp#27;[35m[HTTP]&amp#27;[39m &amp#27;[90m{}&amp#27;[39m
[debug] &amp#27;[35m[W3C (3e31c346)]&amp#27;[39m Calling AppiumDriver.getCurrentContext() with args: ["3e31c346-da08-4d99-a528-afea8ff633f9"]
[debug] &amp#27;[35m[W3C (3e31c346)]&amp#27;[39m Responding to client with driver.getCurrentContext() result: "NATIVE_APP"
&amp#27;[35m[HTTP]&amp#27;[39m &amp#27;[37m<-- GET /wd/hub/session/3e31c346-da08-4d99-a528-afea8ff633f9/context &amp#27;[39m&amp#27;[32m200&amp#27;[39m &amp#27;[90m4 ms - 22&amp#27;[39m
&amp#27;[35m[HTTP]&amp#27;[39m &amp#27;[90m&amp#27;[39m
&amp#27;[35m[HTTP]&amp#27;[39m &amp#27;[37m-->&amp#27;[39m &amp#27;[37mPOST&amp#27;[39m &amp#27;[37m/wd/hub/session/3e31c346-da08-4d99-a528-afea8ff633f9/element&amp#27;[39m
&amp#27;[35m[HTTP]&amp#27;[39m &amp#27;[90m{"using":"accessibility id","value":"test-Username"}&amp#27;[39m
[debug] &amp#27;[35m[W3C (3e31c346)]&amp#27;[39m Calling AppiumDriver.findElement() with args: ["accessibility id","test-Username","3e31c346-da08-4d99-a528-afea8ff633f9"]
[debug] &amp#27;[35m[BaseDriver]&amp#27;[39m Valid locator strategies for this request: xpath, id, class name, accessibility id, css selector, -android uiautomator
[debug] &amp#27;[35m[BaseDriver]&amp#27;[39m Waiting up to 0 ms for condition
[debug] &amp#27;[35m[WD Proxy]&amp#27;[39m Matched '/element' to command name 'findElement'
[debug] &amp#27;[35m[WD Proxy]&amp#27;[39m Proxying [POST /element] to [POST http://127.0.0.1:10000/wd/hub/session/4d27662a-40ad-44a7-ae29-6f7bd3c4184c/element] with body: {"strategy":"accessibility id","selector":"test-Username","context":"","multiple":false}
[debug] &amp#27;[35m[WD Proxy]&amp#27;[39m Got response with status 200: {"sessionId":"4d27662a-40ad-44a7-ae29-6f7bd3c4184c","value":{"ELEMENT":"83742647-d0bf-4da8-8d24-7e3e724c3490","element-6066-11e4-a52e-4f735466cecf":"83742647-d0bf-4da8-8d24-7e3e724c3490"}}
[debug] &amp#27;[35m[W3C (3e31c346)]&amp#27;[39m Responding to client with driver.findElement() result: {"element-6066-11e4-a52e-4f735466cecf":"83742647-d0bf-4da8-8d24-7e3e724c3490","ELEMENT":"83742647-d0bf-4da8-8d24-7e3e724c3490"}
&amp#27;[35m[HTTP]&amp#27;[39m &amp#27;[37m<-- POST /wd/hub/session/3e31c346-da08-4d99-a528-afea8ff633f9/element &amp#27;[39m&amp#27;[32m200&amp#27;[39m &amp#27;[90m42 ms - 137&amp#27;[39m
&amp#27;[35m[HTTP]&amp#27;[39m &amp#27;[90m&amp#27;[39m
&amp#27;[35m[HTTP]&amp#27;[39m &amp#27;[37m-->&amp#27;[39m &amp#27;[37mPOST&amp#27;[39m &amp#27;[37m/wd/hub/session/3e31c346-da08-4d99-a528-afea8ff633f9/element/83742647-d0bf-4da8-8d24-7e3e724c3490/clear&amp#27;[39m
&amp#27;[35m[HTTP]&amp#27;[39m &amp#27;[90m{"id":"83742647-d0bf-4da8-8d24-7e3e724c3490"}&amp#27;[39m
[debug] &amp#27;[35m[W3C (3e31c346)]&amp#27;[39m Calling AppiumDriver.clear() with args: ["83742647-d0bf-4da8-8d24-7e3e724c3490","3e31c346-da08-4d99-a528-afea8ff633f9"]
[debug] &amp#27;[35m[WD Proxy]&amp#27;[39m Matched '/element/83742647-d0bf-4da8-8d24-7e3e724c3490/clear' to command name 'clear'
[debug] &amp#27;[35m[WD Proxy]&amp#27;[39m Proxying [POST /element/83742647-d0bf-4da8-8d24-7e3e724c3490/clear] to [POST http://127.0.0.1:10000/wd/hub/session/4d27662a-40ad-44a7-ae29-6f7bd3c4184c/element/83742647-d0bf-4da8-8d24-7e3e724c3490/clear] with body: {"elementId":"83742647-d0bf-4da8-8d24-7e3e724c3490"}
[debug] &amp#27;[35m[WD Proxy]&amp#27;[39m Got response with status 200: {"sessionId":"4d27662a-40ad-44a7-ae29-6f7bd3c4184c","value":null}
[debug] &amp#27;[35m[W3C (3e31c346)]&amp#27;[39m Responding to client with driver.clear() result: null
&amp#27;[35m[HTTP]&amp#27;[39m &amp#27;[37m<-- POST /wd/hub/session/3e31c346-da08-4d99-a528-afea8ff633f9/element/83742647-d0bf-4da8-8d24-7e3e724c3490/clear &amp#27;[39m&amp#27;[32m200&amp#27;[39m &amp#27;[90m29 ms - 14&amp#27;[39m
&amp#27;[35m[HTTP]&amp#27;[39m &amp#27;[90m&amp#27;[39m
&amp#27;[35m[HTTP]&amp#27;[39m &amp#27;[37m-->&amp#27;[39m &amp#27;[37mGET&amp#27;[39m &amp#27;[37m/wd/hub/session/3e31c346-da08-4d99-a528-afea8ff633f9/context&amp#27;[39m
&amp#27;[35m[HTTP]&amp#27;[39m &amp#27;[90m{}&amp#27;[39m
[debug] &amp#27;[35m[W3C (3e31c346)]&amp#27;[39m Calling AppiumDriver.getCurrentContext() with args: ["3e31c346-da08-4d99-a528-afea8ff633f9"]
[debug] &amp#27;[35m[W3C (3e31c346)]&amp#27;[39m Responding to client with driver.getCurrentContext() result: "NATIVE_APP"
&amp#27;[35m[HTTP]&amp#27;[39m &amp#27;[37m<-- GET /wd/hub/session/3e31c346-da08-4d99-a528-afea8ff633f9/context &amp#27;[39m&amp#27;[32m200&amp#27;[39m &amp#27;[90m3 ms - 22&amp#27;[39m
&amp#27;[35m[HTTP]&amp#27;[39m &amp#27;[90m&amp#27;[39m
&amp#27;[35m[HTTP]&amp#27;[39m &amp#27;[37m-->&amp#27;[39m &amp#27;[37mPOST&amp#27;[39m &amp#27;[37m/wd/hub/session/3e31c346-da08-4d99-a528-afea8ff633f9/element&amp#27;[39m
&amp#27;[35m[HTTP]&amp#27;[39m &amp#27;[90m{"using":"accessibility id","value":"test-Username"}&amp#27;[39m
[debug] &amp#27;[35m[W3C (3e31c346)]&amp#27;[39m Calling AppiumDriver.findElement() with args: ["accessibility id","test-Username","3e31c346-da08-4d99-a528-afea8ff633f9"]
[debug] &amp#27;[35m[BaseDriver]&amp#27;[39m Valid locator strategies for this request: xpath, id, class name, accessibility id, css selector, -android uiautomator
[debug] &amp#27;[35m[BaseDriver]&amp#27;[39m Waiting up to 0 ms for condition
[debug] &amp#27;[35m[WD Proxy]&amp#27;[39m Matched '/element' to command name 'findElement'
[debug] &amp#27;[35m[WD Proxy]&amp#27;[39m Proxying [POST /element] to [POST http://127.0.0.1:10000/wd/hub/session/4d27662a-40ad-44a7-ae29-6f7bd3c4184c/element] with body: {"strategy":"accessibility id","selector":"test-Username","context":"","multiple":false}
[debug] &amp#27;[35m[WD Proxy]&amp#27;[39m Got response with status 200: {"sessionId":"4d27662a-40ad-44a7-ae29-6f7bd3c4184c","value":{"ELEMENT":"702f999d-b9b8-41e6-8df5-55a423e3b309","element-6066-11e4-a52e-4f735466cecf":"702f999d-b9b8-41e6-8df5-55a423e3b309"}}
[debug] &amp#27;[35m[W3C (3e31c346)]&amp#27;[39m Responding to client with driver.findElement() result: {"element-6066-11e4-a52e-4f735466cecf":"702f999d-b9b8-41e6-8df5-55a423e3b309","ELEMENT":"702f999d-b9b8-41e6-8df5-55a423e3b309"}
&amp#27;[35m[HTTP]&amp#27;[39m &amp#27;[37m<-- POST /wd/hub/session/3e31c346-da08-4d99-a528-afea8ff633f9/element &amp#27;[39m&amp#27;[32m200&amp#27;[39m &amp#27;[90m82 ms - 137&amp#27;[39m
&amp#27;[35m[HTTP]&amp#27;[39m &amp#27;[90m&amp#27;[39m
&amp#27;[35m[HTTP]&amp#27;[39m &amp#27;[37m-->&amp#27;[39m &amp#27;[37mGET&amp#27;[39m &amp#27;[37m/wd/hub/session/3e31c346-da08-4d99-a528-afea8ff633f9/element/702f999d-b9b8-41e6-8df5-55a423e3b309/displayed&amp#27;[39m
&amp#27;[35m[HTTP]&amp#27;[39m &amp#27;[90m{}&amp#27;[39m
[debug] &amp#27;[35m[W3C (3e31c346)]&amp#27;[39m Calling AppiumDriver.elementDisplayed() with args: ["702f999d-b9b8-41e6-8df5-55a423e3b309","3e31c346-da08-4d99-a528-afea8ff633f9"]
[debug] &amp#27;[35m[WD Proxy]&amp#27;[39m Matched '/element/702f999d-b9b8-41e6-8df5-55a423e3b309/attribute/displayed' to command name 'getAttribute'
[debug] &amp#27;[35m[WD Proxy]&amp#27;[39m Proxying [GET /element/702f999d-b9b8-41e6-8df5-55a423e3b309/attribute/displayed] to [GET http://127.0.0.1:10000/wd/hub/session/4d27662a-40ad-44a7-ae29-6f7bd3c4184c/element/702f999d-b9b8-41e6-8df5-55a423e3b309/attribute/displayed] with no body
[debug] &amp#27;[35m[WD Proxy]&amp#27;[39m Got response with status 200: {"sessionId":"4d27662a-40ad-44a7-ae29-6f7bd3c4184c","value":"true"}
[debug] &amp#27;[35m[W3C (3e31c346)]&amp#27;[39m Responding to client with driver.elementDisplayed() result: true
&amp#27;[35m[HTTP]&amp#27;[39m &amp#27;[37m<-- GET /wd/hub/session/3e31c346-da08-4d99-a528-afea8ff633f9/element/702f999d-b9b8-41e6-8df5-55a423e3b309/displayed &amp#27;[39m&amp#27;[32m200&amp#27;[39m &amp#27;[90m526 ms - 14&amp#27;[39m
&amp#27;[35m[HTTP]&amp#27;[39m &amp#27;[90m&amp#27;[39m
[INFO ] 2021-08-02 23:35:45.057 BasePage:71 - login with standard_user
&amp#27;[35m[HTTP]&amp#27;[39m &amp#27;[37m-->&amp#27;[39m &amp#27;[37mGET&amp#27;[39m &amp#27;[37m/wd/hub/session/3e31c346-da08-4d99-a528-afea8ff633f9/context&amp#27;[39m
&amp#27;[35m[HTTP]&amp#27;[39m &amp#27;[90m{}&amp#27;[39m
[debug] &amp#27;[35m[W3C (3e31c346)]&amp#27;[39m Calling AppiumDriver.getCurrentContext() with args: ["3e31c346-da08-4d99-a528-afea8ff633f9"]
[debug] &amp#27;[35m[W3C (3e31c346)]&amp#27;[39m Responding to client with driver.getCurrentContext() result: "NATIVE_APP"
&amp#27;[35m[HTTP]&amp#27;[39m &amp#27;[37m<-- GET /wd/hub/session/3e31c346-da08-4d99-a528-afea8ff633f9/context &amp#27;[39m&amp#27;[32m200&amp#27;[39m &amp#27;[90m2 ms - 22&amp#27;[39m
&amp#27;[35m[HTTP]&amp#27;[39m &amp#27;[90m&amp#27;[39m
&amp#27;[35m[HTTP]&amp#27;[39m &amp#27;[37m-->&amp#27;[39m &amp#27;[37mPOST&amp#27;[39m &amp#27;[37m/wd/hub/session/3e31c346-da08-4d99-a528-afea8ff633f9/element&amp#27;[39m
&amp#27;[35m[HTTP]&amp#27;[39m &amp#27;[90m{"using":"accessibility id","value":"test-Username"}&amp#27;[39m
[debug] &amp#27;[35m[W3C (3e31c346)]&amp#27;[39m Calling AppiumDriver.findElement() with args: ["accessibility id","test-Username","3e31c346-da08-4d99-a528-afea8ff633f9"]
[debug] &amp#27;[35m[BaseDriver]&amp#27;[39m Valid locator strategies for this request: xpath, id, class name, accessibility id, css selector, -android uiautomator
[debug] &amp#27;[35m[BaseDriver]&amp#27;[39m Waiting up to 0 ms for condition
[debug] &amp#27;[35m[WD Proxy]&amp#27;[39m Matched '/element' to command name 'findElement'
[debug] &amp#27;[35m[WD Proxy]&amp#27;[39m Proxying [POST /element] to [POST http://127.0.0.1:10000/wd/hub/session/4d27662a-40ad-44a7-ae29-6f7bd3c4184c/element] with body: {"strategy":"accessibility id","selector":"test-Username","context":"","multiple":false}
[debug] &amp#27;[35m[WD Proxy]&amp#27;[39m Got response with status 200: {"sessionId":"4d27662a-40ad-44a7-ae29-6f7bd3c4184c","value":{"ELEMENT":"f1c6444c-6a1f-4bb4-817c-a02f1d1eb3fd","element-6066-11e4-a52e-4f735466cecf":"f1c6444c-6a1f-4bb4-817c-a02f1d1eb3fd"}}
[debug] &amp#27;[35m[W3C (3e31c346)]&amp#27;[39m Responding to client with driver.findElement() result: {"element-6066-11e4-a52e-4f735466cecf":"f1c6444c-6a1f-4bb4-817c-a02f1d1eb3fd","ELEMENT":"f1c6444c-6a1f-4bb4-817c-a02f1d1eb3fd"}
&amp#27;[35m[HTTP]&amp#27;[39m &amp#27;[37m<-- POST /wd/hub/session/3e31c346-da08-4d99-a528-afea8ff633f9/element &amp#27;[39m&amp#27;[32m200&amp#27;[39m &amp#27;[90m45 ms - 137&amp#27;[39m
&amp#27;[35m[HTTP]&amp#27;[39m &amp#27;[90m&amp#27;[39m
&amp#27;[35m[HTTP]&amp#27;[39m &amp#27;[37m-->&amp#27;[39m &amp#27;[37mPOST&amp#27;[39m &amp#27;[37m/wd/hub/session/3e31c346-da08-4d99-a528-afea8ff633f9/element/f1c6444c-6a1f-4bb4-817c-a02f1d1eb3fd/value&amp#27;[39m
&amp#27;[35m[HTTP]&amp#27;[39m &amp#27;[90m{"id":"f1c6444c-6a1f-4bb4-817c-a02f1d1eb3fd","text":"standard_user","value":["s","t","a","n","d","a","r","d","_","u","s","e","r"]}&amp#27;[39m
[debug] &amp#27;[35m[W3C (3e31c346)]&amp#27;[39m Calling AppiumDriver.setValue() with args: [["s","t","a","n","d","a","r","d","_","u","s","e","r"],"f1c6444c-6a1f-4bb4-817c-a02f1d1eb3fd","3e31c346-da08-4d99-a528-afea8ff633f9"]
[debug] &amp#27;[35m[WD Proxy]&amp#27;[39m Matched '/element/f1c6444c-6a1f-4bb4-817c-a02f1d1eb3fd/value' to command name 'setValue'
[debug] &amp#27;[35m[Protocol Converter]&amp#27;[39m Added 'value' property ["s","t","a","n","d","a","r","d","_","u","s","e","r"] to 'setValue' request body
[debug] &amp#27;[35m[WD Proxy]&amp#27;[39m Proxying [POST /element/f1c6444c-6a1f-4bb4-817c-a02f1d1eb3fd/value] to [POST http://127.0.0.1:10000/wd/hub/session/4d27662a-40ad-44a7-ae29-6f7bd3c4184c/element/f1c6444c-6a1f-4bb4-817c-a02f1d1eb3fd/value] with body: {"elementId":"f1c6444c-6a1f-4bb4-817c-a02f1d1eb3fd","text":"standard_user","replace":false,"value":["s","t","a","n","d","a","r","d","_","u","s","e","r"]}
[debug] &amp#27;[35m[WD Proxy]&amp#27;[39m Got response with status 200: {"sessionId":"4d27662a-40ad-44a7-ae29-6f7bd3c4184c","value":null}
[debug] &amp#27;[35m[W3C (3e31c346)]&amp#27;[39m Responding to client with driver.setValue() result: null
&amp#27;[35m[HTTP]&amp#27;[39m &amp#27;[37m<-- POST /wd/hub/session/3e31c346-da08-4d99-a528-afea8ff633f9/element/f1c6444c-6a1f-4bb4-817c-a02f1d1eb3fd/value &amp#27;[39m&amp#27;[32m200&amp#27;[39m &amp#27;[90m124 ms - 14&amp#27;[39m
&amp#27;[35m[HTTP]&amp#27;[39m &amp#27;[90m&amp#27;[39m
  When I enter username as "standard_user"                                                            # com.qa.stepdef.LoginStepDef.iEnterUsernameAs(java.lang.String)
&amp#27;[35m[HTTP]&amp#27;[39m &amp#27;[37m-->&amp#27;[39m &amp#27;[37mGET&amp#27;[39m &amp#27;[37m/wd/hub/session/3e31c346-da08-4d99-a528-afea8ff633f9/context&amp#27;[39m
&amp#27;[35m[HTTP]&amp#27;[39m &amp#27;[90m{}&amp#27;[39m
[debug] &amp#27;[35m[W3C (3e31c346)]&amp#27;[39m Calling AppiumDriver.getCurrentContext() with args: ["3e31c346-da08-4d99-a528-afea8ff633f9"]
[debug] &amp#27;[35m[W3C (3e31c346)]&amp#27;[39m Responding to client with driver.getCurrentContext() result: "NATIVE_APP"
&amp#27;[35m[HTTP]&amp#27;[39m &amp#27;[37m<-- GET /wd/hub/session/3e31c346-da08-4d99-a528-afea8ff633f9/context &amp#27;[39m&amp#27;[32m200&amp#27;[39m &amp#27;[90m5 ms - 22&amp#27;[39m
&amp#27;[35m[HTTP]&amp#27;[39m &amp#27;[90m&amp#27;[39m
&amp#27;[35m[HTTP]&amp#27;[39m &amp#27;[37m-->&amp#27;[39m &amp#27;[37mPOST&amp#27;[39m &amp#27;[37m/wd/hub/session/3e31c346-da08-4d99-a528-afea8ff633f9/element&amp#27;[39m
&amp#27;[35m[HTTP]&amp#27;[39m &amp#27;[90m{"using":"accessibility id","value":"test-Password"}&amp#27;[39m
[debug] &amp#27;[35m[W3C (3e31c346)]&amp#27;[39m Calling AppiumDriver.findElement() with args: ["accessibility id","test-Password","3e31c346-da08-4d99-a528-afea8ff633f9"]
[debug] &amp#27;[35m[BaseDriver]&amp#27;[39m Valid locator strategies for this request: xpath, id, class name, accessibility id, css selector, -android uiautomator
[debug] &amp#27;[35m[BaseDriver]&amp#27;[39m Waiting up to 0 ms for condition
[debug] &amp#27;[35m[WD Proxy]&amp#27;[39m Matched '/element' to command name 'findElement'
[debug] &amp#27;[35m[WD Proxy]&amp#27;[39m Proxying [POST /element] to [POST http://127.0.0.1:10000/wd/hub/session/4d27662a-40ad-44a7-ae29-6f7bd3c4184c/element] with body: {"strategy":"accessibility id","selector":"test-Password","context":"","multiple":false}
[debug] &amp#27;[35m[WD Proxy]&amp#27;[39m Got response with status 200: {"sessionId":"4d27662a-40ad-44a7-ae29-6f7bd3c4184c","value":{"ELEMENT":"900ed9d1-a65e-4ecf-ac64-3bccc04c2e94","element-6066-11e4-a52e-4f735466cecf":"900ed9d1-a65e-4ecf-ac64-3bccc04c2e94"}}
[debug] &amp#27;[35m[W3C (3e31c346)]&amp#27;[39m Responding to client with driver.findElement() result: {"element-6066-11e4-a52e-4f735466cecf":"900ed9d1-a65e-4ecf-ac64-3bccc04c2e94","ELEMENT":"900ed9d1-a65e-4ecf-ac64-3bccc04c2e94"}
&amp#27;[35m[HTTP]&amp#27;[39m &amp#27;[37m<-- POST /wd/hub/session/3e31c346-da08-4d99-a528-afea8ff633f9/element &amp#27;[39m&amp#27;[32m200&amp#27;[39m &amp#27;[90m472 ms - 137&amp#27;[39m
&amp#27;[35m[HTTP]&amp#27;[39m &amp#27;[90m&amp#27;[39m
&amp#27;[35m[HTTP]&amp#27;[39m &amp#27;[37m-->&amp#27;[39m &amp#27;[37mGET&amp#27;[39m &amp#27;[37m/wd/hub/session/3e31c346-da08-4d99-a528-afea8ff633f9/element/900ed9d1-a65e-4ecf-ac64-3bccc04c2e94/displayed&amp#27;[39m
&amp#27;[35m[HTTP]&amp#27;[39m &amp#27;[90m{}&amp#27;[39m
[debug] &amp#27;[35m[W3C (3e31c346)]&amp#27;[39m Calling AppiumDriver.elementDisplayed() with args: ["900ed9d1-a65e-4ecf-ac64-3bccc04c2e94","3e31c346-da08-4d99-a528-afea8ff633f9"]
[debug] &amp#27;[35m[WD Proxy]&amp#27;[39m Matched '/element/900ed9d1-a65e-4ecf-ac64-3bccc04c2e94/attribute/displayed' to command name 'getAttribute'
[debug] &amp#27;[35m[WD Proxy]&amp#27;[39m Proxying [GET /element/900ed9d1-a65e-4ecf-ac64-3bccc04c2e94/attribute/displayed] to [GET http://127.0.0.1:10000/wd/hub/session/4d27662a-40ad-44a7-ae29-6f7bd3c4184c/element/900ed9d1-a65e-4ecf-ac64-3bccc04c2e94/attribute/displayed] with no body
[debug] &amp#27;[35m[WD Proxy]&amp#27;[39m Got response with status 200: {"sessionId":"4d27662a-40ad-44a7-ae29-6f7bd3c4184c","value":"true"}
[debug] &amp#27;[35m[W3C (3e31c346)]&amp#27;[39m Responding to client with driver.elementDisplayed() result: true
&amp#27;[35m[HTTP]&amp#27;[39m &amp#27;[37m<-- GET /wd/hub/session/3e31c346-da08-4d99-a528-afea8ff633f9/element/900ed9d1-a65e-4ecf-ac64-3bccc04c2e94/displayed &amp#27;[39m&amp#27;[32m200&amp#27;[39m &amp#27;[90m21 ms - 14&amp#27;[39m
&amp#27;[35m[HTTP]&amp#27;[39m &amp#27;[90m&amp#27;[39m
&amp#27;[35m[HTTP]&amp#27;[39m &amp#27;[37m-->&amp#27;[39m &amp#27;[37mGET&amp#27;[39m &amp#27;[37m/wd/hub/session/3e31c346-da08-4d99-a528-afea8ff633f9/context&amp#27;[39m
&amp#27;[35m[HTTP]&amp#27;[39m &amp#27;[90m{}&amp#27;[39m
[debug] &amp#27;[35m[W3C (3e31c346)]&amp#27;[39m Calling AppiumDriver.getCurrentContext() with args: ["3e31c346-da08-4d99-a528-afea8ff633f9"]
[debug] &amp#27;[35m[W3C (3e31c346)]&amp#27;[39m Responding to client with driver.getCurrentContext() result: "NATIVE_APP"
&amp#27;[35m[HTTP]&amp#27;[39m &amp#27;[37m<-- GET /wd/hub/session/3e31c346-da08-4d99-a528-afea8ff633f9/context &amp#27;[39m&amp#27;[32m200&amp#27;[39m &amp#27;[90m7 ms - 22&amp#27;[39m
&amp#27;[35m[HTTP]&amp#27;[39m &amp#27;[90m&amp#27;[39m
&amp#27;[35m[HTTP]&amp#27;[39m &amp#27;[37m-->&amp#27;[39m &amp#27;[37mPOST&amp#27;[39m &amp#27;[37m/wd/hub/session/3e31c346-da08-4d99-a528-afea8ff633f9/element&amp#27;[39m
&amp#27;[35m[HTTP]&amp#27;[39m &amp#27;[90m{"using":"accessibility id","value":"test-Password"}&amp#27;[39m
[debug] &amp#27;[35m[W3C (3e31c346)]&amp#27;[39m Calling AppiumDriver.findElement() with args: ["accessibility id","test-Password","3e31c346-da08-4d99-a528-afea8ff633f9"]
[debug] &amp#27;[35m[BaseDriver]&amp#27;[39m Valid locator strategies for this request: xpath, id, class name, accessibility id, css selector, -android uiautomator
[debug] &amp#27;[35m[BaseDriver]&amp#27;[39m Waiting up to 0 ms for condition
[debug] &amp#27;[35m[WD Proxy]&amp#27;[39m Matched '/element' to command name 'findElement'
[debug] &amp#27;[35m[WD Proxy]&amp#27;[39m Proxying [POST /element] to [POST http://127.0.0.1:10000/wd/hub/session/4d27662a-40ad-44a7-ae29-6f7bd3c4184c/element] with body: {"strategy":"accessibility id","selector":"test-Password","context":"","multiple":false}
[debug] &amp#27;[35m[WD Proxy]&amp#27;[39m Got response with status 200: {"sessionId":"4d27662a-40ad-44a7-ae29-6f7bd3c4184c","value":{"ELEMENT":"604872ed-a277-4f10-9566-94ae76eed59e","element-6066-11e4-a52e-4f735466cecf":"604872ed-a277-4f10-9566-94ae76eed59e"}}
[debug] &amp#27;[35m[W3C (3e31c346)]&amp#27;[39m Responding to client with driver.findElement() result: {"element-6066-11e4-a52e-4f735466cecf":"604872ed-a277-4f10-9566-94ae76eed59e","ELEMENT":"604872ed-a277-4f10-9566-94ae76eed59e"}
&amp#27;[35m[HTTP]&amp#27;[39m &amp#27;[37m<-- POST /wd/hub/session/3e31c346-da08-4d99-a528-afea8ff633f9/element &amp#27;[39m&amp#27;[32m200&amp#27;[39m &amp#27;[90m40 ms - 137&amp#27;[39m
&amp#27;[35m[HTTP]&amp#27;[39m &amp#27;[90m&amp#27;[39m
&amp#27;[35m[HTTP]&amp#27;[39m &amp#27;[37m-->&amp#27;[39m &amp#27;[37mPOST&amp#27;[39m &amp#27;[37m/wd/hub/session/3e31c346-da08-4d99-a528-afea8ff633f9/element/604872ed-a277-4f10-9566-94ae76eed59e/clear&amp#27;[39m
&amp#27;[35m[HTTP]&amp#27;[39m &amp#27;[90m{"id":"604872ed-a277-4f10-9566-94ae76eed59e"}&amp#27;[39m
[debug] &amp#27;[35m[W3C (3e31c346)]&amp#27;[39m Calling AppiumDriver.clear() with args: ["604872ed-a277-4f10-9566-94ae76eed59e","3e31c346-da08-4d99-a528-afea8ff633f9"]
[debug] &amp#27;[35m[WD Proxy]&amp#27;[39m Matched '/element/604872ed-a277-4f10-9566-94ae76eed59e/clear' to command name 'clear'
[debug] &amp#27;[35m[WD Proxy]&amp#27;[39m Proxying [POST /element/604872ed-a277-4f10-9566-94ae76eed59e/clear] to [POST http://127.0.0.1:10000/wd/hub/session/4d27662a-40ad-44a7-ae29-6f7bd3c4184c/element/604872ed-a277-4f10-9566-94ae76eed59e/clear] with body: {"elementId":"604872ed-a277-4f10-9566-94ae76eed59e"}
[debug] &amp#27;[35m[WD Proxy]&amp#27;[39m Got response with status 200: {"sessionId":"4d27662a-40ad-44a7-ae29-6f7bd3c4184c","value":null}
[debug] &amp#27;[35m[W3C (3e31c346)]&amp#27;[39m Responding to client with driver.clear() result: null
&amp#27;[35m[HTTP]&amp#27;[39m &amp#27;[37m<-- POST /wd/hub/session/3e31c346-da08-4d99-a528-afea8ff633f9/element/604872ed-a277-4f10-9566-94ae76eed59e/clear &amp#27;[39m&amp#27;[32m200&amp#27;[39m &amp#27;[90m35 ms - 14&amp#27;[39m
&amp#27;[35m[HTTP]&amp#27;[39m &amp#27;[90m&amp#27;[39m
&amp#27;[35m[HTTP]&amp#27;[39m &amp#27;[37m-->&amp#27;[39m &amp#27;[37mGET&amp#27;[39m &amp#27;[37m/wd/hub/session/3e31c346-da08-4d99-a528-afea8ff633f9/context&amp#27;[39m
&amp#27;[35m[HTTP]&amp#27;[39m &amp#27;[90m{}&amp#27;[39m
[debug] &amp#27;[35m[W3C (3e31c346)]&amp#27;[39m Calling AppiumDriver.getCurrentContext() with args: ["3e31c346-da08-4d99-a528-afea8ff633f9"]
[debug] &amp#27;[35m[W3C (3e31c346)]&amp#27;[39m Responding to client with driver.getCurrentContext() result: "NATIVE_APP"
&amp#27;[35m[HTTP]&amp#27;[39m &amp#27;[37m<-- GET /wd/hub/session/3e31c346-da08-4d99-a528-afea8ff633f9/context &amp#27;[39m&amp#27;[32m200&amp#27;[39m &amp#27;[90m3 ms - 22&amp#27;[39m
&amp#27;[35m[HTTP]&amp#27;[39m &amp#27;[90m&amp#27;[39m
&amp#27;[35m[HTTP]&amp#27;[39m &amp#27;[37m-->&amp#27;[39m &amp#27;[37mPOST&amp#27;[39m &amp#27;[37m/wd/hub/session/3e31c346-da08-4d99-a528-afea8ff633f9/element&amp#27;[39m
&amp#27;[35m[HTTP]&amp#27;[39m &amp#27;[90m{"using":"accessibility id","value":"test-Password"}&amp#27;[39m
[debug] &amp#27;[35m[W3C (3e31c346)]&amp#27;[39m Calling AppiumDriver.findElement() with args: ["accessibility id","test-Password","3e31c346-da08-4d99-a528-afea8ff633f9"]
[debug] &amp#27;[35m[BaseDriver]&amp#27;[39m Valid locator strategies for this request: xpath, id, class name, accessibility id, css selector, -android uiautomator
[debug] &amp#27;[35m[BaseDriver]&amp#27;[39m Waiting up to 0 ms for condition
[debug] &amp#27;[35m[WD Proxy]&amp#27;[39m Matched '/element' to command name 'findElement'
[debug] &amp#27;[35m[WD Proxy]&amp#27;[39m Proxying [POST /element] to [POST http://127.0.0.1:10000/wd/hub/session/4d27662a-40ad-44a7-ae29-6f7bd3c4184c/element] with body: {"strategy":"accessibility id","selector":"test-Password","context":"","multiple":false}
[debug] &amp#27;[35m[WD Proxy]&amp#27;[39m Got response with status 200: {"sessionId":"4d27662a-40ad-44a7-ae29-6f7bd3c4184c","value":{"ELEMENT":"fc877d78-3b9d-4ee7-82a9-f87040f2cd54","element-6066-11e4-a52e-4f735466cecf":"fc877d78-3b9d-4ee7-82a9-f87040f2cd54"}}
[debug] &amp#27;[35m[W3C (3e31c346)]&amp#27;[39m Responding to client with driver.findElement() result: {"element-6066-11e4-a52e-4f735466cecf":"fc877d78-3b9d-4ee7-82a9-f87040f2cd54","ELEMENT":"fc877d78-3b9d-4ee7-82a9-f87040f2cd54"}
&amp#27;[35m[HTTP]&amp#27;[39m &amp#27;[37m<-- POST /wd/hub/session/3e31c346-da08-4d99-a528-afea8ff633f9/element &amp#27;[39m&amp#27;[32m200&amp#27;[39m &amp#27;[90m484 ms - 137&amp#27;[39m
&amp#27;[35m[HTTP]&amp#27;[39m &amp#27;[90m&amp#27;[39m
&amp#27;[35m[HTTP]&amp#27;[39m &amp#27;[37m-->&amp#27;[39m &amp#27;[37mGET&amp#27;[39m &amp#27;[37m/wd/hub/session/3e31c346-da08-4d99-a528-afea8ff633f9/element/fc877d78-3b9d-4ee7-82a9-f87040f2cd54/displayed&amp#27;[39m
&amp#27;[35m[HTTP]&amp#27;[39m &amp#27;[90m{}&amp#27;[39m
[debug] &amp#27;[35m[W3C (3e31c346)]&amp#27;[39m Calling AppiumDriver.elementDisplayed() with args: ["fc877d78-3b9d-4ee7-82a9-f87040f2cd54","3e31c346-da08-4d99-a528-afea8ff633f9"]
[debug] &amp#27;[35m[WD Proxy]&amp#27;[39m Matched '/element/fc877d78-3b9d-4ee7-82a9-f87040f2cd54/attribute/displayed' to command name 'getAttribute'
[debug] &amp#27;[35m[WD Proxy]&amp#27;[39m Proxying [GET /element/fc877d78-3b9d-4ee7-82a9-f87040f2cd54/attribute/displayed] to [GET http://127.0.0.1:10000/wd/hub/session/4d27662a-40ad-44a7-ae29-6f7bd3c4184c/element/fc877d78-3b9d-4ee7-82a9-f87040f2cd54/attribute/displayed] with no body
[debug] &amp#27;[35m[WD Proxy]&amp#27;[39m Got response with status 200: {"sessionId":"4d27662a-40ad-44a7-ae29-6f7bd3c4184c","value":"true"}
[debug] &amp#27;[35m[W3C (3e31c346)]&amp#27;[39m Responding to client with driver.elementDisplayed() result: true
&amp#27;[35m[HTTP]&amp#27;[39m &amp#27;[37m<-- GET /wd/hub/session/3e31c346-da08-4d99-a528-afea8ff633f9/elem[INFO ] 2021-08-02 23:35:46.460 BasePage:71 - password is invalidPassword
ent/fc877d78-3b9d-4ee7-82a9-f87040f2cd54/displayed &amp#27;[39m&amp#27;[32m200&amp#27;[39m &amp#27;[90m19 ms - 14&amp#27;[39m
&amp#27;[35m[HTTP]&amp#27;[39m &amp#27;[90m&amp#27;[39m
&amp#27;[35m[HTTP]&amp#27;[39m &amp#27;[37m-->&amp#27;[39m &amp#27;[37mGET&amp#27;[39m &amp#27;[37m/wd/hub/session/3e31c346-da08-4d99-a528-afea8ff633f9/context&amp#27;[39m
&amp#27;[35m[HTTP]&amp#27;[39m &amp#27;[90m{}&amp#27;[39m
[debug] &amp#27;[35m[W3C (3e31c346)]&amp#27;[39m Calling AppiumDriver.getCurrentContext() with args: ["3e31c346-da08-4d99-a528-afea8ff633f9"]
[debug] &amp#27;[35m[W3C (3e31c346)]&amp#27;[39m Responding to client with driver.getCurrentContext() result: "NATIVE_APP"
&amp#27;[35m[HTTP]&amp#27;[39m &amp#27;[37m<-- GET /wd/hub/session/3e31c346-da08-4d99-a528-afea8ff633f9/context &amp#27;[39m&amp#27;[32m200&amp#27;[39m &amp#27;[90m3 ms - 22&amp#27;[39m
&amp#27;[35m[HTTP]&amp#27;[39m &amp#27;[90m&amp#27;[39m
&amp#27;[35m[HTTP]&amp#27;[39m &amp#27;[37m-->&amp#27;[39m &amp#27;[37mPOST&amp#27;[39m &amp#27;[37m/wd/hub/session/3e31c346-da08-4d99-a528-afea8ff633f9/element&amp#27;[39m
&amp#27;[35m[HTTP]&amp#27;[39m &amp#27;[90m{"using":"accessibility id","value":"test-Password"}&amp#27;[39m
[debug] &amp#27;[35m[W3C (3e31c346)]&amp#27;[39m Calling AppiumDriver.findElement() with args: ["accessibility id","test-Password","3e31c346-da08-4d99-a528-afea8ff633f9"]
[debug] &amp#27;[35m[BaseDriver]&amp#27;[39m Valid locator strategies for this request: xpath, id, class name, accessibility id, css selector, -android uiautomator
[debug] &amp#27;[35m[BaseDriver]&amp#27;[39m Waiting up to 0 ms for condition
[debug] &amp#27;[35m[WD Proxy]&amp#27;[39m Matched '/element' to command name 'findElement'
[debug] &amp#27;[35m[WD Proxy]&amp#27;[39m Proxying [POST /element] to [POST http://127.0.0.1:10000/wd/hub/session/4d27662a-40ad-44a7-ae29-6f7bd3c4184c/element] with body: {"strategy":"accessibility id","selector":"test-Password","context":"","multiple":false}
[debug] &amp#27;[35m[WD Proxy]&amp#27;[39m Got response with status 200: {"sessionId":"4d27662a-40ad-44a7-ae29-6f7bd3c4184c","value":{"ELEMENT":"3bea0218-1ed4-40e8-b369-68c16056a034","element-6066-11e4-a52e-4f735466cecf":"3bea0218-1ed4-40e8-b369-68c16056a034"}}
[debug] &amp#27;[35m[W3C (3e31c346)]&amp#27;[39m Responding to client with driver.findElement() result: {"element-6066-11e4-a52e-4f735466cecf":"3bea0218-1ed4-40e8-b369-68c16056a034","ELEMENT":"3bea0218-1ed4-40e8-b369-68c16056a034"}
&amp#27;[35m[HTTP]&amp#27;[39m &amp#27;[37m<-- POST /wd/hub/session/3e31c346-da08-4d99-a528-afea8ff633f9/element &amp#27;[39m&amp#27;[32m200&amp#27;[39m &amp#27;[90m37 ms - 137&amp#27;[39m
&amp#27;[35m[HTTP]&amp#27;[39m &amp#27;[90m&amp#27;[39m
&amp#27;[35m[HTTP]&amp#27;[39m &amp#27;[37m-->&amp#27;[39m &amp#27;[37mPOST&amp#27;[39m &amp#27;[37m/wd/hub/session/3e31c346-da08-4d99-a528-afea8ff633f9/element/3bea0218-1ed4-40e8-b369-68c16056a034/value&amp#27;[39m
&amp#27;[35m[HTTP]&amp#27;[39m &amp#27;[90m{"id":"3bea0218-1ed4-40e8-b369-68c16056a034","text":"invalidPassword","value":["i","n","v","a","l","i","d","P","a","s","s","w","o","r","d"]}&amp#27;[39m
[debug] &amp#27;[35m[W3C (3e31c346)]&amp#27;[39m Calling AppiumDriver.setValue() with args: [["i","n","v","a","l","i","d","P","a","s","s","w","o","r","d"],"3bea0218-1ed4-40e8-b369-68c16056a034","3e31c346-da08-4d99-a528-afea8ff633f9"]
[debug] &amp#27;[35m[WD Proxy]&amp#27;[39m Matched '/element/3bea0218-1ed4-40e8-b369-68c16056a034/value' to command name 'setValue'
[debug] &amp#27;[35m[Protocol Converter]&amp#27;[39m Added 'value' property ["i","n","v","a","l","i","d","P","a","s","s","w","o","r","d"] to 'setValue' request body
[debug] &amp#27;[35m[WD Proxy]&amp#27;[39m Proxying [POST /element/3bea0218-1ed4-40e8-b369-68c16056a034/value] to [POST http://127.0.0.1:10000/wd/hub/session/4d27662a-40ad-44a7-ae29-6f7bd3c4184c/element/3bea0218-1ed4-40e8-b369-68c16056a034/value] with body: {"elementId":"3bea0218-1ed4-40e8-b369-68c16056a034","text":"invalidPassword","replace":false,"value":["i","n","v","a","l","i","d","P","a","s","s","w","o","r","d"]}
[debug] &amp#27;[35m[WD Proxy]&amp#27;[39m Got response with status 200: {"sessionId":"4d27662a-40ad-44a7-ae29-6f7bd3c4184c","value":null}
[debug] &amp#27;[35m[W3C (3e31c346)]&amp#27;[39m Responding to client with driver.setValue() result: null
  And I enter password as "invalidPassword"                                                           # com.qa.stepdef.LoginStepDef.iEnterPasswordAs(java.lang.String)
&amp#27;[35m[HTTP]&amp#27;[39m &amp#27;[37m<-- POST /wd/hub/session/3e31c346-da08-4d99-a528-afea8ff633f9/element/3bea0218-1ed4-40e8-b369-68c16056a034/value &amp#27;[39m&amp#27;[32m200&amp#27;[39m &amp#27;[90m551 ms - 14&amp#27;[39m
&amp#27;[35m[HTTP]&amp#27;[39m &amp#27;[90m&amp#27;[39m
&amp#27;[35m[HTTP]&amp#27;[39m &amp#27;[37m-->&amp#27;[39m &amp#27;[37mGET&amp#27;[39m &amp#27;[37m/wd/hub/session/3e31c346-da08-4d99-a528-afea8ff633f9/context&amp#27;[39m
&amp#27;[35m[HTTP]&amp#27;[39m &amp#27;[90m{}&amp#27;[39m
[debug] &amp#27;[35m[W3C (3e31c346)]&amp#27;[39m Calling AppiumDriver.getCurrentContext() with args: ["3e31c346-da08-4d99-a528-afea8ff633f9"]
[debug] &amp#27;[35m[W3C (3e31c346)]&amp#27;[39m Responding to client with driver.getCurrentContext() result: "NATIVE_APP"
&amp#27;[35m[HTTP]&amp#27;[39m &amp#27;[37m<-- GET /wd/hub/session/3e31c346-da08-4d99-a528-afea8ff633f9/context &amp#27;[39m&amp#27;[32m200&amp#27;[39m &amp#27;[90m3 ms - 22&amp#27;[39m
&amp#27;[35m[HTTP]&amp#27;[39m &amp#27;[90m&amp#27;[39m
&amp#27;[35m[HTTP]&amp#27;[39m &amp#27;[37m-->&amp#27;[39m &amp#27;[37mPOST&amp#27;[39m &amp#27;[37m/wd/hub/session/3e31c346-da08-4d99-a528-afea8ff633f9/element&amp#27;[39m
&amp#27;[35m[HTTP]&amp#27;[39m &amp#27;[90m{"using":"accessibility id","value":"test-LOGIN"}&amp#27;[39m
[debug] &amp#27;[35m[W3C (3e31c346)]&amp#27;[39m Calling AppiumDriver.findElement() with args: ["accessibility id","test-LOGIN","3e31c346-da08-4d99-a528-afea8ff633f9"]
[debug] &amp#27;[35m[BaseDriver]&amp#27;[39m Valid locator strategies for this request: xpath, id, class name, accessibility id, css selector, -android uiautomator
[debug] &amp#27;[35m[BaseDriver]&amp#27;[39m Waiting up to 0 ms for condition
[debug] &amp#27;[35m[WD Proxy]&amp#27;[39m Matched '/element' to command name 'findElement'
[debug] &amp#27;[35m[WD Proxy]&amp#27;[39m Proxying [POST /element] to [POST http://127.0.0.1:10000/wd/hub/session/4d27662a-40ad-44a7-ae29-6f7bd3c4184c/element] with body: {"strategy":"accessibility id","selector":"test-LOGIN","context":"","multiple":false}
[debug] &amp#27;[35m[WD Proxy]&amp#27;[39m Got response with status 200: {"sessionId":"4d27662a-40ad-44a7-ae29-6f7bd3c4184c","value":{"ELEMENT":"bcab727c-8b5a-4812-b312-dcc34a47beaa","element-6066-11e4-a52e-4f735466cecf":"bcab727c-8b5a-4812-b312-dcc34a47beaa"}}
[debug] &amp#27;[35m[W3C (3e31c346)]&amp#27;[39m Responding to client with driver.findElement() result: {"element-6066-11e4-a52e-4f735466cecf":"bcab727c-8b5a-4812-b312-dcc34a47beaa","ELEMENT":"bcab727c-8b5a-4812-b312-dcc34a47beaa"}
&amp#27;[35m[HTTP]&amp#27;[39m &amp#27;[37m<-- POST /wd/hub/session/3e31c346-da08-4d99-a528-afea8ff633f9/element &amp#27;[39m&amp#27;[32m200&amp#27;[39m &amp#27;[90m483 ms - 137&amp#27;[39m
&amp#27;[35m[HTTP]&amp#27;[39m &amp#27;[90m&amp#27;[39m
&amp#27;[35m[HTTP]&amp#27;[39m &amp#27;[37m-->&amp#27;[39m &amp#27;[37mGET&amp#27;[39m &amp#27;[37m/wd/hub/session/3e31c346-da08-4d99-a528-afea8ff633f9/element/bcab727c-8b5a-4812-b312-dcc34a47beaa/displayed&amp#27;[39m
&amp#27;[35m[HTTP]&amp#27;[39m &amp#27;[90m{}&amp#27;[39m
[debug] &amp#27;[35m[W3C (3e31c346)]&amp#27;[39m Calling AppiumDriver.elementDisplayed() with args: ["bcab727c-8b5a-4812-b312-dcc34a47beaa","3e31c346-da08-4d99-a528-afea8ff633f9"]
[debug] &amp#27;[35m[WD Proxy]&amp#27;[39m Matched '/element/bcab727c-8b5a-4812-b312-dcc34a47beaa/attribute/displayed' to command name 'getAttribute'
[debug] &amp#27;[35m[WD Proxy]&amp#27;[39m Proxying [GET /element/bcab727c-8b5a-4812-b312-dcc34a47beaa/attribute/displayed] to [GET http://127.0.0.1:10000/wd/hub/session/4d27662a-40ad-44a7-ae29-6f7bd3c4184c/element/bcab727c-8b5a-4812-b312-dcc34a47beaa/attribute/displayed] with no body
[debug] &amp#27;[35m[WD Proxy]&amp#27;[39m Got response with status 200: {"sessionId":"4d27662a-40ad-44a7-ae29-6f7bd3c4184c","value":"true"}
[debug] &amp#27;[35m[W3C (3e31c346)]&amp#27;[39m Responding to client with driver.elementDisplayed() result: true
[INFO ] 2021-08-02 23:35:47.635 BasePage:54 - press login button
&amp#27;[35m[HTTP]&amp#27;[39m &amp#27;[37m<-- GET /wd/hub/session/3e31c346-da08-4d99-a528-afea8ff633f9/element/bcab727c-8b5a-4812-b312-dcc34a47beaa/displayed &amp#27;[39m&amp#27;[32m200&amp#27;[39m &amp#27;[90m29 ms - 14&amp#27;[39m
&amp#27;[35m[HTTP]&amp#27;[39m &amp#27;[90m&amp#27;[39m
&amp#27;[35m[HTTP]&amp#27;[39m &amp#27;[37m-->&amp#27;[39m &amp#27;[37mGET&amp#27;[39m &amp#27;[37m/wd/hub/session/3e31c346-da08-4d99-a528-afea8ff633f9/context&amp#27;[39m
&amp#27;[35m[HTTP]&amp#27;[39m &amp#27;[90m{}&amp#27;[39m
[debug] &amp#27;[35m[W3C (3e31c346)]&amp#27;[39m Calling AppiumDriver.getCurrentContext() with args: ["3e31c346-da08-4d99-a528-afea8ff633f9"]
[debug] &amp#27;[35m[W3C (3e31c346)]&amp#27;[39m Responding to client with driver.getCurrentContext() result: "NATIVE_APP"
&amp#27;[35m[HTTP]&amp#27;[39m &amp#27;[37m<-- GET /wd/hub/session/3e31c346-da08-4d99-a528-afea8ff633f9/context &amp#27;[39m&amp#27;[32m200&amp#27;[39m &amp#27;[90m2 ms - 22&amp#27;[39m
&amp#27;[35m[HTTP]&amp#27;[39m &amp#27;[90m&amp#27;[39m
&amp#27;[35m[HTTP]&amp#27;[39m &amp#27;[37m-->&amp#27;[39m &amp#27;[37mPOST&amp#27;[39m &amp#27;[37m/wd/hub/session/3e31c346-da08-4d99-a528-afea8ff633f9/element&amp#27;[39m
&amp#27;[35m[HTTP]&amp#27;[39m &amp#27;[90m{"using":"accessibility id","value":"test-LOGIN"}&amp#27;[39m
[debug] &amp#27;[35m[W3C (3e31c346)]&amp#27;[39m Calling AppiumDriver.findElement() with args: ["accessibility id","test-LOGIN","3e31c346-da08-4d99-a528-afea8ff633f9"]
[debug] &amp#27;[35m[BaseDriver]&amp#27;[39m Valid locator strategies for this request: xpath, id, class name, accessibility id, css selector, -android uiautomator
[debug] &amp#27;[35m[BaseDriver]&amp#27;[39m Waiting up to 0 ms for condition
[debug] &amp#27;[35m[WD Proxy]&amp#27;[39m Matched '/element' to command name 'findElement'
[debug] &amp#27;[35m[WD Proxy]&amp#27;[39m Proxying [POST /element] to [POST http://127.0.0.1:10000/wd/hub/session/4d27662a-40ad-44a7-ae29-6f7bd3c4184c/element] with body: {"strategy":"accessibility id","selector":"test-LOGIN","context":"","multiple":false}
[debug] &amp#27;[35m[WD Proxy]&amp#27;[39m Got response with status 200: {"sessionId":"4d27662a-40ad-44a7-ae29-6f7bd3c4184c","value":{"ELEMENT":"72ba39d1-a58b-411a-9c78-618ddddf0beb","element-6066-11e4-a52e-4f735466cecf":"72ba39d1-a58b-411a-9c78-618ddddf0beb"}}
[debug] &amp#27;[35m[W3C (3e31c346)]&amp#27;[39m Responding to client with driver.findElement() result: {"element-6066-11e4-a52e-4f735466cecf":"72ba39d1-a58b-411a-9c78-618ddddf0beb","ELEMENT":"72ba39d1-a58b-411a-9c78-618ddddf0beb"}
&amp#27;[35m[HTTP]&amp#27;[39m &amp#27;[37m<-- POST /wd/hub/session/3e31c346-da08-4d99-a528-afea8ff633f9/element &amp#27;[39m&amp#27;[32m200&amp#27;[39m &amp#27;[90m48 ms - 137&amp#27;[39m
&amp#27;[35m[HTTP]&amp#27;[39m &amp#27;[90m&amp#27;[39m
&amp#27;[35m[HTTP]&amp#27;[39m &amp#27;[37m-->&amp#27;[39m &amp#27;[37mPOST&amp#27;[39m &amp#27;[37m/wd/hub/session/3e31c346-da08-4d99-a528-afea8ff633f9/element/72ba39d1-a58b-411a-9c78-618ddddf0beb/click&amp#27;[39m
&amp#27;[35m[HTTP]&amp#27;[39m &amp#27;[90m{"id":"72ba39d1-a58b-411a-9c78-618ddddf0beb"}&amp#27;[39m
[debug] &amp#27;[35m[W3C (3e31c346)]&amp#27;[39m Calling AppiumDriver.click() with args: ["72ba39d1-a58b-411a-9c78-618ddddf0beb","3e31c346-da08-4d99-a528-afea8ff633f9"]
[debug] &amp#27;[35m[WD Proxy]&amp#27;[39m Matched '/element/72ba39d1-a58b-411a-9c78-618ddddf0beb/click' to command name 'click'
[debug] &amp#27;[35m[WD Proxy]&amp#27;[39m Proxying [POST /element/72ba39d1-a58b-411a-9c78-618ddddf0beb/click] to [POST http://127.0.0.1:10000/wd/hub/session/4d27662a-40ad-44a7-ae29-6f7bd3c4184c/element/72ba39d1-a58b-411a-9c78-618ddddf0beb/click] with body: {"element":"72ba39d1-a58b-411a-9c78-618ddddf0beb"}
[debug] &amp#27;[35m[WD Proxy]&amp#27;[39m Got response with status 200: {"sessionId":"4d27662a-40ad-44a7-ae29-6f7bd3c4184c","value":null}
[debug] &amp#27;[35m[W3C (3e31c346)]&amp#27;[39m Responding to client with driver.click() result: null
&amp#27;[35m[HTTP]&amp#27;[39m &amp#27;[37m<-- POST /wd/hub/session/3e31c346-da08-4d99-a528-afea8ff633f9/element/72ba39d1-a58b-411a-9c78-618ddddf0beb/click &amp#27;[39m&amp#27;[32m200&amp#27;[39m &amp#27;[90m94 ms - 14&amp#27;[39m
&amp#27;[35m[HTTP]&amp#27;[39m &amp#27;[90m&amp#27;[39m
  And I login                                                                                         # com.qa.stepdef.LoginStepDef.iLogin()
&amp#27;[35m[HTTP]&amp#27;[39m &amp#27;[37m-->&amp#27;[39m &amp#27;[37mGET&amp#27;[39m &amp#27;[37m/wd/hub/session/3e31c346-da08-4d99-a528-afea8ff633f9/context&amp#27;[39m
&amp#27;[35m[HTTP]&amp#27;[39m &amp#27;[90m{}&amp#27;[39m
[debug] &amp#27;[35m[W3C (3e31c346)]&amp#27;[39m Calling AppiumDriver.getCurrentContext() with args: ["3e31c346-da08-4d99-a528-afea8ff633f9"]
[debug] &amp#27;[35m[W3C (3e31c346)]&amp#27;[39m Responding to client with driver.getCurrentContext() result: "NATIVE_APP"
&amp#27;[35m[HTTP]&amp#27;[39m &amp#27;[37m<-- GET /wd/hub/session/3e31c346-da08-4d99-a528-afea8ff633f9/context &amp#27;[39m&amp#27;[32m200&amp#27;[39m &amp#27;[90m2 ms - 22&amp#27;[39m
&amp#27;[35m[HTTP]&amp#27;[39m &amp#27;[90m&amp#27;[39m
&amp#27;[35m[HTTP]&amp#27;[39m &amp#27;[37m-->&amp#27;[39m &amp#27;[37mPOST&amp#27;[39m &amp#27;[37m/wd/hub/session/3e31c346-da08-4d99-a528-afea8ff633f9/element&amp#27;[39m
&amp#27;[35m[HTTP]&amp#27;[39m &amp#27;[90m{"using":"xpath","value":"//android.view.ViewGroup[@content-desc=\"test-Error message\"]/android.widget.TextView"}&amp#27;[39m
[debug] &amp#27;[35m[W3C (3e31c346)]&amp#27;[39m Calling AppiumDriver.findElement() with args: ["xpath","//android.view.ViewGroup[@content-desc=\"test-Error message\"]/android.widget.TextView","3e31c346-da08-4d99-a528-afea8ff633f9"]
[debug] &amp#27;[35m[BaseDriver]&amp#27;[39m Valid locator strategies for this request: xpath, id, class name, accessibility id, css selector, -android uiautomator
[debug] &amp#27;[35m[BaseDriver]&amp#27;[39m Waiting up to 0 ms for condition
[debug] &amp#27;[35m[WD Proxy]&amp#27;[39m Matched '/element' to command name 'findElement'
[debug] &amp#27;[35m[WD Proxy]&amp#27;[39m Proxying [POST /element] to [POST http://127.0.0.1:10000/wd/hub/session/4d27662a-40ad-44a7-ae29-6f7bd3c4184c/element] with body: {"strategy":"xpath","selector":"//android.view.ViewGroup[@content-desc=\"test-Error message\"]/android.widget.TextView","context":"","multiple":false}
[debug] &amp#27;[35m[WD Proxy]&amp#27;[39m Got response with status 200: {"sessionId":"4d27662a-40ad-44a7-ae29-6f7bd3c4184c","value":{"ELEMENT":"6b19e3cd-b6f6-4bea-b1fe-dc07b652bf53","element-6066-11e4-a52e-4f735466cecf":"6b19e3cd-b6f6-4bea-b1fe-dc07b652bf53"}}
[debug] &amp#27;[35m[W3C (3e31c346)]&amp#27;[39m Responding to client with driver.findElement() result: {"element-6066-11e4-a52e-4f735466cecf":"6b19e3cd-b6f6-4bea-b1fe-dc07b652bf53","ELEMENT":"6b19e3cd-b6f6-4bea-b1fe-dc07b652bf53"}
&amp#27;[35m[HTTP]&amp#27;[39m &amp#27;[37m<-- POST /wd/hub/session/3e31c346-da08-4d99-a528-afea8ff633f9/element &amp#27;[39m&amp#27;[32m200&amp#27;[39m &amp#27;[90m305 ms - 137&amp#27;[39m
&amp#27;[35m[HTTP]&amp#27;[39m &amp#27;[90m&amp#27;[39m
&amp#27;[35m[HTTP]&amp#27;[39m &amp#27;[37m-->&amp#27;[39m &amp#27;[37mGET&amp#27;[39m &amp#27;[37m/wd/hub/session/3e31c346-da08-4d99-a528-afea8ff633f9/element/6b19e3cd-b6f6-4bea-b1fe-dc07b652bf53/displayed&amp#27;[39m
&amp#27;[35m[HTTP]&amp#27;[39m &amp#27;[90m{}&amp#27;[39m
[debug] &amp#27;[35m[W3C (3e31c346)]&amp#27;[39m Calling AppiumDriver.elementDisplayed() with args: ["6b19e3cd-b6f6-4bea-b1fe-dc07b652bf53","3e31c346-da08-4d99-a528-afea8ff633f9"]
[debug] &amp#27;[35m[WD Proxy]&amp#27;[39m Matched '/element/6b19e3cd-b6f6-4bea-b1fe-dc07b652bf53/attribute/displayed' to command name 'getAttribute'
[debug] &amp#27;[35m[WD Proxy]&amp#27;[39m Proxying [GET /element/6b19e3cd-b6f6-4bea-b1fe-dc07b652bf53/attribute/displayed] to [GET http://127.0.0.1:10000/wd/hub/session/4d27662a-40ad-44a7-ae29-6f7bd3c4184c/element/6b19e3cd-b6f6-4bea-b1fe-dc07b652bf53/attribute/displayed] with no body
[debug] &amp#27;[35m[WD Proxy]&amp#27;[39m Got response with status 200: {"sessionId":"4d27662a-40ad-44a7-ae29-6f7bd3c4184c","value":"true"}
[debug] &amp#27;[35m[W3C (3e31c346)]&amp#27;[39m Responding to client with driver.elementDisplayed() result: true
&amp#27;[35m[HTTP]&amp#27;[39m &amp#27;[37m<-- GET /wd/hub/session/3e31c346-da08-4d99-a528-afea8ff633f9/element/6b19e3cd-b6f6-4bea-b1fe-dc07b652bf53/displayed &amp#27;[39m&amp#27;[32m200&amp#27;[39m &amp#27;[90m27 ms - 14&amp#27;[39m
&amp#27;[35m[HTTP]&amp#27;[39m &amp#27;[90m&amp#27;[39m
&amp#27;[35m[HTTP]&amp#27;[39m &amp#27;[37m-->&amp#27;[39m &amp#27;[37mGET&amp#27;[39m &amp#27;[37m/wd/hub/session/3e31c346-da08-4d99-a528-afea8ff633f9/context&amp#27;[39m
&amp#27;[35m[HTTP]&amp#27;[39m &amp#27;[90m{}&amp#27;[39m
[debug] &amp#27;[35m[W3C (3e31c346)]&amp#27;[39m Calling AppiumDriver.getCurrentContext() with args: ["3e31c346-da08-4d99-a528-afea8ff633f9"]
[debug] &amp#27;[35m[W3C (3e31c346)]&amp#27;[39m Responding to client with driver.getCurrentContext() result: "NATIVE_APP"
&amp#27;[35m[HTTP]&amp#27;[39m &amp#27;[37m<-- GET /wd/hub/session/3e31c346-da08-4d99-a528-afea8ff633f9/context &amp#27;[39m&amp#27;[32m200&amp#27;[39m &amp#27;[90m5 ms - 22&amp#27;[39m
&amp#27;[35m[HTTP]&amp#27;[39m &amp#27;[90m&amp#27;[39m
&amp#27;[35m[HTTP]&amp#27;[39m &amp#27;[37m-->&amp#27;[39m &amp#27;[37mPOST&amp#27;[39m &amp#27;[37m/wd/hub/session/3e31c346-da08-4d99-a528-afea8ff633f9/element&amp#27;[39m
&amp#27;[35m[HTTP]&amp#27;[39m &amp#27;[90m{"using":"xpath","value":"//android.view.ViewGroup[@content-desc=\"test-Error message\"]/android.widget.TextView"}&amp#27;[39m
[debug] &amp#27;[35m[W3C (3e31c346)]&amp#27;[39m Calling AppiumDriver.findElement() with args: ["xpath","//android.view.ViewGroup[@content-desc=\"test-Error message\"]/android.widget.TextView","3e31c346-da08-4d99-a528-afea8ff633f9"]
[debug] &amp#27;[35m[BaseDriver]&amp#27;[39m Valid locator strategies for this request: xpath, id, class name, accessibility id, css selector, -android uiautomator
[debug] &amp#27;[35m[BaseDriver]&amp#27;[39m Waiting up to 0 ms for condition
[debug] &amp#27;[35m[WD Proxy]&amp#27;[39m Matched '/element' to command name 'findElement'
[debug] &amp#27;[35m[WD Proxy]&amp#27;[39m Proxying [POST /element] to [POST http://127.0.0.1:10000/wd/hub/session/4d27662a-40ad-44a7-ae29-6f7bd3c4184c/element] with body: {"strategy":"xpath","selector":"//android.view.ViewGroup[@content-desc=\"test-Error message\"]/android.widget.TextView","context":"","multiple":false}
[debug] &amp#27;[35m[WD Proxy]&amp#27;[39m Got response with status 200: {"sessionId":"4d27662a-40ad-44a7-ae29-6f7bd3c4184c","value":{"ELEMENT":"42be1062-0502-4f95-8d30-df0e027f1b61","element-6066-11e4-a52e-4f735466cecf":"42be1062-0502-4f95-8d30-df0e027f1b61"}}
[debug] &amp#27;[35m[W3C (3e31c346)]&amp#27;[39m Responding to client with driver.findElement() result: {"element-6066-11e4-a52e-4f735466cecf":"42be1062-0502-4f95-8d30-df0e027f1b61","ELEMENT":"42be1062-0502-4f95-8d30-df0e027f1b61"}
&amp#27;[35m[HTTP]&amp#27;[39m &amp#27;[37m<-- POST /wd/hub/session/3e31c346-da08-4d99-a528-afea8ff633f9/element &amp#27;[39m&amp#27;[32m200&amp#27;[39m &amp#27;[90m134 ms - 137&amp#27;[39m
&amp#27;[35m[HTTP]&amp#27;[39m &amp#27;[90m&amp#27;[39m
&amp#27;[35m[HTTP]&amp#27;[39m &amp#27;[37m-->&amp#27;[39m &amp#27;[37mGET&amp#27;[39m &amp#27;[37m/wd/hub/session/3e31c346-da08-4d99-a528-afea8ff633f9/element/42be1062-0502-4f95-8d30-df0e027f1b61/attribute/text&amp#27;[39m
&amp#27;[35m[HTTP]&amp#27;[39m &amp#27;[90m{}&amp#27;[39m
[debug] &amp#27;[35m[W3C (3e31c346)]&amp#27;[39m Calling AppiumDriver.getAttribute() with args: ["text","42be1062-0502-4f95-8d30-df0e027f1b61","3e31c346-da08-4d99-a528-afea8ff633f9"]
[debug] &amp#27;[35m[WD Proxy]&amp#27;[39m Matched '/element/42be1062-0502-4f95-8d30-df0e027f1b61/attribute/text' to command name 'getAttribute'
[debug] &amp#27;[35m[WD Proxy]&amp#27;[39m Proxying [GET /element/42be1062-0502-4f95-8d30-df0e027f1b61/attribute/text] to [GET http://127.0.0.1:10000/wd/hub/session/4d27662a-40ad-44a7-ae29-6f7bd3c4184c/element/42be1062-0502-4f95-8d30-df0e027f1b61/attribute/text] with no body
[debug] &amp#27;[35m[WD Proxy]&amp#27;[39m Got response with status 200: {"sessionId":"4d27662a-40ad-44a7-ae29-6f7bd3c4184c","value":"Username and password do not match any user in this service."}
[debug] &amp#27;[35m[W3C (3e31c346)]&amp#27;[39m Responding to client with driver.getAttribute() result: "Username and password do not match any user in this service."
&amp#27;[35m[HTTP]&amp#27;[39m &amp#27;[37m<-- GET /wd/hub/session/3e31c346-[INFO ] 2021-08-02 23:35:48.378 BasePage:94 - error text is - Username and password do not match any user in this service.
  Then login should fail with an error "Username and password do not match any user in this service." # com.qa.stepdef.LoginStepDef.loginShouldFailWithAnError(java.lang.String)
da08-4d99-a528-afea8ff633f9/element/42be1062-0502-4f95-8d30-df0e027f1b61/attribute/text &amp#27;[39m&amp#27;[32m200&amp#27;[39m &amp#27;[90m27 ms - 72&amp#27;[39m
&amp#27;[35m[HTTP]&amp#27;[39m &amp#27;[90m&amp#27;[39m
&amp#27;[35m[HTTP]&amp#27;[39m &amp#27;[37m-->&amp#27;[39m &amp#27;[37mPOST&amp#27;[39m &amp#27;[37m/wd/hub/session/3e31c346-da08-4d99-a528-afea8ff633f9/appium/stop_recording_screen&amp#27;[39m
&amp#27;[35m[HTTP]&amp#27;[39m &amp#27;[90m{}&amp#27;[39m
[debug] &amp#27;[35m[W3C (3e31c346)]&amp#27;[39m Calling AppiumDriver.stopRecordingScreen() with args: [null,"3e31c346-da08-4d99-a528-afea8ff633f9"]
[debug] &amp#27;[35m[ADB]&amp#27;[39m Getting IDs of all 'screenrecord' processes
[debug] &amp#27;[35m[ADB]&amp#27;[39m Running 'C:\Users\Admin\AppData\Local\Android\Sdk\platform-tools\adb.exe -P 5037 -s emulator-5554 shell pgrep -f \(\[\[:blank:\]\]\|\^\)screenrecord\(\[\[:blank:\]\]\|\$\)'
[debug] &amp#27;[35m[ADB]&amp#27;[39m Running 'C:\Users\Admin\AppData\Local\Android\Sdk\platform-tools\adb.exe -P 5037 -s emulator-5554 shell kill -2 23727'
[debug] &amp#27;[35m[ADB]&amp#27;[39m Getting IDs of all 'screenrecord' processes
[debug] &amp#27;[35m[ADB]&amp#27;[39m Running 'C:\Users\Admin\AppData\Local\Android\Sdk\platform-tools\adb.exe -P 5037 -s emulator-5554 shell pgrep -f \(\[\[:blank:\]\]\|\^\)screenrecord\(\[\[:blank:\]\]\|\$\)'
[debug] &amp#27;[35m[ADB]&amp#27;[39m Getting IDs of all 'screenrecord' processes
[debug] &amp#27;[35m[ADB]&amp#27;[39m Running 'C:\Users\Admin\AppData\Local\Android\Sdk\platform-tools\adb.exe -P 5037 -s emulator-5554 shell pgrep -f \(\[\[:blank:\]\]\|\^\)screenrecord\(\[\[:blank:\]\]\|\$\)'
[debug] &amp#27;[35m[ADB]&amp#27;[39m Running 'C:\Users\Admin\AppData\Local\Android\Sdk\platform-tools\adb.exe -P 5037 -s emulator-5554 pull /sdcard/c19b4124.mp4 C:\Users\Admin\AppData\Local\Temp\202172-13204-sbos43.p5dqm\c19b4124.mp4'
[debug] &amp#27;[35m[ADB]&amp#27;[39m Running 'C:\Users\Admin\AppData\Local\Android\Sdk\platform-tools\adb.exe -P 5037 -s emulator-5554 shell rm -rf /sdcard/c19b4124.mp4'
[debug] &amp#27;[35m[AndroidDriver]&amp#27;[39m The size of the resulting screen recording is 244.39 KB
[debug] &amp#27;[35m[W3C (3e31c346)]&amp#27;[39m Responding to client with driver.stopRecordingScreen() result: "AAAAGGZ0eXBtcDQyAAAAAGlzb21tcDQyAAAFe21vb3YAAABsbXZoZAAAAADdLeR83S3kfAAAJxAAAKigAAEAAAEAAAAAAAAAAAAAAAABAAAAAAAAAAAAAAAAAAAAAQAAAAAAAAAAAAAAAAAAQAAAAAAAAAAAAAAAAAAAAAAAAAAAAAAAAAAAAAAAAAMAAAB2bWV0YQAAACFoZGxyAAAAAAAAAABtZHRhAAAAAAAAAAAAAAAAAAAAACtrZXlzAAAAAAAAAAEAAAAbbWR0YWNvbS5hbmRyb2lkLnZlcnNpb24AAAAiaWxzdAAAABoAAAABAAAAEmRhdGEAAAABAAAAADExAAAC63RyYWsAAABcdGtoZAAAAAfdLeR83S3kfAAAAAEAAAAAAACooAAAAAAAAAAAAAAAAAAAAAAAAQAAAAAAAAAAAAAAAAAAAAEAAAAAAAAAAAAAAAAAAEAAAAAEOAAACSQAAAAAAodtZGlhAAAAIG1kaGQAAAAA3S3kfN0t5HwAAV+QAAXtoQAAAAAAAAAsaGRscgAAAAAAAAAAdmlkZQAAAAAAAAAAAAAAAFZpZGVvSGFuZGxlAAAAAjNtaW5mAAAAFHZtaGQAAAABAAAAAAAAAAAAAAAkZGluZgAAABxkcmVmAAAAAAAAAAEAAAAMdXJsIAAAAAEAAAHzc3RibAAAALdzdHNkAAAAAAAAAAEAAACnYXZjMQAAAAAAAAABAAAAAAAAAAAAAAAAAAAAAAQ4CSQASAAAAEgAAAAAAAAAAQAgICAgICAgICAgICAgICAgICAgICAgICAgICAgICAgABj//wAAAC5hdmNDAULAMv/hABVnQsAyjWgEQBJ+WeQgAAADAPCIRqABAAZozgGoNcgAAAAQcGFzcAABAAAAAQAAAAAAE2NvbHJuY2x4AAEAAQABAAAAAHhzdHRzAAAAAAAAAA0AAAABAACq1QAAAAEAACQrAAAAAQAA19kAAAABAAAkigAAAAEAAChxAAAAAQAAwHcAAAAB...
&amp#27;[35m[HTTP]&amp#27;[39m &amp#27;[37m<-- POST /wd/hub/session/3e31c346-da08-4d99-a528-afea8ff633f9/appium/stop_recording_screen &amp#27;[39m&amp#27;[32m200&amp#27;[39m &amp#27;[90m1071 ms - 333692&amp#27;[39m
&amp#27;[35m[HTTP]&amp#27;[39m &amp#27;[90m&amp#27;[39m
[INFO ] 2021-08-02 23:35:49.533 VideoManager:35 - video path: Android_pixel_4a_API_30\Videos\Login with invalid password.mp4
]]></system-out>
  </testcase>
  <testcase name="scenario[&quot;Login with valid user name and password&quot;, &quot;Login scenarios&quot;](3)" classname="com.qa.runners.MyTestNGRunnerTest" time="9.117">
    <system-out><![CDATA[
@test
Scenario Outline: Login with valid user name and password # src/test/resources/Login.feature:29
&amp#27;[35m[HTTP]&amp#27;[39m &amp#27;[37m-->&amp#27;[39m &amp#27;[37mPOST&amp#27;[39m &amp#27;[37m/wd/hub/session/3e31c346-da08-4d99-a528-afea8ff633f9/appium/start_recording_screen&amp#27;[39m
&amp#27;[35m[HTTP]&amp#27;[39m &amp#27;[90m{}&amp#27;[39m
[debug] &amp#27;[35m[W3C (3e31c346)]&amp#27;[39m Calling AppiumDriver.startRecordingScreen() with args: [null,"3e31c346-da08-4d99-a528-afea8ff633f9"]
[debug] &amp#27;[35m[ADB]&amp#27;[39m Getting IDs of all 'screenrecord' processes
[debug] &amp#27;[35m[ADB]&amp#27;[39m Running 'C:\Users\Admin\AppData\Local\Android\Sdk\platform-tools\adb.exe -P 5037 -s emulator-5554 shell pgrep -f \(\[\[:blank:\]\]\|\^\)screenrecord\(\[\[:blank:\]\]\|\$\)'
&amp#27;[35m[AndroidDriver]&amp#27;[39m Screen recording has not been previously started by Appium. There is nothing to stop
[debug] &amp#27;[35m[ADB]&amp#27;[39m Getting IDs of all 'screenrecord' processes
[debug] &amp#27;[35m[ADB]&amp#27;[39m Running 'C:\Users\Admin\AppData\Local\Android\Sdk\platform-tools\adb.exe -P 5037 -s emulator-5554 shell pgrep -f \(\[\[:blank:\]\]\|\^\)screenrecord\(\[\[:blank:\]\]\|\$\)'
[debug] &amp#27;[35m[ADB]&amp#27;[39m Building screenrecord process with the command line: adb -P 5037 -s emulator-5554 shell screenrecord --time-limit 180 /sdcard/5b121703.mp4
[debug] &amp#27;[35m[ADB]&amp#27;[39m Running 'C:\Users\Admin\AppData\Local\Android\Sdk\platform-tools\adb.exe -P 5037 -s emulator-5554 shell "[ -e '/sdcard/5b121703.mp4' ] && echo __PASS__"'
[debug] &amp#27;[35m[ADB]&amp#27;[39m Running 'C:\Users\Admin\AppData\Local\Android\Sdk\platform-tools\adb.exe -P 5037 -s emulator-5554 shell "[ -e '/sdcard/5b121703.mp4' ] && echo __PASS__"'
[debug] &amp#27;[35m[W3C (3e31c346)]&amp#27;[39m Responding to client with driver.startRecordingScreen() result: ""
&amp#27;[35m[HTTP]&amp#27;[39m &amp#27;[37m<-- POST /wd/hub/session/3e31c346-da08-4d99-a528-afea8ff633f9/appium/start_recording_screen &amp#27;[39m&amp#27;[32m200&amp#27;[39m &amp#27;[90m750 ms - 12&amp#27;[39m
&amp#27;[35m[HTTP]&amp#27;[39m &amp#27;[90m&amp#27;[39m
&amp#27;[35m[HTTP]&amp#27;[39m &amp#27;[37m-->&amp#27;[39m &amp#27;[37mGET&amp#27;[39m &amp#27;[37m/wd/hub/session/3e31c346-da08-4d99-a528-afea8ff633f9/context&amp#27;[39m
&amp#27;[35m[HTTP]&amp#27;[39m &amp#27;[90m{}&amp#27;[39m
[debug] &amp#27;[35m[W3C (3e31c346)]&amp#27;[39m Calling AppiumDriver.getCurrentContext() with args: ["3e31c346-da08-4d99-a528-afea8ff633f9"]
[debug] &amp#27;[35m[W3C (3e31c346)]&amp#27;[39m Responding to client with driver.getCurrentContext() result: "NATIVE_APP"
&amp#27;[35m[HTTP]&amp#27;[39m &amp#27;[37m<-- GET /wd/hub/session/3e31c346-da08-4d99-a528-afea8ff633f9/context &amp#27;[39m&amp#27;[32m200&amp#27;[39m &amp#27;[90m3 ms - 22&amp#27;[39m
&amp#27;[35m[HTTP]&amp#27;[39m &amp#27;[90m&amp#27;[39m
&amp#27;[35m[HTTP]&amp#27;[39m &amp#27;[37m-->&amp#27;[39m &amp#27;[37mPOST&amp#27;[39m &amp#27;[37m/wd/hub/session/3e31c346-da08-4d99-a528-afea8ff633f9/element&amp#27;[39m
&amp#27;[35m[HTTP]&amp#27;[39m &amp#27;[90m{"using":"accessibility id","value":"test-Username"}&amp#27;[39m
[debug] &amp#27;[35m[W3C (3e31c346)]&amp#27;[39m Calling AppiumDriver.findElement() with args: ["accessibility id","test-Username","3e31c346-da08-4d99-a528-afea8ff633f9"]
[debug] &amp#27;[35m[BaseDriver]&amp#27;[39m Valid locator strategies for this request: xpath, id, class name, accessibility id, css selector, -android uiautomator
[debug] &amp#27;[35m[BaseDriver]&amp#27;[39m Waiting up to 0 ms for condition
[debug] &amp#27;[35m[WD Proxy]&amp#27;[39m Matched '/element' to command name 'findElement'
[debug] &amp#27;[35m[WD Proxy]&amp#27;[39m Proxying [POST /element] to [POST http://127.0.0.1:10000/wd/hub/session/4d27662a-40ad-44a7-ae29-6f7bd3c4184c/element] with body: {"strategy":"accessibility id","selector":"test-Username","context":"","multiple":false}
[debug] &amp#27;[35m[WD Proxy]&amp#27;[39m Got response with status 200: {"sessionId":"4d27662a-40ad-44a7-ae29-6f7bd3c4184c","value":{"ELEMENT":"98431930-3763-4321-8234-048c9bfaeefe","element-6066-11e4-a52e-4f735466cecf":"98431930-3763-4321-8234-048c9bfaeefe"}}
[debug] &amp#27;[35m[W3C (3e31c346)]&amp#27;[39m Responding to client with driver.findElement() result: {"element-6066-11e4-a52e-4f735466cecf":"98431930-3763-4321-8234-048c9bfaeefe","ELEMENT":"98431930-3763-4321-8234-048c9bfaeefe"}
&amp#27;[35m[HTTP]&amp#27;[39m &amp#27;[37m<-- POST /wd/hub/session/3e31c346-da08-4d99-a528-afea8ff633f9/element &amp#27;[39m&amp#27;[32m200&amp#27;[39m &amp#27;[90m37 ms - 137&amp#27;[39m
&amp#27;[35m[HTTP]&amp#27;[39m &amp#27;[90m&amp#27;[39m
&amp#27;[35m[HTTP]&amp#27;[39m &amp#27;[37m-->&amp#27;[39m &amp#27;[37mGET&amp#27;[39m &amp#27;[37m/wd/hub/session/3e31c346-da08-4d99-a528-afea8ff633f9/element/98431930-3763-4321-8234-048c9bfaeefe/displayed&amp#27;[39m
&amp#27;[35m[HTTP]&amp#27;[39m &amp#27;[90m{}&amp#27;[39m
[debug] &amp#27;[35m[W3C (3e31c346)]&amp#27;[39m Calling AppiumDriver.elementDisplayed() with args: ["98431930-3763-4321-8234-048c9bfaeefe","3e31c346-da08-4d99-a528-afea8ff633f9"]
[debug] &amp#27;[35m[WD Proxy]&amp#27;[39m Matched '/element/98431930-3763-4321-8234-048c9bfaeefe/attribute/displayed' to command name 'getAttribute'
[debug] &amp#27;[35m[WD Proxy]&amp#27;[39m Proxying [GET /element/98431930-3763-4321-8234-048c9bfaeefe/attribute/displayed] to [GET http://127.0.0.1:10000/wd/hub/session/4d27662a-40ad-44a7-ae29-6f7bd3c4184c/element/98431930-3763-4321-8234-048c9bfaeefe/attribute/displayed] with no body
[debug] &amp#27;[35m[WD Proxy]&amp#27;[39m Got response with status 200: {"sessionId":"4d27662a-40ad-44a7-ae29-6f7bd3c4184c","value":"true"}
[debug] &amp#27;[35m[W3C (3e31c346)]&amp#27;[39m Responding to client with driver.elementDisplayed() result: true
&amp#27;[35m[HTTP]&amp#27;[39m &amp#27;[37m<-- GET /wd/hub/session/3e31c346-da08-4d99-a528-afea8ff633f9/element/98431930-3763-4321-8234-048c9bfaeefe/displayed &amp#27;[39m&amp#27;[32m200&amp#27;[39m &amp#27;[90m22 ms - 14&amp#27;[39m
&amp#27;[35m[HTTP]&amp#27;[39m &amp#27;[90m&amp#27;[39m
&amp#27;[35m[HTTP]&amp#27;[39m &amp#27;[37m-->&amp#27;[39m &amp#27;[37mGET&amp#27;[39m &amp#27;[37m/wd/hub/session/3e31c346-da08-4d99-a528-afea8ff633f9/context&amp#27;[39m
&amp#27;[35m[HTTP]&amp#27;[39m &amp#27;[90m{}&amp#27;[39m
[debug] &amp#27;[35m[W3C (3e31c346)]&amp#27;[39m Calling AppiumDriver.getCurrentContext() with args: ["3e31c346-da08-4d99-a528-afea8ff633f9"]
[debug] &amp#27;[35m[W3C (3e31c346)]&amp#27;[39m Responding to client with driver.getCurrentContext() result: "NATIVE_APP"
&amp#27;[35m[HTTP]&amp#27;[39m &amp#27;[37m<-- GET /wd/hub/session/3e31c346-da08-4d99-a528-afea8ff633f9/context &amp#27;[39m&amp#27;[32m200&amp#27;[39m &amp#27;[90m2 ms - 22&amp#27;[39m
&amp#27;[35m[HTTP]&amp#27;[39m &amp#27;[90m&amp#27;[39m
&amp#27;[35m[HTTP]&amp#27;[39m &amp#27;[37m-->&amp#27;[39m &amp#27;[37mPOST&amp#27;[39m &amp#27;[37m/wd/hub/session/3e31c346-da08-4d99-a528-afea8ff633f9/element&amp#27;[39m
&amp#27;[35m[HTTP]&amp#27;[39m &amp#27;[90m{"using":"accessibility id","value":"test-Username"}&amp#27;[39m
[debug] &amp#27;[35m[W3C (3e31c346)]&amp#27;[39m Calling AppiumDriver.findElement() with args: ["accessibility id","test-Username","3e31c346-da08-4d99-a528-afea8ff633f9"]
[debug] &amp#27;[35m[BaseDriver]&amp#27;[39m Valid locator strategies for this request: xpath, id, class name, accessibility id, css selector, -android uiautomator
[debug] &amp#27;[35m[BaseDriver]&amp#27;[39m Waiting up to 0 ms for condition
[debug] &amp#27;[35m[WD Proxy]&amp#27;[39m Matched '/element' to command name 'findElement'
[debug] &amp#27;[35m[WD Proxy]&amp#27;[39m Proxying [POST /element] to [POST http://127.0.0.1:10000/wd/hub/session/4d27662a-40ad-44a7-ae29-6f7bd3c4184c/element] with body: {"strategy":"accessibility id","selector":"test-Username","context":"","multiple":false}
[debug] &amp#27;[35m[WD Proxy]&amp#27;[39m Got response with status 200: {"sessionId":"4d27662a-40ad-44a7-ae29-6f7bd3c4184c","value":{"ELEMENT":"f9d34782-821d-4d8d-a8b3-7ebb13e88a97","element-6066-11e4-a52e-4f735466cecf":"f9d34782-821d-4d8d-a8b3-7ebb13e88a97"}}
[debug] &amp#27;[35m[W3C (3e31c346)]&amp#27;[39m Responding to client with driver.findElement() result: {"element-6066-11e4-a52e-4f735466cecf":"f9d34782-821d-4d8d-a8b3-7ebb13e88a97","ELEMENT":"f9d34782-821d-4d8d-a8b3-7ebb13e88a97"}
&amp#27;[35m[HTTP]&amp#27;[39m &amp#27;[37m<-- POST /wd/hub/session/3e31c346-da08-4d99-a528-afea8ff633f9/element &amp#27;[39m&amp#27;[32m200&amp#27;[39m &amp#27;[90m36 ms - 137&amp#27;[39m
&amp#27;[35m[HTTP]&amp#27;[39m &amp#27;[90m&amp#27;[39m
&amp#27;[35m[HTTP]&amp#27;[39m &amp#27;[37m-->&amp#27;[39m &amp#27;[37mPOST&amp#27;[39m &amp#27;[37m/wd/hub/session/3e31c346-da08-4d99-a528-afea8ff633f9/element/f9d34782-821d-4d8d-a8b3-7ebb13e88a97/clear&amp#27;[39m
&amp#27;[35m[HTTP]&amp#27;[39m &amp#27;[90m{"id":"f9d34782-821d-4d8d-a8b3-7ebb13e88a97"}&amp#27;[39m
[debug] &amp#27;[35m[W3C (3e31c346)]&amp#27;[39m Calling AppiumDriver.clear() with args: ["f9d34782-821d-4d8d-a8b3-7ebb13e88a97","3e31c346-da08-4d99-a528-afea8ff633f9"]
[debug] &amp#27;[35m[WD Proxy]&amp#27;[39m Matched '/element/f9d34782-821d-4d8d-a8b3-7ebb13e88a97/clear' to command name 'clear'
[debug] &amp#27;[35m[WD Proxy]&amp#27;[39m Proxying [POST /element/f9d34782-821d-4d8d-a8b3-7ebb13e88a97/clear] to [POST http://127.0.0.1:10000/wd/hub/session/4d27662a-40ad-44a7-ae29-6f7bd3c4184c/element/f9d34782-821d-4d8d-a8b3-7ebb13e88a97/clear] with body: {"elementId":"f9d34782-821d-4d8d-a8b3-7ebb13e88a97"}
[debug] &amp#27;[35m[WD Proxy]&amp#27;[39m Got response with status 200: {"sessionId":"4d27662a-40ad-44a7-ae29-6f7bd3c4184c","value":null}
[debug] &amp#27;[35m[W3C (3e31c346)]&amp#27;[39m Responding to client with driver.clear() result: null
&amp#27;[35m[HTTP]&amp#27;[39m &amp#27;[37m<-- POST /wd/hub/session/3e31c346-da08-4d99-a528-afea8ff633f9/element/f9d34782-821d-4d8d-a8b3-7ebb13e88a97/clear &amp#27;[39m&amp#27;[32m200&amp#27;[39m &amp#27;[90m33 ms - 14&amp#27;[39m
&amp#27;[35m[HTTP]&amp#27;[39m &amp#27;[90m&amp#27;[39m
&amp#27;[35m[HTTP]&amp#27;[39m &amp#27;[37m-->&amp#27;[39m &amp#27;[37mGET&amp#27;[39m &amp#27;[37m/wd/hub/session/3e31c346-da08-4d99-a528-afea8ff633f9/context&amp#27;[39m
&amp#27;[35m[HTTP]&amp#27;[39m &amp#27;[90m{}&amp#27;[39m
[debug] &amp#27;[35m[W3C (3e31c346)]&amp#27;[39m Calling AppiumDriver.getCurrentContext() with args: ["3e31c346-da08-4d99-a528-afea8ff633f9"]
[debug] &amp#27;[35m[W3C (3e31c346)]&amp#27;[39m Responding to client with driver.getCurrentContext() result: "NATIVE_APP"
&amp#27;[35m[HTTP]&amp#27;[39m &amp#27;[37m<-- GET /wd/hub/session/3e31c346-da08-4d99-a528-afea8ff633f9/context &amp#27;[39m&amp#27;[32m200&amp#27;[39m &amp#27;[90m2 ms - 22&amp#27;[39m
&amp#27;[35m[HTTP]&amp#27;[39m &amp#27;[90m&amp#27;[39m
&amp#27;[35m[HTTP]&amp#27;[39m &amp#27;[37m-->&amp#27;[39m &amp#27;[37mPOST&amp#27;[39m &amp#27;[37m/wd/hub/session/3e31c346-da08-4d99-a528-afea8ff633f9/element&amp#27;[39m
&amp#27;[35m[HTTP]&amp#27;[39m &amp#27;[90m{"using":"accessibility id","value":"test-Username"}&amp#27;[39m
[debug] &amp#27;[35m[W3C (3e31c346)]&amp#27;[39m Calling AppiumDriver.findElement() with args: ["accessibility id","test-Username","3e31c346-da08-4d99-a528-afea8ff633f9"]
[debug] &amp#27;[35m[BaseDriver]&amp#27;[39m Valid locator strategies for this request: xpath, id, class name, accessibility id, css selector, -android uiautomator
[debug] &amp#27;[35m[BaseDriver]&amp#27;[39m Waiting up to 0 ms for condition
[debug] &amp#27;[35m[WD Proxy]&amp#27;[39m Matched '/element' to command name 'findElement'
[debug] &amp#27;[35m[WD Proxy]&amp#27;[39m Proxying [POST /element] to [POST http://127.0.0.1:10000/wd/hub/session/4d27662a-40ad-44a7-ae29-6f7bd3c4184c/element] with body: {"strategy":"accessibility id","selector":"test-Username","context":"","multiple":false}
[debug] &amp#27;[35m[WD Proxy]&amp#27;[39m Got response with status 200: {"sessionId":"4d27662a-40ad-44a7-ae29-6f7bd3c4184c","value":{"ELEMENT":"7ae31c0b-aeb0-47f0-996a-afb80f316d9f","element-6066-11e4-a52e-4f735466cecf":"7ae31c0b-aeb0-47f0-996a-afb80f316d9f"}}
[debug] &amp#27;[35m[W3C (3e31c346)]&amp#27;[39m Responding to client with driver.findElement() result: {"element-6066-11e4-a52e-4f735466cecf":"7ae31c0b-aeb0-47f0-996a-afb80f316d9f","ELEMENT":"7ae31c0b-aeb0-47f0-996a-afb80f316d9f"}
&amp#27;[35m[HTTP]&amp#27;[39m &amp#27;[37m<-- POST /wd/hub/session/3e31c346-da08-4d99-a528-afea8ff633f9/element &amp#27;[39m&amp#27;[32m200&amp#27;[39m &amp#27;[90m613 ms - 137&amp#27;[39m
&amp#27;[35m[HTTP]&amp#27;[39m &amp#27;[90m&amp#27;[39m
&amp#27;[35m[HTTP]&amp#27;[39m &amp#27;[37m-->&amp#27;[39m &amp#27;[37mGET&amp#27;[39m &amp#27;[37m/wd/hub/session/3e31c346-da08-4d99-a528-afea8ff633f9/element/7ae31c0b-aeb0-47f0-996a-afb80f316d9f/displayed&amp#27;[39m
&amp#27;[35m[HTTP]&amp#27;[39m &amp#27;[90m{}&amp#27;[39m
[debug] &amp#27;[35m[W3C (3e31c346)]&amp#27;[39m Calling AppiumDriver.elementDisplayed() with args: ["7ae31c0b-aeb0-47f0-996a-afb80f316d9f","3e31c346-da08-4d99-a528-afea8ff633f9"]
[debug] &amp#27;[35m[WD Proxy]&amp#27;[39m Matched '/element/7ae31c0b-aeb0-47f0-996a-afb80f316d9f/attribute/displayed' to command name 'getAttribute'
[debug] &amp#27;[35m[WD Proxy]&amp#27;[39m Proxying [GET /element/7ae31c0b-aeb0-47f0-996a-afb80f316d9f/attribute/displayed] to [GET http://127.0.0.1:10000/wd/hub/session/4d27662a-40ad-44a7-ae29-6f7bd3c4184c/element/7ae31c0b-aeb0-47f0-996a-afb80f316d9f/attribute/displayed] with no body
[debug] &amp#27;[35m[WD Proxy]&amp#27;[39m Got response with status 200: {"sessionId":"4d27662a-40ad-44a7-ae29-6f7bd3c4184c","value":"true"}
[debug] &amp#27;[35m[W3C (3e31c346)]&amp#27;[39m Responding to client with driver.elementDisplayed() result: true
&amp#27;[35m[HTTP]&amp#27;[39m &amp#27;[37m<-- GET /wd/hub/session/3e31c346-da08-4d99-a528-afea8ff633f9/element/7ae31c0b-aeb0-47f0-996a-afb80f316d9f/displayed &amp#27;[39m&amp#27;[32m200&amp#27;[39m &amp#27;[90m21 ms - 14&amp#27;[39m
&amp#27;[35m[HTTP]&amp#27;[39m &amp#27;[90m&amp#27;[39m
[INFO ] 2021-08-02 23:35:51.146 BasePage:71 - login with standard_user
&amp#27;[35m[HTTP]&amp#27;[39m &amp#27;[37m-->&amp#27;[39m &amp#27;[37mGET&amp#27;[39m &amp#27;[37m/wd/hub/session/3e31c346-da08-4d99-a528-afea8ff633f9/context&amp#27;[39m
&amp#27;[35m[HTTP]&amp#27;[39m &amp#27;[90m{}&amp#27;[39m
[debug] &amp#27;[35m[W3C (3e31c346)]&amp#27;[39m Calling AppiumDriver.getCurrentContext() with args: ["3e31c346-da08-4d99-a528-afea8ff633f9"]
[debug] &amp#27;[35m[W3C (3e31c346)]&amp#27;[39m Responding to client with driver.getCurrentContext() result: "NATIVE_APP"
&amp#27;[35m[HTTP]&amp#27;[39m &amp#27;[37m<-- GET /wd/hub/session/3e31c346-da08-4d99-a528-afea8ff633f9/context &amp#27;[39m&amp#27;[32m200&amp#27;[39m &amp#27;[90m2 ms - 22&amp#27;[39m
&amp#27;[35m[HTTP]&amp#27;[39m &amp#27;[90m&amp#27;[39m
&amp#27;[35m[HTTP]&amp#27;[39m &amp#27;[37m-->&amp#27;[39m &amp#27;[37mPOST&amp#27;[39m &amp#27;[37m/wd/hub/session/3e31c346-da08-4d99-a528-afea8ff633f9/element&amp#27;[39m
&amp#27;[35m[HTTP]&amp#27;[39m &amp#27;[90m{"using":"accessibility id","value":"test-Username"}&amp#27;[39m
[debug] &amp#27;[35m[W3C (3e31c346)]&amp#27;[39m Calling AppiumDriver.findElement() with args: ["accessibility id","test-Username","3e31c346-da08-4d99-a528-afea8ff633f9"]
[debug] &amp#27;[35m[BaseDriver]&amp#27;[39m Valid locator strategies for this request: xpath, id, class name, accessibility id, css selector, -android uiautomator
[debug] &amp#27;[35m[BaseDriver]&amp#27;[39m Waiting up to 0 ms for condition
[debug] &amp#27;[35m[WD Proxy]&amp#27;[39m Matched '/element' to command name 'findElement'
[debug] &amp#27;[35m[WD Proxy]&amp#27;[39m Proxying [POST /element] to [POST http://127.0.0.1:10000/wd/hub/session/4d27662a-40ad-44a7-ae29-6f7bd3c4184c/element] with body: {"strategy":"accessibility id","selector":"test-Username","context":"","multiple":false}
[debug] &amp#27;[35m[WD Proxy]&amp#27;[39m Got response with status 200: {"sessionId":"4d27662a-40ad-44a7-ae29-6f7bd3c4184c","value":{"ELEMENT":"4b59507e-2485-4ff3-8a90-5c6aadeba17a","element-6066-11e4-a52e-4f735466cecf":"4b59507e-2485-4ff3-8a90-5c6aadeba17a"}}
[debug] &amp#27;[35m[W3C (3e31c346)]&amp#27;[39m Responding to client with driver.findElement() result: {"element-6066-11e4-a52e-4f735466cecf":"4b59507e-2485-4ff3-8a90-5c6aadeba17a","ELEMENT":"4b59507e-2485-4ff3-8a90-5c6aadeba17a"}
&amp#27;[35m[HTTP]&amp#27;[39m &amp#27;[37m<-- POST /wd/hub/session/3e31c346-da08-4d99-a528-afea8ff633f9/element &amp#27;[39m&amp#27;[32m200&amp#27;[39m &amp#27;[90m43 ms - 137&amp#27;[39m
&amp#27;[35m[HTTP]&amp#27;[39m &amp#27;[90m&amp#27;[39m
&amp#27;[35m[HTTP]&amp#27;[39m &amp#27;[37m-->&amp#27;[39m &amp#27;[37mPOST&amp#27;[39m &amp#27;[37m/wd/hub/session/3e31c346-da08-4d99-a528-afea8ff633f9/element/4b59507e-2485-4ff3-8a90-5c6aadeba17a/value&amp#27;[39m
&amp#27;[35m[HTTP]&amp#27;[39m &amp#27;[90m{"id":"4b59507e-2485-4ff3-8a90-5c6aadeba17a","text":"standard_user","value":["s","t","a","n","d","a","r","d","_","u","s","e","r"]}&amp#27;[39m
[debug] &amp#27;[35m[W3C (3e31c346)]&amp#27;[39m Calling AppiumDriver.setValue() with args: [["s","t","a","n","d","a","r","d","_","u","s","e","r"],"4b59507e-2485-4ff3-8a90-5c6aadeba17a","3e31c346-da08-4d99-a528-afea8ff633f9"]
[debug] &amp#27;[35m[WD Proxy]&amp#27;[39m Matched '/element/4b59507e-2485-4ff3-8a90-5c6aadeba17a/value' to command name 'setValue'
[debug] &amp#27;[35m[Protocol Converter]&amp#27;[39m Added 'value' property ["s","t","a","n","d","a","r","d","_","u","s","e","r"] to 'setValue' request body
[debug] &amp#27;[35m[WD Proxy]&amp#27;[39m Proxying [POST /element/4b59507e-2485-4ff3-8a90-5c6aadeba17a/value] to [POST http://127.0.0.1:10000/wd/hub/session/4d27662a-40ad-44a7-ae29-6f7bd3c4184c/element/4b59507e-2485-4ff3-8a90-5c6aadeba17a/value] with body: {"elementId":"4b59507e-2485-4ff3-8a90-5c6aadeba17a","text":"standard_user","replace":false,"value":["s","t","a","n","d","a","r","d","_","u","s","e","r"]}
[debug] &amp#27;[35m[WD Proxy]&amp#27;[39m Got response with status 200: {"sessionId":"4d27662a-40ad-44a7-ae29-6f7bd3c4184c","value":null}
[debug] &amp#27;[35m[W3C (3e31c346)]&amp#27;[39m Responding to client with driver.setValue() result: null
&amp#27;[35m[HTTP]&amp#27;[39m &amp#27;[37m<-- POST /wd/hub/session/3e31c346-da08-4d99-a528-afea8ff633f9/element/4b59507e-2485-4ff3-8a90-5c6aadeba17a/value &amp#27;[39m&amp#27;[32m200&amp#27;[39m &amp#27;[90m558 ms - 14&amp#27;[39m
&amp#27;[35m[HTTP]&amp#27;[39m &amp#27;[90m&amp#27;[39m
  When I enter username as "standard_user"                # com.qa.stepdef.LoginStepDef.iEnterUsernameAs(java.lang.String)
&amp#27;[35m[HTTP]&amp#27;[39m &amp#27;[37m-->&amp#27;[39m &amp#27;[37mGET&amp#27;[39m &amp#27;[37m/wd/hub/session/3e31c346-da08-4d99-a528-afea8ff633f9/context&amp#27;[39m
&amp#27;[35m[HTTP]&amp#27;[39m &amp#27;[90m{}&amp#27;[39m
[debug] &amp#27;[35m[W3C (3e31c346)]&amp#27;[39m Calling AppiumDriver.getCurrentContext() with args: ["3e31c346-da08-4d99-a528-afea8ff633f9"]
[debug] &amp#27;[35m[W3C (3e31c346)]&amp#27;[39m Responding to client with driver.getCurrentContext() result: "NATIVE_APP"
&amp#27;[35m[HTTP]&amp#27;[39m &amp#27;[37m<-- GET /wd/hub/session/3e31c346-da08-4d99-a528-afea8ff633f9/context &amp#27;[39m&amp#27;[32m200&amp#27;[39m &amp#27;[90m2 ms - 22&amp#27;[39m
&amp#27;[35m[HTTP]&amp#27;[39m &amp#27;[90m&amp#27;[39m
&amp#27;[35m[HTTP]&amp#27;[39m &amp#27;[37m-->&amp#27;[39m &amp#27;[37mPOST&amp#27;[39m &amp#27;[37m/wd/hub/session/3e31c346-da08-4d99-a528-afea8ff633f9/element&amp#27;[39m
&amp#27;[35m[HTTP]&amp#27;[39m &amp#27;[90m{"using":"accessibility id","value":"test-Password"}&amp#27;[39m
[debug] &amp#27;[35m[W3C (3e31c346)]&amp#27;[39m Calling AppiumDriver.findElement() with args: ["accessibility id","test-Password","3e31c346-da08-4d99-a528-afea8ff633f9"]
[debug] &amp#27;[35m[BaseDriver]&amp#27;[39m Valid locator strategies for this request: xpath, id, class name, accessibility id, css selector, -android uiautomator
[debug] &amp#27;[35m[BaseDriver]&amp#27;[39m Waiting up to 0 ms for condition
[debug] &amp#27;[35m[WD Proxy]&amp#27;[39m Matched '/element' to command name 'findElement'
[debug] &amp#27;[35m[WD Proxy]&amp#27;[39m Proxying [POST /element] to [POST http://127.0.0.1:10000/wd/hub/session/4d27662a-40ad-44a7-ae29-6f7bd3c4184c/element] with body: {"strategy":"accessibility id","selector":"test-Password","context":"","multiple":false}
[debug] &amp#27;[35m[WD Proxy]&amp#27;[39m Got response with status 200: {"sessionId":"4d27662a-40ad-44a7-ae29-6f7bd3c4184c","value":{"ELEMENT":"9da1a2ba-1804-4f5f-a89d-e4e55471ed35","element-6066-11e4-a52e-4f735466cecf":"9da1a2ba-1804-4f5f-a89d-e4e55471ed35"}}
[debug] &amp#27;[35m[W3C (3e31c346)]&amp#27;[39m Responding to client with driver.findElement() result: {"element-6066-11e4-a52e-4f735466cecf":"9da1a2ba-1804-4f5f-a89d-e4e55471ed35","ELEMENT":"9da1a2ba-1804-4f5f-a89d-e4e55471ed35"}
&amp#27;[35m[HTTP]&amp#27;[39m &amp#27;[37m<-- POST /wd/hub/session/3e31c346-da08-4d99-a528-afea8ff633f9/element &amp#27;[39m&amp#27;[32m200&amp#27;[39m &amp#27;[90m486 ms - 137&amp#27;[39m
&amp#27;[35m[HTTP]&amp#27;[39m &amp#27;[90m&amp#27;[39m
&amp#27;[35m[HTTP]&amp#27;[39m &amp#27;[37m-->&amp#27;[39m &amp#27;[37mGET&amp#27;[39m &amp#27;[37m/wd/hub/session/3e31c346-da08-4d99-a528-afea8ff633f9/element/9da1a2ba-1804-4f5f-a89d-e4e55471ed35/displayed&amp#27;[39m
&amp#27;[35m[HTTP]&amp#27;[39m &amp#27;[90m{}&amp#27;[39m
[debug] &amp#27;[35m[W3C (3e31c346)]&amp#27;[39m Calling AppiumDriver.elementDisplayed() with args: ["9da1a2ba-1804-4f5f-a89d-e4e55471ed35","3e31c346-da08-4d99-a528-afea8ff633f9"]
[debug] &amp#27;[35m[WD Proxy]&amp#27;[39m Matched '/element/9da1a2ba-1804-4f5f-a89d-e4e55471ed35/attribute/displayed' to command name 'getAttribute'
[debug] &amp#27;[35m[WD Proxy]&amp#27;[39m Proxying [GET /element/9da1a2ba-1804-4f5f-a89d-e4e55471ed35/attribute/displayed] to [GET http://127.0.0.1:10000/wd/hub/session/4d27662a-40ad-44a7-ae29-6f7bd3c4184c/element/9da1a2ba-1804-4f5f-a89d-e4e55471ed35/attribute/displayed] with no body
[debug] &amp#27;[35m[WD Proxy]&amp#27;[39m Got response with status 200: {"sessionId":"4d27662a-40ad-44a7-ae29-6f7bd3c4184c","value":"true"}
[debug] &amp#27;[35m[W3C (3e31c346)]&amp#27;[39m Responding to client with driver.elementDisplayed() result: true
&amp#27;[35m[HTTP]&amp#27;[39m &amp#27;[37m<-- GET /wd/hub/session/3e31c346-da08-4d99-a528-afea8ff633f9/element/9da1a2ba-1804-4f5f-a89d-e4e55471ed35/displayed &amp#27;[39m&amp#27;[32m200&amp#27;[39m &amp#27;[90m20 ms - 14&amp#27;[39m
&amp#27;[35m[HTTP]&amp#27;[39m &amp#27;[90m&amp#27;[39m
&amp#27;[35m[HTTP]&amp#27;[39m &amp#27;[37m-->&amp#27;[39m &amp#27;[37mGET&amp#27;[39m &amp#27;[37m/wd/hub/session/3e31c346-da08-4d99-a528-afea8ff633f9/context&amp#27;[39m
&amp#27;[35m[HTTP]&amp#27;[39m &amp#27;[90m{}&amp#27;[39m
[debug] &amp#27;[35m[W3C (3e31c346)]&amp#27;[39m Calling AppiumDriver.getCurrentContext() with args: ["3e31c346-da08-4d99-a528-afea8ff633f9"]
[debug] &amp#27;[35m[W3C (3e31c346)]&amp#27;[39m Responding to client with driver.getCurrentContext() result: "NATIVE_APP"
&amp#27;[35m[HTTP]&amp#27;[39m &amp#27;[37m<-- GET /wd/hub/session/3e31c346-da08-4d99-a528-afea8ff633f9/context &amp#27;[39m&amp#27;[32m200&amp#27;[39m &amp#27;[90m2 ms - 22&amp#27;[39m
&amp#27;[35m[HTTP]&amp#27;[39m &amp#27;[90m&amp#27;[39m
&amp#27;[35m[HTTP]&amp#27;[39m &amp#27;[37m-->&amp#27;[39m &amp#27;[37mPOST&amp#27;[39m &amp#27;[37m/wd/hub/session/3e31c346-da08-4d99-a528-afea8ff633f9/element&amp#27;[39m
&amp#27;[35m[HTTP]&amp#27;[39m &amp#27;[90m{"using":"accessibility id","value":"test-Password"}&amp#27;[39m
[debug] &amp#27;[35m[W3C (3e31c346)]&amp#27;[39m Calling AppiumDriver.findElement() with args: ["accessibility id","test-Password","3e31c346-da08-4d99-a528-afea8ff633f9"]
[debug] &amp#27;[35m[BaseDriver]&amp#27;[39m Valid locator strategies for this request: xpath, id, class name, accessibility id, css selector, -android uiautomator
[debug] &amp#27;[35m[BaseDriver]&amp#27;[39m Waiting up to 0 ms for condition
[debug] &amp#27;[35m[WD Proxy]&amp#27;[39m Matched '/element' to command name 'findElement'
[debug] &amp#27;[35m[WD Proxy]&amp#27;[39m Proxying [POST /element] to [POST http://127.0.0.1:10000/wd/hub/session/4d27662a-40ad-44a7-ae29-6f7bd3c4184c/element] with body: {"strategy":"accessibility id","selector":"test-Password","context":"","multiple":false}
[debug] &amp#27;[35m[WD Proxy]&amp#27;[39m Got response with status 200: {"sessionId":"4d27662a-40ad-44a7-ae29-6f7bd3c4184c","value":{"ELEMENT":"30e3e59f-85bb-41f2-83ee-5ccdbcc39f28","element-6066-11e4-a52e-4f735466cecf":"30e3e59f-85bb-41f2-83ee-5ccdbcc39f28"}}
[debug] &amp#27;[35m[W3C (3e31c346)]&amp#27;[39m Responding to client with driver.findElement() result: {"element-6066-11e4-a52e-4f735466cecf":"30e3e59f-85bb-41f2-83ee-5ccdbcc39f28","ELEMENT":"30e3e59f-85bb-41f2-83ee-5ccdbcc39f28"}
&amp#27;[35m[HTTP]&amp#27;[39m &amp#27;[37m<-- POST /wd/hub/session/3e31c346-da08-4d99-a528-afea8ff633f9/element &amp#27;[39m&amp#27;[32m200&amp#27;[39m &amp#27;[90m48 ms - 137&amp#27;[39m
&amp#27;[35m[HTTP]&amp#27;[39m &amp#27;[90m&amp#27;[39m
&amp#27;[35m[HTTP]&amp#27;[39m &amp#27;[37m-->&amp#27;[39m &amp#27;[37mPOST&amp#27;[39m &amp#27;[37m/wd/hub/session/3e31c346-da08-4d99-a528-afea8ff633f9/element/30e3e59f-85bb-41f2-83ee-5ccdbcc39f28/clear&amp#27;[39m
&amp#27;[35m[HTTP]&amp#27;[39m &amp#27;[90m{"id":"30e3e59f-85bb-41f2-83ee-5ccdbcc39f28"}&amp#27;[39m
[debug] &amp#27;[35m[W3C (3e31c346)]&amp#27;[39m Calling AppiumDriver.clear() with args: ["30e3e59f-85bb-41f2-83ee-5ccdbcc39f28","3e31c346-da08-4d99-a528-afea8ff633f9"]
[debug] &amp#27;[35m[WD Proxy]&amp#27;[39m Matched '/element/30e3e59f-85bb-41f2-83ee-5ccdbcc39f28/clear' to command name 'clear'
[debug] &amp#27;[35m[WD Proxy]&amp#27;[39m Proxying [POST /element/30e3e59f-85bb-41f2-83ee-5ccdbcc39f28/clear] to [POST http://127.0.0.1:10000/wd/hub/session/4d27662a-40ad-44a7-ae29-6f7bd3c4184c/element/30e3e59f-85bb-41f2-83ee-5ccdbcc39f28/clear] with body: {"elementId":"30e3e59f-85bb-41f2-83ee-5ccdbcc39f28"}
[debug] &amp#27;[35m[WD Proxy]&amp#27;[39m Got response with status 200: {"sessionId":"4d27662a-40ad-44a7-ae29-6f7bd3c4184c","value":null}
[debug] &amp#27;[35m[W3C (3e31c346)]&amp#27;[39m Responding to client with driver.clear() result: null
&amp#27;[35m[HTTP]&amp#27;[39m &amp#27;[37m<-- POST /wd/hub/session/3e31c346-da08-4d99-a528-afea8ff633f9/element/30e3e59f-85bb-41f2-83ee-5ccdbcc39f28/clear &amp#27;[39m&amp#27;[32m200&amp#27;[39m &amp#27;[90m36 ms - 14&amp#27;[39m
&amp#27;[35m[HTTP]&amp#27;[39m &amp#27;[90m&amp#27;[39m
&amp#27;[35m[HTTP]&amp#27;[39m &amp#27;[37m-->&amp#27;[39m &amp#27;[37mGET&amp#27;[39m &amp#27;[37m/wd/hub/session/3e31c346-da08-4d99-a528-afea8ff633f9/context&amp#27;[39m
&amp#27;[35m[HTTP]&amp#27;[39m &amp#27;[90m{}&amp#27;[39m
[debug] &amp#27;[35m[W3C (3e31c346)]&amp#27;[39m Calling AppiumDriver.getCurrentContext() with args: ["3e31c346-da08-4d99-a528-afea8ff633f9"]
[debug] &amp#27;[35m[W3C (3e31c346)]&amp#27;[39m Responding to client with driver.getCurrentContext() result: "NATIVE_APP"
&amp#27;[35m[HTTP]&amp#27;[39m &amp#27;[37m<-- GET /wd/hub/session/3e31c346-da08-4d99-a528-afea8ff633f9/context &amp#27;[39m&amp#27;[32m200&amp#27;[39m &amp#27;[90m5 ms - 22&amp#27;[39m
&amp#27;[35m[HTTP]&amp#27;[39m &amp#27;[90m&amp#27;[39m
&amp#27;[35m[HTTP]&amp#27;[39m &amp#27;[37m-->&amp#27;[39m &amp#27;[37mPOST&amp#27;[39m &amp#27;[37m/wd/hub/session/3e31c346-da08-4d99-a528-afea8ff633f9/element&amp#27;[39m
&amp#27;[35m[HTTP]&amp#27;[39m &amp#27;[90m{"using":"accessibility id","value":"test-Password"}&amp#27;[39m
[debug] &amp#27;[35m[W3C (3e31c346)]&amp#27;[39m Calling AppiumDriver.findElement() with args: ["accessibility id","test-Password","3e31c346-da08-4d99-a528-afea8ff633f9"]
[debug] &amp#27;[35m[BaseDriver]&amp#27;[39m Valid locator strategies for this request: xpath, id, class name, accessibility id, css selector, -android uiautomator
[debug] &amp#27;[35m[BaseDriver]&amp#27;[39m Waiting up to 0 ms for condition
[debug] &amp#27;[35m[WD Proxy]&amp#27;[39m Matched '/element' to command name 'findElement'
[debug] &amp#27;[35m[WD Proxy]&amp#27;[39m Proxying [POST /element] to [POST http://127.0.0.1:10000/wd/hub/session/4d27662a-40ad-44a7-ae29-6f7bd3c4184c/element] with body: {"strategy":"accessibility id","selector":"test-Password","context":"","multiple":false}
[debug] &amp#27;[35m[WD Proxy]&amp#27;[39m Got response with status 200: {"sessionId":"4d27662a-40ad-44a7-ae29-6f7bd3c4184c","value":{"ELEMENT":"9062cceb-bc59-4b61-8c69-5e8f4fd5beba","element-6066-11e4-a52e-4f735466cecf":"9062cceb-bc59-4b61-8c69-5e8f4fd5beba"}}
[debug] &amp#27;[35m[W3C (3e31c346)]&amp#27;[39m Responding to client with driver.findElement() result: {"element-6066-11e4-a52e-4f735466cecf":"9062cceb-bc59-4b61-8c69-5e8f4fd5beba","ELEMENT":"9062cceb-bc59-4b61-8c69-5e8f4fd5beba"}
&amp#27;[35m[HTTP]&amp#27;[39m &amp#27;[37m<-- POST /wd/hub/session/3e31c346-da08-4d99-a528-afea8ff633f9/element &amp#27;[39m&amp#27;[32m200&amp#27;[39m &amp#27;[90m473 ms - 137&amp#27;[39m
&amp#27;[35m[HTTP]&amp#27;[39m &amp#27;[90m&amp#27;[39m
&amp#27;[35m[HTTP]&amp#27;[39m &amp#27;[37m-->&amp#27;[39m &amp#27;[37mGET&amp#27;[39m &amp#27;[37m/wd/hub/session/3e31c346-da08-4d99-a528-afea8ff633f9/element/9062cceb-bc59-4b61-8c69-5e8f4fd5beba/displayed&amp#27;[39m
&amp#27;[35m[HTTP]&amp#27;[39m &amp#27;[90m{}&amp#27;[39m
[debug] &amp#27;[35m[W3C (3e31c346)]&amp#27;[39m Calling AppiumDriver.elementDisplayed() with args: ["9062cceb-bc59-4b61-8c69-5e8f4fd5beba","3e31c346-da08-4d99-a528-afea8ff633f9"]
[debug] &amp#27;[35m[WD Proxy]&amp#27;[39m Matched '/element/9062cceb-bc59-4b61-8c69-5e8f4fd5beba/attribute/displayed' to command name 'getAttribute'
[debug] &amp#27;[35m[WD Proxy]&amp#27;[39m Proxying [GET /element/9062cceb-bc59-4b61-8c69-5e8f4fd5beba/attribute/displayed] to [GET http://127.0.0.1:10000/wd/hub/session/4d27662a-40ad-44a7-ae29-6f7bd3c4184c/element/9062cceb-bc59-4b61-8c69-5e8f4fd5beba/attribute/displayed] with no body
[debug] &amp#27;[35m[WD Proxy]&amp#27;[39m Got response with status 200: {"sessionId":"4d27662a-40ad-44a7-ae29-6f7bd3c4184c","value":"true"}
[debug] &amp#27;[35m[W3C (3e31c346)]&amp#27;[39m Responding to client with driver.elementDisplayed() result: true
&amp#27;[35m[HTTP]&amp#27;[39m &amp#27;[37m<-- GET /wd/hub/session/3e31c346-da08-4d99-a528-afea8ff633f9/element/9062cceb-bc59-4b61-8c69-5e8f4fd5beba/displayed &amp#27;[39m&amp#27;[32m200&amp#27;[39m &amp#27;[90m19 ms - 14&amp#27;[39m
&amp#27;[35m[HTTP]&amp#27;[39m &amp#27;[90m&amp#27;[39m
[INFO ] 2021-08-02 23:35:52.965 BasePage:71 - password is secret_sauce
&amp#27;[35m[HTTP]&amp#27;[39m &amp#27;[37m-->&amp#27;[39m &amp#27;[37mGET&amp#27;[39m &amp#27;[37m/wd/hub/session/3e31c346-da08-4d99-a528-afea8ff633f9/context&amp#27;[39m
&amp#27;[35m[HTTP]&amp#27;[39m &amp#27;[90m{}&amp#27;[39m
[debug] &amp#27;[35m[W3C (3e31c346)]&amp#27;[39m Calling AppiumDriver.getCurrentContext() with args: ["3e31c346-da08-4d99-a528-afea8ff633f9"]
[debug] &amp#27;[35m[W3C (3e31c346)]&amp#27;[39m Responding to client with driver.getCurrentContext() result: "NATIVE_APP"
&amp#27;[35m[HTTP]&amp#27;[39m &amp#27;[37m<-- GET /wd/hub/session/3e31c346-da08-4d99-a528-afea8ff633f9/context &amp#27;[39m&amp#27;[32m200&amp#27;[39m &amp#27;[90m2 ms - 22&amp#27;[39m
&amp#27;[35m[HTTP]&amp#27;[39m &amp#27;[90m&amp#27;[39m
&amp#27;[35m[HTTP]&amp#27;[39m &amp#27;[37m-->&amp#27;[39m &amp#27;[37mPOST&amp#27;[39m &amp#27;[37m/wd/hub/session/3e31c346-da08-4d99-a528-afea8ff633f9/element&amp#27;[39m
&amp#27;[35m[HTTP]&amp#27;[39m &amp#27;[90m{"using":"accessibility id","value":"test-Password"}&amp#27;[39m
[debug] &amp#27;[35m[W3C (3e31c346)]&amp#27;[39m Calling AppiumDriver.findElement() with args: ["accessibility id","test-Password","3e31c346-da08-4d99-a528-afea8ff633f9"]
[debug] &amp#27;[35m[BaseDriver]&amp#27;[39m Valid locator strategies for this request: xpath, id, class name, accessibility id, css selector, -android uiautomator
[debug] &amp#27;[35m[BaseDriver]&amp#27;[39m Waiting up to 0 ms for condition
[debug] &amp#27;[35m[WD Proxy]&amp#27;[39m Matched '/element' to command name 'findElement'
[debug] &amp#27;[35m[WD Proxy]&amp#27;[39m Proxying [POST /element] to [POST http://127.0.0.1:10000/wd/hub/session/4d27662a-40ad-44a7-ae29-6f7bd3c4184c/element] with body: {"strategy":"accessibility id","selector":"test-Password","context":"","multiple":false}
[debug] &amp#27;[35m[WD Proxy]&amp#27;[39m Got response with status 200: {"sessionId":"4d27662a-40ad-44a7-ae29-6f7bd3c4184c","value":{"ELEMENT":"0f926f76-83d4-4754-aaa9-5cde1ac13f38","element-6066-11e4-a52e-4f735466cecf":"0f926f76-83d4-4754-aaa9-5cde1ac13f38"}}
[debug] &amp#27;[35m[W3C (3e31c346)]&amp#27;[39m Responding to client with driver.findElement() result: {"element-6066-11e4-a52e-4f735466cecf":"0f926f76-83d4-4754-aaa9-5cde1ac13f38","ELEMENT":"0f926f76-83d4-4754-aaa9-5cde1ac13f38"}
&amp#27;[35m[HTTP]&amp#27;[39m &amp#27;[37m<-- POST /wd/hub/session/3e31c346-da08-4d99-a528-afea8ff633f9/element &amp#27;[39m&amp#27;[32m200&amp#27;[39m &amp#27;[90m38 ms - 137&amp#27;[39m
&amp#27;[35m[HTTP]&amp#27;[39m &amp#27;[90m&amp#27;[39m
&amp#27;[35m[HTTP]&amp#27;[39m &amp#27;[37m-->&amp#27;[39m &amp#27;[37mPOST&amp#27;[39m &amp#27;[37m/wd/hub/session/3e31c346-da08-4d99-a528-afea8ff633f9/element/0f926f76-83d4-4754-aaa9-5cde1ac13f38/value&amp#27;[39m
&amp#27;[35m[HTTP]&amp#27;[39m &amp#27;[90m{"id":"0f926f76-83d4-4754-aaa9-5cde1ac13f38","text":"secret_sauce","value":["s","e","c","r","e","t","_","s","a","u","c","e"]}&amp#27;[39m
[debug] &amp#27;[35m[W3C (3e31c346)]&amp#27;[39m Calling AppiumDriver.setValue() with args: [["s","e","c","r","e","t","_","s","a","u","c","e"],"0f926f76-83d4-4754-aaa9-5cde1ac13f38","3e31c346-da08-4d99-a528-afea8ff633f9"]
[debug] &amp#27;[35m[WD Proxy]&amp#27;[39m Matched '/element/0f926f76-83d4-4754-aaa9-5cde1ac13f38/value' to command name 'setValue'
[debug] &amp#27;[35m[Protocol Converter]&amp#27;[39m Added 'value' property ["s","e","c","r","e","t","_","s","a","u","c","e"] to 'setValue' request body
[debug] &amp#27;[35m[WD Proxy]&amp#27;[39m Proxying [POST /element/0f926f76-83d4-4754-aaa9-5cde1ac13f38/value] to [POST http://127.0.0.1:10000/wd/hub/session/4d27662a-40ad-44a7-ae29-6f7bd3c4184c/element/0f926f76-83d4-4754-aaa9-5cde1ac13f38/value] with body: {"elementId":"0f926f76-83d4-4754-aaa9-5cde1ac13f38","text":"secret_sauce","replace":false,"value":["s","e","c","r","e","t","_","s","a","u","c","e"]}
[debug] &amp#27;[35m[WD Proxy]&amp#27;[39m Got response with status 200: {"sessionId":"4d27662a-40ad-44a7-ae29-6f7bd3c4184c","value":null}
[debug] &amp#27;[35m[W3C (3e31c346)]&amp#27;[39m Responding to client with driver.setValue() result: null
&amp#27;[35m[HTTP]&amp#27;[39m &amp#27;[37m<-- POST /wd/hub/session/3e31c346-da08-4d99-a528-afea8ff633f9/element/0f926f76-83d4-4754-aaa9-5cde1ac13f38/value &amp#27;[39m&amp#27;[32m200&amp#27;[39m &amp#27;  And I enter password as "secret_sauce"                  # com.qa.stepdef.LoginStepDef.iEnterPasswordAs(java.lang.String)[90m546 ms - 14&amp#27;[39m

&amp#27;[35m[HTTP]&amp#27;[39m &amp#27;[90m&amp#27;[39m
&amp#27;[35m[HTTP]&amp#27;[39m &amp#27;[37m-->&amp#27;[39m &amp#27;[37mGET&amp#27;[39m &amp#27;[37m/wd/hub/session/3e31c346-da08-4d99-a528-afea8ff633f9/context&amp#27;[39m
&amp#27;[35m[HTTP]&amp#27;[39m &amp#27;[90m{}&amp#27;[39m
[debug] &amp#27;[35m[W3C (3e31c346)]&amp#27;[39m Calling AppiumDriver.getCurrentContext() with args: ["3e31c346-da08-4d99-a528-afea8ff633f9"]
[debug] &amp#27;[35m[W3C (3e31c346)]&amp#27;[39m Responding to client with driver.getCurrentContext() result: "NATIVE_APP"
&amp#27;[35m[HTTP]&amp#27;[39m &amp#27;[37m<-- GET /wd/hub/session/3e31c346-da08-4d99-a528-afea8ff633f9/context &amp#27;[39m&amp#27;[32m200&amp#27;[39m &amp#27;[90m2 ms - 22&amp#27;[39m
&amp#27;[35m[HTTP]&amp#27;[39m &amp#27;[90m&amp#27;[39m
&amp#27;[35m[HTTP]&amp#27;[39m &amp#27;[37m-->&amp#27;[39m &amp#27;[37mPOST&amp#27;[39m &amp#27;[37m/wd/hub/session/3e31c346-da08-4d99-a528-afea8ff633f9/element&amp#27;[39m
&amp#27;[35m[HTTP]&amp#27;[39m &amp#27;[90m{"using":"accessibility id","value":"test-LOGIN"}&amp#27;[39m
[debug] &amp#27;[35m[W3C (3e31c346)]&amp#27;[39m Calling AppiumDriver.findElement() with args: ["accessibility id","test-LOGIN","3e31c346-da08-4d99-a528-afea8ff633f9"]
[debug] &amp#27;[35m[BaseDriver]&amp#27;[39m Valid locator strategies for this request: xpath, id, class name, accessibility id, css selector, -android uiautomator
[debug] &amp#27;[35m[BaseDriver]&amp#27;[39m Waiting up to 0 ms for condition
[debug] &amp#27;[35m[WD Proxy]&amp#27;[39m Matched '/element' to command name 'findElement'
[debug] &amp#27;[35m[WD Proxy]&amp#27;[39m Proxying [POST /element] to [POST http://127.0.0.1:10000/wd/hub/session/4d27662a-40ad-44a7-ae29-6f7bd3c4184c/element] with body: {"strategy":"accessibility id","selector":"test-LOGIN","context":"","multiple":false}
[debug] &amp#27;[35m[WD Proxy]&amp#27;[39m Got response with status 200: {"sessionId":"4d27662a-40ad-44a7-ae29-6f7bd3c4184c","value":{"ELEMENT":"cd7ec26c-6dc5-47c9-8078-f17349ae85de","element-6066-11e4-a52e-4f735466cecf":"cd7ec26c-6dc5-47c9-8078-f17349ae85de"}}
[debug] &amp#27;[35m[W3C (3e31c346)]&amp#27;[39m Responding to client with driver.findElement() result: {"element-6066-11e4-a52e-4f735466cecf":"cd7ec26c-6dc5-47c9-8078-f17349ae85de","ELEMENT":"cd7ec26c-6dc5-47c9-8078-f17349ae85de"}
&amp#27;[35m[HTTP]&amp#27;[39m &amp#27;[37m<-- POST /wd/hub/session/3e31c346-da08-4d99-a528-afea8ff633f9/element &amp#27;[39m&amp#27;[32m200&amp#27;[39m &amp#27;[90m496 ms - 137&amp#27;[39m
&amp#27;[35m[HTTP]&amp#27;[39m &amp#27;[90m&amp#27;[39m
&amp#27;[35m[HTTP]&amp#27;[39m &amp#27;[37m-->&amp#27;[39m &amp#27;[37mGET&amp#27;[39m &amp#27;[37m/wd/hub/session/3e31c346-da08-4d99-a528-afea8ff633f9/element/cd7ec26c-6dc5-47c9-8078-f17349ae85de/displayed&amp#27;[39m
&amp#27;[35m[HTTP]&amp#27;[39m &amp#27;[90m{}&amp#27;[39m
[debug] &amp#27;[35m[W3C (3e31c346)]&amp#27;[39m Calling AppiumDriver.elementDisplayed() with args: ["cd7ec26c-6dc5-47c9-8078-f17349ae85de","3e31c346-da08-4d99-a528-afea8ff633f9"]
[debug] &amp#27;[35m[WD Proxy]&amp#27;[39m Matched '/element/cd7ec26c-6dc5-47c9-8078-f17349ae85de/attribute/displayed' to command name 'getAttribute'
[debug] &amp#27;[35m[WD Proxy]&amp#27;[39m Proxying [GET /element/cd7ec26c-6dc5-47c9-8078-f17349ae85de/attribute/displayed] to [GET http://127.0.0.1:10000/wd/hub/session/4d27662a-40ad-44a7-ae29-6f7bd3c4184c/element/cd7ec26c-6dc5-47c9-8078-f17349ae85de/attribute/displayed] with no body
[debug] &amp#27;[35m[WD Proxy]&amp#27;[39m Got response with status 200: {"sessionId":"4d27662a-40ad-44a7-ae29-6f7bd3c4184c","value":"true"}
[debug] &amp#27;[35m[W3C (3e31c346)]&amp#27;[39m Responding to client with driver.elementDisplayed() result: true
&amp#27;[35m[HTTP]&amp#27;[39m &amp#27;[37m<-- GET /wd/hub/session/3e31c346-da08-4d99-a528-afea8ff633f9/element/cd7ec26c-6dc5-47c9-8078-f17349ae85de/displayed &amp#27;[39m&amp#27;[32m200&amp#27;[39m &amp#27;[90m20 ms - 14&amp#27;[39m
&amp#27;[35m[HTTP]&amp#27;[39m &amp#27;[90m&amp#27;[39m
[INFO ] 2021-08-02 23:35:54.118 BasePage:54 - press login button
&amp#27;[35m[HTTP]&amp#27;[39m &amp#27;[37m-->&amp#27;[39m &amp#27;[37mGET&amp#27;[39m &amp#27;[37m/wd/hub/session/3e31c346-da08-4d99-a528-afea8ff633f9/context&amp#27;[39m
&amp#27;[35m[HTTP]&amp#27;[39m &amp#27;[90m{}&amp#27;[39m
[debug] &amp#27;[35m[W3C (3e31c346)]&amp#27;[39m Calling AppiumDriver.getCurrentContext() with args: ["3e31c346-da08-4d99-a528-afea8ff633f9"]
[debug] &amp#27;[35m[W3C (3e31c346)]&amp#27;[39m Responding to client with driver.getCurrentContext() result: "NATIVE_APP"
&amp#27;[35m[HTTP]&amp#27;[39m &amp#27;[37m<-- GET /wd/hub/session/3e31c346-da08-4d99-a528-afea8ff633f9/context &amp#27;[39m&amp#27;[32m200&amp#27;[39m &amp#27;[90m3 ms - 22&amp#27;[39m
&amp#27;[35m[HTTP]&amp#27;[39m &amp#27;[90m&amp#27;[39m
&amp#27;[35m[HTTP]&amp#27;[39m &amp#27;[37m-->&amp#27;[39m &amp#27;[37mPOST&amp#27;[39m &amp#27;[37m/wd/hub/session/3e31c346-da08-4d99-a528-afea8ff633f9/element&amp#27;[39m
&amp#27;[35m[HTTP]&amp#27;[39m &amp#27;[90m{"using":"accessibility id","value":"test-LOGIN"}&amp#27;[39m
[debug] &amp#27;[35m[W3C (3e31c346)]&amp#27;[39m Calling AppiumDriver.findElement() with args: ["accessibility id","test-LOGIN","3e31c346-da08-4d99-a528-afea8ff633f9"]
[debug] &amp#27;[35m[BaseDriver]&amp#27;[39m Valid locator strategies for this request: xpath, id, class name, accessibility id, css selector, -android uiautomator
[debug] &amp#27;[35m[BaseDriver]&amp#27;[39m Waiting up to 0 ms for condition
[debug] &amp#27;[35m[WD Proxy]&amp#27;[39m Matched '/element' to command name 'findElement'
[debug] &amp#27;[35m[WD Proxy]&amp#27;[39m Proxying [POST /element] to [POST http://127.0.0.1:10000/wd/hub/session/4d27662a-40ad-44a7-ae29-6f7bd3c4184c/element] with body: {"strategy":"accessibility id","selector":"test-LOGIN","context":"","multiple":false}
[debug] &amp#27;[35m[WD Proxy]&amp#27;[39m Got response with status 200: {"sessionId":"4d27662a-40ad-44a7-ae29-6f7bd3c4184c","value":{"ELEMENT":"798135e1-6ae0-4cf1-b1e9-cfbc24a32f60","element-6066-11e4-a52e-4f735466cecf":"798135e1-6ae0-4cf1-b1e9-cfbc24a32f60"}}
[debug] &amp#27;[35m[W3C (3e31c346)]&amp#27;[39m Responding to client with driver.findElement() result: {"element-6066-11e4-a52e-4f735466cecf":"798135e1-6ae0-4cf1-b1e9-cfbc24a32f60","ELEMENT":"798135e1-6ae0-4cf1-b1e9-cfbc24a32f60"}
&amp#27;[35m[HTTP]&amp#27;[39m &amp#27;[37m<-- POST /wd/hub/session/3e31c346-da08-4d99-a528-afea8ff633f9/element &amp#27;[39m&amp#27;[32m200&amp#27;[39m &amp#27;[90m36 ms - 137&amp#27;[39m
&amp#27;[35m[HTTP]&amp#27;[39m &amp#27;[90m&amp#27;[39m
&amp#27;[35m[HTTP]&amp#27;[39m &amp#27;[37m-->&amp#27;[39m &amp#27;[37mPOST&amp#27;[39m &amp#27;[37m/wd/hub/session/3e31c346-da08-4d99-a528-afea8ff633f9/element/798135e1-6ae0-4cf1-b1e9-cfbc24a32f60/click&amp#27;[39m
&amp#27;[35m[HTTP]&amp#27;[39m &amp#27;[90m{"id":"798135e1-6ae0-4cf1-b1e9-cfbc24a32f60"}&amp#27;[39m
[debug] &amp#27;[35m[W3C (3e31c346)]&amp#27;[39m Calling AppiumDriver.click() with args: ["798135e1-6ae0-4cf1-b1e9-cfbc24a32f60","3e31c346-da08-4d99-a528-afea8ff633f9"]
[debug] &amp#27;[35m[WD Proxy]&amp#27;[39m Matched '/element/798135e1-6ae0-4cf1-b1e9-cfbc24a32f60/click' to command name 'click'
[debug] &amp#27;[35m[WD Proxy]&amp#27;[39m Proxying [POST /element/798135e1-6ae0-4cf1-b1e9-cfbc24a32f60/click] to [POST http://127.0.0.1:10000/wd/hub/session/4d27662a-40ad-44a7-ae29-6f7bd3c4184c/element/798135e1-6ae0-4cf1-b1e9-cfbc24a32f60/click] with body: {"element":"798135e1-6ae0-4cf1-b1e9-cfbc24a32f60"}
[debug] &amp#27;[35m[WD Proxy]&amp#27;[39m Got response with status 200: {"sessionId":"4d27662a-40ad-44a7-ae29-6f7bd3c4184c","value":null}
[debug] &amp#27;[35m[W3C (3e31c346)]&amp#27;[39m Responding to client with driver.click() result: null
&amp#27;[35m[HTTP]&amp#27;[39m &amp#27;[37m<-- POST /wd/hub/session/3e31c346-da08-4d99-a528-afea8ff633f9/element/798135e1-6ae0-4cf1-b1e9-cfbc24a32f60/click &amp#27;[39m&amp#27;[32m200&amp#27;[39m &amp#27;[90m80 ms - 14&amp#27;[39m
&amp#27;[35m[HTTP]&amp#27;[39m &amp#27;[90m&amp#27;[39m
  And I login                                             # com.qa.stepdef.LoginStepDef.iLogin()
&amp#27;[35m[HTTP]&amp#27;[39m &amp#27;[37m-->&amp#27;[39m &amp#27;[37mGET&amp#27;[39m &amp#27;[37m/wd/hub/session/3e31c346-da08-4d99-a528-afea8ff633f9/context&amp#27;[39m
&amp#27;[35m[HTTP]&amp#27;[39m &amp#27;[90m{}&amp#27;[39m
[debug] &amp#27;[35m[W3C (3e31c346)]&amp#27;[39m Calling AppiumDriver.getCurrentContext() with args: ["3e31c346-da08-4d99-a528-afea8ff633f9"]
[debug] &amp#27;[35m[W3C (3e31c346)]&amp#27;[39m Responding to client with driver.getCurrentContext() result: "NATIVE_APP"
&amp#27;[35m[HTTP]&amp#27;[39m &amp#27;[37m<-- GET /wd/hub/session/3e31c346-da08-4d99-a528-afea8ff633f9/context &amp#27;[39m&amp#27;[32m200&amp#27;[39m &amp#27;[90m3 ms - 22&amp#27;[39m
&amp#27;[35m[HTTP]&amp#27;[39m &amp#27;[90m&amp#27;[39m
&amp#27;[35m[HTTP]&amp#27;[39m &amp#27;[37m-->&amp#27;[39m &amp#27;[37mPOST&amp#27;[39m &amp#27;[37m/wd/hub/session/3e31c346-da08-4d99-a528-afea8ff633f9/element&amp#27;[39m
&amp#27;[35m[HTTP]&amp#27;[39m &amp#27;[90m{"using":"xpath","value":"//android.view.ViewGroup[@content-desc=\"test-Cart drop zone\"]/android.view.ViewGroup/android.widget.TextView"}&amp#27;[39m
[debug] &amp#27;[35m[W3C (3e31c346)]&amp#27;[39m Calling AppiumDriver.findElement() with args: ["xpath","//android.view.ViewGroup[@content-desc=\"test-Cart drop zone\"]/android.view.ViewGroup/android.widget.TextView","3e31c346-da08-4d99-a528-afea8ff633f9"]
[debug] &amp#27;[35m[BaseDriver]&amp#27;[39m Valid locator strategies for this request: xpath, id, class name, accessibility id, css selector, -android uiautomator
[debug] &amp#27;[35m[BaseDriver]&amp#27;[39m Waiting up to 0 ms for condition
[debug] &amp#27;[35m[WD Proxy]&amp#27;[39m Matched '/element' to command name 'findElement'
[debug] &amp#27;[35m[WD Proxy]&amp#27;[39m Proxying [POST /element] to [POST http://127.0.0.1:10000/wd/hub/session/4d27662a-40ad-44a7-ae29-6f7bd3c4184c/element] with body: {"strategy":"xpath","selector":"//android.view.ViewGroup[@content-desc=\"test-Cart drop zone\"]/android.view.ViewGroup/android.widget.TextView","context":"","multiple":false}
&amp#27;[35m[WD Proxy]&amp#27;[39m Got response with status 404: {"sessionId":"4d27662a-40ad-44a7-ae29-6f7bd3c4184c","value":{"error":"no such element","message":"An element could not be located on the page using the given search parameters","stacktrace":"io.appium.uiautomator2.common.exceptions.ElementNotFoundException: An element could not be located on the page using the given search parameters\n\tat io.appium.uiautomator2.handler.FindElement.findElement(FindElement.java:89)\n\tat io.appium.uiautomator2.handler.FindElement.safeHandle(FindElement.java:66)\n\tat io.appium.uiautomator2.handler.request.SafeRequestHandler.handle(SafeRequestHandler.java:41)\n\tat io.appium.uiautomator2.server.AppiumServlet.handleRequest(AppiumServlet.java:262)\n\tat io.appium.uiautomator2.server.AppiumServlet.handleHttpRequest(AppiumServlet.java:256)\n\tat io.appium.uiautomator2.http.ServerHandler.channelRead(ServerHandler.java:68)\n\tat io.netty.channel.AbstractChannelHandlerContext.invokeChannelRead(AbstractChannelHandlerContext.java:366)\n\tat io.netty.channel.AbstractChannelHandlerCont...
[debug] &amp#27;[35m[W3C]&amp#27;[39m Matched W3C error code 'no such element' to NoSuchElementError
[debug] &amp#27;[35m[W3C (3e31c346)]&amp#27;[39m Encountered internal error running command: NoSuchElementError: An element could not be located on the page using the given search parameters.
[debug] &amp#27;[35m[W3C (3e31c346)]&amp#27;[39m     at AndroidUiautomator2Driver.findElOrEls (C:\Users\Admin\AppData\Roaming\npm\node_modules\appium\node_modules\appium-android-driver\lib\commands\find.js:75:11)
[debug] &amp#27;[35m[W3C (3e31c346)]&amp#27;[39m     at runMicrotasks (<anonymous>)
[debug] &amp#27;[35m[W3C (3e31c346)]&amp#27;[39m     at processTicksAndRejections (internal/process/task_queues.js:95:5)
[debug] &amp#27;[35m[W3C (3e31c346)]&amp#27;[39m     at AndroidUiautomator2Driver.findElOrElsWithProcessing (C:\Users\Admin\AppData\Roaming\npm\node_modules\appium\node_modules\appium-base-driver\lib\basedriver\commands\find.js:33:12)
[debug] &amp#27;[35m[W3C (3e31c346)]&amp#27;[39m     at AndroidUiautomator2Driver.findElement (C:\Users\Admin\AppData\Roaming\npm\node_modules\appium\node_modules\appium-base-driver\lib\basedriver\commands\find.js:53:10)
&amp#27;[35m[HTTP]&amp#27;[39m &amp#27;[37m<-- POST /wd/hub/session/3e31c346-da08-4d99-a528-afea8ff633f9/element &amp#27;[39m&amp#27;[33m404&amp#27;[39m &amp#27;[90m173 ms - 914&amp#27;[39m
&amp#27;[35m[HTTP]&amp#27;[39m &amp#27;[90m&amp#27;[39m
&amp#27;[35m[HTTP]&amp#27;[39m &amp#27;[37m-->&amp#27;[39m &amp#27;[37mPOST&amp#27;[39m &amp#27;[37m/wd/hub/session/3e31c346-da08-4d99-a528-afea8ff633f9/element&amp#27;[39m
&amp#27;[35m[HTTP]&amp#27;[39m &amp#27;[90m{"using":"xpath","value":"//android.view.ViewGroup[@content-desc=\"test-Cart drop zone\"]/android.view.ViewGroup/android.widget.TextView"}&amp#27;[39m
[debug] &amp#27;[35m[W3C (3e31c346)]&amp#27;[39m Calling AppiumDriver.findElement() with args: ["xpath","//android.view.ViewGroup[@content-desc=\"test-Cart drop zone\"]/android.view.ViewGroup/android.widget.TextView","3e31c346-da08-4d99-a528-afea8ff633f9"]
[debug] &amp#27;[35m[BaseDriver]&amp#27;[39m Valid locator strategies for this request: xpath, id, class name, accessibility id, css selector, -android uiautomator
[debug] &amp#27;[35m[BaseDriver]&amp#27;[39m Waiting up to 0 ms for condition
[debug] &amp#27;[35m[WD Proxy]&amp#27;[39m Matched '/element' to command name 'findElement'
[debug] &amp#27;[35m[WD Proxy]&amp#27;[39m Proxying [POST /element] to [POST http://127.0.0.1:10000/wd/hub/session/4d27662a-40ad-44a7-ae29-6f7bd3c4184c/element] with body: {"strategy":"xpath","selector":"//android.view.ViewGroup[@content-desc=\"test-Cart drop zone\"]/android.view.ViewGroup/android.widget.TextView","context":"","multiple":false}
[debug] &amp#27;[35m[WD Proxy]&amp#27;[39m Got response with status 200: {"sessionId":"4d27662a-40ad-44a7-ae29-6f7bd3c4184c","value":{"ELEMENT":"09cc031c-5146-495f-92ca-5793d9388233","element-6066-11e4-a52e-4f735466cecf":"09cc031c-5146-495f-92ca-5793d9388233"}}
[debug] &amp#27;[35m[W3C (3e31c346)]&amp#27;[39m Responding to client with driver.findElement() result: {"element-6066-11e4-a52e-4f735466cecf":"09cc031c-5146-495f-92ca-5793d9388233","ELEMENT":"09cc031c-5146-495f-92ca-5793d9388233"}
&amp#27;[35m[HTTP]&amp#27;[39m &amp#27;[37m<-- POST /wd/hub/session/3e31c346-da08-4d99-a528-afea8ff633f9/element &amp#27;[39m&amp#27;[32m200&amp#27;[39m &amp#27;[90m2101 ms - 137&amp#27;[39m
&amp#27;[35m[HTTP]&amp#27;[39m &amp#27;[90m&amp#27;[39m
&amp#27;[35m[HTTP]&amp#27;[39m &amp#27;[37m-->&amp#27;[39m &amp#27;[37mGET&amp#27;[39m &amp#27;[37m/wd/hub/session/3e31c346-da08-4d99-a528-afea8ff633f9/element/09cc031c-5146-495f-92ca-5793d9388233/displayed&amp#27;[39m
&amp#27;[35m[HTTP]&amp#27;[39m &amp#27;[90m{}&amp#27;[39m
[debug] &amp#27;[35m[W3C (3e31c346)]&amp#27;[39m Calling AppiumDriver.elementDisplayed() with args: ["09cc031c-5146-495f-92ca-5793d9388233","3e31c346-da08-4d99-a528-afea8ff633f9"]
[debug] &amp#27;[35m[WD Proxy]&amp#27;[39m Matched '/element/09cc031c-5146-495f-92ca-5793d9388233/attribute/displayed' to command name 'getAttribute'
[debug] &amp#27;[35m[WD Proxy]&amp#27;[39m Proxying [GET /element/09cc031c-5146-495f-92ca-5793d9388233/attribute/displayed] to [GET http://127.0.0.1:10000/wd/hub/session/4d27662a-40ad-44a7-ae29-6f7bd3c4184c/element/09cc031c-5146-495f-92ca-5793d9388233/attribute/displayed] with no body
[debug] &amp#27;[35m[WD Proxy]&amp#27;[39m Got response with status 200: {"sessionId":"4d27662a-40ad-44a7-ae29-6f7bd3c4184c","value":"true"}
[debug] &amp#27;[35m[W3C (3e31c346)]&amp#27;[39m Responding to client with driver.elementDisplayed() result: true
&amp#27;[35m[HTTP]&amp#27;[39m &amp#27;[37m<-- GET /wd/hub/session/3e31c346-da08-4d99-a528-afea8ff633f9/element/09cc031c-5146-495f-92ca-5793d9388233/displayed &amp#27;[39m&amp#27;[32m200&amp#27;[39m &amp#27;[90m33 ms - 14&amp#27;[39m
&amp#27;[35m[HTTP]&amp#27;[39m &amp#27;[90m&amp#27;[39m
&amp#27;[35m[HTTP]&amp#27;[39m &amp#27;[37m-->&amp#27;[39m &amp#27;[37mGET&amp#27;[39m &amp#27;[37m/wd/hub/session/3e31c346-da08-4d99-a528-afea8ff633f9/context&amp#27;[39m
&amp#27;[35m[HTTP]&amp#27;[39m &amp#27;[90m{}&amp#27;[39m
[debug] &amp#27;[35m[W3C (3e31c346)]&amp#27;[39m Calling AppiumDriver.getCurrentContext() with args: ["3e31c346-da08-4d99-a528-afea8ff633f9"]
[debug] &amp#27;[35m[W3C (3e31c346)]&amp#27;[39m Responding to client with driver.getCurrentContext() result: "NATIVE_APP"
&amp#27;[35m[HTTP]&amp#27;[39m &amp#27;[37m<-- GET /wd/hub/session/3e31c346-da08-4d99-a528-afea8ff633f9/context &amp#27;[39m&amp#27;[32m200&amp#27;[39m &amp#27;[90m7 ms - 22&amp#27;[39m
&amp#27;[35m[HTTP]&amp#27;[39m &amp#27;[90m&amp#27;[39m
&amp#27;[35m[HTTP]&amp#27;[39m &amp#27;[37m-->&amp#27;[39m &amp#27;[37mPOST&amp#27;[39m &amp#27;[37m/wd/hub/session/3e31c346-da08-4d99-a528-afea8ff633f9/element&amp#27;[39m
&amp#27;[35m[HTTP]&amp#27;[39m &amp#27;[90m{"using":"xpath","value":"//android.view.ViewGroup[@content-desc=\"test-Cart drop zone\"]/android.view.ViewGroup/android.widget.TextView"}&amp#27;[39m
[debug] &amp#27;[35m[W3C (3e31c346)]&amp#27;[39m Calling AppiumDriver.findElement() with args: ["xpath","//android.view.ViewGroup[@content-desc=\"test-Cart drop zone\"]/android.view.ViewGroup/android.widget.TextView","3e31c346-da08-4d99-a528-afea8ff633f9"]
[debug] &amp#27;[35m[BaseDriver]&amp#27;[39m Valid locator strategies for this request: xpath, id, class name, accessibility id, css selector, -android uiautomator
[debug] &amp#27;[35m[BaseDriver]&amp#27;[39m Waiting up to 0 ms for condition
[debug] &amp#27;[35m[WD Proxy]&amp#27;[39m Matched '/element' to command name 'findElement'
[debug] &amp#27;[35m[WD Proxy]&amp#27;[39m Proxying [POST /element] to [POST http://127.0.0.1:10000/wd/hub/session/4d27662a-40ad-44a7-ae29-6f7bd3c4184c/element] with body: {"strategy":"xpath","selector":"//android.view.ViewGroup[@content-desc=\"test-Cart drop zone\"]/android.view.ViewGroup/android.widget.TextView","context":"","multiple":false}
[debug] &amp#27;[35m[WD Proxy]&amp#27;[39m Got response with status 200: {"sessionId":"4d27662a-40ad-44a7-ae29-6f7bd3c4184c","value":{"ELEMENT":"238a0c09-9d2c-47b9-b7bf-b8aaa2be00e1","element-6066-11e4-a52e-4f735466cecf":"238a0c09-9d2c-47b9-b7bf-b8aaa2be00e1"}}
[debug] &amp#27;[35m[W3C (3e31c346)]&amp#27;[39m Responding to client with driver.findElement() result: {"element-6066-11e4-a52e-4f735466cecf":"238a0c09-9d2c-47b9-b7bf-b8aaa2be00e1","ELEMENT":"238a0c09-9d2c-47b9-b7bf-b8aaa2be00e1"}
&amp#27;[35m[HTTP]&amp#27;[39m &amp#27;[37m<-- POST /wd/hub/session/3e31c346-da08-4d99-a528-afea8ff633f9/element &amp#27;[39m&amp#27;[32m200&amp#27;[39m &amp#27;[90m237 ms - 137&amp#27;[39m
&amp#27;[35m[HTTP]&amp#27;[39m &amp#27;[90m&amp#27;[39m
&amp#27;[35m[HTTP]&amp#27;[39m &amp#27;[37m-->&amp#27;[39m &amp#27;[37mGET&amp#27;[39m &amp#27;[37m/wd/hub/session/3e31c346-da08-4d99-a528-afea8ff633f9/element/238a0c09-9d2c-47b9-b7bf-b8aaa2be00e1/attribute/text&amp#27;[39m
&amp#27;[35m[HTTP]&amp#27;[39m &amp#27;[90m{}&amp#27;[39m
[debug] &amp#27;[35m[W3C (3e31c346)]&amp#27;[39m Calling AppiumDriver.getAttribute() with args: ["text","238a0c09-9d2c-47b9-b7bf-b8aaa2be00e1","3e31c346-da08-4d99-a528-afea8ff633f9"]
[debug] &amp#27;[35m[WD Proxy]&amp#27;[39m Matched '/element/238a0c09-9d2c-47b9-b7bf-b8aaa2be00e1/attribute/text' to command name 'getAttribute'
[debug] &amp#27;[35m[WD Proxy]&amp#27;[39m Proxying [GET /element/238a0c09-9d2c-47b9-b7bf-b8aaa2be00e1/attribute/text] to [GET http://127.0.0.1:10000/wd/hub/session/4d27662a-40ad-44a7-ae29-6f7bd3c4184c/element/238a0c09-9d2c-47b9-b7bf-b8aaa2be00e1/attribute/text] with no body
[debug] &amp#27;[35m[WD Proxy]&amp#27;[39m Got response with status 200: {"sessionId":"4d27662a-40ad-44a7-ae29-6f7bd3c4184c","value":"PRODUCTS"}
[debug] &amp#27;[35m[W3C (3e31c346)]&amp#27;[39m Responding to client with driver.getAttribute() result: "PRODUCTS"
[INFO ] 2021-08-02 23:35:57.440 BasePage:94 - product page title is - PRODUCTS
  Then I should see Products page with title "PRODUCTS"   # com.qa.stepdef.LoginStepDef.iShouldSeeProductsPageWithTitle(java.lang.String)
&amp#27;[35m[HTTP]&amp#27;[39m &amp#27;[37m<-- GET /wd/hub/session/3e31c346-da08-4d99-a528-afea8ff633f9/element/238a0c09-9d2c-47b9-b7bf-b8aaa2be00e1/attribute/text &amp#27;[39m&amp#27;[32m200&amp#27;[39m &amp#27;[90m26 ms - 20&amp#27;[39m
&amp#27;[35m[HTTP]&amp#27;[39m &amp#27;[90m&amp#27;[39m
&amp#27;[35m[HTTP]&amp#27;[39m &amp#27;[37m-->&amp#27;[39m &amp#27;[37mPOST&amp#27;[39m &amp#27;[37m/wd/hub/session/3e31c346-da08-4d99-a528-afea8ff633f9/appium/stop_recording_screen&amp#27;[39m
&amp#27;[35m[HTTP]&amp#27;[39m &amp#27;[90m{}&amp#27;[39m
[debug] &amp#27;[35m[W3C (3e31c346)]&amp#27;[39m Calling AppiumDriver.stopRecordingScreen() with args: [null,"3e31c346-da08-4d99-a528-afea8ff633f9"]
[debug] &amp#27;[35m[ADB]&amp#27;[39m Getting IDs of all 'screenrecord' processes
[debug] &amp#27;[35m[ADB]&amp#27;[39m Running 'C:\Users\Admin\AppData\Local\Android\Sdk\platform-tools\adb.exe -P 5037 -s emulator-5554 shell pgrep -f \(\[\[:blank:\]\]\|\^\)screenrecord\(\[\[:blank:\]\]\|\$\)'
[debug] &amp#27;[35m[ADB]&amp#27;[39m Running 'C:\Users\Admin\AppData\Local\Android\Sdk\platform-tools\adb.exe -P 5037 -s emulator-5554 shell kill -2 23789'
[debug] &amp#27;[35m[ADB]&amp#27;[39m Getting IDs of all 'screenrecord' processes
[debug] &amp#27;[35m[ADB]&amp#27;[39m Running 'C:\Users\Admin\AppData\Local\Android\Sdk\platform-tools\adb.exe -P 5037 -s emulator-5554 shell pgrep -f \(\[\[:blank:\]\]\|\^\)screenrecord\(\[\[:blank:\]\]\|\$\)'
[debug] &amp#27;[35m[ADB]&amp#27;[39m Getting IDs of all 'screenrecord' processes
[debug] &amp#27;[35m[ADB]&amp#27;[39m Running 'C:\Users\Admin\AppData\Local\Android\Sdk\platform-tools\adb.exe -P 5037 -s emulator-5554 shell pgrep -f \(\[\[:blank:\]\]\|\^\)screenrecord\(\[\[:blank:\]\]\|\$\)'
[debug] &amp#27;[35m[ADB]&amp#27;[39m Running 'C:\Users\Admin\AppData\Local\Android\Sdk\platform-tools\adb.exe -P 5037 -s emulator-5554 pull /sdcard/5b121703.mp4 C:\Users\Admin\AppData\Local\Temp\202172-13204-gz8o4j.abe5a\5b121703.mp4'
[debug] &amp#27;[35m[ADB]&amp#27;[39m Running 'C:\Users\Admin\AppData\Local\Android\Sdk\platform-tools\adb.exe -P 5037 -s emulator-5554 shell rm -rf /sdcard/5b121703.mp4'
[debug] &amp#27;[35m[AndroidDriver]&amp#27;[39m The size of the resulting screen recording is 828.17 KB
[debug] &amp#27;[35m[W3C (3e31c346)]&amp#27;[39m Responding to client with driver.stopRecordingScreen() result: "AAAAGGZ0eXBtcDQyAAAAAGlzb21tcDQyAAAGG21vb3YAAABsbXZoZAAAAADdLeSF3S3khQAAJxAAAQ/AAAEAAAEAAAAAAAAAAAAAAAABAAAAAAAAAAAAAAAAAAAAAQAAAAAAAAAAAAAAAAAAQAAAAAAAAAAAAAAAAAAAAAAAAAAAAAAAAAAAAAAAAAMAAAB2bWV0YQAAACFoZGxyAAAAAAAAAABtZHRhAAAAAAAAAAAAAAAAAAAAACtrZXlzAAAAAAAAAAEAAAAbbWR0YWNvbS5hbmRyb2lkLnZlcnNpb24AAAAiaWxzdAAAABoAAAABAAAAEmRhdGEAAAABAAAAADExAAADi3RyYWsAAABcdGtoZAAAAAfdLeSF3S3khQAAAAEAAAAAAAEPwAAAAAAAAAAAAAAAAAAAAAAAAQAAAAAAAAAAAAAAAAAAAAEAAAAAAAAAAAAAAAAAAEAAAAAEOAAACSQAAAAAAydtZGlhAAAAIG1kaGQAAAAA3S3khd0t5IUAAV+QAAmNwgAAAAAAAAAsaGRscgAAAAAAAAAAdmlkZQAAAAAAAAAAAAAAAFZpZGVvSGFuZGxlAAAAAtNtaW5mAAAAFHZtaGQAAAABAAAAAAAAAAAAAAAkZGluZgAAABxkcmVmAAAAAAAAAAEAAAAMdXJsIAAAAAEAAAKTc3RibAAAALdzdHNkAAAAAAAAAAEAAACnYXZjMQAAAAAAAAABAAAAAAAAAAAAAAAAAAAAAAQ4CSQASAAAAEgAAAAAAAAAAQAgICAgICAgICAgICAgICAgICAgICAgICAgICAgICAgABj//wAAAC5hdmNDAULAMv/hABVnQsAyjWgEQBJ+WeQgAAADAPCIRqABAAZozgGoNcgAAAAQcGFzcAABAAAAAQAAAAAAE2NvbHJuY2x4AAEAAQABAAAAAMhzdHRzAAAAAAAAABcAAAABAACbAQAAAAEAAClXAAAAAQAA5R8AAAABAAC02QAAAAEAACWCAAAAAQAAuZUAAAAB...
&amp#27;[35m[HTTP]&amp#27;[39m &amp#27;[37m<-- POST /wd/hub/session/3e31c346-da08-4d99-a528-afea8ff633f9/appium/stop_recording_screen &amp#27;[39m&amp#27;[32m200&amp#27;[39m &amp#27;[90m1084 ms - 1130748&amp#27;[39m
&amp#27;[35m[HTTP]&amp#27;[39m &amp#27;[90m&amp#27;[39m
[INFO ] 2021-08-02 23:35:58.670 VideoManager:35 - video path: Android_pixel_4a_API_30\Videos\Login with valid user name and password.mp4
]]></system-out>
  </testcase>
  <testcase name="scenario[&quot;Validate product info on Products page&quot;, &quot;Product scenarios&quot;](4)" classname="com.qa.runners.MyTestNGRunnerTest" time="15.143">
    <failure message="Expected condition failed: waiting for visibility of Located by By.chained({By.AccessibilityId: test-Username}) (tried for 10 second(s) with 500 milliseconds interval)" type="org.openqa.selenium.TimeoutException"><![CDATA[org.openqa.selenium.TimeoutException: Expected condition failed: waiting for visibility of Located by By.chained({By.AccessibilityId: test-Username}) (tried for 10 second(s) with 500 milliseconds interval)
	at com.qa.runners.MyTestNGRunnerTest.scenario(MyTestNGRunnerTest.java:58)
Caused by: org.openqa.selenium.TimeoutException: Expected condition failed: waiting for io.appium.java_client.pagefactory.AppiumElementLocator$WaitingFunction@76f856a8 (tried for 1 second(s) with 500 milliseconds interval)
	at com.qa.runners.MyTestNGRunnerTest.scenario(MyTestNGRunnerTest.java:58)
Caused by: org.openqa.selenium.NoSuchElementException: 
Cannot locate an element using By.chained({By.AccessibilityId: test-Username})
For documentation on this error, please visit: https://www.seleniumhq.org/exceptions/no_such_element.html
Build info: version: '3.141.59', revision: 'e82be7d358', time: '2018-11-14T08:17:03'
System info: host: 'DESKTOP-KLS90KJ', ip: '192.168.1.100', os.name: 'Windows 10', os.arch: 'amd64', os.version: '10.0', java.version: '1.8.0_291'
Driver info: driver.version: AndroidDriver
	at com.qa.runners.MyTestNGRunnerTest.scenario(MyTestNGRunnerTest.java:58)
]]></failure>
    <system-out><![CDATA[
@test
Scenario Outline: Validate product info on Products page                             # src/test/resources/Products.feature:9
&amp#27;[35m[HTTP]&amp#27;[39m &amp#27;[37m-->&amp#27;[39m &amp#27;[37mPOST&amp#27;[39m &amp#27;[37m/wd/hub/session/3e31c346-da08-4d99-a528-afea8ff633f9/appium/start_recording_screen&amp#27;[39m
&amp#27;[35m[HTTP]&amp#27;[39m &amp#27;[90m{}&amp#27;[39m
[debug] &amp#27;[35m[W3C (3e31c346)]&amp#27;[39m Calling AppiumDriver.startRecordingScreen() with args: [null,"3e31c346-da08-4d99-a528-afea8ff633f9"]
[debug] &amp#27;[35m[ADB]&amp#27;[39m Getting IDs of all 'screenrecord' processes
[debug] &amp#27;[35m[ADB]&amp#27;[39m Running 'C:\Users\Admin\AppData\Local\Android\Sdk\platform-tools\adb.exe -P 5037 -s emulator-5554 shell pgrep -f \(\[\[:blank:\]\]\|\^\)screenrecord\(\[\[:blank:\]\]\|\$\)'
&amp#27;[35m[AndroidDriver]&amp#27;[39m Screen recording has not been previously started by Appium. There is nothing to stop
[debug] &amp#27;[35m[ADB]&amp#27;[39m Getting IDs of all 'screenrecord' processes
[debug] &amp#27;[35m[ADB]&amp#27;[39m Running 'C:\Users\Admin\AppData\Local\Android\Sdk\platform-tools\adb.exe -P 5037 -s emulator-5554 shell pgrep -f \(\[\[:blank:\]\]\|\^\)screenrecord\(\[\[:blank:\]\]\|\$\)'
[debug] &amp#27;[35m[ADB]&amp#27;[39m Building screenrecord process with the command line: adb -P 5037 -s emulator-5554 shell screenrecord --time-limit 180 /sdcard/3de6c932.mp4
[debug] &amp#27;[35m[ADB]&amp#27;[39m Running 'C:\Users\Admin\AppData\Local\Android\Sdk\platform-tools\adb.exe -P 5037 -s emulator-5554 shell "[ -e '/sdcard/3de6c932.mp4' ] && echo __PASS__"'
[debug] &amp#27;[35m[ADB]&amp#27;[39m Running 'C:\Users\Admin\AppData\Local\Android\Sdk\platform-tools\adb.exe -P 5037 -s emulator-5554 shell "[ -e '/sdcard/3de6c932.mp4' ] && echo __PASS__"'
[debug] &amp#27;[35m[W3C (3e31c346)]&amp#27;[39m Responding to client with driver.startRecordingScreen() result: ""
&amp#27;[35m[HTTP]&amp#27;[39m &amp#27;[37m<-- POST /wd/hub/session/3e31c346-da08-4d99-a528-afea8ff633f9/appium/start_recording_screen &amp#27;[39m&amp#27;[32m200&amp#27;[39m &amp#27;[90m679 ms - 12&amp#27;[39m
&amp#27;[35m[HTTP]&amp#27;[39m &amp#27;[90m&amp#27;[39m
&amp#27;[35m[HTTP]&amp#27;[39m &amp#27;[37m-->&amp#27;[39m &amp#27;[37mGET&amp#27;[39m &amp#27;[37m/wd/hub/session/3e31c346-da08-4d99-a528-afea8ff633f9/context&amp#27;[39m
&amp#27;[35m[HTTP]&amp#27;[39m &amp#27;[90m{}&amp#27;[39m
[debug] &amp#27;[35m[W3C (3e31c346)]&amp#27;[39m Calling AppiumDriver.getCurrentContext() with args: ["3e31c346-da08-4d99-a528-afea8ff633f9"]
[debug] &amp#27;[35m[W3C (3e31c346)]&amp#27;[39m Responding to client with driver.getCurrentContext() result: "NATIVE_APP"
&amp#27;[35m[HTTP]&amp#27;[39m &amp#27;[37m<-- GET /wd/hub/session/3e31c346-da08-4d99-a528-afea8ff633f9/context &amp#27;[39m&amp#27;[32m200&amp#27;[39m &amp#27;[90m2 ms - 22&amp#27;[39m
&amp#27;[35m[HTTP]&amp#27;[39m &amp#27;[90m&amp#27;[39m
&amp#27;[35m[HTTP]&amp#27;[39m &amp#27;[37m-->&amp#27;[39m &amp#27;[37mPOST&amp#27;[39m &amp#27;[37m/wd/hub/session/3e31c346-da08-4d99-a528-afea8ff633f9/element&amp#27;[39m
&amp#27;[35m[HTTP]&amp#27;[39m &amp#27;[90m{"using":"accessibility id","value":"test-Username"}&amp#27;[39m
[debug] &amp#27;[35m[W3C (3e31c346)]&amp#27;[39m Calling AppiumDriver.findElement() with args: ["accessibility id","test-Username","3e31c346-da08-4d99-a528-afea8ff633f9"]
[debug] &amp#27;[35m[BaseDriver]&amp#27;[39m Valid locator strategies for this request: xpath, id, class name, accessibility id, css selector, -android uiautomator
[debug] &amp#27;[35m[BaseDriver]&amp#27;[39m Waiting up to 0 ms for condition
[debug] &amp#27;[35m[WD Proxy]&amp#27;[39m Matched '/element' to command name 'findElement'
[debug] &amp#27;[35m[WD Proxy]&amp#27;[39m Proxying [POST /element] to [POST http://127.0.0.1:10000/wd/hub/session/4d27662a-40ad-44a7-ae29-6f7bd3c4184c/element] with body: {"strategy":"accessibility id","selector":"test-Username","context":"","multiple":false}
&amp#27;[35m[WD Proxy]&amp#27;[39m Got response with status 404: {"sessionId":"4d27662a-40ad-44a7-ae29-6f7bd3c4184c","value":{"error":"no such element","message":"An element could not be located on the page using the given search parameters","stacktrace":"io.appium.uiautomator2.common.exceptions.ElementNotFoundException: An element could not be located on the page using the given search parameters\n\tat io.appium.uiautomator2.handler.FindElement.safeHandle(FindElement.java:68)\n\tat io.appium.uiautomator2.handler.request.SafeRequestHandler.handle(SafeRequestHandler.java:41)\n\tat io.appium.uiautomator2.server.AppiumServlet.handleRequest(AppiumServlet.java:262)\n\tat io.appium.uiautomator2.server.AppiumServlet.handleHttpRequest(AppiumServlet.java:256)\n\tat io.appium.uiautomator2.http.ServerHandler.channelRead(ServerHandler.java:68)\n\tat io.netty.channel.AbstractChannelHandlerContext.invokeChannelRead(AbstractChannelHandlerContext.java:366)\n\tat io.netty.channel.AbstractChannelHandlerContext.invokeChannelRead(AbstractChannelHandlerContext.java:352)\n\tat io.netty.chann...
[debug] &amp#27;[35m[W3C]&amp#27;[39m Matched W3C error code 'no such element' to NoSuchElementError
[debug] &amp#27;[35m[W3C (3e31c346)]&amp#27;[39m Encountered internal error running command: NoSuchElementError: An element could not be located on the page using the given search parameters.
[debug] &amp#27;[35m[W3C (3e31c346)]&amp#27;[39m     at AndroidUiautomator2Driver.findElOrEls (C:\Users\Admin\AppData\Roaming\npm\node_modules\appium\node_modules\appium-android-driver\lib\commands\find.js:75:11)
[debug] &amp#27;[35m[W3C (3e31c346)]&amp#27;[39m     at runMicrotasks (<anonymous>)
[debug] &amp#27;[35m[W3C (3e31c346)]&amp#27;[39m     at processTicksAndRejections (internal/process/task_queues.js:95:5)
[debug] &amp#27;[35m[W3C (3e31c346)]&amp#27;[39m     at AndroidUiautomator2Driver.findElOrElsWithProcessing (C:\Users\Admin\AppData\Roaming\npm\node_modules\appium\node_modules\appium-base-driver\lib\basedriver\commands\find.js:33:12)
[debug] &amp#27;[35m[W3C (3e31c346)]&amp#27;[39m     at AndroidUiautomator2Driver.findElement (C:\Users\Admin\AppData\Roaming\npm\node_modules\appium\node_modules\appium-base-driver\lib\basedriver\commands\find.js:53:10)
&amp#27;[35m[HTTP]&amp#27;[39m &amp#27;[37m<-- POST /wd/hub/session/3e31c346-da08-4d99-a528-afea8ff633f9/element &amp#27;[39m&amp#27;[33m404&amp#27;[39m &amp#27;[90m101 ms - 914&amp#27;[39m
&amp#27;[35m[HTTP]&amp#27;[39m &amp#27;[90m&amp#27;[39m
&amp#27;[35m[HTTP]&amp#27;[39m &amp#27;[37m-->&amp#27;[39m &amp#27;[37mPOST&amp#27;[39m &amp#27;[37m/wd/hub/session/3e31c346-da08-4d99-a528-afea8ff633f9/element&amp#27;[39m
&amp#27;[35m[HTTP]&amp#27;[39m &amp#27;[90m{"using":"accessibility id","value":"test-Username"}&amp#27;[39m
[debug] &amp#27;[35m[W3C (3e31c346)]&amp#27;[39m Calling AppiumDriver.findElement() with args: ["accessibility id","test-Username","3e31c346-da08-4d99-a528-afea8ff633f9"]
[debug] &amp#27;[35m[BaseDriver]&amp#27;[39m Valid locator strategies for this request: xpath, id, class name, accessibility id, css selector, -android uiautomator
[debug] &amp#27;[35m[BaseDriver]&amp#27;[39m Waiting up to 0 ms for condition
[debug] &amp#27;[35m[WD Proxy]&amp#27;[39m Matched '/element' to command name 'findElement'
[debug] &amp#27;[35m[WD Proxy]&amp#27;[39m Proxying [POST /element] to [POST http://127.0.0.1:10000/wd/hub/session/4d27662a-40ad-44a7-ae29-6f7bd3c4184c/element] with body: {"strategy":"accessibility id","selector":"test-Username","context":"","multiple":false}
&amp#27;[35m[WD Proxy]&amp#27;[39m Got response with status 404: {"sessionId":"4d27662a-40ad-44a7-ae29-6f7bd3c4184c","value":{"error":"no such element","message":"An element could not be located on the page using the given search parameters","stacktrace":"io.appium.uiautomator2.common.exceptions.ElementNotFoundException: An element could not be located on the page using the given search parameters\n\tat io.appium.uiautomator2.handler.FindElement.safeHandle(FindElement.java:68)\n\tat io.appium.uiautomator2.handler.request.SafeRequestHandler.handle(SafeRequestHandler.java:41)\n\tat io.appium.uiautomator2.server.AppiumServlet.handleRequest(AppiumServlet.java:262)\n\tat io.appium.uiautomator2.server.AppiumServlet.handleHttpRequest(AppiumServlet.java:256)\n\tat io.appium.uiautomator2.http.ServerHandler.channelRead(ServerHandler.java:68)\n\tat io.netty.channel.AbstractChannelHandlerContext.invokeChannelRead(AbstractChannelHandlerContext.java:366)\n\tat io.netty.channel.AbstractChannelHandlerContext.invokeChannelRead(AbstractChannelHandlerContext.java:352)\n\tat io.netty.chann...
[debug] &amp#27;[35m[W3C]&amp#27;[39m Matched W3C error code 'no such element' to NoSuchElementError
[debug] &amp#27;[35m[W3C (3e31c346)]&amp#27;[39m Encountered internal error running command: NoSuchElementError: An element could not be located on the page using the given search parameters.
[debug] &amp#27;[35m[W3C (3e31c346)]&amp#27;[39m     at AndroidUiautomator2Driver.findElOrEls (C:\Users\Admin\AppData\Roaming\npm\node_modules\appium\node_modules\appium-android-driver\lib\commands\find.js:75:11)
[debug] &amp#27;[35m[W3C (3e31c346)]&amp#27;[39m     at runMicrotasks (<anonymous>)
[debug] &amp#27;[35m[W3C (3e31c346)]&amp#27;[39m     at processTicksAndRejections (internal/process/task_queues.js:95:5)
[debug] &amp#27;[35m[W3C (3e31c346)]&amp#27;[39m     at AndroidUiautomator2Driver.findElOrElsWithProcessing (C:\Users\Admin\AppData\Roaming\npm\node_modules\appium\node_modules\appium-base-driver\lib\basedriver\commands\find.js:33:12)
[debug] &amp#27;[35m[W3C (3e31c346)]&amp#27;[39m     at AndroidUiautomator2Driver.findElement (C:\Users\Admin\AppData\Roaming\npm\node_modules\appium\node_modules\appium-base-driver\lib\basedriver\commands\find.js:53:10)
&amp#27;[35m[HTTP]&amp#27;[39m &amp#27;[37m<-- POST /wd/hub/session/3e31c346-da08-4d99-a528-afea8ff633f9/element &amp#27;[39m&amp#27;[33m404&amp#27;[39m &amp#27;[90m80 ms - 914&amp#27;[39m
&amp#27;[35m[HTTP]&amp#27;[39m &amp#27;[90m&amp#27;[39m
&amp#27;[35m[HTTP]&amp#27;[39m &amp#27;[37m-->&amp#27;[39m &amp#27;[37mPOST&amp#27;[39m &amp#27;[37m/wd/hub/session/3e31c346-da08-4d99-a528-afea8ff633f9/element&amp#27;[39m
&amp#27;[35m[HTTP]&amp#27;[39m &amp#27;[90m{"using":"accessibility id","value":"test-Username"}&amp#27;[39m
[debug] &amp#27;[35m[W3C (3e31c346)]&amp#27;[39m Calling AppiumDriver.findElement() with args: ["accessibility id","test-Username","3e31c346-da08-4d99-a528-afea8ff633f9"]
[debug] &amp#27;[35m[BaseDriver]&amp#27;[39m Valid locator strategies for this request: xpath, id, class name, accessibility id, css selector, -android uiautomator
[debug] &amp#27;[35m[BaseDriver]&amp#27;[39m Waiting up to 0 ms for condition
[debug] &amp#27;[35m[WD Proxy]&amp#27;[39m Matched '/element' to command name 'findElement'
[debug] &amp#27;[35m[WD Proxy]&amp#27;[39m Proxying [POST /element] to [POST http://127.0.0.1:10000/wd/hub/session/4d27662a-40ad-44a7-ae29-6f7bd3c4184c/element] with body: {"strategy":"accessibility id","selector":"test-Username","context":"","multiple":false}
&amp#27;[35m[WD Proxy]&amp#27;[39m Got response with status 404: {"sessionId":"4d27662a-40ad-44a7-ae29-6f7bd3c4184c","value":{"error":"no such element","message":"An element could not be located on the page using the given search parameters","stacktrace":"io.appium.uiautomator2.common.exceptions.ElementNotFoundException: An element could not be located on the page using the given search parameters\n\tat io.appium.uiautomator2.handler.FindElement.safeHandle(FindElement.java:68)\n\tat io.appium.uiautomator2.handler.request.SafeRequestHandler.handle(SafeRequestHandler.java:41)\n\tat io.appium.uiautomator2.server.AppiumServlet.handleRequest(AppiumServlet.java:262)\n\tat io.appium.uiautomator2.server.AppiumServlet.handleHttpRequest(AppiumServlet.java:256)\n\tat io.appium.uiautomator2.http.ServerHandler.channelRead(ServerHandler.java:68)\n\tat io.netty.channel.AbstractChannelHandlerContext.invokeChannelRead(AbstractChannelHandlerContext.java:366)\n\tat io.netty.channel.AbstractChannelHandlerContext.invokeChannelRead(AbstractChannelHandlerContext.java:352)\n\tat io.netty.chann...
[debug] &amp#27;[35m[W3C]&amp#27;[39m Matched W3C error code 'no such element' to NoSuchElementError
[debug] &amp#27;[35m[W3C (3e31c346)]&amp#27;[39m Encountered internal error running command: NoSuchElementError: An element could not be located on the page using the given search parameters.
[debug] &amp#27;[35m[W3C (3e31c346)]&amp#27;[39m     at AndroidUiautomator2Driver.findElOrEls (C:\Users\Admin\AppData\Roaming\npm\node_modules\appium\node_modules\appium-android-driver\lib\commands\find.js:75:11)
[debug] &amp#27;[35m[W3C (3e31c346)]&amp#27;[39m     at runMicrotasks (<anonymous>)
[debug] &amp#27;[35m[W3C (3e31c346)]&amp#27;[39m     at processTicksAndRejections (internal/process/task_queues.js:95:5)
[debug] &amp#27;[35m[W3C (3e31c346)]&amp#27;[39m     at AndroidUiautomator2Driver.findElOrElsWithProcessing (C:\Users\Admin\AppData\Roaming\npm\node_modules\appium\node_modules\appium-base-driver\lib\basedriver\commands\find.js:33:12)
[debug] &amp#27;[35m[W3C (3e31c346)]&amp#27;[39m     at AndroidUiautomator2Driver.findElement (C:\Users\Admin\AppData\Roaming\npm\node_modules\appium\node_modules\appium-base-driver\lib\basedriver\commands\find.js:53:10)
&amp#27;[35m[HTTP]&amp#27;[39m &amp#27;[37m<-- POST /wd/hub/session/3e31c346-da08-4d99-a528-afea8ff633f9/element &amp#27;[39m&amp#27;[33m404&amp#27;[39m &amp#27;[90m82 ms - 914&amp#27;[39m
&amp#27;[35m[HTTP]&amp#27;[39m &amp#27;[90m&amp#27;[39m
&amp#27;[35m[HTTP]&amp#27;[39m &amp#27;[37m-->&amp#27;[39m &amp#27;[37mPOST&amp#27;[39m &amp#27;[37m/wd/hub/session/3e31c346-da08-4d99-a528-afea8ff633f9/element&amp#27;[39m
&amp#27;[35m[HTTP]&amp#27;[39m &amp#27;[90m{"using":"accessibility id","value":"test-Username"}&amp#27;[39m
[debug] &amp#27;[35m[W3C (3e31c346)]&amp#27;[39m Calling AppiumDriver.findElement() with args: ["accessibility id","test-Username","3e31c346-da08-4d99-a528-afea8ff633f9"]
[debug] &amp#27;[35m[BaseDriver]&amp#27;[39m Valid locator strategies for this request: xpath, id, class name, accessibility id, css selector, -android uiautomator
[debug] &amp#27;[35m[BaseDriver]&amp#27;[39m Waiting up to 0 ms for condition
[debug] &amp#27;[35m[WD Proxy]&amp#27;[39m Matched '/element' to command name 'findElement'
[debug] &amp#27;[35m[WD Proxy]&amp#27;[39m Proxying [POST /element] to [POST http://127.0.0.1:10000/wd/hub/session/4d27662a-40ad-44a7-ae29-6f7bd3c4184c/element] with body: {"strategy":"accessibility id","selector":"test-Username","context":"","multiple":false}
&amp#27;[35m[WD Proxy]&amp#27;[39m Got response with status 404: {"sessionId":"4d27662a-40ad-44a7-ae29-6f7bd3c4184c","value":{"error":"no such element","message":"An element could not be located on the page using the given search parameters","stacktrace":"io.appium.uiautomator2.common.exceptions.ElementNotFoundException: An element could not be located on the page using the given search parameters\n\tat io.appium.uiautomator2.handler.FindElement.safeHandle(FindElement.java:68)\n\tat io.appium.uiautomator2.handler.request.SafeRequestHandler.handle(SafeRequestHandler.java:41)\n\tat io.appium.uiautomator2.server.AppiumServlet.handleRequest(AppiumServlet.java:262)\n\tat io.appium.uiautomator2.server.AppiumServlet.handleHttpRequest(AppiumServlet.java:256)\n\tat io.appium.uiautomator2.http.ServerHandler.channelRead(ServerHandler.java:68)\n\tat io.netty.channel.AbstractChannelHandlerContext.invokeChannelRead(AbstractChannelHandlerContext.java:366)\n\tat io.netty.channel.AbstractChannelHandlerContext.invokeChannelRead(AbstractChannelHandlerContext.java:352)\n\tat io.netty.chann...
[debug] &amp#27;[35m[W3C]&amp#27;[39m Matched W3C error code 'no such element' to NoSuchElementError
[debug] &amp#27;[35m[W3C (3e31c346)]&amp#27;[39m Encountered internal error running command: NoSuchElementError: An element could not be located on the page using the given search parameters.
[debug] &amp#27;[35m[W3C (3e31c346)]&amp#27;[39m     at AndroidUiautomator2Driver.findElOrEls (C:\Users\Admin\AppData\Roaming\npm\node_modules\appium\node_modules\appium-android-driver\lib\commands\find.js:75:11)
[debug] &amp#27;[35m[W3C (3e31c346)]&amp#27;[39m     at runMicrotasks (<anonymous>)
[debug] &amp#27;[35m[W3C (3e31c346)]&amp#27;[39m     at processTicksAndRejections (internal/process/task_queues.js:95:5)
[debug] &amp#27;[35m[W3C (3e31c346)]&amp#27;[39m     at AndroidUiautomator2Driver.findElOrElsWithProcessing (C:\Users\Admin\AppData\Roaming\npm\node_modules\appium\node_modules\appium-base-driver\lib\basedriver\commands\find.js:33:12)
[debug] &amp#27;[35m[W3C (3e31c346)]&amp#27;[39m     at AndroidUiautomator2Driver.findElement (C:\Users\Admin\AppData\Roaming\npm\node_modules\appium\node_modules\appium-base-driver\lib\basedriver\commands\find.js:53:10)
&amp#27;[35m[HTTP]&amp#27;[39m &amp#27;[37m<-- POST /wd/hub/session/3e31c346-da08-4d99-a528-afea8ff633f9/element &amp#27;[39m&amp#27;[33m404&amp#27;[39m &amp#27;[90m78 ms - 914&amp#27;[39m
&amp#27;[35m[HTTP]&amp#27;[39m &amp#27;[90m&amp#27;[39m
&amp#27;[35m[HTTP]&amp#27;[39m &amp#27;[37m-->&amp#27;[39m &amp#27;[37mGET&amp#27;[39m &amp#27;[37m/wd/hub/session/3e31c346-da08-4d99-a528-afea8ff633f9/context&amp#27;[39m
&amp#27;[35m[HTTP]&amp#27;[39m &amp#27;[90m{}&amp#27;[39m
[debug] &amp#27;[35m[W3C (3e31c346)]&amp#27;[39m Calling AppiumDriver.getCurrentContext() with args: ["3e31c346-da08-4d99-a528-afea8ff633f9"]
[debug] &amp#27;[35m[W3C (3e31c346)]&amp#27;[39m Responding to client with driver.getCurrentContext() result: "NATIVE_APP"
&amp#27;[35m[HTTP]&amp#27;[39m &amp#27;[37m<-- GET /wd/hub/session/3e31c346-da08-4d99-a528-afea8ff633f9/context &amp#27;[39m&amp#27;[32m200&amp#27;[39m &amp#27;[90m2 ms - 22&amp#27;[39m
&amp#27;[35m[HTTP]&amp#27;[39m &amp#27;[90m&amp#27;[39m
&amp#27;[35m[HTTP]&amp#27;[39m &amp#27;[37m-->&amp#27;[39m &amp#27;[37mPOST&amp#27;[39m &amp#27;[37m/wd/hub/session/3e31c346-da08-4d99-a528-afea8ff633f9/element&amp#27;[39m
&amp#27;[35m[HTTP]&amp#27;[39m &amp#27;[90m{"using":"accessibility id","value":"test-Username"}&amp#27;[39m
[debug] &amp#27;[35m[W3C (3e31c346)]&amp#27;[39m Calling AppiumDriver.findElement() with args: ["accessibility id","test-Username","3e31c346-da08-4d99-a528-afea8ff633f9"]
[debug] &amp#27;[35m[BaseDriver]&amp#27;[39m Valid locator strategies for this request: xpath, id, class name, accessibility id, css selector, -android uiautomator
[debug] &amp#27;[35m[BaseDriver]&amp#27;[39m Waiting up to 0 ms for condition
[debug] &amp#27;[35m[WD Proxy]&amp#27;[39m Matched '/element' to command name 'findElement'
[debug] &amp#27;[35m[WD Proxy]&amp#27;[39m Proxying [POST /element] to [POST http://127.0.0.1:10000/wd/hub/session/4d27662a-40ad-44a7-ae29-6f7bd3c4184c/element] with body: {"strategy":"accessibility id","selector":"test-Username","context":"","multiple":false}
&amp#27;[35m[WD Proxy]&amp#27;[39m Got response with status 404: {"sessionId":"4d27662a-40ad-44a7-ae29-6f7bd3c4184c","value":{"error":"no such element","message":"An element could not be located on the page using the given search parameters","stacktrace":"io.appium.uiautomator2.common.exceptions.ElementNotFoundException: An element could not be located on the page using the given search parameters\n\tat io.appium.uiautomator2.handler.FindElement.safeHandle(FindElement.java:68)\n\tat io.appium.uiautomator2.handler.request.SafeRequestHandler.handle(SafeRequestHandler.java:41)\n\tat io.appium.uiautomator2.server.AppiumServlet.handleRequest(AppiumServlet.java:262)\n\tat io.appium.uiautomator2.server.AppiumServlet.handleHttpRequest(AppiumServlet.java:256)\n\tat io.appium.uiautomator2.http.ServerHandler.channelRead(ServerHandler.java:68)\n\tat io.netty.channel.AbstractChannelHandlerContext.invokeChannelRead(AbstractChannelHandlerContext.java:366)\n\tat io.netty.channel.AbstractChannelHandlerContext.invokeChannelRead(AbstractChannelHandlerContext.java:352)\n\tat io.netty.chann...
[debug] &amp#27;[35m[W3C]&amp#27;[39m Matched W3C error code 'no such element' to NoSuchElementError
[debug] &amp#27;[35m[W3C (3e31c346)]&amp#27;[39m Encountered internal error running command: NoSuchElementError: An element could not be located on the page using the given search parameters.
[debug] &amp#27;[35m[W3C (3e31c346)]&amp#27;[39m     at AndroidUiautomator2Driver.findElOrEls (C:\Users\Admin\AppData\Roaming\npm\node_modules\appium\node_modules\appium-android-driver\lib\commands\find.js:75:11)
[debug] &amp#27;[35m[W3C (3e31c346)]&amp#27;[39m     at runMicrotasks (<anonymous>)
[debug] &amp#27;[35m[W3C (3e31c346)]&amp#27;[39m     at processTicksAndRejections (internal/process/task_queues.js:95:5)
[debug] &amp#27;[35m[W3C (3e31c346)]&amp#27;[39m     at AndroidUiautomator2Driver.findElOrElsWithProcessing (C:\Users\Admin\AppData\Roaming\npm\node_modules\appium\node_modules\appium-base-driver\lib\basedriver\commands\find.js:33:12)
[debug] &amp#27;[35m[W3C (3e31c346)]&amp#27;[39m     at AndroidUiautomator2Driver.findElement (C:\Users\Admin\AppData\Roaming\npm\node_modules\appium\node_modules\appium-base-driver\lib\basedriver\commands\find.js:53:10)
&amp#27;[35m[HTTP]&amp#27;[39m &amp#27;[37m<-- POST /wd/hub/session/3e31c346-da08-4d99-a528-afea8ff633f9/element &amp#27;[39m&amp#27;[33m404&amp#27;[39m &amp#27;[90m112 ms - 914&amp#27;[39m
&amp#27;[35m[HTTP]&amp#27;[39m &amp#27;[90m&amp#27;[39m
&amp#27;[35m[HTTP]&amp#27;[39m &amp#27;[37m-->&amp#27;[39m &amp#27;[37mPOST&amp#27;[39m &amp#27;[37m/wd/hub/session/3e31c346-da08-4d99-a528-afea8ff633f9/element&amp#27;[39m
&amp#27;[35m[HTTP]&amp#27;[39m &amp#27;[90m{"using":"accessibility id","value":"test-Username"}&amp#27;[39m
[debug] &amp#27;[35m[W3C (3e31c346)]&amp#27;[39m Calling AppiumDriver.findElement() with args: ["accessibility id","test-Username","3e31c346-da08-4d99-a528-afea8ff633f9"]
[debug] &amp#27;[35m[BaseDriver]&amp#27;[39m Valid locator strategies for this request: xpath, id, class name, accessibility id, css selector, -android uiautomator
[debug] &amp#27;[35m[BaseDriver]&amp#27;[39m Waiting up to 0 ms for condition
[debug] &amp#27;[35m[WD Proxy]&amp#27;[39m Matched '/element' to command name 'findElement'
[debug] &amp#27;[35m[WD Proxy]&amp#27;[39m Proxying [POST /element] to [POST http://127.0.0.1:10000/wd/hub/session/4d27662a-40ad-44a7-ae29-6f7bd3c4184c/element] with body: {"strategy":"accessibility id","selector":"test-Username","context":"","multiple":false}
&amp#27;[35m[WD Proxy]&amp#27;[39m Got response with status 404: {"sessionId":"4d27662a-40ad-44a7-ae29-6f7bd3c4184c","value":{"error":"no such element","message":"An element could not be located on the page using the given search parameters","stacktrace":"io.appium.uiautomator2.common.exceptions.ElementNotFoundException: An element could not be located on the page using the given search parameters\n\tat io.appium.uiautomator2.handler.FindElement.safeHandle(FindElement.java:68)\n\tat io.appium.uiautomator2.handler.request.SafeRequestHandler.handle(SafeRequestHandler.java:41)\n\tat io.appium.uiautomator2.server.AppiumServlet.handleRequest(AppiumServlet.java:262)\n\tat io.appium.uiautomator2.server.AppiumServlet.handleHttpRequest(AppiumServlet.java:256)\n\tat io.appium.uiautomator2.http.ServerHandler.channelRead(ServerHandler.java:68)\n\tat io.netty.channel.AbstractChannelHandlerContext.invokeChannelRead(AbstractChannelHandlerContext.java:366)\n\tat io.netty.channel.AbstractChannelHandlerContext.invokeChannelRead(AbstractChannelHandlerContext.java:352)\n\tat io.netty.chann...
[debug] &amp#27;[35m[W3C]&amp#27;[39m Matched W3C error code 'no such element' to NoSuchElementError
[debug] &amp#27;[35m[W3C (3e31c346)]&amp#27;[39m Encountered internal error running command: NoSuchElementError: An element could not be located on the page using the given search parameters.
[debug] &amp#27;[35m[W3C (3e31c346)]&amp#27;[39m     at AndroidUiautomator2Driver.findElOrEls (C:\Users\Admin\AppData\Roaming\npm\node_modules\appium\node_modules\appium-android-driver\lib\commands\find.js:75:11)
[debug] &amp#27;[35m[W3C (3e31c346)]&amp#27;[39m     at runMicrotasks (<anonymous>)
[debug] &amp#27;[35m[W3C (3e31c346)]&amp#27;[39m     at processTicksAndRejections (internal/process/task_queues.js:95:5)
[debug] &amp#27;[35m[W3C (3e31c346)]&amp#27;[39m     at AndroidUiautomator2Driver.findElOrElsWithProcessing (C:\Users\Admin\AppData\Roaming\npm\node_modules\appium\node_modules\appium-base-driver\lib\basedriver\commands\find.js:33:12)
[debug] &amp#27;[35m[W3C (3e31c346)]&amp#27;[39m     at AndroidUiautomator2Driver.findElement (C:\Users\Admin\AppData\Roaming\npm\node_modules\appium\node_modules\appium-base-driver\lib\basedriver\commands\find.js:53:10)
&amp#27;[35m[HTTP]&amp#27;[39m &amp#27;[37m<-- POST /wd/hub/session/3e31c346-da08-4d99-a528-afea8ff633f9/element &amp#27;[39m&amp#27;[33m404&amp#27;[39m &amp#27;[90m80 ms - 914&amp#27;[39m
&amp#27;[35m[HTTP]&amp#27;[39m &amp#27;[90m&amp#27;[39m
&amp#27;[35m[HTTP]&amp#27;[39m &amp#27;[37m-->&amp#27;[39m &amp#27;[37mPOST&amp#27;[39m &amp#27;[37m/wd/hub/session/3e31c346-da08-4d99-a528-afea8ff633f9/element&amp#27;[39m
&amp#27;[35m[HTTP]&amp#27;[39m &amp#27;[90m{"using":"accessibility id","value":"test-Username"}&amp#27;[39m
[debug] &amp#27;[35m[W3C (3e31c346)]&amp#27;[39m Calling AppiumDriver.findElement() with args: ["accessibility id","test-Username","3e31c346-da08-4d99-a528-afea8ff633f9"]
[debug] &amp#27;[35m[BaseDriver]&amp#27;[39m Valid locator strategies for this request: xpath, id, class name, accessibility id, css selector, -android uiautomator
[debug] &amp#27;[35m[BaseDriver]&amp#27;[39m Waiting up to 0 ms for condition
[debug] &amp#27;[35m[WD Proxy]&amp#27;[39m Matched '/element' to command name 'findElement'
[debug] &amp#27;[35m[WD Proxy]&amp#27;[39m Proxying [POST /element] to [POST http://127.0.0.1:10000/wd/hub/session/4d27662a-40ad-44a7-ae29-6f7bd3c4184c/element] with body: {"strategy":"accessibility id","selector":"test-Username","context":"","multiple":false}
&amp#27;[35m[WD Proxy]&amp#27;[39m Got response with status 404: {"sessionId":"4d27662a-40ad-44a7-ae29-6f7bd3c4184c","value":{"error":"no such element","message":"An element could not be located on the page using the given search parameters","stacktrace":"io.appium.uiautomator2.common.exceptions.ElementNotFoundException: An element could not be located on the page using the given search parameters\n\tat io.appium.uiautomator2.handler.FindElement.safeHandle(FindElement.java:68)\n\tat io.appium.uiautomator2.handler.request.SafeRequestHandler.handle(SafeRequestHandler.java:41)\n\tat io.appium.uiautomator2.server.AppiumServlet.handleRequest(AppiumServlet.java:262)\n\tat io.appium.uiautomator2.server.AppiumServlet.handleHttpRequest(AppiumServlet.java:256)\n\tat io.appium.uiautomator2.http.ServerHandler.channelRead(ServerHandler.java:68)\n\tat io.netty.channel.AbstractChannelHandlerContext.invokeChannelRead(AbstractChannelHandlerContext.java:366)\n\tat io.netty.channel.AbstractChannelHandlerContext.invokeChannelRead(AbstractChannelHandlerContext.java:352)\n\tat io.netty.chann...
[debug] &amp#27;[35m[W3C]&amp#27;[39m Matched W3C error code 'no such element' to NoSuchElementError
[debug] &amp#27;[35m[W3C (3e31c346)]&amp#27;[39m Encountered internal error running command: NoSuchElementError: An element could not be located on the page using the given search parameters.
[debug] &amp#27;[35m[W3C (3e31c346)]&amp#27;[39m     at AndroidUiautomator2Driver.findElOrEls (C:\Users\Admin\AppData\Roaming\npm\node_modules\appium\node_modules\appium-android-driver\lib\commands\find.js:75:11)
[debug] &amp#27;[35m[W3C (3e31c346)]&amp#27;[39m     at runMicrotasks (<anonymous>)
[debug] &amp#27;[35m[W3C (3e31c346)]&amp#27;[39m     at processTicksAndRejections (internal/process/task_queues.js:95:5)
[debug] &amp#27;[35m[W3C (3e31c346)]&amp#27;[39m     at AndroidUiautomator2Driver.findElOrElsWithProcessing (C:\Users\Admin\AppData\Roaming\npm\node_modules\appium\node_modules\appium-base-driver\lib\basedriver\commands\find.js:33:12)
[debug] &amp#27;[35m[W3C (3e31c346)]&amp#27;[39m     at AndroidUiautomator2Driver.findElement (C:\Users\Admin\AppData\Roaming\npm\node_modules\appium\node_modules\appium-base-driver\lib\basedriver\commands\find.js:53:10)
&amp#27;[35m[HTTP]&amp#27;[39m &amp#27;[37m<-- POST /wd/hub/session/3e31c346-da08-4d99-a528-afea8ff633f9/element &amp#27;[39m&amp#27;[33m404&amp#27;[39m &amp#27;[90m84 ms - 914&amp#27;[39m
&amp#27;[35m[HTTP]&amp#27;[39m &amp#27;[90m&amp#27;[39m
&amp#27;[35m[HTTP]&amp#27;[39m &amp#27;[37m-->&amp#27;[39m &amp#27;[37mPOST&amp#27;[39m &amp#27;[37m/wd/hub/session/3e31c346-da08-4d99-a528-afea8ff633f9/element&amp#27;[39m
&amp#27;[35m[HTTP]&amp#27;[39m &amp#27;[90m{"using":"accessibility id","value":"test-Username"}&amp#27;[39m
[debug] &amp#27;[35m[W3C (3e31c346)]&amp#27;[39m Calling AppiumDriver.findElement() with args: ["accessibility id","test-Username","3e31c346-da08-4d99-a528-afea8ff633f9"]
[debug] &amp#27;[35m[BaseDriver]&amp#27;[39m Valid locator strategies for this request: xpath, id, class name, accessibility id, css selector, -android uiautomator
[debug] &amp#27;[35m[BaseDriver]&amp#27;[39m Waiting up to 0 ms for condition
[debug] &amp#27;[35m[WD Proxy]&amp#27;[39m Matched '/element' to command name 'findElement'
[debug] &amp#27;[35m[WD Proxy]&amp#27;[39m Proxying [POST /element] to [POST http://127.0.0.1:10000/wd/hub/session/4d27662a-40ad-44a7-ae29-6f7bd3c4184c/element] with body: {"strategy":"accessibility id","selector":"test-Username","context":"","multiple":false}
&amp#27;[35m[WD Proxy]&amp#27;[39m Got response with status 404: {"sessionId":"4d27662a-40ad-44a7-ae29-6f7bd3c4184c","value":{"error":"no such element","message":"An element could not be located on the page using the given search parameters","stacktrace":"io.appium.uiautomator2.common.exceptions.ElementNotFoundException: An element could not be located on the page using the given search parameters\n\tat io.appium.uiautomator2.handler.FindElement.safeHandle(FindElement.java:68)\n\tat io.appium.uiautomator2.handler.request.SafeRequestHandler.handle(SafeRequestHandler.java:41)\n\tat io.appium.uiautomator2.server.AppiumServlet.handleRequest(AppiumServlet.java:262)\n\tat io.appium.uiautomator2.server.AppiumServlet.handleHttpRequest(AppiumServlet.java:256)\n\tat io.appium.uiautomator2.http.ServerHandler.channelRead(ServerHandler.java:68)\n\tat io.netty.channel.AbstractChannelHandlerContext.invokeChannelRead(AbstractChannelHandlerContext.java:366)\n\tat io.netty.channel.AbstractChannelHandlerContext.invokeChannelRead(AbstractChannelHandlerContext.java:352)\n\tat io.netty.chann...
[debug] &amp#27;[35m[W3C]&amp#27;[39m Matched W3C error code 'no such element' to NoSuchElementError
[debug] &amp#27;[35m[W3C (3e31c346)]&amp#27;[39m Encountered internal error running command: NoSuchElementError: An element could not be located on the page using the given search parameters.
[debug] &amp#27;[35m[W3C (3e31c346)]&amp#27;[39m     at AndroidUiautomator2Driver.findElOrEls (C:\Users\Admin\AppData\Roaming\npm\node_modules\appium\node_modules\appium-android-driver\lib\commands\find.js:75:11)
[debug] &amp#27;[35m[W3C (3e31c346)]&amp#27;[39m     at runMicrotasks (<anonymous>)
[debug] &amp#27;[35m[W3C (3e31c346)]&amp#27;[39m     at processTicksAndRejections (internal/process/task_queues.js:95:5)
[debug] &amp#27;[35m[W3C (3e31c346)]&amp#27;[39m     at AndroidUiautomator2Driver.findElOrElsWithProcessing (C:\Users\Admin\AppData\Roaming\npm\node_modules\appium\node_modules\appium-base-driver\lib\basedriver\commands\find.js:33:12)
[debug] &amp#27;[35m[W3C (3e31c346)]&amp#27;[39m     at AndroidUiautomator2Driver.findElement (C:\Users\Admin\AppData\Roaming\npm\node_modules\appium\node_modules\appium-base-driver\lib\basedriver\commands\find.js:53:10)
&amp#27;[35m[HTTP]&amp#27;[39m &amp#27;[37m<-- POST /wd/hub/session/3e31c346-da08-4d99-a528-afea8ff633f9/element &amp#27;[39m&amp#27;[33m404&amp#27;[39m &amp#27;[90m81 ms - 914&amp#27;[39m
&amp#27;[35m[HTTP]&amp#27;[39m &amp#27;[90m&amp#27;[39m
&amp#27;[35m[HTTP]&amp#27;[39m &amp#27;[37m-->&amp#27;[39m &amp#27;[37mGET&amp#27;[39m &amp#27;[37m/wd/hub/session/3e31c346-da08-4d99-a528-afea8ff633f9/context&amp#27;[39m
&amp#27;[35m[HTTP]&amp#27;[39m &amp#27;[90m{}&amp#27;[39m
[debug] &amp#27;[35m[W3C (3e31c346)]&amp#27;[39m Calling AppiumDriver.getCurrentContext() with args: ["3e31c346-da08-4d99-a528-afea8ff633f9"]
[debug] &amp#27;[35m[W3C (3e31c346)]&amp#27;[39m Responding to client with driver.getCurrentContext() result: "NATIVE_APP"
&amp#27;[35m[HTTP]&amp#27;[39m &amp#27;[37m<-- GET /wd/hub/session/3e31c346-da08-4d99-a528-afea8ff633f9/context &amp#27;[39m&amp#27;[32m200&amp#27;[39m &amp#27;[90m3 ms - 22&amp#27;[39m
&amp#27;[35m[HTTP]&amp#27;[39m &amp#27;[90m&amp#27;[39m
&amp#27;[35m[HTTP]&amp#27;[39m &amp#27;[37m-->&amp#27;[39m &amp#27;[37mPOST&amp#27;[39m &amp#27;[37m/wd/hub/session/3e31c346-da08-4d99-a528-afea8ff633f9/element&amp#27;[39m
&amp#27;[35m[HTTP]&amp#27;[39m &amp#27;[90m{"using":"accessibility id","value":"test-Username"}&amp#27;[39m
[debug] &amp#27;[35m[W3C (3e31c346)]&amp#27;[39m Calling AppiumDriver.findElement() with args: ["accessibility id","test-Username","3e31c346-da08-4d99-a528-afea8ff633f9"]
[debug] &amp#27;[35m[BaseDriver]&amp#27;[39m Valid locator strategies for this request: xpath, id, class name, accessibility id, css selector, -android uiautomator
[debug] &amp#27;[35m[BaseDriver]&amp#27;[39m Waiting up to 0 ms for condition
[debug] &amp#27;[35m[WD Proxy]&amp#27;[39m Matched '/element' to command name 'findElement'
[debug] &amp#27;[35m[WD Proxy]&amp#27;[39m Proxying [POST /element] to [POST http://127.0.0.1:10000/wd/hub/session/4d27662a-40ad-44a7-ae29-6f7bd3c4184c/element] with body: {"strategy":"accessibility id","selector":"test-Username","context":"","multiple":false}
&amp#27;[35m[WD Proxy]&amp#27;[39m Got response with status 404: {"sessionId":"4d27662a-40ad-44a7-ae29-6f7bd3c4184c","value":{"error":"no such element","message":"An element could not be located on the page using the given search parameters","stacktrace":"io.appium.uiautomator2.common.exceptions.ElementNotFoundException: An element could not be located on the page using the given search parameters\n\tat io.appium.uiautomator2.handler.FindElement.safeHandle(FindElement.java:68)\n\tat io.appium.uiautomator2.handler.request.SafeRequestHandler.handle(SafeRequestHandler.java:41)\n\tat io.appium.uiautomator2.server.AppiumServlet.handleRequest(AppiumServlet.java:262)\n\tat io.appium.uiautomator2.server.AppiumServlet.handleHttpRequest(AppiumServlet.java:256)\n\tat io.appium.uiautomator2.http.ServerHandler.channelRead(ServerHandler.java:68)\n\tat io.netty.channel.AbstractChannelHandlerContext.invokeChannelRead(AbstractChannelHandlerContext.java:366)\n\tat io.netty.channel.AbstractChannelHandlerContext.invokeChannelRead(AbstractChannelHandlerContext.java:352)\n\tat io.netty.chann...
[debug] &amp#27;[35m[W3C]&amp#27;[39m Matched W3C error code 'no such element' to NoSuchElementError
[debug] &amp#27;[35m[W3C (3e31c346)]&amp#27;[39m Encountered internal error running command: NoSuchElementError: An element could not be located on the page using the given search parameters.
[debug] &amp#27;[35m[W3C (3e31c346)]&amp#27;[39m     at AndroidUiautomator2Driver.findElOrEls (C:\Users\Admin\AppData\Roaming\npm\node_modules\appium\node_modules\appium-android-driver\lib\commands\find.js:75:11)
[debug] &amp#27;[35m[W3C (3e31c346)]&amp#27;[39m     at runMicrotasks (<anonymous>)
[debug] &amp#27;[35m[W3C (3e31c346)]&amp#27;[39m     at processTicksAndRejections (internal/process/task_queues.js:95:5)
[debug] &amp#27;[35m[W3C (3e31c346)]&amp#27;[39m     at AndroidUiautomator2Driver.findElOrElsWithProcessing (C:\Users\Admin\AppData\Roaming\npm\node_modules\appium\node_modules\appium-base-driver\lib\basedriver\commands\find.js:33:12)
[debug] &amp#27;[35m[W3C (3e31c346)]&amp#27;[39m     at AndroidUiautomator2Driver.findElement (C:\Users\Admin\AppData\Roaming\npm\node_modules\appium\node_modules\appium-base-driver\lib\basedriver\commands\find.js:53:10)
&amp#27;[35m[HTTP]&amp#27;[39m &amp#27;[37m<-- POST /wd/hub/session/3e31c346-da08-4d99-a528-afea8ff633f9/element &amp#27;[39m&amp#27;[33m404&amp#27;[39m &amp#27;[90m85 ms - 914&amp#27;[39m
&amp#27;[35m[HTTP]&amp#27;[39m &amp#27;[90m&amp#27;[39m
&amp#27;[35m[HTTP]&amp#27;[39m &amp#27;[37m-->&amp#27;[39m &amp#27;[37mPOST&amp#27;[39m &amp#27;[37m/wd/hub/session/3e31c346-da08-4d99-a528-afea8ff633f9/element&amp#27;[39m
&amp#27;[35m[HTTP]&amp#27;[39m &amp#27;[90m{"using":"accessibility id","value":"test-Username"}&amp#27;[39m
[debug] &amp#27;[35m[W3C (3e31c346)]&amp#27;[39m Calling AppiumDriver.findElement() with args: ["accessibility id","test-Username","3e31c346-da08-4d99-a528-afea8ff633f9"]
[debug] &amp#27;[35m[BaseDriver]&amp#27;[39m Valid locator strategies for this request: xpath, id, class name, accessibility id, css selector, -android uiautomator
[debug] &amp#27;[35m[BaseDriver]&amp#27;[39m Waiting up to 0 ms for condition
[debug] &amp#27;[35m[WD Proxy]&amp#27;[39m Matched '/element' to command name 'findElement'
[debug] &amp#27;[35m[WD Proxy]&amp#27;[39m Proxying [POST /element] to [POST http://127.0.0.1:10000/wd/hub/session/4d27662a-40ad-44a7-ae29-6f7bd3c4184c/element] with body: {"strategy":"accessibility id","selector":"test-Username","context":"","multiple":false}
&amp#27;[35m[WD Proxy]&amp#27;[39m Got response with status 404: {"sessionId":"4d27662a-40ad-44a7-ae29-6f7bd3c4184c","value":{"error":"no such element","message":"An element could not be located on the page using the given search parameters","stacktrace":"io.appium.uiautomator2.common.exceptions.ElementNotFoundException: An element could not be located on the page using the given search parameters\n\tat io.appium.uiautomator2.handler.FindElement.safeHandle(FindElement.java:68)\n\tat io.appium.uiautomator2.handler.request.SafeRequestHandler.handle(SafeRequestHandler.java:41)\n\tat io.appium.uiautomator2.server.AppiumServlet.handleRequest(AppiumServlet.java:262)\n\tat io.appium.uiautomator2.server.AppiumServlet.handleHttpRequest(AppiumServlet.java:256)\n\tat io.appium.uiautomator2.http.ServerHandler.channelRead(ServerHandler.java:68)\n\tat io.netty.channel.AbstractChannelHandlerContext.invokeChannelRead(AbstractChannelHandlerContext.java:366)\n\tat io.netty.channel.AbstractChannelHandlerContext.invokeChannelRead(AbstractChannelHandlerContext.java:352)\n\tat io.netty.chann...
[debug] &amp#27;[35m[W3C]&amp#27;[39m Matched W3C error code 'no such element' to NoSuchElementError
[debug] &amp#27;[35m[W3C (3e31c346)]&amp#27;[39m Encountered internal error running command: NoSuchElementError: An element could not be located on the page using the given search parameters.
[debug] &amp#27;[35m[W3C (3e31c346)]&amp#27;[39m     at AndroidUiautomator2Driver.findElOrEls (C:\Users\Admin\AppData\Roaming\npm\node_modules\appium\node_modules\appium-android-driver\lib\commands\find.js:75:11)
[debug] &amp#27;[35m[W3C (3e31c346)]&amp#27;[39m     at runMicrotasks (<anonymous>)
[debug] &amp#27;[35m[W3C (3e31c346)]&amp#27;[39m     at processTicksAndRejections (internal/process/task_queues.js:95:5)
[debug] &amp#27;[35m[W3C (3e31c346)]&amp#27;[39m     at AndroidUiautomator2Driver.findElOrElsWithProcessing (C:\Users\Admin\AppData\Roaming\npm\node_modules\appium\node_modules\appium-base-driver\lib\basedriver\commands\find.js:33:12)
[debug] &amp#27;[35m[W3C (3e31c346)]&amp#27;[39m     at AndroidUiautomator2Driver.findElement (C:\Users\Admin\AppData\Roaming\npm\node_modules\appium\node_modules\appium-base-driver\lib\basedriver\commands\find.js:53:10)
&amp#27;[35m[HTTP]&amp#27;[39m &amp#27;[37m<-- POST /wd/hub/session/3e31c346-da08-4d99-a528-afea8ff633f9/element &amp#27;[39m&amp#27;[33m404&amp#27;[39m &amp#27;[90m82 ms - 914&amp#27;[39m
&amp#27;[35m[HTTP]&amp#27;[39m &amp#27;[90m&amp#27;[39m
&amp#27;[35m[HTTP]&amp#27;[39m &amp#27;[37m-->&amp#27;[39m &amp#27;[37mPOST&amp#27;[39m &amp#27;[37m/wd/hub/session/3e31c346-da08-4d99-a528-afea8ff633f9/element&amp#27;[39m
&amp#27;[35m[HTTP]&amp#27;[39m &amp#27;[90m{"using":"accessibility id","value":"test-Username"}&amp#27;[39m
[debug] &amp#27;[35m[W3C (3e31c346)]&amp#27;[39m Calling AppiumDriver.findElement() with args: ["accessibility id","test-Username","3e31c346-da08-4d99-a528-afea8ff633f9"]
[debug] &amp#27;[35m[BaseDriver]&amp#27;[39m Valid locator strategies for this request: xpath, id, class name, accessibility id, css selector, -android uiautomator
[debug] &amp#27;[35m[BaseDriver]&amp#27;[39m Waiting up to 0 ms for condition
[debug] &amp#27;[35m[WD Proxy]&amp#27;[39m Matched '/element' to command name 'findElement'
[debug] &amp#27;[35m[WD Proxy]&amp#27;[39m Proxying [POST /element] to [POST http://127.0.0.1:10000/wd/hub/session/4d27662a-40ad-44a7-ae29-6f7bd3c4184c/element] with body: {"strategy":"accessibility id","selector":"test-Username","context":"","multiple":false}
&amp#27;[35m[WD Proxy]&amp#27;[39m Got response with status 404: {"sessionId":"4d27662a-40ad-44a7-ae29-6f7bd3c4184c","value":{"error":"no such element","message":"An element could not be located on the page using the given search parameters","stacktrace":"io.appium.uiautomator2.common.exceptions.ElementNotFoundException: An element could not be located on the page using the given search parameters\n\tat io.appium.uiautomator2.handler.FindElement.safeHandle(FindElement.java:68)\n\tat io.appium.uiautomator2.handler.request.SafeRequestHandler.handle(SafeRequestHandler.java:41)\n\tat io.appium.uiautomator2.server.AppiumServlet.handleRequest(AppiumServlet.java:262)\n\tat io.appium.uiautomator2.server.AppiumServlet.handleHttpRequest(AppiumServlet.java:256)\n\tat io.appium.uiautomator2.http.ServerHandler.channelRead(ServerHandler.java:68)\n\tat io.netty.channel.AbstractChannelHandlerContext.invokeChannelRead(AbstractChannelHandlerContext.java:366)\n\tat io.netty.channel.AbstractChannelHandlerContext.invokeChannelRead(AbstractChannelHandlerContext.java:352)\n\tat io.netty.chann...
[debug] &amp#27;[35m[W3C]&amp#27;[39m Matched W3C error code 'no such element' to NoSuchElementError
[debug] &amp#27;[35m[W3C (3e31c346)]&amp#27;[39m Encountered internal error running command: NoSuchElementError: An element could not be located on the page using the given search parameters.
[debug] &amp#27;[35m[W3C (3e31c346)]&amp#27;[39m     at AndroidUiautomator2Driver.findElOrEls (C:\Users\Admin\AppData\Roaming\npm\node_modules\appium\node_modules\appium-android-driver\lib\commands\find.js:75:11)
[debug] &amp#27;[35m[W3C (3e31c346)]&amp#27;[39m     at runMicrotasks (<anonymous>)
[debug] &amp#27;[35m[W3C (3e31c346)]&amp#27;[39m     at processTicksAndRejections (internal/process/task_queues.js:95:5)
[debug] &amp#27;[35m[W3C (3e31c346)]&amp#27;[39m     at AndroidUiautomator2Driver.findElOrElsWithProcessing (C:\Users\Admin\AppData\Roaming\npm\node_modules\appium\node_modules\appium-base-driver\lib\basedriver\commands\find.js:33:12)
[debug] &amp#27;[35m[W3C (3e31c346)]&amp#27;[39m     at AndroidUiautomator2Driver.findElement (C:\Users\Admin\AppData\Roaming\npm\node_modules\appium\node_modules\appium-base-driver\lib\basedriver\commands\find.js:53:10)
&amp#27;[35m[HTTP]&amp#27;[39m &amp#27;[37m<-- POST /wd/hub/session/3e31c346-da08-4d99-a528-afea8ff633f9/element &amp#27;[39m&amp#27;[33m404&amp#27;[39m &amp#27;[90m100 ms - 914&amp#27;[39m
&amp#27;[35m[HTTP]&amp#27;[39m &amp#27;[90m&amp#27;[39m
&amp#27;[35m[HTTP]&amp#27;[39m &amp#27;[37m-->&amp#27;[39m &amp#27;[37mPOST&amp#27;[39m &amp#27;[37m/wd/hub/session/3e31c346-da08-4d99-a528-afea8ff633f9/element&amp#27;[39m
&amp#27;[35m[HTTP]&amp#27;[39m &amp#27;[90m{"using":"accessibility id","value":"test-Username"}&amp#27;[39m
[debug] &amp#27;[35m[W3C (3e31c346)]&amp#27;[39m Calling AppiumDriver.findElement() with args: ["accessibility id","test-Username","3e31c346-da08-4d99-a528-afea8ff633f9"]
[debug] &amp#27;[35m[BaseDriver]&amp#27;[39m Valid locator strategies for this request: xpath, id, class name, accessibility id, css selector, -android uiautomator
[debug] &amp#27;[35m[BaseDriver]&amp#27;[39m Waiting up to 0 ms for condition
[debug] &amp#27;[35m[WD Proxy]&amp#27;[39m Matched '/element' to command name 'findElement'
[debug] &amp#27;[35m[WD Proxy]&amp#27;[39m Proxying [POST /element] to [POST http://127.0.0.1:10000/wd/hub/session/4d27662a-40ad-44a7-ae29-6f7bd3c4184c/element] with body: {"strategy":"accessibility id","selector":"test-Username","context":"","multiple":false}
&amp#27;[35m[WD Proxy]&amp#27;[39m Got response with status 404: {"sessionId":"4d27662a-40ad-44a7-ae29-6f7bd3c4184c","value":{"error":"no such element","message":"An element could not be located on the page using the given search parameters","stacktrace":"io.appium.uiautomator2.common.exceptions.ElementNotFoundException: An element could not be located on the page using the given search parameters\n\tat io.appium.uiautomator2.handler.FindElement.safeHandle(FindElement.java:68)\n\tat io.appium.uiautomator2.handler.request.SafeRequestHandler.handle(SafeRequestHandler.java:41)\n\tat io.appium.uiautomator2.server.AppiumServlet.handleRequest(AppiumServlet.java:262)\n\tat io.appium.uiautomator2.server.AppiumServlet.handleHttpRequest(AppiumServlet.java:256)\n\tat io.appium.uiautomator2.http.ServerHandler.channelRead(ServerHandler.java:68)\n\tat io.netty.channel.AbstractChannelHandlerContext.invokeChannelRead(AbstractChannelHandlerContext.java:366)\n\tat io.netty.channel.AbstractChannelHandlerContext.invokeChannelRead(AbstractChannelHandlerContext.java:352)\n\tat io.netty.chann...
[debug] &amp#27;[35m[W3C]&amp#27;[39m Matched W3C error code 'no such element' to NoSuchElementError
[debug] &amp#27;[35m[W3C (3e31c346)]&amp#27;[39m Encountered internal error running command: NoSuchElementError: An element could not be located on the page using the given search parameters.
[debug] &amp#27;[35m[W3C (3e31c346)]&amp#27;[39m     at AndroidUiautomator2Driver.findElOrEls (C:\Users\Admin\AppData\Roaming\npm\node_modules\appium\node_modules\appium-android-driver\lib\commands\find.js:75:11)
[debug] &amp#27;[35m[W3C (3e31c346)]&amp#27;[39m     at runMicrotasks (<anonymous>)
[debug] &amp#27;[35m[W3C (3e31c346)]&amp#27;[39m     at processTicksAndRejections (internal/process/task_queues.js:95:5)
[debug] &amp#27;[35m[W3C (3e31c346)]&amp#27;[39m     at AndroidUiautomator2Driver.findElOrElsWithProcessing (C:\Users\Admin\AppData\Roaming\npm\node_modules\appium\node_modules\appium-base-driver\lib\basedriver\commands\find.js:33:12)
[debug] &amp#27;[35m[W3C (3e31c346)]&amp#27;[39m     at AndroidUiautomator2Driver.findElement (C:\Users\Admin\AppData\Roaming\npm\node_modules\appium\node_modules\appium-base-driver\lib\basedriver\commands\find.js:53:10)
&amp#27;[35m[HTTP]&amp#27;[39m &amp#27;[37m<-- POST /wd/hub/session/3e31c346-da08-4d99-a528-afea8ff633f9/element &amp#27;[39m&amp#27;[33m404&amp#27;[39m &amp#27;[90m77 ms - 914&amp#27;[39m
&amp#27;[35m[HTTP]&amp#27;[39m &amp#27;[90m&amp#27;[39m
&amp#27;[35m[HTTP]&amp#27;[39m &amp#27;[37m-->&amp#27;[39m &amp#27;[37mGET&amp#27;[39m &amp#27;[37m/wd/hub/session/3e31c346-da08-4d99-a528-afea8ff633f9/context&amp#27;[39m
&amp#27;[35m[HTTP]&amp#27;[39m &amp#27;[90m{}&amp#27;[39m
[debug] &amp#27;[35m[W3C (3e31c346)]&amp#27;[39m Calling AppiumDriver.getCurrentContext() with args: ["3e31c346-da08-4d99-a528-afea8ff633f9"]
[debug] &amp#27;[35m[W3C (3e31c346)]&amp#27;[39m Responding to client with driver.getCurrentContext() result: "NATIVE_APP"
&amp#27;[35m[HTTP]&amp#27;[39m &amp#27;[37m<-- GET /wd/hub/session/3e31c346-da08-4d99-a528-afea8ff633f9/context &amp#27;[39m&amp#27;[32m200&amp#27;[39m &amp#27;[90m2 ms - 22&amp#27;[39m
&amp#27;[35m[HTTP]&amp#27;[39m &amp#27;[90m&amp#27;[39m
&amp#27;[35m[HTTP]&amp#27;[39m &amp#27;[37m-->&amp#27;[39m &amp#27;[37mPOST&amp#27;[39m &amp#27;[37m/wd/hub/session/3e31c346-da08-4d99-a528-afea8ff633f9/element&amp#27;[39m
&amp#27;[35m[HTTP]&amp#27;[39m &amp#27;[90m{"using":"accessibility id","value":"test-Username"}&amp#27;[39m
[debug] &amp#27;[35m[W3C (3e31c346)]&amp#27;[39m Calling AppiumDriver.findElement() with args: ["accessibility id","test-Username","3e31c346-da08-4d99-a528-afea8ff633f9"]
[debug] &amp#27;[35m[BaseDriver]&amp#27;[39m Valid locator strategies for this request: xpath, id, class name, accessibility id, css selector, -android uiautomator
[debug] &amp#27;[35m[BaseDriver]&amp#27;[39m Waiting up to 0 ms for condition
[debug] &amp#27;[35m[WD Proxy]&amp#27;[39m Matched '/element' to command name 'findElement'
[debug] &amp#27;[35m[WD Proxy]&amp#27;[39m Proxying [POST /element] to [POST http://127.0.0.1:10000/wd/hub/session/4d27662a-40ad-44a7-ae29-6f7bd3c4184c/element] with body: {"strategy":"accessibility id","selector":"test-Username","context":"","multiple":false}
&amp#27;[35m[WD Proxy]&amp#27;[39m Got response with status 404: {"sessionId":"4d27662a-40ad-44a7-ae29-6f7bd3c4184c","value":{"error":"no such element","message":"An element could not be located on the page using the given search parameters","stacktrace":"io.appium.uiautomator2.common.exceptions.ElementNotFoundException: An element could not be located on the page using the given search parameters\n\tat io.appium.uiautomator2.handler.FindElement.safeHandle(FindElement.java:68)\n\tat io.appium.uiautomator2.handler.request.SafeRequestHandler.handle(SafeRequestHandler.java:41)\n\tat io.appium.uiautomator2.server.AppiumServlet.handleRequest(AppiumServlet.java:262)\n\tat io.appium.uiautomator2.server.AppiumServlet.handleHttpRequest(AppiumServlet.java:256)\n\tat io.appium.uiautomator2.http.ServerHandler.channelRead(ServerHandler.java:68)\n\tat io.netty.channel.AbstractChannelHandlerContext.invokeChannelRead(AbstractChannelHandlerContext.java:366)\n\tat io.netty.channel.AbstractChannelHandlerContext.invokeChannelRead(AbstractChannelHandlerContext.java:352)\n\tat io.netty.chann...
[debug] &amp#27;[35m[W3C]&amp#27;[39m Matched W3C error code 'no such element' to NoSuchElementError
[debug] &amp#27;[35m[W3C (3e31c346)]&amp#27;[39m Encountered internal error running command: NoSuchElementError: An element could not be located on the page using the given search parameters.
[debug] &amp#27;[35m[W3C (3e31c346)]&amp#27;[39m     at AndroidUiautomator2Driver.findElOrEls (C:\Users\Admin\AppData\Roaming\npm\node_modules\appium\node_modules\appium-android-driver\lib\commands\find.js:75:11)
[debug] &amp#27;[35m[W3C (3e31c346)]&amp#27;[39m     at runMicrotasks (<anonymous>)
[debug] &amp#27;[35m[W3C (3e31c346)]&amp#27;[39m     at processTicksAndRejections (internal/process/task_queues.js:95:5)
[debug] &amp#27;[35m[W3C (3e31c346)]&amp#27;[39m     at AndroidUiautomator2Driver.findElOrElsWithProcessing (C:\Users\Admin\AppData\Roaming\npm\node_modules\appium\node_modules\appium-base-driver\lib\basedriver\commands\find.js:33:12)
[debug] &amp#27;[35m[W3C (3e31c346)]&amp#27;[39m     at AndroidUiautomator2Driver.findElement (C:\Users\Admin\AppData\Roaming\npm\node_modules\appium\node_modules\appium-base-driver\lib\basedriver\commands\find.js:53:10)
&amp#27;[35m[HTTP]&amp#27;[39m &amp#27;[37m<-- POST /wd/hub/session/3e31c346-da08-4d99-a528-afea8ff633f9/element &amp#27;[39m&amp#27;[33m404&amp#27;[39m &amp#27;[90m85 ms - 914&amp#27;[39m
&amp#27;[35m[HTTP]&amp#27;[39m &amp#27;[90m&amp#27;[39m
&amp#27;[35m[HTTP]&amp#27;[39m &amp#27;[37m-->&amp#27;[39m &amp#27;[37mPOST&amp#27;[39m &amp#27;[37m/wd/hub/session/3e31c346-da08-4d99-a528-afea8ff633f9/element&amp#27;[39m
&amp#27;[35m[HTTP]&amp#27;[39m &amp#27;[90m{"using":"accessibility id","value":"test-Username"}&amp#27;[39m
[debug] &amp#27;[35m[W3C (3e31c346)]&amp#27;[39m Calling AppiumDriver.findElement() with args: ["accessibility id","test-Username","3e31c346-da08-4d99-a528-afea8ff633f9"]
[debug] &amp#27;[35m[BaseDriver]&amp#27;[39m Valid locator strategies for this request: xpath, id, class name, accessibility id, css selector, -android uiautomator
[debug] &amp#27;[35m[BaseDriver]&amp#27;[39m Waiting up to 0 ms for condition
[debug] &amp#27;[35m[WD Proxy]&amp#27;[39m Matched '/element' to command name 'findElement'
[debug] &amp#27;[35m[WD Proxy]&amp#27;[39m Proxying [POST /element] to [POST http://127.0.0.1:10000/wd/hub/session/4d27662a-40ad-44a7-ae29-6f7bd3c4184c/element] with body: {"strategy":"accessibility id","selector":"test-Username","context":"","multiple":false}
&amp#27;[35m[WD Proxy]&amp#27;[39m Got response with status 404: {"sessionId":"4d27662a-40ad-44a7-ae29-6f7bd3c4184c","value":{"error":"no such element","message":"An element could not be located on the page using the given search parameters","stacktrace":"io.appium.uiautomator2.common.exceptions.ElementNotFoundException: An element could not be located on the page using the given search parameters\n\tat io.appium.uiautomator2.handler.FindElement.safeHandle(FindElement.java:68)\n\tat io.appium.uiautomator2.handler.request.SafeRequestHandler.handle(SafeRequestHandler.java:41)\n\tat io.appium.uiautomator2.server.AppiumServlet.handleRequest(AppiumServlet.java:262)\n\tat io.appium.uiautomator2.server.AppiumServlet.handleHttpRequest(AppiumServlet.java:256)\n\tat io.appium.uiautomator2.http.ServerHandler.channelRead(ServerHandler.java:68)\n\tat io.netty.channel.AbstractChannelHandlerContext.invokeChannelRead(AbstractChannelHandlerContext.java:366)\n\tat io.netty.channel.AbstractChannelHandlerContext.invokeChannelRead(AbstractChannelHandlerContext.java:352)\n\tat io.netty.chann...
[debug] &amp#27;[35m[W3C]&amp#27;[39m Matched W3C error code 'no such element' to NoSuchElementError
[debug] &amp#27;[35m[W3C (3e31c346)]&amp#27;[39m Encountered internal error running command: NoSuchElementError: An element could not be located on the page using the given search parameters.
[debug] &amp#27;[35m[W3C (3e31c346)]&amp#27;[39m     at AndroidUiautomator2Driver.findElOrEls (C:\Users\Admin\AppData\Roaming\npm\node_modules\appium\node_modules\appium-android-driver\lib\commands\find.js:75:11)
[debug] &amp#27;[35m[W3C (3e31c346)]&amp#27;[39m     at runMicrotasks (<anonymous>)
[debug] &amp#27;[35m[W3C (3e31c346)]&amp#27;[39m     at processTicksAndRejections (internal/process/task_queues.js:95:5)
[debug] &amp#27;[35m[W3C (3e31c346)]&amp#27;[39m     at AndroidUiautomator2Driver.findElOrElsWithProcessing (C:\Users\Admin\AppData\Roaming\npm\node_modules\appium\node_modules\appium-base-driver\lib\basedriver\commands\find.js:33:12)
[debug] &amp#27;[35m[W3C (3e31c346)]&amp#27;[39m     at AndroidUiautomator2Driver.findElement (C:\Users\Admin\AppData\Roaming\npm\node_modules\appium\node_modules\appium-base-driver\lib\basedriver\commands\find.js:53:10)
&amp#27;[35m[HTTP]&amp#27;[39m &amp#27;[37m<-- POST /wd/hub/session/3e31c346-da08-4d99-a528-afea8ff633f9/element &amp#27;[39m&amp#27;[33m404&amp#27;[39m &amp#27;[90m86 ms - 914&amp#27;[39m
&amp#27;[35m[HTTP]&amp#27;[39m &amp#27;[90m&amp#27;[39m
&amp#27;[35m[HTTP]&amp#27;[39m &amp#27;[37m-->&amp#27;[39m &amp#27;[37mPOST&amp#27;[39m &amp#27;[37m/wd/hub/session/3e31c346-da08-4d99-a528-afea8ff633f9/element&amp#27;[39m
&amp#27;[35m[HTTP]&amp#27;[39m &amp#27;[90m{"using":"accessibility id","value":"test-Username"}&amp#27;[39m
[debug] &amp#27;[35m[W3C (3e31c346)]&amp#27;[39m Calling AppiumDriver.findElement() with args: ["accessibility id","test-Username","3e31c346-da08-4d99-a528-afea8ff633f9"]
[debug] &amp#27;[35m[BaseDriver]&amp#27;[39m Valid locator strategies for this request: xpath, id, class name, accessibility id, css selector, -android uiautomator
[debug] &amp#27;[35m[BaseDriver]&amp#27;[39m Waiting up to 0 ms for condition
[debug] &amp#27;[35m[WD Proxy]&amp#27;[39m Matched '/element' to command name 'findElement'
[debug] &amp#27;[35m[WD Proxy]&amp#27;[39m Proxying [POST /element] to [POST http://127.0.0.1:10000/wd/hub/session/4d27662a-40ad-44a7-ae29-6f7bd3c4184c/element] with body: {"strategy":"accessibility id","selector":"test-Username","context":"","multiple":false}
&amp#27;[35m[WD Proxy]&amp#27;[39m Got response with status 404: {"sessionId":"4d27662a-40ad-44a7-ae29-6f7bd3c4184c","value":{"error":"no such element","message":"An element could not be located on the page using the given search parameters","stacktrace":"io.appium.uiautomator2.common.exceptions.ElementNotFoundException: An element could not be located on the page using the given search parameters\n\tat io.appium.uiautomator2.handler.FindElement.safeHandle(FindElement.java:68)\n\tat io.appium.uiautomator2.handler.request.SafeRequestHandler.handle(SafeRequestHandler.java:41)\n\tat io.appium.uiautomator2.server.AppiumServlet.handleRequest(AppiumServlet.java:262)\n\tat io.appium.uiautomator2.server.AppiumServlet.handleHttpRequest(AppiumServlet.java:256)\n\tat io.appium.uiautomator2.http.ServerHandler.channelRead(ServerHandler.java:68)\n\tat io.netty.channel.AbstractChannelHandlerContext.invokeChannelRead(AbstractChannelHandlerContext.java:366)\n\tat io.netty.channel.AbstractChannelHandlerContext.invokeChannelRead(AbstractChannelHandlerContext.java:352)\n\tat io.netty.chann...
[debug] &amp#27;[35m[W3C]&amp#27;[39m Matched W3C error code 'no such element' to NoSuchElementError
[debug] &amp#27;[35m[W3C (3e31c346)]&amp#27;[39m Encountered internal error running command: NoSuchElementError: An element could not be located on the page using the given search parameters.
[debug] &amp#27;[35m[W3C (3e31c346)]&amp#27;[39m     at AndroidUiautomator2Driver.findElOrEls (C:\Users\Admin\AppData\Roaming\npm\node_modules\appium\node_modules\appium-android-driver\lib\commands\find.js:75:11)
[debug] &amp#27;[35m[W3C (3e31c346)]&amp#27;[39m     at runMicrotasks (<anonymous>)
[debug] &amp#27;[35m[W3C (3e31c346)]&amp#27;[39m     at processTicksAndRejections (internal/process/task_queues.js:95:5)
[debug] &amp#27;[35m[W3C (3e31c346)]&amp#27;[39m     at AndroidUiautomator2Driver.findElOrElsWithProcessing (C:\Users\Admin\AppData\Roaming\npm\node_modules\appium\node_modules\appium-base-driver\lib\basedriver\commands\find.js:33:12)
[debug] &amp#27;[35m[W3C (3e31c346)]&amp#27;[39m     at AndroidUiautomator2Driver.findElement (C:\Users\Admin\AppData\Roaming\npm\node_modules\appium\node_modules\appium-base-driver\lib\basedriver\commands\find.js:53:10)
&amp#27;[35m[HTTP]&amp#27;[39m &amp#27;[37m<-- POST /wd/hub/session/3e31c346-da08-4d99-a528-afea8ff633f9/element &amp#27;[39m&amp#27;[33m404&amp#27;[39m &amp#27;[90m79 ms - 914&amp#27;[39m
&amp#27;[35m[HTTP]&amp#27;[39m &amp#27;[90m&amp#27;[39m
&amp#27;[35m[HTTP]&amp#27;[39m &amp#27;[37m-->&amp#27;[39m &amp#27;[37mPOST&amp#27;[39m &amp#27;[37m/wd/hub/session/3e31c346-da08-4d99-a528-afea8ff633f9/element&amp#27;[39m
&amp#27;[35m[HTTP]&amp#27;[39m &amp#27;[90m{"using":"accessibility id","value":"test-Username"}&amp#27;[39m
[debug] &amp#27;[35m[W3C (3e31c346)]&amp#27;[39m Calling AppiumDriver.findElement() with args: ["accessibility id","test-Username","3e31c346-da08-4d99-a528-afea8ff633f9"]
[debug] &amp#27;[35m[BaseDriver]&amp#27;[39m Valid locator strategies for this request: xpath, id, class name, accessibility id, css selector, -android uiautomator
[debug] &amp#27;[35m[BaseDriver]&amp#27;[39m Waiting up to 0 ms for condition
[debug] &amp#27;[35m[WD Proxy]&amp#27;[39m Matched '/element' to command name 'findElement'
[debug] &amp#27;[35m[WD Proxy]&amp#27;[39m Proxying [POST /element] to [POST http://127.0.0.1:10000/wd/hub/session/4d27662a-40ad-44a7-ae29-6f7bd3c4184c/element] with body: {"strategy":"accessibility id","selector":"test-Username","context":"","multiple":false}
&amp#27;[35m[WD Proxy]&amp#27;[39m Got response with status 404: {"sessionId":"4d27662a-40ad-44a7-ae29-6f7bd3c4184c","value":{"error":"no such element","message":"An element could not be located on the page using the given search parameters","stacktrace":"io.appium.uiautomator2.common.exceptions.ElementNotFoundException: An element could not be located on the page using the given search parameters\n\tat io.appium.uiautomator2.handler.FindElement.safeHandle(FindElement.java:68)\n\tat io.appium.uiautomator2.handler.request.SafeRequestHandler.handle(SafeRequestHandler.java:41)\n\tat io.appium.uiautomator2.server.AppiumServlet.handleRequest(AppiumServlet.java:262)\n\tat io.appium.uiautomator2.server.AppiumServlet.handleHttpRequest(AppiumServlet.java:256)\n\tat io.appium.uiautomator2.http.ServerHandler.channelRead(ServerHandler.java:68)\n\tat io.netty.channel.AbstractChannelHandlerContext.invokeChannelRead(AbstractChannelHandlerContext.java:366)\n\tat io.netty.channel.AbstractChannelHandlerContext.invokeChannelRead(AbstractChannelHandlerContext.java:352)\n\tat io.netty.chann...
[debug] &amp#27;[35m[W3C]&amp#27;[39m Matched W3C error code 'no such element' to NoSuchElementError
[debug] &amp#27;[35m[W3C (3e31c346)]&amp#27;[39m Encountered internal error running command: NoSuchElementError: An element could not be located on the page using the given search parameters.
[debug] &amp#27;[35m[W3C (3e31c346)]&amp#27;[39m     at AndroidUiautomator2Driver.findElOrEls (C:\Users\Admin\AppData\Roaming\npm\node_modules\appium\node_modules\appium-android-driver\lib\commands\find.js:75:11)
[debug] &amp#27;[35m[W3C (3e31c346)]&amp#27;[39m     at runMicrotasks (<anonymous>)
[debug] &amp#27;[35m[W3C (3e31c346)]&amp#27;[39m     at processTicksAndRejections (internal/process/task_queues.js:95:5)
[debug] &amp#27;[35m[W3C (3e31c346)]&amp#27;[39m     at AndroidUiautomator2Driver.findElOrElsWithProcessing (C:\Users\Admin\AppData\Roaming\npm\node_modules\appium\node_modules\appium-base-driver\lib\basedriver\commands\find.js:33:12)
[debug] &amp#27;[35m[W3C (3e31c346)]&amp#27;[39m     at AndroidUiautomator2Driver.findElement (C:\Users\Admin\AppData\Roaming\npm\node_modules\appium\node_modules\appium-base-driver\lib\basedriver\commands\find.js:53:10)
&amp#27;[35m[HTTP]&amp#27;[39m &amp#27;[37m<-- POST /wd/hub/session/3e31c346-da08-4d99-a528-afea8ff633f9/element &amp#27;[39m&amp#27;[33m404&amp#27;[39m &amp#27;[90m81 ms - 914&amp#27;[39m
&amp#27;[35m[HTTP]&amp#27;[39m &amp#27;[90m&amp#27;[39m
&amp#27;[35m[HTTP]&amp#27;[39m &amp#27;[37m-->&amp#27;[39m &amp#27;[37mGET&amp#27;[39m &amp#27;[37m/wd/hub/session/3e31c346-da08-4d99-a528-afea8ff633f9/context&amp#27;[39m
&amp#27;[35m[HTTP]&amp#27;[39m &amp#27;[90m{}&amp#27;[39m
[debug] &amp#27;[35m[W3C (3e31c346)]&amp#27;[39m Calling AppiumDriver.getCurrentContext() with args: ["3e31c346-da08-4d99-a528-afea8ff633f9"]
[debug] &amp#27;[35m[W3C (3e31c346)]&amp#27;[39m Responding to client with driver.getCurrentContext() result: "NATIVE_APP"
&amp#27;[35m[HTTP]&amp#27;[39m &amp#27;[37m<-- GET /wd/hub/session/3e31c346-da08-4d99-a528-afea8ff633f9/context &amp#27;[39m&amp#27;[32m200&amp#27;[39m &amp#27;[90m2 ms - 22&amp#27;[39m
&amp#27;[35m[HTTP]&amp#27;[39m &amp#27;[90m&amp#27;[39m
&amp#27;[35m[HTTP]&amp#27;[39m &amp#27;[37m-->&amp#27;[39m &amp#27;[37mPOST&amp#27;[39m &amp#27;[37m/wd/hub/session/3e31c346-da08-4d99-a528-afea8ff633f9/element&amp#27;[39m
&amp#27;[35m[HTTP]&amp#27;[39m &amp#27;[90m{"using":"accessibility id","value":"test-Username"}&amp#27;[39m
[debug] &amp#27;[35m[W3C (3e31c346)]&amp#27;[39m Calling AppiumDriver.findElement() with args: ["accessibility id","test-Username","3e31c346-da08-4d99-a528-afea8ff633f9"]
[debug] &amp#27;[35m[BaseDriver]&amp#27;[39m Valid locator strategies for this request: xpath, id, class name, accessibility id, css selector, -android uiautomator
[debug] &amp#27;[35m[BaseDriver]&amp#27;[39m Waiting up to 0 ms for condition
[debug] &amp#27;[35m[WD Proxy]&amp#27;[39m Matched '/element' to command name 'findElement'
[debug] &amp#27;[35m[WD Proxy]&amp#27;[39m Proxying [POST /element] to [POST http://127.0.0.1:10000/wd/hub/session/4d27662a-40ad-44a7-ae29-6f7bd3c4184c/element] with body: {"strategy":"accessibility id","selector":"test-Username","context":"","multiple":false}
&amp#27;[35m[WD Proxy]&amp#27;[39m Got response with status 404: {"sessionId":"4d27662a-40ad-44a7-ae29-6f7bd3c4184c","value":{"error":"no such element","message":"An element could not be located on the page using the given search parameters","stacktrace":"io.appium.uiautomator2.common.exceptions.ElementNotFoundException: An element could not be located on the page using the given search parameters\n\tat io.appium.uiautomator2.handler.FindElement.safeHandle(FindElement.java:68)\n\tat io.appium.uiautomator2.handler.request.SafeRequestHandler.handle(SafeRequestHandler.java:41)\n\tat io.appium.uiautomator2.server.AppiumServlet.handleRequest(AppiumServlet.java:262)\n\tat io.appium.uiautomator2.server.AppiumServlet.handleHttpRequest(AppiumServlet.java:256)\n\tat io.appium.uiautomator2.http.ServerHandler.channelRead(ServerHandler.java:68)\n\tat io.netty.channel.AbstractChannelHandlerContext.invokeChannelRead(AbstractChannelHandlerContext.java:366)\n\tat io.netty.channel.AbstractChannelHandlerContext.invokeChannelRead(AbstractChannelHandlerContext.java:352)\n\tat io.netty.chann...
[debug] &amp#27;[35m[W3C]&amp#27;[39m Matched W3C error code 'no such element' to NoSuchElementError
[debug] &amp#27;[35m[W3C (3e31c346)]&amp#27;[39m Encountered internal error running command: NoSuchElementError: An element could not be located on the page using the given search parameters.
[debug] &amp#27;[35m[W3C (3e31c346)]&amp#27;[39m     at AndroidUiautomator2Driver.findElOrEls (C:\Users\Admin\AppData\Roaming\npm\node_modules\appium\node_modules\appium-android-driver\lib\commands\find.js:75:11)
[debug] &amp#27;[35m[W3C (3e31c346)]&amp#27;[39m     at runMicrotasks (<anonymous>)
[debug] &amp#27;[35m[W3C (3e31c346)]&amp#27;[39m     at processTicksAndRejections (internal/process/task_queues.js:95:5)
[debug] &amp#27;[35m[W3C (3e31c346)]&amp#27;[39m     at AndroidUiautomator2Driver.findElOrElsWithProcessing (C:\Users\Admin\AppData\Roaming\npm\node_modules\appium\node_modules\appium-base-driver\lib\basedriver\commands\find.js:33:12)
[debug] &amp#27;[35m[W3C (3e31c346)]&amp#27;[39m     at AndroidUiautomator2Driver.findElement (C:\Users\Admin\AppData\Roaming\npm\node_modules\appium\node_modules\appium-base-driver\lib\basedriver\commands\find.js:53:10)
&amp#27;[35m[HTTP]&amp#27;[39m &amp#27;[37m<-- POST /wd/hub/session/3e31c346-da08-4d99-a528-afea8ff633f9/element &amp#27;[39m&amp#27;[33m404&amp#27;[39m &amp#27;[90m89 ms - 914&amp#27;[39m
&amp#27;[35m[HTTP]&amp#27;[39m &amp#27;[90m&amp#27;[39m
&amp#27;[35m[HTTP]&amp#27;[39m &amp#27;[37m-->&amp#27;[39m &amp#27;[37mPOST&amp#27;[39m &amp#27;[37m/wd/hub/session/3e31c346-da08-4d99-a528-afea8ff633f9/element&amp#27;[39m
&amp#27;[35m[HTTP]&amp#27;[39m &amp#27;[90m{"using":"accessibility id","value":"test-Username"}&amp#27;[39m
[debug] &amp#27;[35m[W3C (3e31c346)]&amp#27;[39m Calling AppiumDriver.findElement() with args: ["accessibility id","test-Username","3e31c346-da08-4d99-a528-afea8ff633f9"]
[debug] &amp#27;[35m[BaseDriver]&amp#27;[39m Valid locator strategies for this request: xpath, id, class name, accessibility id, css selector, -android uiautomator
[debug] &amp#27;[35m[BaseDriver]&amp#27;[39m Waiting up to 0 ms for condition
[debug] &amp#27;[35m[WD Proxy]&amp#27;[39m Matched '/element' to command name 'findElement'
[debug] &amp#27;[35m[WD Proxy]&amp#27;[39m Proxying [POST /element] to [POST http://127.0.0.1:10000/wd/hub/session/4d27662a-40ad-44a7-ae29-6f7bd3c4184c/element] with body: {"strategy":"accessibility id","selector":"test-Username","context":"","multiple":false}
&amp#27;[35m[WD Proxy]&amp#27;[39m Got response with status 404: {"sessionId":"4d27662a-40ad-44a7-ae29-6f7bd3c4184c","value":{"error":"no such element","message":"An element could not be located on the page using the given search parameters","stacktrace":"io.appium.uiautomator2.common.exceptions.ElementNotFoundException: An element could not be located on the page using the given search parameters\n\tat io.appium.uiautomator2.handler.FindElement.safeHandle(FindElement.java:68)\n\tat io.appium.uiautomator2.handler.request.SafeRequestHandler.handle(SafeRequestHandler.java:41)\n\tat io.appium.uiautomator2.server.AppiumServlet.handleRequest(AppiumServlet.java:262)\n\tat io.appium.uiautomator2.server.AppiumServlet.handleHttpRequest(AppiumServlet.java:256)\n\tat io.appium.uiautomator2.http.ServerHandler.channelRead(ServerHandler.java:68)\n\tat io.netty.channel.AbstractChannelHandlerContext.invokeChannelRead(AbstractChannelHandlerContext.java:366)\n\tat io.netty.channel.AbstractChannelHandlerContext.invokeChannelRead(AbstractChannelHandlerContext.java:352)\n\tat io.netty.chann...
[debug] &amp#27;[35m[W3C]&amp#27;[39m Matched W3C error code 'no such element' to NoSuchElementError
[debug] &amp#27;[35m[W3C (3e31c346)]&amp#27;[39m Encountered internal error running command: NoSuchElementError: An element could not be located on the page using the given search parameters.
[debug] &amp#27;[35m[W3C (3e31c346)]&amp#27;[39m     at AndroidUiautomator2Driver.findElOrEls (C:\Users\Admin\AppData\Roaming\npm\node_modules\appium\node_modules\appium-android-driver\lib\commands\find.js:75:11)
[debug] &amp#27;[35m[W3C (3e31c346)]&amp#27;[39m     at runMicrotasks (<anonymous>)
[debug] &amp#27;[35m[W3C (3e31c346)]&amp#27;[39m     at processTicksAndRejections (internal/process/task_queues.js:95:5)
[debug] &amp#27;[35m[W3C (3e31c346)]&amp#27;[39m     at AndroidUiautomator2Driver.findElOrElsWithProcessing (C:\Users\Admin\AppData\Roaming\npm\node_modules\appium\node_modules\appium-base-driver\lib\basedriver\commands\find.js:33:12)
[debug] &amp#27;[35m[W3C (3e31c346)]&amp#27;[39m     at AndroidUiautomator2Driver.findElement (C:\Users\Admin\AppData\Roaming\npm\node_modules\appium\node_modules\appium-base-driver\lib\basedriver\commands\find.js:53:10)
&amp#27;[35m[HTTP]&amp#27;[39m &amp#27;[37m<-- POST /wd/hub/session/3e31c346-da08-4d99-a528-afea8ff633f9/element &amp#27;[39m&amp#27;[33m404&amp#27;[39m &amp#27;[90m71 ms - 914&amp#27;[39m
&amp#27;[35m[HTTP]&amp#27;[39m &amp#27;[90m&amp#27;[39m
&amp#27;[35m[HTTP]&amp#27;[39m &amp#27;[37m-->&amp#27;[39m &amp#27;[37mPOST&amp#27;[39m &amp#27;[37m/wd/hub/session/3e31c346-da08-4d99-a528-afea8ff633f9/element&amp#27;[39m
&amp#27;[35m[HTTP]&amp#27;[39m &amp#27;[90m{"using":"accessibility id","value":"test-Username"}&amp#27;[39m
[debug] &amp#27;[35m[W3C (3e31c346)]&amp#27;[39m Calling AppiumDriver.findElement() with args: ["accessibility id","test-Username","3e31c346-da08-4d99-a528-afea8ff633f9"]
[debug] &amp#27;[35m[BaseDriver]&amp#27;[39m Valid locator strategies for this request: xpath, id, class name, accessibility id, css selector, -android uiautomator
[debug] &amp#27;[35m[BaseDriver]&amp#27;[39m Waiting up to 0 ms for condition
[debug] &amp#27;[35m[WD Proxy]&amp#27;[39m Matched '/element' to command name 'findElement'
[debug] &amp#27;[35m[WD Proxy]&amp#27;[39m Proxying [POST /element] to [POST http://127.0.0.1:10000/wd/hub/session/4d27662a-40ad-44a7-ae29-6f7bd3c4184c/element] with body: {"strategy":"accessibility id","selector":"test-Username","context":"","multiple":false}
&amp#27;[35m[WD Proxy]&amp#27;[39m Got response with status 404: {"sessionId":"4d27662a-40ad-44a7-ae29-6f7bd3c4184c","value":{"error":"no such element","message":"An element could not be located on the page using the given search parameters","stacktrace":"io.appium.uiautomator2.common.exceptions.ElementNotFoundException: An element could not be located on the page using the given search parameters\n\tat io.appium.uiautomator2.handler.FindElement.safeHandle(FindElement.java:68)\n\tat io.appium.uiautomator2.handler.request.SafeRequestHandler.handle(SafeRequestHandler.java:41)\n\tat io.appium.uiautomator2.server.AppiumServlet.handleRequest(AppiumServlet.java:262)\n\tat io.appium.uiautomator2.server.AppiumServlet.handleHttpRequest(AppiumServlet.java:256)\n\tat io.appium.uiautomator2.http.ServerHandler.channelRead(ServerHandler.java:68)\n\tat io.netty.channel.AbstractChannelHandlerContext.invokeChannelRead(AbstractChannelHandlerContext.java:366)\n\tat io.netty.channel.AbstractChannelHandlerContext.invokeChannelRead(AbstractChannelHandlerContext.java:352)\n\tat io.netty.chann...
[debug] &amp#27;[35m[W3C]&amp#27;[39m Matched W3C error code 'no such element' to NoSuchElementError
[debug] &amp#27;[35m[W3C (3e31c346)]&amp#27;[39m Encountered internal error running command: NoSuchElementError: An element could not be located on the page using the given search parameters.
[debug] &amp#27;[35m[W3C (3e31c346)]&amp#27;[39m     at AndroidUiautomator2Driver.findElOrEls (C:\Users\Admin\AppData\Roaming\npm\node_modules\appium\node_modules\appium-android-driver\lib\commands\find.js:75:11)
[debug] &amp#27;[35m[W3C (3e31c346)]&amp#27;[39m     at runMicrotasks (<anonymous>)
[debug] &amp#27;[35m[W3C (3e31c346)]&amp#27;[39m     at processTicksAndRejections (internal/process/task_queues.js:95:5)
[debug] &amp#27;[35m[W3C (3e31c346)]&amp#27;[39m     at AndroidUiautomator2Driver.findElOrElsWithProcessing (C:\Users\Admin\AppData\Roaming\npm\node_modules\appium\node_modules\appium-base-driver\lib\basedriver\commands\find.js:33:12)
[debug] &amp#27;[35m[W3C (3e31c346)]&amp#27;[39m     at AndroidUiautomator2Driver.findElement (C:\Users\Admin\AppData\Roaming\npm\node_modules\appium\node_modules\appium-base-driver\lib\basedriver\commands\find.js:53:10)
&amp#27;[35m[HTTP]&amp#27;[39m &amp#27;[37m<-- POST /wd/hub/session/3e31c346-da08-4d99-a528-afea8ff633f9/element &amp#27;[39m&amp#27;[33m404&amp#27;[39m &amp#27;[90m55 ms - 914&amp#27;[39m
&amp#27;[35m[HTTP]&amp#27;[39m &amp#27;[90m&amp#27;[39m
&amp#27;[35m[HTTP]&amp#27;[39m &amp#27;[37m-->&amp#27;[39m &amp#27;[37mPOST&amp#27;[39m &amp#27;[37m/wd/hub/session/3e31c346-da08-4d99-a528-afea8ff633f9/element&amp#27;[39m
&amp#27;[35m[HTTP]&amp#27;[39m &amp#27;[90m{"using":"accessibility id","value":"test-Username"}&amp#27;[39m
[debug] &amp#27;[35m[W3C (3e31c346)]&amp#27;[39m Calling AppiumDriver.findElement() with args: ["accessibility id","test-Username","3e31c346-da08-4d99-a528-afea8ff633f9"]
[debug] &amp#27;[35m[BaseDriver]&amp#27;[39m Valid locator strategies for this request: xpath, id, class name, accessibility id, css selector, -android uiautomator
[debug] &amp#27;[35m[BaseDriver]&amp#27;[39m Waiting up to 0 ms for condition
[debug] &amp#27;[35m[WD Proxy]&amp#27;[39m Matched '/element' to command name 'findElement'
[debug] &amp#27;[35m[WD Proxy]&amp#27;[39m Proxying [POST /element] to [POST http://127.0.0.1:10000/wd/hub/session/4d27662a-40ad-44a7-ae29-6f7bd3c4184c/element] with body: {"strategy":"accessibility id","selector":"test-Username","context":"","multiple":false}
&amp#27;[35m[WD Proxy]&amp#27;[39m Got response with status 404: {"sessionId":"4d27662a-40ad-44a7-ae29-6f7bd3c4184c","value":{"error":"no such element","message":"An element could not be located on the page using the given search parameters","stacktrace":"io.appium.uiautomator2.common.exceptions.ElementNotFoundException: An element could not be located on the page using the given search parameters\n\tat io.appium.uiautomator2.handler.FindElement.safeHandle(FindElement.java:68)\n\tat io.appium.uiautomator2.handler.request.SafeRequestHandler.handle(SafeRequestHandler.java:41)\n\tat io.appium.uiautomator2.server.AppiumServlet.handleRequest(AppiumServlet.java:262)\n\tat io.appium.uiautomator2.server.AppiumServlet.handleHttpRequest(AppiumServlet.java:256)\n\tat io.appium.uiautomator2.http.ServerHandler.channelRead(ServerHandler.java:68)\n\tat io.netty.channel.AbstractChannelHandlerContext.invokeChannelRead(AbstractChannelHandlerContext.java:366)\n\tat io.netty.channel.AbstractChannelHandlerContext.invokeChannelRead(AbstractChannelHandlerContext.java:352)\n\tat io.netty.chann...
[debug] &amp#27;[35m[W3C]&amp#27;[39m Matched W3C error code 'no such element' to NoSuchElementError
[debug] &amp#27;[35m[W3C (3e31c346)]&amp#27;[39m Encountered internal error running command: NoSuchElementError: An element could not be located on the page using the given search parameters.
[debug] &amp#27;[35m[W3C (3e31c346)]&amp#27;[39m     at AndroidUiautomator2Driver.findElOrEls (C:\Users\Admin\AppData\Roaming\npm\node_modules\appium\node_modules\appium-android-driver\lib\commands\find.js:75:11)
[debug] &amp#27;[35m[W3C (3e31c346)]&amp#27;[39m     at runMicrotasks (<anonymous>)
[debug] &amp#27;[35m[W3C (3e31c346)]&amp#27;[39m     at processTicksAndRejections (internal/process/task_queues.js:95:5)
[debug] &amp#27;[35m[W3C (3e31c346)]&amp#27;[39m     at AndroidUiautomator2Driver.findElOrElsWithProcessing (C:\Users\Admin\AppData\Roaming\npm\node_modules\appium\node_modules\appium-base-driver\lib\basedriver\commands\find.js:33:12)
[debug] &amp#27;[35m[W3C (3e31c346)]&amp#27;[39m     at AndroidUiautomator2Driver.findElement (C:\Users\Admin\AppData\Roaming\npm\node_modules\appium\node_modules\appium-base-driver\lib\basedriver\commands\find.js:53:10)
&amp#27;[35m[HTTP]&amp#27;[39m &amp#27;[37m<-- POST /wd/hub/session/3e31c346-da08-4d99-a528-afea8ff633f9/element &amp#27;[39m&amp#27;[33m404&amp#27;[39m &amp#27;[90m61 ms - 914&amp#27;[39m
&amp#27;[35m[HTTP]&amp#27;[39m &amp#27;[90m&amp#27;[39m
  Given I'm logged in                                                                # com.qa.stepdef.ProductStepDef.iMLoggedIn()
      org.openqa.selenium.TimeoutException: Expected condition failed: waiting for visibility of Located by By.chained({By.AccessibilityId: test-Username}) (tried for 10 second(s) with 500 milliseconds interval)
	at org.openqa.selenium.support.ui.WebDriverWait.timeoutException(WebDriverWait.java:95)
	at org.openqa.selenium.support.ui.FluentWait.until(FluentWait.java:272)
	at com.qa.pages.BasePage.waitForVisibility(BasePage.java:34)
	at com.qa.pages.BasePage.clear(BasePage.java:43)
	at com.qa.pages.LoginPage.enterUserName(LoginPage.java:27)
	at com.qa.pages.LoginPage.login(LoginPage.java:44)
	at com.qa.stepdef.ProductStepDef.iMLoggedIn(ProductStepDef.java:15)
	at ?.I'm logged in(file:///D:/IntellijProjects/AppiumTestNG/src/test/resources/Products.feature:5)
Caused by: org.openqa.selenium.NoSuchElementException: Can't locate an element by this strategy: By.chained({By.AccessibilityId: test-Username})
	at io.appium.java_client.pagefactory.AppiumElementLocator.findElement(AppiumElementLocator.java:126)
	at io.appium.java_client.pagefactory.interceptors.InterceptorOfASingleElement.intercept(InterceptorOfASingleElement.java:59)
	at io.appium.java_client.android.AndroidElement$$EnhancerByCGLIB$$b598166c.isDisplayed(<generated>)
	at org.openqa.selenium.support.ui.ExpectedConditions.elementIfVisible(ExpectedConditions.java:314)
	at org.openqa.selenium.support.ui.ExpectedConditions.access$000(ExpectedConditions.java:43)
	at org.openqa.selenium.support.ui.ExpectedConditions$10.apply(ExpectedConditions.java:300)
	at org.openqa.selenium.support.ui.ExpectedConditions$10.apply(ExpectedConditions.java:297)
	at org.openqa.selenium.support.ui.FluentWait.until(FluentWait.java:249)
	at com.qa.pages.BasePage.waitForVisibility(BasePage.java:34)
	at com.qa.pages.BasePage.clear(BasePage.java:43)
	at com.qa.pages.LoginPage.enterUserName(LoginPage.java:27)
	at com.qa.pages.LoginPage.login(LoginPage.java:44)
	at com.qa.stepdef.ProductStepDef.iMLoggedIn(ProductStepDef.java:15)
	at sun.reflect.NativeMethodAccessorImpl.invoke0(Native Method)
	at sun.reflect.NativeMethodAccessorImpl.invoke(NativeMethodAccessorImpl.java:62)
	at sun.reflect.DelegatingMethodAccessorImpl.invoke(DelegatingMethodAccessorImpl.java:43)
	at java.lang.reflect.Method.invoke(Method.java:498)
	at io.cucumber.java.Invoker.invoke(Invoker.java:27)
	at io.cucumber.java.JavaStepDefinition.execute(JavaStepDefinition.java:27)
	at io.cucumber.core.runner.PickleStepDefinitionMatch.runStep(PickleStepDefinitionMatch.java:63)
	at io.cucumber.core.runner.TestStep.executeStep(TestStep.java:64)
	at io.cucumber.core.runner.TestStep.run(TestStep.java:49)
	at io.cucumber.core.runner.PickleStepTestStep.run(PickleStepTestStep.java:46)
	at io.cucumber.core.runner.TestCase.run(TestCase.java:51)
	at io.cucumber.core.runner.Runner.runPickle(Runner.java:67)
	at io.cucumber.testng.TestNGCucumberRunner.runScenario(TestNGCucumberRunner.java:124)
	at com.qa.runners.MyTestNGRunnerTest.scenario(MyTestNGRunnerTest.java:58)
	at sun.reflect.NativeMethodAccessorImpl.invoke0(Native Method)
	at sun.reflect.NativeMethodAccessorImpl.invoke(NativeMethodAccessorImpl.java:62)
	at sun.reflect.DelegatingMethodAccessorImpl.invoke(DelegatingMethodAccessorImpl.java:43)
	at java.lang.reflect.Method.invoke(Method.java:498)
	at org.testng.internal.MethodInvocationHelper.invokeMethod(MethodInvocationHelper.java:134)
	at org.testng.internal.TestInvoker.invokeMethod(TestInvoker.java:597)
	at org.testng.internal.TestInvoker.invokeTestMethod(TestInvoker.java:173)
	at org.testng.internal.MethodRunner.runInSequence(MethodRunner.java:46)
	at org.testng.internal.TestInvoker$MethodInvocationAgent.invoke(TestInvoker.java:816)
	at org.testng.internal.TestInvoker.invokeTestMethods(TestInvoker.java:146)
	at org.testng.internal.TestMethodWorker.invokeTestMethods(TestMethodWorker.java:146)
	at org.testng.internal.TestMethodWorker.run(TestMethodWorker.java:128)
	at java.util.ArrayList.forEach(ArrayList.java:1259)
	at org.testng.TestRunner.privateRun(TestRunner.java:766)
	at org.testng.TestRunner.run(TestRunner.java:587)
	at org.testng.SuiteRunner.runTest(SuiteRunner.java:384)
	at org.testng.SuiteRunner.runSequentially(SuiteRunner.java:378)
	at org.testng.SuiteRunner.privateRun(SuiteRunner.java:337)
	at org.testng.SuiteRunner.run(SuiteRunner.java:286)
	at org.testng.SuiteRunnerWorker.runSuite(SuiteRunnerWorker.java:53)
	at org.testng.SuiteRunnerWorker.run(SuiteRunnerWorker.java:96)
	at org.testng.TestNG.runSuitesSequentially(TestNG.java:1187)
	at org.testng.TestNG.runSuitesLocally(TestNG.java:1109)
	at org.testng.TestNG.runSuites(TestNG.java:1039)
	at org.testng.TestNG.run(TestNG.java:1007)
	at org.apache.maven.surefire.testng.TestNGExecutor.run(TestNGExecutor.java:284)
	at org.apache.maven.surefire.testng.TestNGXmlTestSuite.execute(TestNGXmlTestSuite.java:75)
	at org.apache.maven.surefire.testng.TestNGProvider.invoke(TestNGProvider.java:119)
	at org.apache.maven.surefire.booter.ForkedBooter.runSuitesInProcess(ForkedBooter.java:428)
	at org.apache.maven.surefire.booter.ForkedBooter.execute(ForkedBooter.java:162)
	at org.apache.maven.surefire.booter.ForkedBooter.run(ForkedBooter.java:562)
	at org.apache.maven.surefire.booter.ForkedBooter.main(ForkedBooter.java:548)
Caused by: org.openqa.selenium.TimeoutException: Expected condition failed: waiting for io.appium.java_client.pagefactory.AppiumElementLocator$WaitingFunction@76f856a8 (tried for 1 second(s) with 500 milliseconds interval)
	at org.openqa.selenium.support.ui.FluentWait.timeoutException(FluentWait.java:304)
	at org.openqa.selenium.support.ui.FluentWait.until(FluentWait.java:272)
	at io.appium.java_client.pagefactory.AppiumElementLocator.waitFor(AppiumElementLocator.java:99)
	at io.appium.java_client.pagefactory.AppiumElementLocator.findElement(AppiumElementLocator.java:119)
	... 58 more
Caused by: org.openqa.selenium.NoSuchElementException: Cannot locate an element using By.chained({By.AccessibilityId: test-Username})
For documentation on this error, please visit: https://www.seleniumhq.org/exceptions/no_such_element.html
Build info: version: '3.141.59', revision: 'e82be7d358', time: '2018-11-14T08:17:03'
System info: host: 'DESKTOP-KLS90KJ', ip: '192.168.1.100', os.name: 'Windows 10', os.arch: 'amd64', os.version: '10.0', java.version: '1.8.0_291'
Driver info: driver.version: AndroidDriver
	at io.appium.java_client.pagefactory.bys.builder.ByChained.findElement(ByChained.java:74)
	at org.openqa.selenium.remote.RemoteWebDriver.findElement(RemoteWebDriver.java:315)
	at io.appium.java_client.DefaultGenericMobileDriver.findElement(DefaultGenericMobileDriver.java:57)
	at io.appium.java_client.AppiumDriver.findElement(AppiumDriver.java:1)
	at io.appium.java_client.android.AndroidDriver.findElement(AndroidDriver.java:1)
	at io.appium.java_client.pagefactory.bys.ContentMappedBy.findElement(ContentMappedBy.java:50)
	at org.openqa.selenium.remote.RemoteWebDriver.findElement(RemoteWebDriver.java:315)
	at io.appium.java_client.DefaultGenericMobileDriver.findElement(DefaultGenericMobileDriver.java:57)
	at io.appium.java_client.AppiumDriver.findElement(AppiumDriver.java:1)
	at io.appium.java_client.android.AndroidDriver.findElement(AndroidDriver.java:1)
	at io.appium.java_client.pagefactory.AppiumElementLocator.lambda$0(AppiumElementLocator.java:120)
	at io.appium.java_client.pagefactory.AppiumElementLocator$WaitingFunction.apply(AppiumElementLocator.java:172)
	at io.appium.java_client.pagefactory.AppiumElementLocator$WaitingFunction.apply(AppiumElementLocator.java:1)
	at org.openqa.selenium.support.ui.FluentWait.until(FluentWait.java:249)
	... 60 more

  Then the product is listed with title "Sauce Labs Bolt T-Shirt" and price "$15.99" # com.qa.stepdef.ProductStepDef.theProductIsListedWithTitleAndPrice(java.lang.String,java.lang.String)
&amp#27;[35m[HTTP]&amp#27;[39m &amp#27;[37m-->&amp#27;[39m &amp#27;[37mGET&amp#27;[39m &amp#27;[37m/wd/hub/session/3e31c346-da08-4d99-a528-afea8ff633f9/screenshot&amp#27;[39m
&amp#27;[35m[HTTP]&amp#27;[39m &amp#27;[90m{}&amp#27;[39m
[debug] &amp#27;[35m[W3C (3e31c346)]&amp#27;[39m Calling AppiumDriver.getScreenshot() with args: ["3e31c346-da08-4d99-a528-afea8ff633f9"]
[debug] &amp#27;[35m[WD Proxy]&amp#27;[39m Matched '/screenshot' to command name 'getScreenshot'
[debug] &amp#27;[35m[WD Proxy]&amp#27;[39m Proxying [GET /screenshot] to [GET http://127.0.0.1:10000/wd/hub/session/4d27662a-40ad-44a7-ae29-6f7bd3c4184c/screenshot] with no body
[debug] &amp#27;[35m[WD Proxy]&amp#27;[39m Got response with status 200: {"sessionId":"4d27662a-40ad-44a7-ae29-6f7bd3c4184c","value":"iVBORw0KGgoAAAANSUhEUgAABDgAAAkkCAYAAAD508+vAAAAAXNSR0IArs4c6QAAAARzQklUCAgI\nCHwIZIgAACAASURBVHic7N15bFznfTf67zlnzqwU950URZGSSGoXJVmrJdmWZMuJLNtJnAZG6jgX\nTZqiKFrcBk0KJCmKNgjc9o+8KG7SNF3eJjDi5u1NYsXWtSXLkiiLkqidlCiu4r4Ph9vsZ7l/HHIs\nSlxmhjMkR/5+AMPi8Mw5z5Azwznf83t+j/Dtb39bBxERERERERFRAhOXegBERERERERERAvFgIOI\niIiIiIiIEh4DDiIiIiIiIiJKeAw4iIiIiIiIiCjhMeAgIiIiIiIiooTHgIOIiIiIiIiIEh4DDiIi\nIiIiIiJKeAw4iIiIiIiIiCjhMeAgIiIiIiIiooTHgIOIiIiIiIiIEh4DDiIiIiIiIiJKeAw4iIiI\niIiIiCjhMeAgIiIiIiIiooTHgIOIiIiIiIiIEh4DDiIiIiIiIiJKeAw4iIiIiIiIiCjhMeAgIiIi\nIiIiooTHgIOIiIiIiIiIEh4DDiIiIiIiIiJKeAw4iIiIiIiIiCjhMeAgIiIiIiIiooTHgIOIiIiI\niIiIEh4DDiIiIiIiIiJKeAw4iIiIiIiIiCjhMeAgIiIiIiIiooTHgIOIiIiIiIiIEh4DDiIiIiIi\nIiJKeAw4iIiIiIiIiCjhMeAgIiIiIiIiooTHgIOIiIiIiIiIEh4DDiIiIiIiIiJKeAw4iIiIiIiI\niCjhMeAgIiIiIiIiooTHgIOIiIiIiIiIEh4DDiIiIiIiIiJKeAw4iIiIiIiIiCjhMeAgIiIiIiIi\nooTHgIOIiIiIiIiIEh4DDiIiIiIiIiJKeAw4iIiIiIiIiCjhMeAgIiIiIiIiooTHgIOIiIiIiIiI\nEh4DDiIiIiIiIiJKeAw4iIiI...
[debug] &amp#27;[35m[W3C (3e31c346)]&amp#27;[39m Responding to client with driver.getScreenshot() result: "iVBORw0KGgoAAAANSUhEUgAABDgAAAkkCAYAAAD508+vAAAAAXNSR0IArs4c6QAAAARzQklUCAgI\nCHwIZIgAACAASURBVHic7N15bFznfTf67zlnzqwU950URZGSSGoXJVmrJdmWZMuJLNtJnAZG6jgX\nTZqiKFrcBk0KJCmKNgjc9o+8KG7SNF3eJjDi5u1NYsXWtSXLkiiLkqidlCiu4r4Ph9vsZ7l/HHIs\nSlxmhjMkR/5+AMPi8Mw5z5Azwznf83t+j/Dtb39bBxERERERERFRAhOXegBERERERERERAvFgIOI\niIiIiIiIEh4DDiIiIiIiIiJKeAw4iIiIiIiIiCjhMeAgIiIiIiIiooTHgIOIiIiIiIiIEh4DDiIi\nIiIiIiJKeAw4iIiIiIiIiCjhMeAgIiIiIiIiooTHgIOIiIiIiIiIEh4DDiIiIiIiIiJKeAw4iIiI\niIiIiCjhMeAgIiIiIiIiooTHgIOIiIiIiIiIEh4DDiIiIiIiIiJKeAw4iIiIiIiIiCjhMeAgIiIi\nIiIiooTHgIOIiIiIiIiIEh4DDiIiIiIiIiJKeAw4iIiIiIiIiCjhMeAgIiIiIiIiooTHgIOIiIiI\niIiIEh4DDiIiIiIiIiJKeAw4iIiIiIiIiCjhMeAgIiIiIiIiooTHgIOIiIiIiIiIEh4DDiIiIiIi\nIiJKeAw4iIiIiIiIiCjhMeAgIiIiIiIiooTHgIOIiIiIiIiIEh4DDiIiIiIiIiJKeAw4iIiIiIiI\niCjhMeAgIiIiIiIiooTHgIOIiIiIiIiIEh4DDiIiIiIiIiJKeAw4iIiIiIiIiCjhMeAgIiIiIiIi\nooTHgIOIiIiIiIiIEh4DDiIiIiIiIiJKeAw4iIiIiIiIiCjhMeAgIiIiIiIiooTHgIOIiIiIiIiI\nEh4DDiIiIiIiIiJKeAw4iIiIiIiIiCjhMeAgIiIiIiIiooTHgIOIiIiIiIiIEh4DDiIiIiIiIiJK\neKalHg...
&amp#27;[35m[HTTP]&amp#27;[39m &amp#27;[37m<-- GET /wd/hub/session/3e31c346-da08-4d99-a528-afea8ff633f9/screenshot &amp#27;[39m&amp#27;[32m200&amp#27;[39m &amp#27;[90m1186 ms - 1687596&amp#27;[39m
&amp#27;[35m[HTTP]&amp#27;[39m &amp#27;[90m&amp#27;[39m

    Embedding Validate product info on Products page [image/png 1233232 bytes]

&amp#27;[35m[HTTP]&amp#27;[39m &amp#27;[37m-->&amp#27;[39m &amp#27;[37mPOST&amp#27;[39m &amp#27;[37m/wd/hub/session/3e31c346-da08-4d99-a528-afea8ff633f9/appium/stop_recording_screen&amp#27;[39m
&amp#27;[35m[HTTP]&amp#27;[39m &amp#27;[90m{}&amp#27;[39m
[debug] &amp#27;[35m[W3C (3e31c346)]&amp#27;[39m Calling AppiumDriver.stopRecordingScreen() with args: [null,"3e31c346-da08-4d99-a528-afea8ff633f9"]
[debug] &amp#27;[35m[ADB]&amp#27;[39m Getting IDs of all 'screenrecord' processes
[debug] &amp#27;[35m[ADB]&amp#27;[39m Running 'C:\Users\Admin\AppData\Local\Android\Sdk\platform-tools\adb.exe -P 5037 -s emulator-5554 shell pgrep -f \(\[\[:blank:\]\]\|\^\)screenrecord\(\[\[:blank:\]\]\|\$\)'
[debug] &amp#27;[35m[ADB]&amp#27;[39m Running 'C:\Users\Admin\AppData\Local\Android\Sdk\platform-tools\adb.exe -P 5037 -s emulator-5554 shell kill -2 23863'
[debug] &amp#27;[35m[ADB]&amp#27;[39m Getting IDs of all 'screenrecord' processes
[debug] &amp#27;[35m[ADB]&amp#27;[39m Running 'C:\Users\Admin\AppData\Local\Android\Sdk\platform-tools\adb.exe -P 5037 -s emulator-5554 shell pgrep -f \(\[\[:blank:\]\]\|\^\)screenrecord\(\[\[:blank:\]\]\|\$\)'
[debug] &amp#27;[35m[ADB]&amp#27;[39m Getting IDs of all 'screenrecord' processes
[debug] &amp#27;[35m[ADB]&amp#27;[39m Running 'C:\Users\Admin\AppData\Local\Android\Sdk\platform-tools\adb.exe -P 5037 -s emulator-5554 shell pgrep -f \(\[\[:blank:\]\]\|\^\)screenrecord\(\[\[:blank:\]\]\|\$\)'
[debug] &amp#27;[35m[ADB]&amp#27;[39m Running 'C:\Users\Admin\AppData\Local\Android\Sdk\platform-tools\adb.exe -P 5037 -s emulator-5554 pull /sdcard/3de6c932.mp4 C:\Users\Admin\AppData\Local\Temp\202172-13204-1xgxri7.jdyff\3de6c932.mp4'
[debug] &amp#27;[35m[ADB]&amp#27;[39m Running 'C:\Users\Admin\AppData\Local\Android\Sdk\platform-tools\adb.exe -P 5037 -s emulator-5554 shell rm -rf /sdcard/3de6c932.mp4'
[debug] &amp#27;[35m[AndroidDriver]&amp#27;[39m The size of the resulting screen recording is 239.80 KB
[debug] &amp#27;[35m[W3C (3e31c346)]&amp#27;[39m Responding to client with driver.stopRecordingScreen() result: "AAAAGGZ0eXBtcDQyAAAAAGlzb21tcDQyAAAEv21vb3YAAABsbXZoZAAAAADdLeSU3S3klAAAJxAAAAAAAAEAAAEAAAAAAAAAAAAAAAABAAAAAAAAAAAAAAAAAAAAAQAAAAAAAAAAAAAAAAAAQAAAAAAAAAAAAAAAAAAAAAAAAAAAAAAAAAAAAAAAAAMAAAB2bWV0YQAAACFoZGxyAAAAAAAAAABtZHRhAAAAAAAAAAAAAAAAAAAAACtrZXlzAAAAAAAAAAEAAAAbbWR0YWNvbS5hbmRyb2lkLnZlcnNpb24AAAAiaWxzdAAAABoAAAABAAAAEmRhdGEAAAABAAAAADExAAACL3RyYWsAAABcdGtoZAAAAAfdLeSU3S3klAAAAAEAAAAAAAAAAAAAAAAAAAAAAAAAAAAAAAAAAQAAAAAAAAAAAAAAAAAAAAEAAAAAAAAAAAAAAAAAAEAAAAAEOAAACSQAAAAAActtZGlhAAAAIG1kaGQAAAAA3S3klN0t5JQAAV+QAAAAAAAAAAAAAAAsaGRscgAAAAAAAAAAdmlkZQAAAAAAAAAAAAAAAFZpZGVvSGFuZGxlAAAAAXdtaW5mAAAAFHZtaGQAAAABAAAAAAAAAAAAAAAkZGluZgAAABxkcmVmAAAAAAAAAAEAAAAMdXJsIAAAAAEAAAE3c3RibAAAALdzdHNkAAAAAAAAAAEAAACnYXZjMQAAAAAAAAABAAAAAAAAAAAAAAAAAAAAAAQ4CSQASAAAAEgAAAAAAAAAAQAgICAgICAgICAgICAgICAgICAgICAgICAgICAgICAgABj//wAAAC5hdmNDAULAMv/hABVnQsAyjWgEQBJ+WeQgAAADAPCIRqABAAZozgGoNcgAAAAQcGFzcAABAAAAAQAAAAAAE2NvbHJuY2x4AAEAAQABAAAAABhzdHRzAAAAAAAAAAEAAAABAAAAAAAAABRzdHNzAAAAAAAAAAEAAAABAAAAGHN0c3oAAAAAAAAAAAAAAAEAA7Jz...
&amp#27;[35m[HTTP]&amp#27;[39m &amp#27;[37m<-- POST /wd/hub/session/3e31c346-da08-4d99-a528-afea8ff633f9/appium/stop_recording_screen &amp#27;[39m&amp#27;[32m200&amp#27;[39m &amp#27;[90m1066 ms - 327416&amp#27;[39m
&amp#27;[35m[HTTP]&amp#27;[39m &amp#27;[90m&amp#27;[39m
[INFO ] 2021-08-02 23:36:13.724 VideoManager:35 - video path: Android_pixel_4a_API_30\Videos\Validate product info on Products page.mp4
]]></system-out>
  </testcase>
  <testcase name="scenario[&quot;Validate product info on Product Details page&quot;, &quot;Product scenarios&quot;](5)" classname="com.qa.runners.MyTestNGRunnerTest" time="14.705">
    <failure message="Expected condition failed: waiting for visibility of Located by By.chained({By.AccessibilityId: test-Username}) (tried for 10 second(s) with 500 milliseconds interval)" type="org.openqa.selenium.TimeoutException"><![CDATA[org.openqa.selenium.TimeoutException: Expected condition failed: waiting for visibility of Located by By.chained({By.AccessibilityId: test-Username}) (tried for 10 second(s) with 500 milliseconds interval)
	at com.qa.runners.MyTestNGRunnerTest.scenario(MyTestNGRunnerTest.java:58)
Caused by: org.openqa.selenium.TimeoutException: Expected condition failed: waiting for io.appium.java_client.pagefactory.AppiumElementLocator$WaitingFunction@4eed2acf (tried for 1 second(s) with 500 milliseconds interval)
	at com.qa.runners.MyTestNGRunnerTest.scenario(MyTestNGRunnerTest.java:58)
Caused by: org.openqa.selenium.NoSuchElementException: 
Cannot locate an element using By.chained({By.AccessibilityId: test-Username})
For documentation on this error, please visit: https://www.seleniumhq.org/exceptions/no_such_element.html
Build info: version: '3.141.59', revision: 'e82be7d358', time: '2018-11-14T08:17:03'
System info: host: 'DESKTOP-KLS90KJ', ip: '192.168.1.100', os.name: 'Windows 10', os.arch: 'amd64', os.version: '10.0', java.version: '1.8.0_291'
Driver info: driver.version: AndroidDriver
	at com.qa.runners.MyTestNGRunnerTest.scenario(MyTestNGRunnerTest.java:58)
]]></failure>
    <system-out><![CDATA[
@test
Scenario Outline: Validate product info on Product Details page                                                                                                                                                                                      # src/test/resources/Products.feature:20
&amp#27;[35m[HTTP]&amp#27;[39m &amp#27;[37m-->&amp#27;[39m &amp#27;[37mPOST&amp#27;[39m &amp#27;[37m/wd/hub/session/3e31c346-da08-4d99-a528-afea8ff633f9/appium/start_recording_screen&amp#27;[39m
&amp#27;[35m[HTTP]&amp#27;[39m &amp#27;[90m{}&amp#27;[39m
[debug] &amp#27;[35m[W3C (3e31c346)]&amp#27;[39m Calling AppiumDriver.startRecordingScreen() with args: [null,"3e31c346-da08-4d99-a528-afea8ff633f9"]
[debug] &amp#27;[35m[ADB]&amp#27;[39m Getting IDs of all 'screenrecord' processes
[debug] &amp#27;[35m[ADB]&amp#27;[39m Running 'C:\Users\Admin\AppData\Local\Android\Sdk\platform-tools\adb.exe -P 5037 -s emulator-5554 shell pgrep -f \(\[\[:blank:\]\]\|\^\)screenrecord\(\[\[:blank:\]\]\|\$\)'
&amp#27;[35m[AndroidDriver]&amp#27;[39m Screen recording has not been previously started by Appium. There is nothing to stop
[debug] &amp#27;[35m[ADB]&amp#27;[39m Getting IDs of all 'screenrecord' processes
[debug] &amp#27;[35m[ADB]&amp#27;[39m Running 'C:\Users\Admin\AppData\Local\Android\Sdk\platform-tools\adb.exe -P 5037 -s emulator-5554 shell pgrep -f \(\[\[:blank:\]\]\|\^\)screenrecord\(\[\[:blank:\]\]\|\$\)'
[debug] &amp#27;[35m[ADB]&amp#27;[39m Building screenrecord process with the command line: adb -P 5037 -s emulator-5554 shell screenrecord --time-limit 180 /sdcard/123634f8.mp4
[debug] &amp#27;[35m[ADB]&amp#27;[39m Running 'C:\Users\Admin\AppData\Local\Android\Sdk\platform-tools\adb.exe -P 5037 -s emulator-5554 shell "[ -e '/sdcard/123634f8.mp4' ] && echo __PASS__"'
[debug] &amp#27;[35m[ADB]&amp#27;[39m Running 'C:\Users\Admin\AppData\Local\Android\Sdk\platform-tools\adb.exe -P 5037 -s emulator-5554 shell "[ -e '/sdcard/123634f8.mp4' ] && echo __PASS__"'
[debug] &amp#27;[35m[W3C (3e31c346)]&amp#27;[39m Responding to client with driver.startRecordingScreen() result: ""
&amp#27;[35m[HTTP]&amp#27;[39m &amp#27;[37m<-- POST /wd/hub/session/3e31c346-da08-4d99-a528-afea8ff633f9/appium/start_recording_screen &amp#27;[39m&amp#27;[32m200&amp#27;[39m &amp#27;[90m743 ms - 12&amp#27;[39m
&amp#27;[35m[HTTP]&amp#27;[39m &amp#27;[90m&amp#27;[39m
&amp#27;[35m[HTTP]&amp#27;[39m &amp#27;[37m-->&amp#27;[39m &amp#27;[37mGET&amp#27;[39m &amp#27;[37m/wd/hub/session/3e31c346-da08-4d99-a528-afea8ff633f9/context&amp#27;[39m
&amp#27;[35m[HTTP]&amp#27;[39m &amp#27;[90m{}&amp#27;[39m
[debug] &amp#27;[35m[W3C (3e31c346)]&amp#27;[39m Calling AppiumDriver.getCurrentContext() with args: ["3e31c346-da08-4d99-a528-afea8ff633f9"]
[debug] &amp#27;[35m[W3C (3e31c346)]&amp#27;[39m Responding to client with driver.getCurrentContext() result: "NATIVE_APP"
&amp#27;[35m[HTTP]&amp#27;[39m &amp#27;[37m<-- GET /wd/hub/session/3e31c346-da08-4d99-a528-afea8ff633f9/context &amp#27;[39m&amp#27;[32m200&amp#27;[39m &amp#27;[90m2 ms - 22&amp#27;[39m
&amp#27;[35m[HTTP]&amp#27;[39m &amp#27;[90m&amp#27;[39m
&amp#27;[35m[HTTP]&amp#27;[39m &amp#27;[37m-->&amp#27;[39m &amp#27;[37mPOST&amp#27;[39m &amp#27;[37m/wd/hub/session/3e31c346-da08-4d99-a528-afea8ff633f9/element&amp#27;[39m
&amp#27;[35m[HTTP]&amp#27;[39m &amp#27;[90m{"using":"accessibility id","value":"test-Username"}&amp#27;[39m
[debug] &amp#27;[35m[W3C (3e31c346)]&amp#27;[39m Calling AppiumDriver.findElement() with args: ["accessibility id","test-Username","3e31c346-da08-4d99-a528-afea8ff633f9"]
[debug] &amp#27;[35m[BaseDriver]&amp#27;[39m Valid locator strategies for this request: xpath, id, class name, accessibility id, css selector, -android uiautomator
[debug] &amp#27;[35m[BaseDriver]&amp#27;[39m Waiting up to 0 ms for condition
[debug] &amp#27;[35m[WD Proxy]&amp#27;[39m Matched '/element' to command name 'findElement'
[debug] &amp#27;[35m[WD Proxy]&amp#27;[39m Proxying [POST /element] to [POST http://127.0.0.1:10000/wd/hub/session/4d27662a-40ad-44a7-ae29-6f7bd3c4184c/element] with body: {"strategy":"accessibility id","selector":"test-Username","context":"","multiple":false}
&amp#27;[35m[WD Proxy]&amp#27;[39m Got response with status 404: {"sessionId":"4d27662a-40ad-44a7-ae29-6f7bd3c4184c","value":{"error":"no such element","message":"An element could not be located on the page using the given search parameters","stacktrace":"io.appium.uiautomator2.common.exceptions.ElementNotFoundException: An element could not be located on the page using the given search parameters\n\tat io.appium.uiautomator2.handler.FindElement.safeHandle(FindElement.java:68)\n\tat io.appium.uiautomator2.handler.request.SafeRequestHandler.handle(SafeRequestHandler.java:41)\n\tat io.appium.uiautomator2.server.AppiumServlet.handleRequest(AppiumServlet.java:262)\n\tat io.appium.uiautomator2.server.AppiumServlet.handleHttpRequest(AppiumServlet.java:256)\n\tat io.appium.uiautomator2.http.ServerHandler.channelRead(ServerHandler.java:68)\n\tat io.netty.channel.AbstractChannelHandlerContext.invokeChannelRead(AbstractChannelHandlerContext.java:366)\n\tat io.netty.channel.AbstractChannelHandlerContext.invokeChannelRead(AbstractChannelHandlerContext.java:352)\n\tat io.netty.chann...
[debug] &amp#27;[35m[W3C]&amp#27;[39m Matched W3C error code 'no such element' to NoSuchElementError
[debug] &amp#27;[35m[W3C (3e31c346)]&amp#27;[39m Encountered internal error running command: NoSuchElementError: An element could not be located on the page using the given search parameters.
[debug] &amp#27;[35m[W3C (3e31c346)]&amp#27;[39m     at AndroidUiautomator2Driver.findElOrEls (C:\Users\Admin\AppData\Roaming\npm\node_modules\appium\node_modules\appium-android-driver\lib\commands\find.js:75:11)
[debug] &amp#27;[35m[W3C (3e31c346)]&amp#27;[39m     at runMicrotasks (<anonymous>)
[debug] &amp#27;[35m[W3C (3e31c346)]&amp#27;[39m     at processTicksAndRejections (internal/process/task_queues.js:95:5)
[debug] &amp#27;[35m[W3C (3e31c346)]&amp#27;[39m     at AndroidUiautomator2Driver.findElOrElsWithProcessing (C:\Users\Admin\AppData\Roaming\npm\node_modules\appium\node_modules\appium-base-driver\lib\basedriver\commands\find.js:33:12)
[debug] &amp#27;[35m[W3C (3e31c346)]&amp#27;[39m     at AndroidUiautomator2Driver.findElement (C:\Users\Admin\AppData\Roaming\npm\node_modules\appium\node_modules\appium-base-driver\lib\basedriver\commands\find.js:53:10)
&amp#27;[35m[HTTP]&amp#27;[39m &amp#27;[37m<-- POST /wd/hub/session/3e31c346-da08-4d99-a528-afea8ff633f9/element &amp#27;[39m&amp#27;[33m404&amp#27;[39m &amp#27;[90m101 ms - 914&amp#27;[39m
&amp#27;[35m[HTTP]&amp#27;[39m &amp#27;[90m&amp#27;[39m
&amp#27;[35m[HTTP]&amp#27;[39m &amp#27;[37m-->&amp#27;[39m &amp#27;[37mPOST&amp#27;[39m &amp#27;[37m/wd/hub/session/3e31c346-da08-4d99-a528-afea8ff633f9/element&amp#27;[39m
&amp#27;[35m[HTTP]&amp#27;[39m &amp#27;[90m{"using":"accessibility id","value":"test-Username"}&amp#27;[39m
[debug] &amp#27;[35m[W3C (3e31c346)]&amp#27;[39m Calling AppiumDriver.findElement() with args: ["accessibility id","test-Username","3e31c346-da08-4d99-a528-afea8ff633f9"]
[debug] &amp#27;[35m[BaseDriver]&amp#27;[39m Valid locator strategies for this request: xpath, id, class name, accessibility id, css selector, -android uiautomator
[debug] &amp#27;[35m[BaseDriver]&amp#27;[39m Waiting up to 0 ms for condition
[debug] &amp#27;[35m[WD Proxy]&amp#27;[39m Matched '/element' to command name 'findElement'
[debug] &amp#27;[35m[WD Proxy]&amp#27;[39m Proxying [POST /element] to [POST http://127.0.0.1:10000/wd/hub/session/4d27662a-40ad-44a7-ae29-6f7bd3c4184c/element] with body: {"strategy":"accessibility id","selector":"test-Username","context":"","multiple":false}
&amp#27;[35m[WD Proxy]&amp#27;[39m Got response with status 404: {"sessionId":"4d27662a-40ad-44a7-ae29-6f7bd3c4184c","value":{"error":"no such element","message":"An element could not be located on the page using the given search parameters","stacktrace":"io.appium.uiautomator2.common.exceptions.ElementNotFoundException: An element could not be located on the page using the given search parameters\n\tat io.appium.uiautomator2.handler.FindElement.safeHandle(FindElement.java:68)\n\tat io.appium.uiautomator2.handler.request.SafeRequestHandler.handle(SafeRequestHandler.java:41)\n\tat io.appium.uiautomator2.server.AppiumServlet.handleRequest(AppiumServlet.java:262)\n\tat io.appium.uiautomator2.server.AppiumServlet.handleHttpRequest(AppiumServlet.java:256)\n\tat io.appium.uiautomator2.http.ServerHandler.channelRead(ServerHandler.java:68)\n\tat io.netty.channel.AbstractChannelHandlerContext.invokeChannelRead(AbstractChannelHandlerContext.java:366)\n\tat io.netty.channel.AbstractChannelHandlerContext.invokeChannelRead(AbstractChannelHandlerContext.java:352)\n\tat io.netty.chann...
[debug] &amp#27;[35m[W3C]&amp#27;[39m Matched W3C error code 'no such element' to NoSuchElementError
[debug] &amp#27;[35m[W3C (3e31c346)]&amp#27;[39m Encountered internal error running command: NoSuchElementError: An element could not be located on the page using the given search parameters.
[debug] &amp#27;[35m[W3C (3e31c346)]&amp#27;[39m     at AndroidUiautomator2Driver.findElOrEls (C:\Users\Admin\AppData\Roaming\npm\node_modules\appium\node_modules\appium-android-driver\lib\commands\find.js:75:11)
[debug] &amp#27;[35m[W3C (3e31c346)]&amp#27;[39m     at runMicrotasks (<anonymous>)
[debug] &amp#27;[35m[W3C (3e31c346)]&amp#27;[39m     at processTicksAndRejections (internal/process/task_queues.js:95:5)
[debug] &amp#27;[35m[W3C (3e31c346)]&amp#27;[39m     at AndroidUiautomator2Driver.findElOrElsWithProcessing (C:\Users\Admin\AppData\Roaming\npm\node_modules\appium\node_modules\appium-base-driver\lib\basedriver\commands\find.js:33:12)
[debug] &amp#27;[35m[W3C (3e31c346)]&amp#27;[39m     at AndroidUiautomator2Driver.findElement (C:\Users\Admin\AppData\Roaming\npm\node_modules\appium\node_modules\appium-base-driver\lib\basedriver\commands\find.js:53:10)
&amp#27;[35m[HTTP]&amp#27;[39m &amp#27;[37m<-- POST /wd/hub/session/3e31c346-da08-4d99-a528-afea8ff633f9/element &amp#27;[39m&amp#27;[33m404&amp#27;[39m &amp#27;[90m61 ms - 914&amp#27;[39m
&amp#27;[35m[HTTP]&amp#27;[39m &amp#27;[90m&amp#27;[39m
&amp#27;[35m[HTTP]&amp#27;[39m &amp#27;[37m-->&amp#27;[39m &amp#27;[37mPOST&amp#27;[39m &amp#27;[37m/wd/hub/session/3e31c346-da08-4d99-a528-afea8ff633f9/element&amp#27;[39m
&amp#27;[35m[HTTP]&amp#27;[39m &amp#27;[90m{"using":"accessibility id","value":"test-Username"}&amp#27;[39m
[debug] &amp#27;[35m[W3C (3e31c346)]&amp#27;[39m Calling AppiumDriver.findElement() with args: ["accessibility id","test-Username","3e31c346-da08-4d99-a528-afea8ff633f9"]
[debug] &amp#27;[35m[BaseDriver]&amp#27;[39m Valid locator strategies for this request: xpath, id, class name, accessibility id, css selector, -android uiautomator
[debug] &amp#27;[35m[BaseDriver]&amp#27;[39m Waiting up to 0 ms for condition
[debug] &amp#27;[35m[WD Proxy]&amp#27;[39m Matched '/element' to command name 'findElement'
[debug] &amp#27;[35m[WD Proxy]&amp#27;[39m Proxying [POST /element] to [POST http://127.0.0.1:10000/wd/hub/session/4d27662a-40ad-44a7-ae29-6f7bd3c4184c/element] with body: {"strategy":"accessibility id","selector":"test-Username","context":"","multiple":false}
&amp#27;[35m[WD Proxy]&amp#27;[39m Got response with status 404: {"sessionId":"4d27662a-40ad-44a7-ae29-6f7bd3c4184c","value":{"error":"no such element","message":"An element could not be located on the page using the given search parameters","stacktrace":"io.appium.uiautomator2.common.exceptions.ElementNotFoundException: An element could not be located on the page using the given search parameters\n\tat io.appium.uiautomator2.handler.FindElement.safeHandle(FindElement.java:68)\n\tat io.appium.uiautomator2.handler.request.SafeRequestHandler.handle(SafeRequestHandler.java:41)\n\tat io.appium.uiautomator2.server.AppiumServlet.handleRequest(AppiumServlet.java:262)\n\tat io.appium.uiautomator2.server.AppiumServlet.handleHttpRequest(AppiumServlet.java:256)\n\tat io.appium.uiautomator2.http.ServerHandler.channelRead(ServerHandler.java:68)\n\tat io.netty.channel.AbstractChannelHandlerContext.invokeChannelRead(AbstractChannelHandlerContext.java:366)\n\tat io.netty.channel.AbstractChannelHandlerContext.invokeChannelRead(AbstractChannelHandlerContext.java:352)\n\tat io.netty.chann...
[debug] &amp#27;[35m[W3C]&amp#27;[39m Matched W3C error code 'no such element' to NoSuchElementError
[debug] &amp#27;[35m[W3C (3e31c346)]&amp#27;[39m Encountered internal error running command: NoSuchElementError: An element could not be located on the page using the given search parameters.
[debug] &amp#27;[35m[W3C (3e31c346)]&amp#27;[39m     at AndroidUiautomator2Driver.findElOrEls (C:\Users\Admin\AppData\Roaming\npm\node_modules\appium\node_modules\appium-android-driver\lib\commands\find.js:75:11)
[debug] &amp#27;[35m[W3C (3e31c346)]&amp#27;[39m     at runMicrotasks (<anonymous>)
[debug] &amp#27;[35m[W3C (3e31c346)]&amp#27;[39m     at processTicksAndRejections (internal/process/task_queues.js:95:5)
[debug] &amp#27;[35m[W3C (3e31c346)]&amp#27;[39m     at AndroidUiautomator2Driver.findElOrElsWithProcessing (C:\Users\Admin\AppData\Roaming\npm\node_modules\appium\node_modules\appium-base-driver\lib\basedriver\commands\find.js:33:12)
[debug] &amp#27;[35m[W3C (3e31c346)]&amp#27;[39m     at AndroidUiautomator2Driver.findElement (C:\Users\Admin\AppData\Roaming\npm\node_modules\appium\node_modules\appium-base-driver\lib\basedriver\commands\find.js:53:10)
&amp#27;[35m[HTTP]&amp#27;[39m &amp#27;[37m<-- POST /wd/hub/session/3e31c346-da08-4d99-a528-afea8ff633f9/element &amp#27;[39m&amp#27;[33m404&amp#27;[39m &amp#27;[90m56 ms - 914&amp#27;[39m
&amp#27;[35m[HTTP]&amp#27;[39m &amp#27;[90m&amp#27;[39m
&amp#27;[35m[HTTP]&amp#27;[39m &amp#27;[37m-->&amp#27;[39m &amp#27;[37mPOST&amp#27;[39m &amp#27;[37m/wd/hub/session/3e31c346-da08-4d99-a528-afea8ff633f9/element&amp#27;[39m
&amp#27;[35m[HTTP]&amp#27;[39m &amp#27;[90m{"using":"accessibility id","value":"test-Username"}&amp#27;[39m
[debug] &amp#27;[35m[W3C (3e31c346)]&amp#27;[39m Calling AppiumDriver.findElement() with args: ["accessibility id","test-Username","3e31c346-da08-4d99-a528-afea8ff633f9"]
[debug] &amp#27;[35m[BaseDriver]&amp#27;[39m Valid locator strategies for this request: xpath, id, class name, accessibility id, css selector, -android uiautomator
[debug] &amp#27;[35m[BaseDriver]&amp#27;[39m Waiting up to 0 ms for condition
[debug] &amp#27;[35m[WD Proxy]&amp#27;[39m Matched '/element' to command name 'findElement'
[debug] &amp#27;[35m[WD Proxy]&amp#27;[39m Proxying [POST /element] to [POST http://127.0.0.1:10000/wd/hub/session/4d27662a-40ad-44a7-ae29-6f7bd3c4184c/element] with body: {"strategy":"accessibility id","selector":"test-Username","context":"","multiple":false}
&amp#27;[35m[WD Proxy]&amp#27;[39m Got response with status 404: {"sessionId":"4d27662a-40ad-44a7-ae29-6f7bd3c4184c","value":{"error":"no such element","message":"An element could not be located on the page using the given search parameters","stacktrace":"io.appium.uiautomator2.common.exceptions.ElementNotFoundException: An element could not be located on the page using the given search parameters\n\tat io.appium.uiautomator2.handler.FindElement.safeHandle(FindElement.java:68)\n\tat io.appium.uiautomator2.handler.request.SafeRequestHandler.handle(SafeRequestHandler.java:41)\n\tat io.appium.uiautomator2.server.AppiumServlet.handleRequest(AppiumServlet.java:262)\n\tat io.appium.uiautomator2.server.AppiumServlet.handleHttpRequest(AppiumServlet.java:256)\n\tat io.appium.uiautomator2.http.ServerHandler.channelRead(ServerHandler.java:68)\n\tat io.netty.channel.AbstractChannelHandlerContext.invokeChannelRead(AbstractChannelHandlerContext.java:366)\n\tat io.netty.channel.AbstractChannelHandlerContext.invokeChannelRead(AbstractChannelHandlerContext.java:352)\n\tat io.netty.chann...
[debug] &amp#27;[35m[W3C]&amp#27;[39m Matched W3C error code 'no such element' to NoSuchElementError
[debug] &amp#27;[35m[W3C (3e31c346)]&amp#27;[39m Encountered internal error running command: NoSuchElementError: An element could not be located on the page using the given search parameters.
[debug] &amp#27;[35m[W3C (3e31c346)]&amp#27;[39m     at AndroidUiautomator2Driver.findElOrEls (C:\Users\Admin\AppData\Roaming\npm\node_modules\appium\node_modules\appium-android-driver\lib\commands\find.js:75:11)
[debug] &amp#27;[35m[W3C (3e31c346)]&amp#27;[39m     at runMicrotasks (<anonymous>)
[debug] &amp#27;[35m[W3C (3e31c346)]&amp#27;[39m     at processTicksAndRejections (internal/process/task_queues.js:95:5)
[debug] &amp#27;[35m[W3C (3e31c346)]&amp#27;[39m     at AndroidUiautomator2Driver.findElOrElsWithProcessing (C:\Users\Admin\AppData\Roaming\npm\node_modules\appium\node_modules\appium-base-driver\lib\basedriver\commands\find.js:33:12)
[debug] &amp#27;[35m[W3C (3e31c346)]&amp#27;[39m     at AndroidUiautomator2Driver.findElement (C:\Users\Admin\AppData\Roaming\npm\node_modules\appium\node_modules\appium-base-driver\lib\basedriver\commands\find.js:53:10)
&amp#27;[35m[HTTP]&amp#27;[39m &amp#27;[37m<-- POST /wd/hub/session/3e31c346-da08-4d99-a528-afea8ff633f9/element &amp#27;[39m&amp#27;[33m404&amp#27;[39m &amp#27;[90m72 ms - 914&amp#27;[39m
&amp#27;[35m[HTTP]&amp#27;[39m &amp#27;[90m&amp#27;[39m
&amp#27;[35m[HTTP]&amp#27;[39m &amp#27;[37m-->&amp#27;[39m &amp#27;[37mGET&amp#27;[39m &amp#27;[37m/wd/hub/session/3e31c346-da08-4d99-a528-afea8ff633f9/context&amp#27;[39m
&amp#27;[35m[HTTP]&amp#27;[39m &amp#27;[90m{}&amp#27;[39m
[debug] &amp#27;[35m[W3C (3e31c346)]&amp#27;[39m Calling AppiumDriver.getCurrentContext() with args: ["3e31c346-da08-4d99-a528-afea8ff633f9"]
[debug] &amp#27;[35m[W3C (3e31c346)]&amp#27;[39m Responding to client with driver.getCurrentContext() result: "NATIVE_APP"
&amp#27;[35m[HTTP]&amp#27;[39m &amp#27;[37m<-- GET /wd/hub/session/3e31c346-da08-4d99-a528-afea8ff633f9/context &amp#27;[39m&amp#27;[32m200&amp#27;[39m &amp#27;[90m3 ms - 22&amp#27;[39m
&amp#27;[35m[HTTP]&amp#27;[39m &amp#27;[90m&amp#27;[39m
&amp#27;[35m[HTTP]&amp#27;[39m &amp#27;[37m-->&amp#27;[39m &amp#27;[37mPOST&amp#27;[39m &amp#27;[37m/wd/hub/session/3e31c346-da08-4d99-a528-afea8ff633f9/element&amp#27;[39m
&amp#27;[35m[HTTP]&amp#27;[39m &amp#27;[90m{"using":"accessibility id","value":"test-Username"}&amp#27;[39m
[debug] &amp#27;[35m[W3C (3e31c346)]&amp#27;[39m Calling AppiumDriver.findElement() with args: ["accessibility id","test-Username","3e31c346-da08-4d99-a528-afea8ff633f9"]
[debug] &amp#27;[35m[BaseDriver]&amp#27;[39m Valid locator strategies for this request: xpath, id, class name, accessibility id, css selector, -android uiautomator
[debug] &amp#27;[35m[BaseDriver]&amp#27;[39m Waiting up to 0 ms for condition
[debug] &amp#27;[35m[WD Proxy]&amp#27;[39m Matched '/element' to command name 'findElement'
[debug] &amp#27;[35m[WD Proxy]&amp#27;[39m Proxying [POST /element] to [POST http://127.0.0.1:10000/wd/hub/session/4d27662a-40ad-44a7-ae29-6f7bd3c4184c/element] with body: {"strategy":"accessibility id","selector":"test-Username","context":"","multiple":false}
&amp#27;[35m[WD Proxy]&amp#27;[39m Got response with status 404: {"sessionId":"4d27662a-40ad-44a7-ae29-6f7bd3c4184c","value":{"error":"no such element","message":"An element could not be located on the page using the given search parameters","stacktrace":"io.appium.uiautomator2.common.exceptions.ElementNotFoundException: An element could not be located on the page using the given search parameters\n\tat io.appium.uiautomator2.handler.FindElement.safeHandle(FindElement.java:68)\n\tat io.appium.uiautomator2.handler.request.SafeRequestHandler.handle(SafeRequestHandler.java:41)\n\tat io.appium.uiautomator2.server.AppiumServlet.handleRequest(AppiumServlet.java:262)\n\tat io.appium.uiautomator2.server.AppiumServlet.handleHttpRequest(AppiumServlet.java:256)\n\tat io.appium.uiautomator2.http.ServerHandler.channelRead(ServerHandler.java:68)\n\tat io.netty.channel.AbstractChannelHandlerContext.invokeChannelRead(AbstractChannelHandlerContext.java:366)\n\tat io.netty.channel.AbstractChannelHandlerContext.invokeChannelRead(AbstractChannelHandlerContext.java:352)\n\tat io.netty.chann...
[debug] &amp#27;[35m[W3C]&amp#27;[39m Matched W3C error code 'no such element' to NoSuchElementError
[debug] &amp#27;[35m[W3C (3e31c346)]&amp#27;[39m Encountered internal error running command: NoSuchElementError: An element could not be located on the page using the given search parameters.
[debug] &amp#27;[35m[W3C (3e31c346)]&amp#27;[39m     at AndroidUiautomator2Driver.findElOrEls (C:\Users\Admin\AppData\Roaming\npm\node_modules\appium\node_modules\appium-android-driver\lib\commands\find.js:75:11)
[debug] &amp#27;[35m[W3C (3e31c346)]&amp#27;[39m     at runMicrotasks (<anonymous>)
[debug] &amp#27;[35m[W3C (3e31c346)]&amp#27;[39m     at processTicksAndRejections (internal/process/task_queues.js:95:5)
[debug] &amp#27;[35m[W3C (3e31c346)]&amp#27;[39m     at AndroidUiautomator2Driver.findElOrElsWithProcessing (C:\Users\Admin\AppData\Roaming\npm\node_modules\appium\node_modules\appium-base-driver\lib\basedriver\commands\find.js:33:12)
[debug] &amp#27;[35m[W3C (3e31c346)]&amp#27;[39m     at AndroidUiautomator2Driver.findElement (C:\Users\Admin\AppData\Roaming\npm\node_modules\appium\node_modules\appium-base-driver\lib\basedriver\commands\find.js:53:10)
&amp#27;[35m[HTTP]&amp#27;[39m &amp#27;[37m<-- POST /wd/hub/session/3e31c346-da08-4d99-a528-afea8ff633f9/element &amp#27;[39m&amp#27;[33m404&amp#27;[39m &amp#27;[90m97 ms - 914&amp#27;[39m
&amp#27;[35m[HTTP]&amp#27;[39m &amp#27;[90m&amp#27;[39m
&amp#27;[35m[HTTP]&amp#27;[39m &amp#27;[37m-->&amp#27;[39m &amp#27;[37mPOST&amp#27;[39m &amp#27;[37m/wd/hub/session/3e31c346-da08-4d99-a528-afea8ff633f9/element&amp#27;[39m
&amp#27;[35m[HTTP]&amp#27;[39m &amp#27;[90m{"using":"accessibility id","value":"test-Username"}&amp#27;[39m
[debug] &amp#27;[35m[W3C (3e31c346)]&amp#27;[39m Calling AppiumDriver.findElement() with args: ["accessibility id","test-Username","3e31c346-da08-4d99-a528-afea8ff633f9"]
[debug] &amp#27;[35m[BaseDriver]&amp#27;[39m Valid locator strategies for this request: xpath, id, class name, accessibility id, css selector, -android uiautomator
[debug] &amp#27;[35m[BaseDriver]&amp#27;[39m Waiting up to 0 ms for condition
[debug] &amp#27;[35m[WD Proxy]&amp#27;[39m Matched '/element' to command name 'findElement'
[debug] &amp#27;[35m[WD Proxy]&amp#27;[39m Proxying [POST /element] to [POST http://127.0.0.1:10000/wd/hub/session/4d27662a-40ad-44a7-ae29-6f7bd3c4184c/element] with body: {"strategy":"accessibility id","selector":"test-Username","context":"","multiple":false}
&amp#27;[35m[WD Proxy]&amp#27;[39m Got response with status 404: {"sessionId":"4d27662a-40ad-44a7-ae29-6f7bd3c4184c","value":{"error":"no such element","message":"An element could not be located on the page using the given search parameters","stacktrace":"io.appium.uiautomator2.common.exceptions.ElementNotFoundException: An element could not be located on the page using the given search parameters\n\tat io.appium.uiautomator2.handler.FindElement.safeHandle(FindElement.java:68)\n\tat io.appium.uiautomator2.handler.request.SafeRequestHandler.handle(SafeRequestHandler.java:41)\n\tat io.appium.uiautomator2.server.AppiumServlet.handleRequest(AppiumServlet.java:262)\n\tat io.appium.uiautomator2.server.AppiumServlet.handleHttpRequest(AppiumServlet.java:256)\n\tat io.appium.uiautomator2.http.ServerHandler.channelRead(ServerHandler.java:68)\n\tat io.netty.channel.AbstractChannelHandlerContext.invokeChannelRead(AbstractChannelHandlerContext.java:366)\n\tat io.netty.channel.AbstractChannelHandlerContext.invokeChannelRead(AbstractChannelHandlerContext.java:352)\n\tat io.netty.chann...
[debug] &amp#27;[35m[W3C]&amp#27;[39m Matched W3C error code 'no such element' to NoSuchElementError
[debug] &amp#27;[35m[W3C (3e31c346)]&amp#27;[39m Encountered internal error running command: NoSuchElementError: An element could not be located on the page using the given search parameters.
[debug] &amp#27;[35m[W3C (3e31c346)]&amp#27;[39m     at AndroidUiautomator2Driver.findElOrEls (C:\Users\Admin\AppData\Roaming\npm\node_modules\appium\node_modules\appium-android-driver\lib\commands\find.js:75:11)
[debug] &amp#27;[35m[W3C (3e31c346)]&amp#27;[39m     at runMicrotasks (<anonymous>)
[debug] &amp#27;[35m[W3C (3e31c346)]&amp#27;[39m     at processTicksAndRejections (internal/process/task_queues.js:95:5)
[debug] &amp#27;[35m[W3C (3e31c346)]&amp#27;[39m     at AndroidUiautomator2Driver.findElOrElsWithProcessing (C:\Users\Admin\AppData\Roaming\npm\node_modules\appium\node_modules\appium-base-driver\lib\basedriver\commands\find.js:33:12)
[debug] &amp#27;[35m[W3C (3e31c346)]&amp#27;[39m     at AndroidUiautomator2Driver.findElement (C:\Users\Admin\AppData\Roaming\npm\node_modules\appium\node_modules\appium-base-driver\lib\basedriver\commands\find.js:53:10)
&amp#27;[35m[HTTP]&amp#27;[39m &amp#27;[37m<-- POST /wd/hub/session/3e31c346-da08-4d99-a528-afea8ff633f9/element &amp#27;[39m&amp#27;[33m404&amp#27;[39m &amp#27;[90m74 ms - 914&amp#27;[39m
&amp#27;[35m[HTTP]&amp#27;[39m &amp#27;[90m&amp#27;[39m
&amp#27;[35m[HTTP]&amp#27;[39m &amp#27;[37m-->&amp#27;[39m &amp#27;[37mPOST&amp#27;[39m &amp#27;[37m/wd/hub/session/3e31c346-da08-4d99-a528-afea8ff633f9/element&amp#27;[39m
&amp#27;[35m[HTTP]&amp#27;[39m &amp#27;[90m{"using":"accessibility id","value":"test-Username"}&amp#27;[39m
[debug] &amp#27;[35m[W3C (3e31c346)]&amp#27;[39m Calling AppiumDriver.findElement() with args: ["accessibility id","test-Username","3e31c346-da08-4d99-a528-afea8ff633f9"]
[debug] &amp#27;[35m[BaseDriver]&amp#27;[39m Valid locator strategies for this request: xpath, id, class name, accessibility id, css selector, -android uiautomator
[debug] &amp#27;[35m[BaseDriver]&amp#27;[39m Waiting up to 0 ms for condition
[debug] &amp#27;[35m[WD Proxy]&amp#27;[39m Matched '/element' to command name 'findElement'
[debug] &amp#27;[35m[WD Proxy]&amp#27;[39m Proxying [POST /element] to [POST http://127.0.0.1:10000/wd/hub/session/4d27662a-40ad-44a7-ae29-6f7bd3c4184c/element] with body: {"strategy":"accessibility id","selector":"test-Username","context":"","multiple":false}
&amp#27;[35m[WD Proxy]&amp#27;[39m Got response with status 404: {"sessionId":"4d27662a-40ad-44a7-ae29-6f7bd3c4184c","value":{"error":"no such element","message":"An element could not be located on the page using the given search parameters","stacktrace":"io.appium.uiautomator2.common.exceptions.ElementNotFoundException: An element could not be located on the page using the given search parameters\n\tat io.appium.uiautomator2.handler.FindElement.safeHandle(FindElement.java:68)\n\tat io.appium.uiautomator2.handler.request.SafeRequestHandler.handle(SafeRequestHandler.java:41)\n\tat io.appium.uiautomator2.server.AppiumServlet.handleRequest(AppiumServlet.java:262)\n\tat io.appium.uiautomator2.server.AppiumServlet.handleHttpRequest(AppiumServlet.java:256)\n\tat io.appium.uiautomator2.http.ServerHandler.channelRead(ServerHandler.java:68)\n\tat io.netty.channel.AbstractChannelHandlerContext.invokeChannelRead(AbstractChannelHandlerContext.java:366)\n\tat io.netty.channel.AbstractChannelHandlerContext.invokeChannelRead(AbstractChannelHandlerContext.java:352)\n\tat io.netty.chann...
[debug] &amp#27;[35m[W3C]&amp#27;[39m Matched W3C error code 'no such element' to NoSuchElementError
[debug] &amp#27;[35m[W3C (3e31c346)]&amp#27;[39m Encountered internal error running command: NoSuchElementError: An element could not be located on the page using the given search parameters.
[debug] &amp#27;[35m[W3C (3e31c346)]&amp#27;[39m     at AndroidUiautomator2Driver.findElOrEls (C:\Users\Admin\AppData\Roaming\npm\node_modules\appium\node_modules\appium-android-driver\lib\commands\find.js:75:11)
[debug] &amp#27;[35m[W3C (3e31c346)]&amp#27;[39m     at runMicrotasks (<anonymous>)
[debug] &amp#27;[35m[W3C (3e31c346)]&amp#27;[39m     at processTicksAndRejections (internal/process/task_queues.js:95:5)
[debug] &amp#27;[35m[W3C (3e31c346)]&amp#27;[39m     at AndroidUiautomator2Driver.findElOrElsWithProcessing (C:\Users\Admin\AppData\Roaming\npm\node_modules\appium\node_modules\appium-base-driver\lib\basedriver\commands\find.js:33:12)
[debug] &amp#27;[35m[W3C (3e31c346)]&amp#27;[39m     at AndroidUiautomator2Driver.findElement (C:\Users\Admin\AppData\Roaming\npm\node_modules\appium\node_modules\appium-base-driver\lib\basedriver\commands\find.js:53:10)
&amp#27;[35m[HTTP]&amp#27;[39m &amp#27;[37m<-- POST /wd/hub/session/3e31c346-da08-4d99-a528-afea8ff633f9/element &amp#27;[39m&amp#27;[33m404&amp#27;[39m &amp#27;[90m74 ms - 914&amp#27;[39m
&amp#27;[35m[HTTP]&amp#27;[39m &amp#27;[90m&amp#27;[39m
&amp#27;[35m[HTTP]&amp#27;[39m &amp#27;[37m-->&amp#27;[39m &amp#27;[37mPOST&amp#27;[39m &amp#27;[37m/wd/hub/session/3e31c346-da08-4d99-a528-afea8ff633f9/element&amp#27;[39m
&amp#27;[35m[HTTP]&amp#27;[39m &amp#27;[90m{"using":"accessibility id","value":"test-Username"}&amp#27;[39m
[debug] &amp#27;[35m[W3C (3e31c346)]&amp#27;[39m Calling AppiumDriver.findElement() with args: ["accessibility id","test-Username","3e31c346-da08-4d99-a528-afea8ff633f9"]
[debug] &amp#27;[35m[BaseDriver]&amp#27;[39m Valid locator strategies for this request: xpath, id, class name, accessibility id, css selector, -android uiautomator
[debug] &amp#27;[35m[BaseDriver]&amp#27;[39m Waiting up to 0 ms for condition
[debug] &amp#27;[35m[WD Proxy]&amp#27;[39m Matched '/element' to command name 'findElement'
[debug] &amp#27;[35m[WD Proxy]&amp#27;[39m Proxying [POST /element] to [POST http://127.0.0.1:10000/wd/hub/session/4d27662a-40ad-44a7-ae29-6f7bd3c4184c/element] with body: {"strategy":"accessibility id","selector":"test-Username","context":"","multiple":false}
&amp#27;[35m[WD Proxy]&amp#27;[39m Got response with status 404: {"sessionId":"4d27662a-40ad-44a7-ae29-6f7bd3c4184c","value":{"error":"no such element","message":"An element could not be located on the page using the given search parameters","stacktrace":"io.appium.uiautomator2.common.exceptions.ElementNotFoundException: An element could not be located on the page using the given search parameters\n\tat io.appium.uiautomator2.handler.FindElement.safeHandle(FindElement.java:68)\n\tat io.appium.uiautomator2.handler.request.SafeRequestHandler.handle(SafeRequestHandler.java:41)\n\tat io.appium.uiautomator2.server.AppiumServlet.handleRequest(AppiumServlet.java:262)\n\tat io.appium.uiautomator2.server.AppiumServlet.handleHttpRequest(AppiumServlet.java:256)\n\tat io.appium.uiautomator2.http.ServerHandler.channelRead(ServerHandler.java:68)\n\tat io.netty.channel.AbstractChannelHandlerContext.invokeChannelRead(AbstractChannelHandlerContext.java:366)\n\tat io.netty.channel.AbstractChannelHandlerContext.invokeChannelRead(AbstractChannelHandlerContext.java:352)\n\tat io.netty.chann...
[debug] &amp#27;[35m[W3C]&amp#27;[39m Matched W3C error code 'no such element' to NoSuchElementError
[debug] &amp#27;[35m[W3C (3e31c346)]&amp#27;[39m Encountered internal error running command: NoSuchElementError: An element could not be located on the page using the given search parameters.
[debug] &amp#27;[35m[W3C (3e31c346)]&amp#27;[39m     at AndroidUiautomator2Driver.findElOrEls (C:\Users\Admin\AppData\Roaming\npm\node_modules\appium\node_modules\appium-android-driver\lib\commands\find.js:75:11)
[debug] &amp#27;[35m[W3C (3e31c346)]&amp#27;[39m     at runMicrotasks (<anonymous>)
[debug] &amp#27;[35m[W3C (3e31c346)]&amp#27;[39m     at processTicksAndRejections (internal/process/task_queues.js:95:5)
[debug] &amp#27;[35m[W3C (3e31c346)]&amp#27;[39m     at AndroidUiautomator2Driver.findElOrElsWithProcessing (C:\Users\Admin\AppData\Roaming\npm\node_modules\appium\node_modules\appium-base-driver\lib\basedriver\commands\find.js:33:12)
[debug] &amp#27;[35m[W3C (3e31c346)]&amp#27;[39m     at AndroidUiautomator2Driver.findElement (C:\Users\Admin\AppData\Roaming\npm\node_modules\appium\node_modules\appium-base-driver\lib\basedriver\commands\find.js:53:10)
&amp#27;[35m[HTTP]&amp#27;[39m &amp#27;[37m<-- POST /wd/hub/session/3e31c346-da08-4d99-a528-afea8ff633f9/element &amp#27;[39m&amp#27;[33m404&amp#27;[39m &amp#27;[90m68 ms - 914&amp#27;[39m
&amp#27;[35m[HTTP]&amp#27;[39m &amp#27;[90m&amp#27;[39m
&amp#27;[35m[HTTP]&amp#27;[39m &amp#27;[37m-->&amp#27;[39m &amp#27;[37mGET&amp#27;[39m &amp#27;[37m/wd/hub/session/3e31c346-da08-4d99-a528-afea8ff633f9/context&amp#27;[39m
&amp#27;[35m[HTTP]&amp#27;[39m &amp#27;[90m{}&amp#27;[39m
[debug] &amp#27;[35m[W3C (3e31c346)]&amp#27;[39m Calling AppiumDriver.getCurrentContext() with args: ["3e31c346-da08-4d99-a528-afea8ff633f9"]
[debug] &amp#27;[35m[W3C (3e31c346)]&amp#27;[39m Responding to client with driver.getCurrentContext() result: "NATIVE_APP"
&amp#27;[35m[HTTP]&amp#27;[39m &amp#27;[37m<-- GET /wd/hub/session/3e31c346-da08-4d99-a528-afea8ff633f9/context &amp#27;[39m&amp#27;[32m200&amp#27;[39m &amp#27;[90m2 ms - 22&amp#27;[39m
&amp#27;[35m[HTTP]&amp#27;[39m &amp#27;[90m&amp#27;[39m
&amp#27;[35m[HTTP]&amp#27;[39m &amp#27;[37m-->&amp#27;[39m &amp#27;[37mPOST&amp#27;[39m &amp#27;[37m/wd/hub/session/3e31c346-da08-4d99-a528-afea8ff633f9/element&amp#27;[39m
&amp#27;[35m[HTTP]&amp#27;[39m &amp#27;[90m{"using":"accessibility id","value":"test-Username"}&amp#27;[39m
[debug] &amp#27;[35m[W3C (3e31c346)]&amp#27;[39m Calling AppiumDriver.findElement() with args: ["accessibility id","test-Username","3e31c346-da08-4d99-a528-afea8ff633f9"]
[debug] &amp#27;[35m[BaseDriver]&amp#27;[39m Valid locator strategies for this request: xpath, id, class name, accessibility id, css selector, -android uiautomator
[debug] &amp#27;[35m[BaseDriver]&amp#27;[39m Waiting up to 0 ms for condition
[debug] &amp#27;[35m[WD Proxy]&amp#27;[39m Matched '/element' to command name 'findElement'
[debug] &amp#27;[35m[WD Proxy]&amp#27;[39m Proxying [POST /element] to [POST http://127.0.0.1:10000/wd/hub/session/4d27662a-40ad-44a7-ae29-6f7bd3c4184c/element] with body: {"strategy":"accessibility id","selector":"test-Username","context":"","multiple":false}
&amp#27;[35m[WD Proxy]&amp#27;[39m Got response with status 404: {"sessionId":"4d27662a-40ad-44a7-ae29-6f7bd3c4184c","value":{"error":"no such element","message":"An element could not be located on the page using the given search parameters","stacktrace":"io.appium.uiautomator2.common.exceptions.ElementNotFoundException: An element could not be located on the page using the given search parameters\n\tat io.appium.uiautomator2.handler.FindElement.safeHandle(FindElement.java:68)\n\tat io.appium.uiautomator2.handler.request.SafeRequestHandler.handle(SafeRequestHandler.java:41)\n\tat io.appium.uiautomator2.server.AppiumServlet.handleRequest(AppiumServlet.java:262)\n\tat io.appium.uiautomator2.server.AppiumServlet.handleHttpRequest(AppiumServlet.java:256)\n\tat io.appium.uiautomator2.http.ServerHandler.channelRead(ServerHandler.java:68)\n\tat io.netty.channel.AbstractChannelHandlerContext.invokeChannelRead(AbstractChannelHandlerContext.java:366)\n\tat io.netty.channel.AbstractChannelHandlerContext.invokeChannelRead(AbstractChannelHandlerContext.java:352)\n\tat io.netty.chann...
[debug] &amp#27;[35m[W3C]&amp#27;[39m Matched W3C error code 'no such element' to NoSuchElementError
[debug] &amp#27;[35m[W3C (3e31c346)]&amp#27;[39m Encountered internal error running command: NoSuchElementError: An element could not be located on the page using the given search parameters.
[debug] &amp#27;[35m[W3C (3e31c346)]&amp#27;[39m     at AndroidUiautomator2Driver.findElOrEls (C:\Users\Admin\AppData\Roaming\npm\node_modules\appium\node_modules\appium-android-driver\lib\commands\find.js:75:11)
[debug] &amp#27;[35m[W3C (3e31c346)]&amp#27;[39m     at runMicrotasks (<anonymous>)
[debug] &amp#27;[35m[W3C (3e31c346)]&amp#27;[39m     at processTicksAndRejections (internal/process/task_queues.js:95:5)
[debug] &amp#27;[35m[W3C (3e31c346)]&amp#27;[39m     at AndroidUiautomator2Driver.findElOrElsWithProcessing (C:\Users\Admin\AppData\Roaming\npm\node_modules\appium\node_modules\appium-base-driver\lib\basedriver\commands\find.js:33:12)
[debug] &amp#27;[35m[W3C (3e31c346)]&amp#27;[39m     at AndroidUiautomator2Driver.findElement (C:\Users\Admin\AppData\Roaming\npm\node_modules\appium\node_modules\appium-base-driver\lib\basedriver\commands\find.js:53:10)
&amp#27;[35m[HTTP]&amp#27;[39m &amp#27;[37m<-- POST /wd/hub/session/3e31c346-da08-4d99-a528-afea8ff633f9/element &amp#27;[39m&amp#27;[33m404&amp#27;[39m &amp#27;[90m80 ms - 914&amp#27;[39m
&amp#27;[35m[HTTP]&amp#27;[39m &amp#27;[90m&amp#27;[39m
&amp#27;[35m[HTTP]&amp#27;[39m &amp#27;[37m-->&amp#27;[39m &amp#27;[37mPOST&amp#27;[39m &amp#27;[37m/wd/hub/session/3e31c346-da08-4d99-a528-afea8ff633f9/element&amp#27;[39m
&amp#27;[35m[HTTP]&amp#27;[39m &amp#27;[90m{"using":"accessibility id","value":"test-Username"}&amp#27;[39m
[debug] &amp#27;[35m[W3C (3e31c346)]&amp#27;[39m Calling AppiumDriver.findElement() with args: ["accessibility id","test-Username","3e31c346-da08-4d99-a528-afea8ff633f9"]
[debug] &amp#27;[35m[BaseDriver]&amp#27;[39m Valid locator strategies for this request: xpath, id, class name, accessibility id, css selector, -android uiautomator
[debug] &amp#27;[35m[BaseDriver]&amp#27;[39m Waiting up to 0 ms for condition
[debug] &amp#27;[35m[WD Proxy]&amp#27;[39m Matched '/element' to command name 'findElement'
[debug] &amp#27;[35m[WD Proxy]&amp#27;[39m Proxying [POST /element] to [POST http://127.0.0.1:10000/wd/hub/session/4d27662a-40ad-44a7-ae29-6f7bd3c4184c/element] with body: {"strategy":"accessibility id","selector":"test-Username","context":"","multiple":false}
&amp#27;[35m[WD Proxy]&amp#27;[39m Got response with status 404: {"sessionId":"4d27662a-40ad-44a7-ae29-6f7bd3c4184c","value":{"error":"no such element","message":"An element could not be located on the page using the given search parameters","stacktrace":"io.appium.uiautomator2.common.exceptions.ElementNotFoundException: An element could not be located on the page using the given search parameters\n\tat io.appium.uiautomator2.handler.FindElement.safeHandle(FindElement.java:68)\n\tat io.appium.uiautomator2.handler.request.SafeRequestHandler.handle(SafeRequestHandler.java:41)\n\tat io.appium.uiautomator2.server.AppiumServlet.handleRequest(AppiumServlet.java:262)\n\tat io.appium.uiautomator2.server.AppiumServlet.handleHttpRequest(AppiumServlet.java:256)\n\tat io.appium.uiautomator2.http.ServerHandler.channelRead(ServerHandler.java:68)\n\tat io.netty.channel.AbstractChannelHandlerContext.invokeChannelRead(AbstractChannelHandlerContext.java:366)\n\tat io.netty.channel.AbstractChannelHandlerContext.invokeChannelRead(AbstractChannelHandlerContext.java:352)\n\tat io.netty.chann...
[debug] &amp#27;[35m[W3C]&amp#27;[39m Matched W3C error code 'no such element' to NoSuchElementError
[debug] &amp#27;[35m[W3C (3e31c346)]&amp#27;[39m Encountered internal error running command: NoSuchElementError: An element could not be located on the page using the given search parameters.
[debug] &amp#27;[35m[W3C (3e31c346)]&amp#27;[39m     at AndroidUiautomator2Driver.findElOrEls (C:\Users\Admin\AppData\Roaming\npm\node_modules\appium\node_modules\appium-android-driver\lib\commands\find.js:75:11)
[debug] &amp#27;[35m[W3C (3e31c346)]&amp#27;[39m     at runMicrotasks (<anonymous>)
[debug] &amp#27;[35m[W3C (3e31c346)]&amp#27;[39m     at processTicksAndRejections (internal/process/task_queues.js:95:5)
[debug] &amp#27;[35m[W3C (3e31c346)]&amp#27;[39m     at AndroidUiautomator2Driver.findElOrElsWithProcessing (C:\Users\Admin\AppData\Roaming\npm\node_modules\appium\node_modules\appium-base-driver\lib\basedriver\commands\find.js:33:12)
[debug] &amp#27;[35m[W3C (3e31c346)]&amp#27;[39m     at AndroidUiautomator2Driver.findElement (C:\Users\Admin\AppData\Roaming\npm\node_modules\appium\node_modules\appium-base-driver\lib\basedriver\commands\find.js:53:10)
&amp#27;[35m[HTTP]&amp#27;[39m &amp#27;[37m<-- POST /wd/hub/session/3e31c346-da08-4d99-a528-afea8ff633f9/element &amp#27;[39m&amp#27;[33m404&amp#27;[39m &amp#27;[90m71 ms - 914&amp#27;[39m
&amp#27;[35m[HTTP]&amp#27;[39m &amp#27;[90m&amp#27;[39m
&amp#27;[35m[HTTP]&amp#27;[39m &amp#27;[37m-->&amp#27;[39m &amp#27;[37mPOST&amp#27;[39m &amp#27;[37m/wd/hub/session/3e31c346-da08-4d99-a528-afea8ff633f9/element&amp#27;[39m
&amp#27;[35m[HTTP]&amp#27;[39m &amp#27;[90m{"using":"accessibility id","value":"test-Username"}&amp#27;[39m
[debug] &amp#27;[35m[W3C (3e31c346)]&amp#27;[39m Calling AppiumDriver.findElement() with args: ["accessibility id","test-Username","3e31c346-da08-4d99-a528-afea8ff633f9"]
[debug] &amp#27;[35m[BaseDriver]&amp#27;[39m Valid locator strategies for this request: xpath, id, class name, accessibility id, css selector, -android uiautomator
[debug] &amp#27;[35m[BaseDriver]&amp#27;[39m Waiting up to 0 ms for condition
[debug] &amp#27;[35m[WD Proxy]&amp#27;[39m Matched '/element' to command name 'findElement'
[debug] &amp#27;[35m[WD Proxy]&amp#27;[39m Proxying [POST /element] to [POST http://127.0.0.1:10000/wd/hub/session/4d27662a-40ad-44a7-ae29-6f7bd3c4184c/element] with body: {"strategy":"accessibility id","selector":"test-Username","context":"","multiple":false}
&amp#27;[35m[WD Proxy]&amp#27;[39m Got response with status 404: {"sessionId":"4d27662a-40ad-44a7-ae29-6f7bd3c4184c","value":{"error":"no such element","message":"An element could not be located on the page using the given search parameters","stacktrace":"io.appium.uiautomator2.common.exceptions.ElementNotFoundException: An element could not be located on the page using the given search parameters\n\tat io.appium.uiautomator2.handler.FindElement.safeHandle(FindElement.java:68)\n\tat io.appium.uiautomator2.handler.request.SafeRequestHandler.handle(SafeRequestHandler.java:41)\n\tat io.appium.uiautomator2.server.AppiumServlet.handleRequest(AppiumServlet.java:262)\n\tat io.appium.uiautomator2.server.AppiumServlet.handleHttpRequest(AppiumServlet.java:256)\n\tat io.appium.uiautomator2.http.ServerHandler.channelRead(ServerHandler.java:68)\n\tat io.netty.channel.AbstractChannelHandlerContext.invokeChannelRead(AbstractChannelHandlerContext.java:366)\n\tat io.netty.channel.AbstractChannelHandlerContext.invokeChannelRead(AbstractChannelHandlerContext.java:352)\n\tat io.netty.chann...
[debug] &amp#27;[35m[W3C]&amp#27;[39m Matched W3C error code 'no such element' to NoSuchElementError
[debug] &amp#27;[35m[W3C (3e31c346)]&amp#27;[39m Encountered internal error running command: NoSuchElementError: An element could not be located on the page using the given search parameters.
[debug] &amp#27;[35m[W3C (3e31c346)]&amp#27;[39m     at AndroidUiautomator2Driver.findElOrEls (C:\Users\Admin\AppData\Roaming\npm\node_modules\appium\node_modules\appium-android-driver\lib\commands\find.js:75:11)
[debug] &amp#27;[35m[W3C (3e31c346)]&amp#27;[39m     at runMicrotasks (<anonymous>)
[debug] &amp#27;[35m[W3C (3e31c346)]&amp#27;[39m     at processTicksAndRejections (internal/process/task_queues.js:95:5)
[debug] &amp#27;[35m[W3C (3e31c346)]&amp#27;[39m     at AndroidUiautomator2Driver.findElOrElsWithProcessing (C:\Users\Admin\AppData\Roaming\npm\node_modules\appium\node_modules\appium-base-driver\lib\basedriver\commands\find.js:33:12)
[debug] &amp#27;[35m[W3C (3e31c346)]&amp#27;[39m     at AndroidUiautomator2Driver.findElement (C:\Users\Admin\AppData\Roaming\npm\node_modules\appium\node_modules\appium-base-driver\lib\basedriver\commands\find.js:53:10)
&amp#27;[35m[HTTP]&amp#27;[39m &amp#27;[37m<-- POST /wd/hub/session/3e31c346-da08-4d99-a528-afea8ff633f9/element &amp#27;[39m&amp#27;[33m404&amp#27;[39m &amp#27;[90m85 ms - 914&amp#27;[39m
&amp#27;[35m[HTTP]&amp#27;[39m &amp#27;[90m&amp#27;[39m
&amp#27;[35m[HTTP]&amp#27;[39m &amp#27;[37m-->&amp#27;[39m &amp#27;[37mPOST&amp#27;[39m &amp#27;[37m/wd/hub/session/3e31c346-da08-4d99-a528-afea8ff633f9/element&amp#27;[39m
&amp#27;[35m[HTTP]&amp#27;[39m &amp#27;[90m{"using":"accessibility id","value":"test-Username"}&amp#27;[39m
[debug] &amp#27;[35m[W3C (3e31c346)]&amp#27;[39m Calling AppiumDriver.findElement() with args: ["accessibility id","test-Username","3e31c346-da08-4d99-a528-afea8ff633f9"]
[debug] &amp#27;[35m[BaseDriver]&amp#27;[39m Valid locator strategies for this request: xpath, id, class name, accessibility id, css selector, -android uiautomator
[debug] &amp#27;[35m[BaseDriver]&amp#27;[39m Waiting up to 0 ms for condition
[debug] &amp#27;[35m[WD Proxy]&amp#27;[39m Matched '/element' to command name 'findElement'
[debug] &amp#27;[35m[WD Proxy]&amp#27;[39m Proxying [POST /element] to [POST http://127.0.0.1:10000/wd/hub/session/4d27662a-40ad-44a7-ae29-6f7bd3c4184c/element] with body: {"strategy":"accessibility id","selector":"test-Username","context":"","multiple":false}
&amp#27;[35m[WD Proxy]&amp#27;[39m Got response with status 404: {"sessionId":"4d27662a-40ad-44a7-ae29-6f7bd3c4184c","value":{"error":"no such element","message":"An element could not be located on the page using the given search parameters","stacktrace":"io.appium.uiautomator2.common.exceptions.ElementNotFoundException: An element could not be located on the page using the given search parameters\n\tat io.appium.uiautomator2.handler.FindElement.safeHandle(FindElement.java:68)\n\tat io.appium.uiautomator2.handler.request.SafeRequestHandler.handle(SafeRequestHandler.java:41)\n\tat io.appium.uiautomator2.server.AppiumServlet.handleRequest(AppiumServlet.java:262)\n\tat io.appium.uiautomator2.server.AppiumServlet.handleHttpRequest(AppiumServlet.java:256)\n\tat io.appium.uiautomator2.http.ServerHandler.channelRead(ServerHandler.java:68)\n\tat io.netty.channel.AbstractChannelHandlerContext.invokeChannelRead(AbstractChannelHandlerContext.java:366)\n\tat io.netty.channel.AbstractChannelHandlerContext.invokeChannelRead(AbstractChannelHandlerContext.java:352)\n\tat io.netty.chann...
[debug] &amp#27;[35m[W3C]&amp#27;[39m Matched W3C error code 'no such element' to NoSuchElementError
[debug] &amp#27;[35m[W3C (3e31c346)]&amp#27;[39m Encountered internal error running command: NoSuchElementError: An element could not be located on the page using the given search parameters.
[debug] &amp#27;[35m[W3C (3e31c346)]&amp#27;[39m     at AndroidUiautomator2Driver.findElOrEls (C:\Users\Admin\AppData\Roaming\npm\node_modules\appium\node_modules\appium-android-driver\lib\commands\find.js:75:11)
[debug] &amp#27;[35m[W3C (3e31c346)]&amp#27;[39m     at runMicrotasks (<anonymous>)
[debug] &amp#27;[35m[W3C (3e31c346)]&amp#27;[39m     at processTicksAndRejections (internal/process/task_queues.js:95:5)
[debug] &amp#27;[35m[W3C (3e31c346)]&amp#27;[39m     at AndroidUiautomator2Driver.findElOrElsWithProcessing (C:\Users\Admin\AppData\Roaming\npm\node_modules\appium\node_modules\appium-base-driver\lib\basedriver\commands\find.js:33:12)
[debug] &amp#27;[35m[W3C (3e31c346)]&amp#27;[39m     at AndroidUiautomator2Driver.findElement (C:\Users\Admin\AppData\Roaming\npm\node_modules\appium\node_modules\appium-base-driver\lib\basedriver\commands\find.js:53:10)
&amp#27;[35m[HTTP]&amp#27;[39m &amp#27;[37m<-- POST /wd/hub/session/3e31c346-da08-4d99-a528-afea8ff633f9/element &amp#27;[39m&amp#27;[33m404&amp#27;[39m &amp#27;[90m91 ms - 914&amp#27;[39m
&amp#27;[35m[HTTP]&amp#27;[39m &amp#27;[90m&amp#27;[39m
&amp#27;[35m[HTTP]&amp#27;[39m &amp#27;[37m-->&amp#27;[39m &amp#27;[37mGET&amp#27;[39m &amp#27;[37m/wd/hub/session/3e31c346-da08-4d99-a528-afea8ff633f9/context&amp#27;[39m
&amp#27;[35m[HTTP]&amp#27;[39m &amp#27;[90m{}&amp#27;[39m
[debug] &amp#27;[35m[W3C (3e31c346)]&amp#27;[39m Calling AppiumDriver.getCurrentContext() with args: ["3e31c346-da08-4d99-a528-afea8ff633f9"]
[debug] &amp#27;[35m[W3C (3e31c346)]&amp#27;[39m Responding to client with driver.getCurrentContext() result: "NATIVE_APP"
&amp#27;[35m[HTTP]&amp#27;[39m &amp#27;[37m<-- GET /wd/hub/session/3e31c346-da08-4d99-a528-afea8ff633f9/context &amp#27;[39m&amp#27;[32m200&amp#27;[39m &amp#27;[90m2 ms - 22&amp#27;[39m
&amp#27;[35m[HTTP]&amp#27;[39m &amp#27;[90m&amp#27;[39m
&amp#27;[35m[HTTP]&amp#27;[39m &amp#27;[37m-->&amp#27;[39m &amp#27;[37mPOST&amp#27;[39m &amp#27;[37m/wd/hub/session/3e31c346-da08-4d99-a528-afea8ff633f9/element&amp#27;[39m
&amp#27;[35m[HTTP]&amp#27;[39m &amp#27;[90m{"using":"accessibility id","value":"test-Username"}&amp#27;[39m
[debug] &amp#27;[35m[W3C (3e31c346)]&amp#27;[39m Calling AppiumDriver.findElement() with args: ["accessibility id","test-Username","3e31c346-da08-4d99-a528-afea8ff633f9"]
[debug] &amp#27;[35m[BaseDriver]&amp#27;[39m Valid locator strategies for this request: xpath, id, class name, accessibility id, css selector, -android uiautomator
[debug] &amp#27;[35m[BaseDriver]&amp#27;[39m Waiting up to 0 ms for condition
[debug] &amp#27;[35m[WD Proxy]&amp#27;[39m Matched '/element' to command name 'findElement'
[debug] &amp#27;[35m[WD Proxy]&amp#27;[39m Proxying [POST /element] to [POST http://127.0.0.1:10000/wd/hub/session/4d27662a-40ad-44a7-ae29-6f7bd3c4184c/element] with body: {"strategy":"accessibility id","selector":"test-Username","context":"","multiple":false}
&amp#27;[35m[WD Proxy]&amp#27;[39m Got response with status 404: {"sessionId":"4d27662a-40ad-44a7-ae29-6f7bd3c4184c","value":{"error":"no such element","message":"An element could not be located on the page using the given search parameters","stacktrace":"io.appium.uiautomator2.common.exceptions.ElementNotFoundException: An element could not be located on the page using the given search parameters\n\tat io.appium.uiautomator2.handler.FindElement.safeHandle(FindElement.java:68)\n\tat io.appium.uiautomator2.handler.request.SafeRequestHandler.handle(SafeRequestHandler.java:41)\n\tat io.appium.uiautomator2.server.AppiumServlet.handleRequest(AppiumServlet.java:262)\n\tat io.appium.uiautomator2.server.AppiumServlet.handleHttpRequest(AppiumServlet.java:256)\n\tat io.appium.uiautomator2.http.ServerHandler.channelRead(ServerHandler.java:68)\n\tat io.netty.channel.AbstractChannelHandlerContext.invokeChannelRead(AbstractChannelHandlerContext.java:366)\n\tat io.netty.channel.AbstractChannelHandlerContext.invokeChannelRead(AbstractChannelHandlerContext.java:352)\n\tat io.netty.chann...
[debug] &amp#27;[35m[W3C]&amp#27;[39m Matched W3C error code 'no such element' to NoSuchElementError
[debug] &amp#27;[35m[W3C (3e31c346)]&amp#27;[39m Encountered internal error running command: NoSuchElementError: An element could not be located on the page using the given search parameters.
[debug] &amp#27;[35m[W3C (3e31c346)]&amp#27;[39m     at AndroidUiautomator2Driver.findElOrEls (C:\Users\Admin\AppData\Roaming\npm\node_modules\appium\node_modules\appium-android-driver\lib\commands\find.js:75:11)
[debug] &amp#27;[35m[W3C (3e31c346)]&amp#27;[39m     at runMicrotasks (<anonymous>)
[debug] &amp#27;[35m[W3C (3e31c346)]&amp#27;[39m     at processTicksAndRejections (internal/process/task_queues.js:95:5)
[debug] &amp#27;[35m[W3C (3e31c346)]&amp#27;[39m     at AndroidUiautomator2Driver.findElOrElsWithProcessing (C:\Users\Admin\AppData\Roaming\npm\node_modules\appium\node_modules\appium-base-driver\lib\basedriver\commands\find.js:33:12)
[debug] &amp#27;[35m[W3C (3e31c346)]&amp#27;[39m     at AndroidUiautomator2Driver.findElement (C:\Users\Admin\AppData\Roaming\npm\node_modules\appium\node_modules\appium-base-driver\lib\basedriver\commands\find.js:53:10)
&amp#27;[35m[HTTP]&amp#27;[39m &amp#27;[37m<-- POST /wd/hub/session/3e31c346-da08-4d99-a528-afea8ff633f9/element &amp#27;[39m&amp#27;[33m404&amp#27;[39m &amp#27;[90m83 ms - 914&amp#27;[39m
&amp#27;[35m[HTTP]&amp#27;[39m &amp#27;[90m&amp#27;[39m
&amp#27;[35m[HTTP]&amp#27;[39m &amp#27;[37m-->&amp#27;[39m &amp#27;[37mPOST&amp#27;[39m &amp#27;[37m/wd/hub/session/3e31c346-da08-4d99-a528-afea8ff633f9/element&amp#27;[39m
&amp#27;[35m[HTTP]&amp#27;[39m &amp#27;[90m{"using":"accessibility id","value":"test-Username"}&amp#27;[39m
[debug] &amp#27;[35m[W3C (3e31c346)]&amp#27;[39m Calling AppiumDriver.findElement() with args: ["accessibility id","test-Username","3e31c346-da08-4d99-a528-afea8ff633f9"]
[debug] &amp#27;[35m[BaseDriver]&amp#27;[39m Valid locator strategies for this request: xpath, id, class name, accessibility id, css selector, -android uiautomator
[debug] &amp#27;[35m[BaseDriver]&amp#27;[39m Waiting up to 0 ms for condition
[debug] &amp#27;[35m[WD Proxy]&amp#27;[39m Matched '/element' to command name 'findElement'
[debug] &amp#27;[35m[WD Proxy]&amp#27;[39m Proxying [POST /element] to [POST http://127.0.0.1:10000/wd/hub/session/4d27662a-40ad-44a7-ae29-6f7bd3c4184c/element] with body: {"strategy":"accessibility id","selector":"test-Username","context":"","multiple":false}
&amp#27;[35m[WD Proxy]&amp#27;[39m Got response with status 404: {"sessionId":"4d27662a-40ad-44a7-ae29-6f7bd3c4184c","value":{"error":"no such element","message":"An element could not be located on the page using the given search parameters","stacktrace":"io.appium.uiautomator2.common.exceptions.ElementNotFoundException: An element could not be located on the page using the given search parameters\n\tat io.appium.uiautomator2.handler.FindElement.safeHandle(FindElement.java:68)\n\tat io.appium.uiautomator2.handler.request.SafeRequestHandler.handle(SafeRequestHandler.java:41)\n\tat io.appium.uiautomator2.server.AppiumServlet.handleRequest(AppiumServlet.java:262)\n\tat io.appium.uiautomator2.server.AppiumServlet.handleHttpRequest(AppiumServlet.java:256)\n\tat io.appium.uiautomator2.http.ServerHandler.channelRead(ServerHandler.java:68)\n\tat io.netty.channel.AbstractChannelHandlerContext.invokeChannelRead(AbstractChannelHandlerContext.java:366)\n\tat io.netty.channel.AbstractChannelHandlerContext.invokeChannelRead(AbstractChannelHandlerContext.java:352)\n\tat io.netty.chann...
[debug] &amp#27;[35m[W3C]&amp#27;[39m Matched W3C error code 'no such element' to NoSuchElementError
[debug] &amp#27;[35m[W3C (3e31c346)]&amp#27;[39m Encountered internal error running command: NoSuchElementError: An element could not be located on the page using the given search parameters.
[debug] &amp#27;[35m[W3C (3e31c346)]&amp#27;[39m     at AndroidUiautomator2Driver.findElOrEls (C:\Users\Admin\AppData\Roaming\npm\node_modules\appium\node_modules\appium-android-driver\lib\commands\find.js:75:11)
[debug] &amp#27;[35m[W3C (3e31c346)]&amp#27;[39m     at runMicrotasks (<anonymous>)
[debug] &amp#27;[35m[W3C (3e31c346)]&amp#27;[39m     at processTicksAndRejections (internal/process/task_queues.js:95:5)
[debug] &amp#27;[35m[W3C (3e31c346)]&amp#27;[39m     at AndroidUiautomator2Driver.findElOrElsWithProcessing (C:\Users\Admin\AppData\Roaming\npm\node_modules\appium\node_modules\appium-base-driver\lib\basedriver\commands\find.js:33:12)
[debug] &amp#27;[35m[W3C (3e31c346)]&amp#27;[39m     at AndroidUiautomator2Driver.findElement (C:\Users\Admin\AppData\Roaming\npm\node_modules\appium\node_modules\appium-base-driver\lib\basedriver\commands\find.js:53:10)
&amp#27;[35m[HTTP]&amp#27;[39m &amp#27;[37m<-- POST /wd/hub/session/3e31c346-da08-4d99-a528-afea8ff633f9/element &amp#27;[39m&amp#27;[33m404&amp#27;[39m &amp#27;[90m74 ms - 914&amp#27;[39m
&amp#27;[35m[HTTP]&amp#27;[39m &amp#27;[90m&amp#27;[39m
&amp#27;[35m[HTTP]&amp#27;[39m &amp#27;[37m-->&amp#27;[39m &amp#27;[37mPOST&amp#27;[39m &amp#27;[37m/wd/hub/session/3e31c346-da08-4d99-a528-afea8ff633f9/element&amp#27;[39m
&amp#27;[35m[HTTP]&amp#27;[39m &amp#27;[90m{"using":"accessibility id","value":"test-Username"}&amp#27;[39m
[debug] &amp#27;[35m[W3C (3e31c346)]&amp#27;[39m Calling AppiumDriver.findElement() with args: ["accessibility id","test-Username","3e31c346-da08-4d99-a528-afea8ff633f9"]
[debug] &amp#27;[35m[BaseDriver]&amp#27;[39m Valid locator strategies for this request: xpath, id, class name, accessibility id, css selector, -android uiautomator
[debug] &amp#27;[35m[BaseDriver]&amp#27;[39m Waiting up to 0 ms for condition
[debug] &amp#27;[35m[WD Proxy]&amp#27;[39m Matched '/element' to command name 'findElement'
[debug] &amp#27;[35m[WD Proxy]&amp#27;[39m Proxying [POST /element] to [POST http://127.0.0.1:10000/wd/hub/session/4d27662a-40ad-44a7-ae29-6f7bd3c4184c/element] with body: {"strategy":"accessibility id","selector":"test-Username","context":"","multiple":false}
&amp#27;[35m[WD Proxy]&amp#27;[39m Got response with status 404: {"sessionId":"4d27662a-40ad-44a7-ae29-6f7bd3c4184c","value":{"error":"no such element","message":"An element could not be located on the page using the given search parameters","stacktrace":"io.appium.uiautomator2.common.exceptions.ElementNotFoundException: An element could not be located on the page using the given search parameters\n\tat io.appium.uiautomator2.handler.FindElement.safeHandle(FindElement.java:68)\n\tat io.appium.uiautomator2.handler.request.SafeRequestHandler.handle(SafeRequestHandler.java:41)\n\tat io.appium.uiautomator2.server.AppiumServlet.handleRequest(AppiumServlet.java:262)\n\tat io.appium.uiautomator2.server.AppiumServlet.handleHttpRequest(AppiumServlet.java:256)\n\tat io.appium.uiautomator2.http.ServerHandler.channelRead(ServerHandler.java:68)\n\tat io.netty.channel.AbstractChannelHandlerContext.invokeChannelRead(AbstractChannelHandlerContext.java:366)\n\tat io.netty.channel.AbstractChannelHandlerContext.invokeChannelRead(AbstractChannelHandlerContext.java:352)\n\tat io.netty.chann...
[debug] &amp#27;[35m[W3C]&amp#27;[39m Matched W3C error code 'no such element' to NoSuchElementError
[debug] &amp#27;[35m[W3C (3e31c346)]&amp#27;[39m Encountered internal error running command: NoSuchElementError: An element could not be located on the page using the given search parameters.
[debug] &amp#27;[35m[W3C (3e31c346)]&amp#27;[39m     at AndroidUiautomator2Driver.findElOrEls (C:\Users\Admin\AppData\Roaming\npm\node_modules\appium\node_modules\appium-android-driver\lib\commands\find.js:75:11)
[debug] &amp#27;[35m[W3C (3e31c346)]&amp#27;[39m     at runMicrotasks (<anonymous>)
[debug] &amp#27;[35m[W3C (3e31c346)]&amp#27;[39m     at processTicksAndRejections (internal/process/task_queues.js:95:5)
[debug] &amp#27;[35m[W3C (3e31c346)]&amp#27;[39m     at AndroidUiautomator2Driver.findElOrElsWithProcessing (C:\Users\Admin\AppData\Roaming\npm\node_modules\appium\node_modules\appium-base-driver\lib\basedriver\commands\find.js:33:12)
[debug] &amp#27;[35m[W3C (3e31c346)]&amp#27;[39m     at AndroidUiautomator2Driver.findElement (C:\Users\Admin\AppData\Roaming\npm\node_modules\appium\node_modules\appium-base-driver\lib\basedriver\commands\find.js:53:10)
&amp#27;[35m[HTTP]&amp#27;[39m &amp#27;[37m<-- POST /wd/hub/session/3e31c346-da08-4d99-a528-afea8ff633f9/element &amp#27;[39m&amp#27;[33m404&amp#27;[39m &amp#27;[90m76 ms - 914&amp#27;[39m
&amp#27;[35m[HTTP]&amp#27;[39m &amp#27;[90m&amp#27;[39m
&amp#27;[35m[HTTP]&amp#27;[39m &amp#27;[37m-->&amp#27;[39m &amp#27;[37mPOST&amp#27;[39m &amp#27;[37m/wd/hub/session/3e31c346-da08-4d99-a528-afea8ff633f9/element&amp#27;[39m
&amp#27;[35m[HTTP]&amp#27;[39m &amp#27;[90m{"using":"accessibility id","value":"test-Username"}&amp#27;[39m
[debug] &amp#27;[35m[W3C (3e31c346)]&amp#27;[39m Calling AppiumDriver.findElement() with args: ["accessibility id","test-Username","3e31c346-da08-4d99-a528-afea8ff633f9"]
[debug] &amp#27;[35m[BaseDriver]&amp#27;[39m Valid locator strategies for this request: xpath, id, class name, accessibility id, css selector, -android uiautomator
[debug] &amp#27;[35m[BaseDriver]&amp#27;[39m Waiting up to 0 ms for condition
[debug] &amp#27;[35m[WD Proxy]&amp#27;[39m Matched '/element' to command name 'findElement'
[debug] &amp#27;[35m[WD Proxy]&amp#27;[39m Proxying [POST /element] to [POST http://127.0.0.1:10000/wd/hub/session/4d27662a-40ad-44a7-ae29-6f7bd3c4184c/element] with body: {"strategy":"accessibility id","selector":"test-Username","context":"","multiple":false}
&amp#27;[35m[WD Proxy]&amp#27;[39m Got response with status 404: {"sessionId":"4d27662a-40ad-44a7-ae29-6f7bd3c4184c","value":{"error":"no such element","message":"An element could not be located on the page using the given search parameters","stacktrace":"io.appium.uiautomator2.common.exceptions.ElementNotFoundException: An element could not be located on the page using the given search parameters\n\tat io.appium.uiautomator2.handler.FindElement.safeHandle(FindElement.java:68)\n\tat io.appium.uiautomator2.handler.request.SafeRequestHandler.handle(SafeRequestHandler.java:41)\n\tat io.appium.uiautomator2.server.AppiumServlet.handleRequest(AppiumServlet.java:262)\n\tat io.appium.uiautomator2.server.AppiumServlet.handleHttpRequest(AppiumServlet.java:256)\n\tat io.appium.uiautomator2.http.ServerHandler.channelRead(ServerHandler.java:68)\n\tat io.netty.channel.AbstractChannelHandlerContext.invokeChannelRead(AbstractChannelHandlerContext.java:366)\n\tat io.netty.channel.AbstractChannelHandlerContext.invokeChannelRead(AbstractChannelHandlerContext.java:352)\n\tat io.netty.chann...
[debug] &amp#27;[35m[W3C]&amp#27;[39m Matched W3C error code 'no such element' to NoSuchElementError
[debug] &amp#27;[35m[W3C (3e31c346)]&amp#27;[39m Encountered internal error running command: NoSuchElementError: An element could not be located on the page using the given search parameters.
[debug] &amp#27;[35m[W3C (3e31c346)]&amp#27;[39m     at AndroidUiautomator2Driver.findElOrEls (C:\Users\Admin\AppData\Roaming\npm\node_modules\appium\node_modules\appium-android-driver\lib\commands\find.js:75:11)
[debug] &amp#27;[35m[W3C (3e31c346)]&amp#27;[39m     at runMicrotasks (<anonymous>)
[debug] &amp#27;[35m[W3C (3e31c346)]&amp#27;[39m     at processTicksAndRejections (internal/process/task_queues.js:95:5)
[debug] &amp#27;[35m[W3C (3e31c346)]&amp#27;[39m     at AndroidUiautomator2Driver.findElOrElsWithProcessing (C:\Users\Admin\AppData\Roaming\npm\node_modules\appium\node_modules\appium-base-driver\lib\basedriver\commands\find.js:33:12)
[debug] &amp#27;[35m[W3C (3e31c346)]&amp#27;[39m     at AndroidUiautomator2Driver.findElement (C:\Users\Admin\AppData\Roaming\npm\node_modules\appium\node_modules\appium-base-driver\lib\basedriver\commands\find.js:53:10)
&amp#27;[35m[HTTP]&amp#27;[39m &amp#27;[37m<-- POST /wd/hub/session/3e31c346-da08-4d99-a528-afea8ff633f9/element &amp#27;[39m&amp#27;[33m404&amp#27;[39m &amp#27;[90m76 ms - 914&amp#27;[39m
&amp#27;[35m[HTTP]&amp#27;[39m &amp#27;[90m&amp#27;[39m
&amp#27;[35m[HTTP]&amp#27;[39m &amp#27;[37m-->&amp#27;[39m &amp#27;[37mGET&amp#27;[39m &amp#27;[37m/wd/hub/session/3e31c346-da08-4d99-a528-afea8ff633f9/context&amp#27;[39m
&amp#27;[35m[HTTP]&amp#27;[39m &amp#27;[90m{}&amp#27;[39m
[debug] &amp#27;[35m[W3C (3e31c346)]&amp#27;[39m Calling AppiumDriver.getCurrentContext() with args: ["3e31c346-da08-4d99-a528-afea8ff633f9"]
[debug] &amp#27;[35m[W3C (3e31c346)]&amp#27;[39m Responding to client with driver.getCurrentContext() result: "NATIVE_APP"
&amp#27;[35m[HTTP]&amp#27;[39m &amp#27;[37m<-- GET /wd/hub/session/3e31c346-da08-4d99-a528-afea8ff633f9/context &amp#27;[39m&amp#27;[32m200&amp#27;[39m &amp#27;[90m2 ms - 22&amp#27;[39m
&amp#27;[35m[HTTP]&amp#27;[39m &amp#27;[90m&amp#27;[39m
&amp#27;[35m[HTTP]&amp#27;[39m &amp#27;[37m-->&amp#27;[39m &amp#27;[37mPOST&amp#27;[39m &amp#27;[37m/wd/hub/session/3e31c346-da08-4d99-a528-afea8ff633f9/element&amp#27;[39m
&amp#27;[35m[HTTP]&amp#27;[39m &amp#27;[90m{"using":"accessibility id","value":"test-Username"}&amp#27;[39m
[debug] &amp#27;[35m[W3C (3e31c346)]&amp#27;[39m Calling AppiumDriver.findElement() with args: ["accessibility id","test-Username","3e31c346-da08-4d99-a528-afea8ff633f9"]
[debug] &amp#27;[35m[BaseDriver]&amp#27;[39m Valid locator strategies for this request: xpath, id, class name, accessibility id, css selector, -android uiautomator
[debug] &amp#27;[35m[BaseDriver]&amp#27;[39m Waiting up to 0 ms for condition
[debug] &amp#27;[35m[WD Proxy]&amp#27;[39m Matched '/element' to command name 'findElement'
[debug] &amp#27;[35m[WD Proxy]&amp#27;[39m Proxying [POST /element] to [POST http://127.0.0.1:10000/wd/hub/session/4d27662a-40ad-44a7-ae29-6f7bd3c4184c/element] with body: {"strategy":"accessibility id","selector":"test-Username","context":"","multiple":false}
&amp#27;[35m[WD Proxy]&amp#27;[39m Got response with status 404: {"sessionId":"4d27662a-40ad-44a7-ae29-6f7bd3c4184c","value":{"error":"no such element","message":"An element could not be located on the page using the given search parameters","stacktrace":"io.appium.uiautomator2.common.exceptions.ElementNotFoundException: An element could not be located on the page using the given search parameters\n\tat io.appium.uiautomator2.handler.FindElement.safeHandle(FindElement.java:68)\n\tat io.appium.uiautomator2.handler.request.SafeRequestHandler.handle(SafeRequestHandler.java:41)\n\tat io.appium.uiautomator2.server.AppiumServlet.handleRequest(AppiumServlet.java:262)\n\tat io.appium.uiautomator2.server.AppiumServlet.handleHttpRequest(AppiumServlet.java:256)\n\tat io.appium.uiautomator2.http.ServerHandler.channelRead(ServerHandler.java:68)\n\tat io.netty.channel.AbstractChannelHandlerContext.invokeChannelRead(AbstractChannelHandlerContext.java:366)\n\tat io.netty.channel.AbstractChannelHandlerContext.invokeChannelRead(AbstractChannelHandlerContext.java:352)\n\tat io.netty.chann...
[debug] &amp#27;[35m[W3C]&amp#27;[39m Matched W3C error code 'no such element' to NoSuchElementError
[debug] &amp#27;[35m[W3C (3e31c346)]&amp#27;[39m Encountered internal error running command: NoSuchElementError: An element could not be located on the page using the given search parameters.
[debug] &amp#27;[35m[W3C (3e31c346)]&amp#27;[39m     at AndroidUiautomator2Driver.findElOrEls (C:\Users\Admin\AppData\Roaming\npm\node_modules\appium\node_modules\appium-android-driver\lib\commands\find.js:75:11)
[debug] &amp#27;[35m[W3C (3e31c346)]&amp#27;[39m     at runMicrotasks (<anonymous>)
[debug] &amp#27;[35m[W3C (3e31c346)]&amp#27;[39m     at processTicksAndRejections (internal/process/task_queues.js:95:5)
[debug] &amp#27;[35m[W3C (3e31c346)]&amp#27;[39m     at AndroidUiautomator2Driver.findElOrElsWithProcessing (C:\Users\Admin\AppData\Roaming\npm\node_modules\appium\node_modules\appium-base-driver\lib\basedriver\commands\find.js:33:12)
[debug] &amp#27;[35m[W3C (3e31c346)]&amp#27;[39m     at AndroidUiautomator2Driver.findElement (C:\Users\Admin\AppData\Roaming\npm\node_modules\appium\node_modules\appium-base-driver\lib\basedriver\commands\find.js:53:10)
&amp#27;[35m[HTTP]&amp#27;[39m &amp#27;[37m<-- POST /wd/hub/session/3e31c346-da08-4d99-a528-afea8ff633f9/element &amp#27;[39m&amp#27;[33m404&amp#27;[39m &amp#27;[90m90 ms - 914&amp#27;[39m
&amp#27;[35m[HTTP]&amp#27;[39m &amp#27;[90m&amp#27;[39m
&amp#27;[35m[HTTP]&amp#27;[39m &amp#27;[37m-->&amp#27;[39m &amp#27;[37mPOST&amp#27;[39m &amp#27;[37m/wd/hub/session/3e31c346-da08-4d99-a528-afea8ff633f9/element&amp#27;[39m
&amp#27;[35m[HTTP]&amp#27;[39m &amp#27;[90m{"using":"accessibility id","value":"test-Username"}&amp#27;[39m
[debug] &amp#27;[35m[W3C (3e31c346)]&amp#27;[39m Calling AppiumDriver.findElement() with args: ["accessibility id","test-Username","3e31c346-da08-4d99-a528-afea8ff633f9"]
[debug] &amp#27;[35m[BaseDriver]&amp#27;[39m Valid locator strategies for this request: xpath, id, class name, accessibility id, css selector, -android uiautomator
[debug] &amp#27;[35m[BaseDriver]&amp#27;[39m Waiting up to 0 ms for condition
[debug] &amp#27;[35m[WD Proxy]&amp#27;[39m Matched '/element' to command name 'findElement'
[debug] &amp#27;[35m[WD Proxy]&amp#27;[39m Proxying [POST /element] to [POST http://127.0.0.1:10000/wd/hub/session/4d27662a-40ad-44a7-ae29-6f7bd3c4184c/element] with body: {"strategy":"accessibility id","selector":"test-Username","context":"","multiple":false}
&amp#27;[35m[WD Proxy]&amp#27;[39m Got response with status 404: {"sessionId":"4d27662a-40ad-44a7-ae29-6f7bd3c4184c","value":{"error":"no such element","message":"An element could not be located on the page using the given search parameters","stacktrace":"io.appium.uiautomator2.common.exceptions.ElementNotFoundException: An element could not be located on the page using the given search parameters\n\tat io.appium.uiautomator2.handler.FindElement.safeHandle(FindElement.java:68)\n\tat io.appium.uiautomator2.handler.request.SafeRequestHandler.handle(SafeRequestHandler.java:41)\n\tat io.appium.uiautomator2.server.AppiumServlet.handleRequest(AppiumServlet.java:262)\n\tat io.appium.uiautomator2.server.AppiumServlet.handleHttpRequest(AppiumServlet.java:256)\n\tat io.appium.uiautomator2.http.ServerHandler.channelRead(ServerHandler.java:68)\n\tat io.netty.channel.AbstractChannelHandlerContext.invokeChannelRead(AbstractChannelHandlerContext.java:366)\n\tat io.netty.channel.AbstractChannelHandlerContext.invokeChannelRead(AbstractChannelHandlerContext.java:352)\n\tat io.netty.chann...
[debug] &amp#27;[35m[W3C]&amp#27;[39m Matched W3C error code 'no such element' to NoSuchElementError
[debug] &amp#27;[35m[W3C (3e31c346)]&amp#27;[39m Encountered internal error running command: NoSuchElementError: An element could not be located on the page using the given search parameters.
[debug] &amp#27;[35m[W3C (3e31c346)]&amp#27;[39m     at AndroidUiautomator2Driver.findElOrEls (C:\Users\Admin\AppData\Roaming\npm\node_modules\appium\node_modules\appium-android-driver\lib\commands\find.js:75:11)
[debug] &amp#27;[35m[W3C (3e31c346)]&amp#27;[39m     at runMicrotasks (<anonymous>)
[debug] &amp#27;[35m[W3C (3e31c346)]&amp#27;[39m     at processTicksAndRejections (internal/process/task_queues.js:95:5)
[debug] &amp#27;[35m[W3C (3e31c346)]&amp#27;[39m     at AndroidUiautomator2Driver.findElOrElsWithProcessing (C:\Users\Admin\AppData\Roaming\npm\node_modules\appium\node_modules\appium-base-driver\lib\basedriver\commands\find.js:33:12)
[debug] &amp#27;[35m[W3C (3e31c346)]&amp#27;[39m     at AndroidUiautomator2Driver.findElement (C:\Users\Admin\AppData\Roaming\npm\node_modules\appium\node_modules\appium-base-driver\lib\basedriver\commands\find.js:53:10)
&amp#27;[35m[HTTP]&amp#27;[39m &amp#27;[37m<-- POST /wd/hub/session/3e31c346-da08-4d99-a528-afea8ff633f9/element &amp#27;[39m&amp#27;[33m404&amp#27;[39m &amp#27;[90m77 ms - 914&amp#27;[39m
&amp#27;[35m[HTTP]&amp#27;[39m &amp#27;[90m&amp#27;[39m
&amp#27;[35m[HTTP]&amp#27;[39m &amp#27;[37m-->&amp#27;[39m &amp#27;[37mPOST&amp#27;[39m &amp#27;[37m/wd/hub/session/3e31c346-da08-4d99-a528-afea8ff633f9/element&amp#27;[39m
&amp#27;[35m[HTTP]&amp#27;[39m &amp#27;[90m{"using":"accessibility id","value":"test-Username"}&amp#27;[39m
[debug] &amp#27;[35m[W3C (3e31c346)]&amp#27;[39m Calling AppiumDriver.findElement() with args: ["accessibility id","test-Username","3e31c346-da08-4d99-a528-afea8ff633f9"]
[debug] &amp#27;[35m[BaseDriver]&amp#27;[39m Valid locator strategies for this request: xpath, id, class name, accessibility id, css selector, -android uiautomator
[debug] &amp#27;[35m[BaseDriver]&amp#27;[39m Waiting up to 0 ms for condition
[debug] &amp#27;[35m[WD Proxy]&amp#27;[39m Matched '/element' to command name 'findElement'
[debug] &amp#27;[35m[WD Proxy]&amp#27;[39m Proxying [POST /element] to [POST http://127.0.0.1:10000/wd/hub/session/4d27662a-40ad-44a7-ae29-6f7bd3c4184c/element] with body: {"strategy":"accessibility id","selector":"test-Username","context":"","multiple":false}
&amp#27;[35m[WD Proxy]&amp#27;[39m Got response with status 404: {"sessionId":"4d27662a-40ad-44a7-ae29-6f7bd3c4184c","value":{"error":"no such element","message":"An element could not be located on the page using the given search parameters","stacktrace":"io.appium.uiautomator2.common.exceptions.ElementNotFoundException: An element could not be located on the page using the given search parameters\n\tat io.appium.uiautomator2.handler.FindElement.safeHandle(FindElement.java:68)\n\tat io.appium.uiautomator2.handler.request.SafeRequestHandler.handle(SafeRequestHandler.java:41)\n\tat io.appium.uiautomator2.server.AppiumServlet.handleRequest(AppiumServlet.java:262)\n\tat io.appium.uiautomator2.server.AppiumServlet.handleHttpRequest(AppiumServlet.java:256)\n\tat io.appium.uiautomator2.http.ServerHandler.channelRead(ServerHandler.java:68)\n\tat io.netty.channel.AbstractChannelHandlerContext.invokeChannelRead(AbstractChannelHandlerContext.java:366)\n\tat io.netty.channel.AbstractChannelHandlerContext.invokeChannelRead(AbstractChannelHandlerContext.java:352)\n\tat io.netty.chann...
[debug] &amp#27;[35m[W3C]&amp#27;[39m Matched W3C error code 'no such element' to NoSuchElementError
[debug] &amp#27;[35m[W3C (3e31c346)]&amp#27;[39m Encountered internal error running command: NoSuchElementError: An element could not be located on the page using the given search parameters.
[debug] &amp#27;[35m[W3C (3e31c346)]&amp#27;[39m     at AndroidUiautomator2Driver.findElOrEls (C:\Users\Admin\AppData\Roaming\npm\node_modules\appium\node_modules\appium-android-driver\lib\commands\find.js:75:11)
[debug] &amp#27;[35m[W3C (3e31c346)]&amp#27;[39m     at runMicrotasks (<anonymous>)
[debug] &amp#27;[35m[W3C (3e31c346)]&amp#27;[39m     at processTicksAndRejections (internal/process/task_queues.js:95:5)
[debug] &amp#27;[35m[W3C (3e31c346)]&amp#27;[39m     at AndroidUiautomator2Driver.findElOrElsWithProcessing (C:\Users\Admin\AppData\Roaming\npm\node_modules\appium\node_modules\appium-base-driver\lib\basedriver\commands\find.js:33:12)
[debug] &amp#27;[35m[W3C (3e31c346)]&amp#27;[39m     at AndroidUiautomator2Driver.findElement (C:\Users\Admin\AppData\Roaming\npm\node_modules\appium\node_modules\appium-base-driver\lib\basedriver\commands\find.js:53:10)
&amp#27;[35m[HTTP]&amp#27;[39m &amp#27;[37m<-- POST /wd/hub/session/3e31c346-da08-4d99-a528-afea8ff633f9/element &amp#27;[39m&amp#27;[33m404&amp#27;[39m &amp#27;[90m51 ms - 914&amp#27;[39m
&amp#27;[35m[HTTP]&amp#27;[39m &amp#27;[90m&amp#27;[39m
&amp#27;[35m[HTTP]&amp#27;[39m &amp#27;[37m-->&amp#27;[39m &amp#27;[37mPOST&amp#27;[39m &amp#27;[37m/wd/hub/session/3e31c346-da08-4d99-a528-afea8ff633f9/element&amp#27;[39m
&amp#27;[35m[HTTP]&amp#27;[39m &amp#27;[90m{"using":"accessibility id","value":"test-Username"}&amp#27;[39m
[debug] &amp#27;[35m[W3C (3e31c346)]&amp#27;[39m Calling AppiumDriver.findElement() with args: ["accessibility id","test-Username","3e31c346-da08-4d99-a528-afea8ff633f9"]
[debug] &amp#27;[35m[BaseDriver]&amp#27;[39m Valid locator strategies for this request: xpath, id, class name, accessibility id, css selector, -android uiautomator
[debug] &amp#27;[35m[BaseDriver]&amp#27;[39m Waiting up to 0 ms for condition
[debug] &amp#27;[35m[WD Proxy]&amp#27;[39m Matched '/element' to command name 'findElement'
[debug] &amp#27;[35m[WD Proxy]&amp#27;[39m Proxying [POST /element] to [POST http://127.0.0.1:10000/wd/hub/session/4d27662a-40ad-44a7-ae29-6f7bd3c4184c/element] with body: {"strategy":"accessibility id","selector":"test-Username","context":"","multiple":false}
&amp#27;[35m[WD Proxy]&amp#27;[39m Got response with status 404: {"sessionId":"4d27662a-40ad-44a7-ae29-6f7bd3c4184c","value":{"error":"no such element","message":"An element could not be located on the page using the given search parameters","stacktrace":"io.appium.uiautomator2.common.exceptions.ElementNotFoundException: An element could not be located on the page using the given search parameters\n\tat io.appium.uiautomator2.handler.FindElement.safeHandle(FindElement.java:68)\n\tat io.appium.uiautomator2.handler.request.SafeRequestHandler.handle(SafeRequestHandler.java:41)\n\tat io.appium.uiautomator2.server.AppiumServlet.handleRequest(AppiumServlet.java:262)\n\tat io.appium.uiautomator2.server.AppiumServlet.handleHttpRequest(AppiumServlet.java:256)\n\tat io.appium.uiautomator2.http.ServerHandler.channelRead(ServerHandler.java:68)\n\tat io.netty.channel.AbstractChannelHandlerContext.invokeChannelRead(AbstractChannelHandlerContext.java:366)\n\tat io.netty.channel.AbstractChannelHandlerContext.invokeChannelRead(AbstractChannelHandlerContext.java:352)\n\tat io.netty.chann...
[debug] &amp#27;[35m[W3C]&amp#27;[39m Matched W3C error code 'no such element' to NoSuchElementError
[debug] &amp#27;[35m[W3C (3e31c346)]&amp#27;[39m Encountered internal error running command: NoSuchElementError: An element could not be located on the page using the given search par  Given I'm logged in                                                                                                                                                                                                                                # com.qa.stepdef.ProductStepDef.iMLoggedIn()ameters.

[debug] &amp#27;[35m[W3C (3e31c346)]&amp#27;[39m     at AndroidUiautomator2Driver.findElOrEls (C:\Users\Admin\AppData\Roaming\npm\node_modules\appium\node_modules\appium-android-driver\lib\commands\find.js:75:11)
[debug] &amp#27;[35m[W3C (3e31c346)]&amp#27;[39m     at runMicrotasks (<anonymous>)
[debug] &amp#27;[35m[W3C (3e31c346)]&amp#27;[39m     at processTicksAndRejections (internal/process/task_queues.js:95:5)
[debug] &amp#27;[35m[W3C (3e31c346)]&amp#27;[39m     at AndroidUiautomator2Driver.findElOrElsWithProcessing (C:\Users\Admin\AppData\Roaming\npm\node_modules\appium\node_modules\appium-base-driver\lib\basedriver\commands\find.js:33:12)
[debug] &amp#27;[35m[W3C (3e      org.openqa.selenium.TimeoutException: Expected condition failed: waiting for visibility of Located by By.chained({By.AccessibilityId: test-Username}) (tried for 10 second(s) with 500 milliseconds interval)
	at org.openqa.selenium.support.ui.WebDriverWait.timeoutException(WebDriverWait.java:95)
	at org.openqa.selenium.support.ui.FluentWait.until(FluentWait.java:272)
	at com.qa.pages.BasePage.waitForVisibility(BasePage.java:34)
	at com.qa.pages.BasePage.clear(BasePage.java:43)
	at com.qa.pages.LoginPage.enterUserName(LoginPage.java:27)
	at com.qa.pages.LoginPage.login(LoginPage.java:44)
	at com.qa.stepdef.ProductStepDef.iMLoggedIn(ProductStepDef.java:15)
	at ?.I'm logged in(file:///D:/IntellijProjects/AppiumTestNG/src/test/resources/Products.feature:15)
Caused by: org.openqa.selenium.NoSuchElementException: Can't locate an element by this strategy: By.chained({By.AccessibilityId: test-Username})
	at io.appium.java_client.pagefactory.AppiumElementLocator.findElement(AppiumElementLocator.java:126)
	at io.appium.java_client.pagefactory.interceptors.InterceptorOfASingleElement.intercept(InterceptorOfASingleElement.java:59)
	at io.appium.java_client.android.AndroidElement$$EnhancerByCGLIB$$b598166c.isDisplayed(<generated>)
	at org.openqa.selenium.support.ui.ExpectedConditions.elementIfVisible(ExpectedConditions.java:314)
	at org.openqa.selenium.support.ui.ExpectedConditions.access$000(ExpectedConditions.java:43)
	at org.openqa.selenium.support.ui.ExpectedConditions$10.apply(ExpectedConditions.java:300)
	at org.openqa.selenium.support.ui.ExpectedConditions$10.apply(ExpectedConditions.java:297)
	at org.openqa.selenium.support.ui.FluentWait.until(FluentWait.java:249)
	at com.qa.pages.BasePage.waitForVisibility(BasePage.java:34)
	at com.qa.pages.BasePage.clear(BasePage.java:43)
	at com.qa.pages.LoginPage.enterUserName(LoginPage.java:27)
	at com.qa.pages.LoginPage.login(LoginPage.java:44)
	at com.qa.stepdef.ProductStepDef.iMLoggedIn(ProductStepDef.java:15)
	at sun.reflect.NativeMethodAccessorImpl.invoke0(Native Method)
	at sun.reflect.NativeMethodAccessorImpl.invoke(NativeMethodAccessorImpl.java:62)
	at sun.reflect.DelegatingMethodAccessorImpl.invoke(DelegatingMethodAccessorImpl.java:43)
	at java.lang.reflect.Method.invoke(Method.java:498)
	at io.cucumber.java.Invoker.invoke(Invoker.java:27)
	at io.cucumber.java.JavaStepDefinition.execute(JavaStepDefinition.java:27)
	at io.cucumber.core.runner.PickleStepDefinitionMatch.runStep(PickleStepDefinitionMatch.java:63)
	at io.cucumber.core.runner.TestStep.executeStep(TestStep.java:64)
	at io.cucumber.core.runner.TestStep.run(TestStep.java:49)
	at io.cucumber.core.runner.PickleStepTestStep.run(PickleStepTestStep.java:46)
	at io.cucumber.core.runner.TestCase.run(TestCase.java:51)
	at io.cucumber.core.runner.Runner.runPickle(Runner.java:67)
	at io.cucumber.testng.TestNGCucumberRunner.runScenario(TestNGCucumberRunner.java:124)
	at com.qa.runners.MyTestNGRunnerTest.scenario(MyTestNGRunnerTest.java:58)
	at sun.reflect.NativeMethodAccessorImpl.invoke0(Native Method)
	at sun.reflect.NativeMethodAccessorImpl.invoke(NativeMethodAccessorImpl.java:62)
	at sun.reflect.DelegatingMethodAccessorImpl.invoke(DelegatingMethodAccessorImpl.java:43)
	at java.lang.reflect.Method.invoke(Method.java:498)
	at org.testng.internal.MethodInvocationHelper.invokeMethod(MethodInvocationHelper.java:134)
	at org.testng.internal.TestInvoker.invokeMethod(TestInvoker.java:597)
	at org.testng.internal.TestInvoker.invokeTestMethod(TestInvoker.java:173)
	at org.testng.internal.MethodRunner.runInSequence(MethodRunner.java:46)
	at org.testng.internal.TestInvoker$MethodInvocationAgent.invoke(TestInvoker.java:816)
	at org.testng.internal.TestInvoker.invokeTestMethods(TestInvoker.java:146)
	at org.testng.internal.TestMethodWorker.invokeTestMethods(TestMethodWorker.java:146)
	at org.testng.internal.TestMethodWorker.run(TestMethodWorker.java:128)
	at java.util.ArrayList.forEach(ArrayList.java:1259)
	at org.testng.TestRunner.privateRun(TestRunner.java:766)
	at org.testng.TestRunner.run(TestRunner.java:587)
	at org.testng.SuiteRunner.runTest(SuiteRunner.java:384)
	at org.testng.SuiteRunner.runSequentially(SuiteRunner.java:378)
	at org.testng.SuiteRunner.privateRun(SuiteRunner.java:337)
	at org.testng.SuiteRunner.run(SuiteRunner.java:286)
	at org.testng.SuiteRunnerWorker.runSuite(SuiteRunnerWorker.java:53)
	at org.testng.SuiteRunnerWorker.run(SuiteRunnerWorker.java:96)
	at org.testng.TestNG.runSuitesSequentially(TestNG.java:1187)
	at org.testng.TestNG.runSuitesLocally(TestNG.java:1109)
	at org.testng.TestNG.runSuites(TestNG.java:1039)
	at org.testng.TestNG.run(TestNG.java:1007)
	at org.apache.maven.surefire.testng.TestNGExecutor.run(TestNGExecutor.java:284)
	at org.apache.maven.surefire.testng.TestNGXmlTestSuite.execute(TestNGXmlTestSuite.java:75)
	at org.apache.maven.surefire.testng.TestNGProvider.invoke(TestNGProvider.java:119)
	at org.apache.maven.surefire.booter.ForkedBooter.runSuitesInProcess(ForkedBooter.java:428)
	at org.apache.maven.surefire.booter.ForkedBooter.execute(ForkedBooter.java:162)
	at org.apache.maven.surefire.booter.ForkedBooter.run(ForkedBooter.java:562)
	at org.apache.maven.surefire.booter.ForkedBooter.main(ForkedBooter.java:548)
Caused by: org.openqa.selenium.TimeoutException: Expected condition failed: waiting for io.appium.java_client.pagefactory.AppiumElementLocator$WaitingFunction@4eed2acf (tried for 1 second(s) with 500 milliseconds interval)
	at org.openqa.selenium.support.ui.FluentWait.timeoutException(FluentWait.java:304)
	at org.openqa.selenium.support.ui.FluentWait.until(FluentWait.java:272)
	at io.appium.java_client.pagefactory.AppiumElementLocator.waitFor(AppiumElementLocator.java:99)
	at io.appium.java_client.pagefactory.AppiumElementLocator.findElement(AppiumElementLocator.java:119)
	... 58 more
Caused by: org.openqa.selenium.NoSuchElementException: Cannot locate an element using By.chained({By.AccessibilityId: test-Username})
For documentation on this error, please visit: https://www.seleniumhq.org/exceptions/no_such_element.html
Build info: version: '3.141.59', revision: 'e82be7d358', time: '2018-11-14T08:17:03'
System info: host: 'DESKTOP-KLS90KJ', ip: '192.168.1.100', os.name: 'Windows 10', os.arch: 'amd64', os.version: '10.0', java.version: '1.8.0_291'
Driver info: driver.version: AndroidDriver
	at io.appium.java_client.pagefactory.bys.builder.ByChained.findElement(ByChained.java:74)
	at org.openqa.selenium.remote.RemoteWebDriver.findElement(RemoteWebDriver.java:315)
	at io.appium.java_client.DefaultGenericMobileDriver.findElement(DefaultGenericMobileDriver.java:57)
	at io.appium.java_client.AppiumDriver.findElement(AppiumDriver.java:1)
	at io.appium.java_client.android.AndroidDriver.findElement(AndroidDriver.java:1)
	at io.appium.java_client.pagefactory.bys.ContentMappedBy.findElement(ContentMappedBy.java:50)
	at org.openqa.selenium.remote.RemoteWebDriver.findElement(RemoteWebDriver.java:315)
	at io.appium.java_client.DefaultGenericMobileDriver.findElement(DefaultGenericMobileDriver.java:57)
	at io.appium.java_client.AppiumDriver.findElement(AppiumDriver.java:1)
	at io.appium.java_client.android.AndroidDriver.findElement(AndroidDriver.java:1)
	at io.appium.java_client.pagefactory.AppiumElementLocator.lambda$0(AppiumElementLocator.java:120)
	at io.appium.java_client.pagefactory.AppiumElementLocator$WaitingFunction.apply(AppiumElementLocator.java:172)
	at io.appium.java_client.pagefactory.AppiumElementLocator$WaitingFunction.apply(AppiumElementLocator.java:1)
	at org.openqa.selenium.support.ui.FluentWait.until(FluentWait.java:249)
	... 60 more

  When I click product title "Sauce Labs Backpack"                                                                                                                                                                                                   # com.qa.stepdef.ProductStepDef.iClickProductTitle(java.lang.String)
  Then I should be on product details page with title "Sauce Labs Backpack", price "$29.99" and description "carry.allTheThings() with the sleek, streamlined Sly Pack that melds uncompromising style with unequaled laptop and tablet protection." # com.qa.stepdef.ProductStepDef.iShouldBeOnProductDetailsPageWithTitlePriceAndDescription(java.lang.String,java.lang.String,java.lang.String)
31c346)]&amp#27;[39m     at AndroidUiautomator2Driver.findElement (C:\Users\Admin\AppData\Roaming\npm\node_modules\appium\node_modules\appium-base-driver\lib\basedriver\commands\find.js:53:10)
&amp#27;[35m[HTTP]&amp#27;[39m &amp#27;[37m<-- POST /wd/hub/session/3e31c346-da08-4d99-a528-afea8ff633f9/element &amp#27;[39m&amp#27;[33m404&amp#27;[39m &amp#27;[90m70 ms - 914&amp#27;[39m
&amp#27;[35m[HTTP]&amp#27;[39m &amp#27;[90m&amp#27;[39m
&amp#27;[35m[HTTP]&amp#27;[39m &amp#27;[37m-->&amp#27;[39m &amp#27;[37mGET&amp#27;[39m &amp#27;[37m/wd/hub/session/3e31c346-da08-4d99-a528-afea8ff633f9/screenshot&amp#27;[39m
&amp#27;[35m[HTTP]&amp#27;[39m &amp#27;[90m{}&amp#27;[39m
[debug] &amp#27;[35m[W3C (3e31c346)]&amp#27;[39m Calling AppiumDriver.getScreenshot() with args: ["3e31c346-da08-4d99-a528-afea8ff633f9"]
[debug] &amp#27;[35m[WD Proxy]&amp#27;[39m Matched '/screenshot' to command name 'getScreenshot'
[debug] &amp#27;[35m[WD Proxy]&amp#27;[39m Proxying [GET /screenshot] to [GET http://127.0.0.1:10000/wd/hub/session/4d27662a-40ad-44a7-ae29-6f7bd3c4184c/screenshot] with no body
[debug] &amp#27;[35m[WD Proxy]&amp#27;[39m Got response with status 200: {"sessionId":"4d27662a-40ad-44a7-ae29-6f7bd3c4184c","value":"iVBORw0KGgoAAAANSUhEUgAABDgAAAkkCAYAAAD508+vAAAAAXNSR0IArs4c6QAAAARzQklUCAgI\nCHwIZIgAACAASURBVHic7N15bFznfTf67zlnzqwU950URZGSSGoXJVmrJdmWZMuJLNtJnAZG6jgX\nTZqiKFrcBk0KJCmKNgjc9o+8KG7SNF3eJjDi5u1NYsXWtSXLkiiLkqidlCiu4r4Ph9vsZ7l/HHIs\nSlxmhjMkR/5+AMPi8Mw5z5Azwznf83t+j/Dtb39bBxERERERERFRAhOXegBERERERERERAvFgIOI\niIiIiIiIEh4DDiIiIiIiIiJKeAw4iIiIiIiIiCjhMeAgIiIiIiIiooTHgIOIiIiIiIiIEh4DDiIi\nIiIiIiJKeAw4iIiIiIiIiCjhMeAgIiIiIiIiooTHgIOIiIiIiIiIEh4DDiIiIiIiIiJKeAw4iIiI\niIiIiCjhMeAgIiIiIiIiooTHgIOIiIiIiIiIEh4DDiIiIiIiIiJKeAw4iIiIiIiIiCjhMeAgIiIi\nIiIiooTHgIOIiIiIiIiIEh4DDiIiIiIiIiJKeAw4iIiIiIiIiCjhMeAgIiIiIiIiooTHgIOIiIiI\niIiIEh4DDiIiIiIiIiJKeAw4iIiIiIiIiCjhMeAgIiIiIiIiooTHgIOIiIiIiIiIEh4DDiIiIiIi\nIiJKeAw4iIiIiIiIiCjhMeAgIiIiIiIiooTHgIOIiIiIiIiIEh4DDiIiIiIiIiJKeAw4iIiIiIiI\niCjhMeAgIiIiIiIiooTHgIOIiIiIiIiIEh4DDiIiIiIiIiJKeAw4iIiIiIiIiCjhMeAgIiIiIiIi\nooTHgIOIiIiIiIiIEh4DDiIiIiIiIiJKeAw4iIiIiIiIiCjhMeAgIiIiIiIiooTHgIOIiIiIiIiI\nEh4DDiIiIiIiIiJKeAw4iIiI...
[debug] &amp#27;[35m[W3C (3e31c346)]&amp#27;[39m Responding to client with driver.getScreenshot() result: "iVBORw0KGgoAAAANSUhEUgAABDgAAAkkCAYAAAD508+vAAAAAXNSR0IArs4c6QAAAARzQklUCAgI\nCHwIZIgAACAASURBVHic7N15bFznfTf67zlnzqwU950URZGSSGoXJVmrJdmWZMuJLNtJnAZG6jgX\nTZqiKFrcBk0KJCmKNgjc9o+8KG7SNF3eJjDi5u1NYsXWtSXLkiiLkqidlCiu4r4Ph9vsZ7l/HHIs\nSlxmhjMkR/5+AMPi8Mw5z5Azwznf83t+j/Dtb39bBxERERERERFRAhOXegBERERERERERAvFgIOI\niIiIiIiIEh4DDiIiIiIiIiJKeAw4iIiIiIiIiCjhMeAgIiIiIiIiooTHgIOIiIiIiIiIEh4DDiIi\nIiIiIiJKeAw4iIiIiIiIiCjhMeAgIiIiIiIiooTHgIOIiIiIiIiIEh4DDiIiIiIiIiJKeAw4iIiI\niIiIiCjhMeAgIiIiIiIiooTHgIOIiIiIiIiIEh4DDiIiIiIiIiJKeAw4iIiIiIiIiCjhMeAgIiIi\nIiIiooTHgIOIiIiIiIiIEh4DDiIiIiIiIiJKeAw4iIiIiIiIiCjhMeAgIiIiIiIiooTHgIOIiIiI\niIiIEh4DDiIiIiIiIiJKeAw4iIiIiIiIiCjhMeAgIiIiIiIiooTHgIOIiIiIiIiIEh4DDiIiIiIi\nIiJKeAw4iIiIiIiIiCjhMeAgIiIiIiIiooTHgIOIiIiIiIiIEh4DDiIiIiIiIiJKeAw4iIiIiIiI\niCjhMeAgIiIiIiIiooTHgIOIiIiIiIiIEh4DDiIiIiIiIiJKeAw4iIiIiIiIiCjhMeAgIiIiIiIi\nooTHgIOIiIiIiIiIEh4DDiIiIiIiIiJKeAw4iIiIiIiIiCjhMeAgIiIiIiIiooTHgIOIiIiIiIiI\nEh4DDiIiIiIiIiJKeAw4iIiIiIiIiCjhMeAgIiIiIiIiooTHgIOIiIiIiIiIEh4DDiIiIiIiIiJK\neKalHg...
&amp#27;[35m[HTTP]&amp#27;[39m &amp#27;[37m<-- GET /wd/hub/session/3e31c346-da08-4d99-a528-afea8ff633f9/screenshot &amp#27;[39m&amp#27;[32m200&amp#27;[39m &amp#27;[90m1190 ms - 1687596&amp#27;[39m
&amp#27;[35m[HTTP]&amp#27;[39m &amp#27;[90m&amp#27;[39m

    Embedding Validate product info on Product Details page [image/png 1233232 bytes]

&amp#27;[35m[HTTP]&amp#27;[39m &amp#27;[37m-->&amp#27;[39m &amp#27;[37mPOST&amp#27;[39m &amp#27;[37m/wd/hub/session/3e31c346-da08-4d99-a528-afea8ff633f9/appium/stop_recording_screen&amp#27;[39m
&amp#27;[35m[HTTP]&amp#27;[39m &amp#27;[90m{}&amp#27;[39m
[debug] &amp#27;[35m[W3C (3e31c346)]&amp#27;[39m Calling AppiumDriver.stopRecordingScreen() with args: [null,"3e31c346-da08-4d99-a528-afea8ff633f9"]
[debug] &amp#27;[35m[ADB]&amp#27;[39m Getting IDs of all 'screenrecord' processes
[debug] &amp#27;[35m[ADB]&amp#27;[39m Running 'C:\Users\Admin\AppData\Local\Android\Sdk\platform-tools\adb.exe -P 5037 -s emulator-5554 shell pgrep -f \(\[\[:blank:\]\]\|\^\)screenrecord\(\[\[:blank:\]\]\|\$\)'
[debug] &amp#27;[35m[ADB]&amp#27;[39m Running 'C:\Users\Admin\AppData\Local\Android\Sdk\platform-tools\adb.exe -P 5037 -s emulator-5554 shell kill -2 23917'
[debug] &amp#27;[35m[ADB]&amp#27;[39m Getting IDs of all 'screenrecord' processes
[debug] &amp#27;[35m[ADB]&amp#27;[39m Running 'C:\Users\Admin\AppData\Local\Android\Sdk\platform-tools\adb.exe -P 5037 -s emulator-5554 shell pgrep -f \(\[\[:blank:\]\]\|\^\)screenrecord\(\[\[:blank:\]\]\|\$\)'
[debug] &amp#27;[35m[ADB]&amp#27;[39m Getting IDs of all 'screenrecord' processes
[debug] &amp#27;[35m[ADB]&amp#27;[39m Running 'C:\Users\Admin\AppData\Local\Android\Sdk\platform-tools\adb.exe -P 5037 -s emulator-5554 shell pgrep -f \(\[\[:blank:\]\]\|\^\)screenrecord\(\[\[:blank:\]\]\|\$\)'
[debug] &amp#27;[35m[ADB]&amp#27;[39m Running 'C:\Users\Admin\AppData\Local\Android\Sdk\platform-tools\adb.exe -P 5037 -s emulator-5554 pull /sdcard/123634f8.mp4 C:\Users\Admin\AppData\Local\Temp\202172-13204-3x573.eyxfrn\123634f8.mp4'
[debug] &amp#27;[35m[ADB]&amp#27;[39m Running 'C:\Users\Admin\AppData\Local\Android\Sdk\platform-tools\adb.exe -P 5037 -s emulator-5554 shell rm -rf /sdcard/123634f8.mp4'
[debug] &amp#27;[35m[AndroidDriver]&amp#27;[39m The size of the resulting screen recording is 239.80 KB
[debug] &amp#27;[35m[W3C (3e31c346)]&amp#27;[39m Responding to client with driver.stopRecordingScreen() result: "AAAAGGZ0eXBtcDQyAAAAAGlzb21tcDQyAAAEv21vb3YAAABsbXZoZAAAAADdLeSj3S3kowAAJxAAAAAAAAEAAAEAAAAAAAAAAAAAAAABAAAAAAAAAAAAAAAAAAAAAQAAAAAAAAAAAAAAAAAAQAAAAAAAAAAAAAAAAAAAAAAAAAAAAAAAAAAAAAAAAAMAAAB2bWV0YQAAACFoZGxyAAAAAAAAAABtZHRhAAAAAAAAAAAAAAAAAAAAACtrZXlzAAAAAAAAAAEAAAAbbWR0YWNvbS5hbmRyb2lkLnZlcnNpb24AAAAiaWxzdAAAABoAAAABAAAAEmRhdGEAAAABAAAAADExAAACL3RyYWsAAABcdGtoZAAAAAfdLeSj3S3kowAAAAEAAAAAAAAAAAAAAAAAAAAAAAAAAAAAAAAAAQAAAAAAAAAAAAAAAAAAAAEAAAAAAAAAAAAAAAAAAEAAAAAEOAAACSQAAAAAActtZGlhAAAAIG1kaGQAAAAA3S3ko90t5KMAAV+QAAAAAAAAAAAAAAAsaGRscgAAAAAAAAAAdmlkZQAAAAAAAAAAAAAAAFZpZGVvSGFuZGxlAAAAAXdtaW5mAAAAFHZtaGQAAAABAAAAAAAAAAAAAAAkZGluZgAAABxkcmVmAAAAAAAAAAEAAAAMdXJsIAAAAAEAAAE3c3RibAAAALdzdHNkAAAAAAAAAAEAAACnYXZjMQAAAAAAAAABAAAAAAAAAAAAAAAAAAAAAAQ4CSQASAAAAEgAAAAAAAAAAQAgICAgICAgICAgICAgICAgICAgICAgICAgICAgICAgABj//wAAAC5hdmNDAULAMv/hABVnQsAyjWgEQBJ+WeQgAAADAPCIRqABAAZozgGoNcgAAAAQcGFzcAABAAAAAQAAAAAAE2NvbHJuY2x4AAEAAQABAAAAABhzdHRzAAAAAAAAAAEAAAABAAAAAAAAABRzdHNzAAAAAAAAAAEAAAABAAAAGHN0c3oAAAAAAAAAAAAAAAEAA7Jz...
&amp#27;[35m[HTTP]&amp#27;[39m &amp#27;[37m<-- POST /wd/hub/session/3e31c346-da08-4d99-a528-afea8ff633f9/appium/stop_recording_screen &amp#27;[39m&amp#27;[32m200&amp#27;[39m &amp#27;[90m963 ms - 327416&amp#27;[39m
&amp#27;[35m[HTTP]&amp#27;[39m &amp#27;[90m&amp#27;[39m
[INFO ] 2021-08-02 23:36:28.508 VideoManager:35 - video path: Android_pixel_4a_API_30\Videos\Validate product info on Product Details page.mp4
]]></system-out>
  </testcase>
</testsuite>